"../../../../../../Projet/Leap Test/VR_Vive/Content/5rTX05h.uasset" 0
"../../../../../../Projet/Leap Test/VR_Vive/Content/Movies/video.uasset" 1
"../../../../../../Projet/Leap Test/VR_Vive/Content/Movies/video_Video.uasset" 2
"../../../../../../Projet/Leap Test/VR_Vive/Content/Projet/Video_test.uasset" 3
"../../../../../../Projet/Leap Test/VR_Vive/Content/Projet/Blancmetal.uasset" 4
"../../../../../../Projet/Leap Test/VR_Vive/Content/Sphere_Brush_StaticMesh.uasset" 5
"../../../../../../Projet/Leap Test/VR_Vive/Content/Sphere_Brush_StaticMesh_Blueprint.uasset" 6
"../../../../../../Projet/Leap Test/VR_Vive/Content/Geometry/Meshes/CubeMaterial.uasset" 7
"../../../../../../Projet/Leap Test/VR_Vive/Content/Geometry/Meshes/1M_Cube_Chamfer.uasset" 8
"../../../../../../Projet/Leap Test/VR_Vive/Content/GTFreeMaterials/Textures/Tile_Coloredtiles/Tile_ColoredTiles_2k_alb1.uasset" 9
"../../../../../../Projet/Leap Test/VR_Vive/Content/GTFreeMaterials/Textures/Tile_Coloredtiles/Tile_ColoredTiles_2k_g.uasset" 10
"../../../../../../Projet/Leap Test/VR_Vive/Content/GTFreeMaterials/Textures/Tile_Coloredtiles/Tile_ColoredTiles_2k_mask.uasset" 11
"../../../../../../Projet/Leap Test/VR_Vive/Content/GTFreeMaterials/Textures/Tile_Coloredtiles/Tile_ColoredTiles_2k_n.uasset" 12
"../../../../../../Projet/Leap Test/VR_Vive/Content/GTFreeMaterials/Materials/Tile_Coloredtiles.uasset" 13
"../../../../../../Projet/Leap Test/VR_Vive/Content/Geometry/Meshes/Spawn.uasset" 14
"../../../../../../Projet/Leap Test/VR_Vive/Content/Geometry/Meshes/TemplateFloor.uasset" 15
"../../../Engine/Content/Functions/Engine_MaterialFunctions01/Opacity/CameraDepthFade.uasset" 16
"../../../../../../Projet/Leap Test/VR_Vive/Content/GTFreeMaterials/Textures/Concrete_FlatSurface/Concrete_FlatSurface_2k_alb.uasset" 17
"../../../../../../Projet/Leap Test/VR_Vive/Content/GTFreeMaterials/Textures/Concrete_FlatSurface/Concrete_FlatSurface_2k_n.uasset" 18
"../../../../../../Projet/Leap Test/VR_Vive/Content/GTFreeMaterials/Textures/Concrete_Square/Concrete_Square_2k_ao.uasset" 19
"../../../../../../Projet/Leap Test/VR_Vive/Content/GTFreeMaterials/Textures/Concrete_Square/Concrete_Square_2k_h.uasset" 20
"../../../../../../Projet/Leap Test/VR_Vive/Content/GTFreeMaterials/Textures/T_MacroVariation2.uasset" 21
"../../../../../../Projet/Leap Test/VR_Vive/Content/GTFreeMaterials/Textures/wood_JFfantasyWoodPlanksNailedClean/wood_JFfantasyWoodPlanksNailedClean_2k_mask.uasset" 22
"../../../../../../Projet/Leap Test/VR_Vive/Content/GTFreeMaterials/Materials/MasterMaterial.uasset" 23
"../../../../../../Projet/Leap Test/VR_Vive/Content/GTFreeMaterials/Textures/Concrete_Square/Concrete_Square_2k_alb.uasset" 24
"../../../../../../Projet/Leap Test/VR_Vive/Content/GTFreeMaterials/Textures/Concrete_Square/Concrete_Square_2k_n.uasset" 25
"../../../../../../Projet/Leap Test/VR_Vive/Content/GTFreeMaterials/Materials/Concrete_Square.uasset" 26
"../../../../../../Projet/Leap Test/VR_Vive/Content/GTFreeMaterials/Textures/brick_ancientDiagonal/brick_ancientDiagonal_2k_ao.uasset" 27
"../../../../../../Projet/Leap Test/VR_Vive/Content/GTFreeMaterials/Textures/brick_ancientDiagonal/brick_ancientDiagonal_2k_d.uasset" 28
"../../../../../../Projet/Leap Test/VR_Vive/Content/GTFreeMaterials/Textures/brick_ancientDiagonal/brick_ancientDiagonal_2k_g.uasset" 29
"../../../../../../Projet/Leap Test/VR_Vive/Content/GTFreeMaterials/Textures/brick_ancientDiagonal/brick_ancientDiagonal_2k_h.uasset" 30
"../../../../../../Projet/Leap Test/VR_Vive/Content/GTFreeMaterials/Textures/brick_ancientDiagonal/brick_ancientDiagonal_2k_s.uasset" 31
"../../../../../../Projet/Leap Test/VR_Vive/Content/GTFreeMaterials/Textures/Brick_BathStone/Brick_BathStone_2k_d.uasset" 32
"../../../../../../Projet/Leap Test/VR_Vive/Content/GTFreeMaterials/Textures/Brick_BathStone/Brick_BathStone_2k_g.uasset" 33
"../../../../../../Projet/Leap Test/VR_Vive/Content/GTFreeMaterials/Textures/Brick_BathStone/Brick_BathStone_2k_h.uasset" 34
"../../../../../../Projet/Leap Test/VR_Vive/Content/GTFreeMaterials/Textures/Brick_BathStone/Brick_BathStone_2k_s.uasset" 35
"../../../../../../Projet/Leap Test/VR_Vive/Content/GTFreeMaterials/Textures/Brick_chicagoStyle/Brick_chicagoStyle_2k_d.uasset" 36
"../../../../../../Projet/Leap Test/VR_Vive/Content/GTFreeMaterials/Textures/Brick_chicagoStyle/Brick_chicagoStyle_2k_g.uasset" 37
"../../../../../../Projet/Leap Test/VR_Vive/Content/GTFreeMaterials/Textures/Brick_chicagoStyle/Brick_chicagoStyle_2k_s.uasset" 38
"../../../../../../Projet/Leap Test/VR_Vive/Content/GTFreeMaterials/Textures/Brick_GuiBigCastleWall/Brick_GuiBigCastleWall_2k_ao.uasset" 39
"../../../../../../Projet/Leap Test/VR_Vive/Content/GTFreeMaterials/Textures/Brick_GuiBigCastleWall/Brick_GuiBigCastleWall_2k_d.uasset" 40
"../../../../../../Projet/Leap Test/VR_Vive/Content/GTFreeMaterials/Textures/Brick_GuiBigCastleWall/Brick_GuiBigCastleWall_2k_g.uasset" 41
"../../../../../../Projet/Leap Test/VR_Vive/Content/GTFreeMaterials/Textures/Brick_GuiBigCastleWall/Brick_GuiBigCastleWall_2k_mask.uasset" 42
"../../../../../../Projet/Leap Test/VR_Vive/Content/GTFreeMaterials/Textures/brick_guiGen/brick_guiGen_2k_alb.uasset" 43
"../../../../../../Projet/Leap Test/VR_Vive/Content/GTFreeMaterials/Textures/brick_guiGen/brick_guiGen_2k_g.uasset" 44
"../../../../../../Projet/Leap Test/VR_Vive/Content/GTFreeMaterials/Textures/brick_guiGen/brick_guiGen_2k_h.uasset" 45
"../../../../../../Projet/Leap Test/VR_Vive/Content/GTFreeMaterials/Textures/Concrete_FlatSurface/Concrete_FlatSurface_2k_g.uasset" 46
"../../../../../../Projet/Leap Test/VR_Vive/Content/GTFreeMaterials/Textures/Concrete_FlatSurface/Concrete_FlatSurface_2k_s.uasset" 47
"../../../../../../Projet/Leap Test/VR_Vive/Content/GTFreeMaterials/Textures/Concrete_Square/Concrete_Square_2k_d.uasset" 48
"../../../../../../Projet/Leap Test/VR_Vive/Content/GTFreeMaterials/Textures/Concrete_Square/Concrete_Square_2k_g.uasset" 49
"../../../../../../Projet/Leap Test/VR_Vive/Content/GTFreeMaterials/Textures/Concrete_Square/Concrete_Square_2k_s.uasset" 50
"../../../../../../Projet/Leap Test/VR_Vive/Content/GTFreeMaterials/Textures/Ground_ClumpySnow/Ground_ClumpySnow_2k_alb.uasset" 51
"../../../../../../Projet/Leap Test/VR_Vive/Content/GTFreeMaterials/Textures/Ground_ClumpySnow/Ground_ClumpySnow_2k_ao.uasset" 52
"../../../../../../Projet/Leap Test/VR_Vive/Content/GTFreeMaterials/Textures/Ground_ClumpySnow/Ground_ClumpySnow_2k_d.uasset" 53
"../../../../../../Projet/Leap Test/VR_Vive/Content/GTFreeMaterials/Textures/Ground_ClumpySnow/Ground_ClumpySnow_2k_g.uasset" 54
"../../../../../../Projet/Leap Test/VR_Vive/Content/GTFreeMaterials/Textures/Ground_ClumpySnow/Ground_ClumpySnow_2k_h.uasset" 55
"../../../../../../Projet/Leap Test/VR_Vive/Content/GTFreeMaterials/Textures/Ground_ClumpySnow/Ground_ClumpySnow_2k_n.uasset" 56
"../../../../../../Projet/Leap Test/VR_Vive/Content/GTFreeMaterials/Textures/Ground_ClumpySnow/Ground_ClumpySnow_2k_s.uasset" 57
"../../../../../../Projet/Leap Test/VR_Vive/Content/GTFreeMaterials/Textures/Ground_Dirt/Ground_Dirt_2k_g.uasset" 58
"../../../../../../Projet/Leap Test/VR_Vive/Content/GTFreeMaterials/Textures/Ground_DirtBrownTan/Ground_DirtBrownTan_2k_ao.uasset" 59
"../../../../../../Projet/Leap Test/VR_Vive/Content/GTFreeMaterials/Textures/Ground_DirtBrownTan/Ground_DirtBrownTan_2k_s.uasset" 60
"../../../../../../Projet/Leap Test/VR_Vive/Content/GTFreeMaterials/Textures/Ground_GrassThickGreen/Ground_GrassThickGreen_2k_ao.uasset" 61
"../../../../../../Projet/Leap Test/VR_Vive/Content/GTFreeMaterials/Textures/Ground_GrassThickGreen/Ground_GrassThickGreen_2k_s.uasset" 62
"../../../../../../Projet/Leap Test/VR_Vive/Content/GTFreeMaterials/Textures/Ground_guiFloodedMud/Ground_guiFloodedMud_2k_ao.uasset" 63
"../../../../../../Projet/Leap Test/VR_Vive/Content/GTFreeMaterials/Textures/Ground_guiFloodedMud/Ground_guiFloodedMud_2k_s.uasset" 64
"../../../../../../Projet/Leap Test/VR_Vive/Content/GTFreeMaterials/Textures/Ground_MuddyGrass/Ground_MuddyGrass_2k_ao.uasset" 65
"../../../../../../Projet/Leap Test/VR_Vive/Content/GTFreeMaterials/Textures/Ground_MuddyGrass/Ground_MuddyGrass_2k_g.uasset" 66
"../../../../../../Projet/Leap Test/VR_Vive/Content/GTFreeMaterials/Textures/Ground_MuddyGrass/Ground_MuddyGrass_2k_h.uasset" 67
"../../../../../../Projet/Leap Test/VR_Vive/Content/GTFreeMaterials/Textures/Metal_BrushedCopper/Metal_BrushedCopper_2k_alb.uasset" 68
"../../../../../../Projet/Leap Test/VR_Vive/Content/GTFreeMaterials/Textures/Metal_BrushedSteel/Metal_BrushedSteel_2k_alb.uasset" 69
"../../../../../../Projet/Leap Test/VR_Vive/Content/GTFreeMaterials/Textures/Metal_DiamondPlateSciFi/Metal_DiamondPlateSciFi_2k_ao.uasset" 70
"../../../../../../Projet/Leap Test/VR_Vive/Content/GTFreeMaterials/Textures/Metal_Gold/Metal_Gold_2k_alb.uasset" 71
"../../../../../../Projet/Leap Test/VR_Vive/Content/GTFreeMaterials/Textures/Metal_Gold/Metal_Gold_2k_n.uasset" 72
"../../../../../../Projet/Leap Test/VR_Vive/Content/GTFreeMaterials/Textures/Metal_LeadRough/Metal_LeadRough_2k_h.uasset" 73
"../../../../../../Projet/Leap Test/VR_Vive/Content/GTFreeMaterials/Textures/Metal_RustedSolid/Metal_RustedSolid_2k_alb.uasset" 74
"../../../../../../Projet/Leap Test/VR_Vive/Content/GTFreeMaterials/Textures/Metal_sciFiCurveyWall/Metal_sciFiCurveyWall_2k_alb.uasset" 75
"../../../../../../Projet/Leap Test/VR_Vive/Content/GTFreeMaterials/Textures/Metal_sciFiCurveyWall/Metal_sciFiCurveyWall_2k_d.uasset" 76
"../../../../../../Projet/Leap Test/VR_Vive/Content/GTFreeMaterials/Textures/Metal_sciFiCurveyWall/Metal_sciFiCurveyWall_2k_h.uasset" 77
"../../../../../../Projet/Leap Test/VR_Vive/Content/GTFreeMaterials/Textures/Metal_SciFiMetalWalkWayPowered/Metal_SciFiMetalWalkWayPowered_2k_alb.uasset" 78
"../../../../../../Projet/Leap Test/VR_Vive/Content/GTFreeMaterials/Textures/Metal_SciFiMetalWalkWayPowered/Metal_SciFiMetalWalkWayPowered_2k_ao.uasset" 79
"../../../../../../Projet/Leap Test/VR_Vive/Content/GTFreeMaterials/Textures/Metal_SciFiMetalWalkWayPowered/Metal_SciFiMetalWalkWayPowered_2k_g.uasset" 80
"../../../../../../Projet/Leap Test/VR_Vive/Content/GTFreeMaterials/Textures/Metal_SciFiMetalWalkWayPowered/Metal_SciFiMetalWalkWayPowered_2k_h.uasset" 81
"../../../../../../Projet/Leap Test/VR_Vive/Content/GTFreeMaterials/Textures/Metal_SciFiMetalWalkWayPowered/Metal_SciFiMetalWalkWayPowered_2k_mask.uasset" 82
"../../../../../../Projet/Leap Test/VR_Vive/Content/GTFreeMaterials/Textures/Metal_SciFiMetalWalkWayPowered/Metal_SciFiMetalWalkWayPowered_2k_n.uasset" 83
"../../../../../../Projet/Leap Test/VR_Vive/Content/GTFreeMaterials/Textures/Metal_SciFiMetalWalkWayPowered/Metal_SciFiMetalWalkWayPowered_2k_s.uasset" 84
"../../../../../../Projet/Leap Test/VR_Vive/Content/GTFreeMaterials/Textures/Rock_JaggedCaveWall/Rock_JaggedCaveWall_2k_ao.uasset" 85
"../../../../../../Projet/Leap Test/VR_Vive/Content/GTFreeMaterials/Textures/Rock_JaggedCaveWall/Rock_JaggedCaveWall_2k_s.uasset" 86
"../../../../../../Projet/Leap Test/VR_Vive/Content/GTFreeMaterials/Textures/Tile_WoodAndTileOffsetPattern/Tile_WoodAndTileOffsetPattern_2k_ao.uasset" 87
"../../../../../../Projet/Leap Test/VR_Vive/Content/GTFreeMaterials/Textures/Wood_GeofwoodenPlankClean/Wood_GeofwoodenPlankClean_2k_g.uasset" 88
"../../../../../../Projet/Leap Test/VR_Vive/Content/GTFreeMaterials/Textures/Wood_GeofwoodenPlankClean/Wood_GeofwoodenPlankClean_2k_h.uasset" 89
"../../../../../../Projet/Leap Test/VR_Vive/Content/GTFreeMaterials/Textures/Wood_GeofwoodenPlankClean/Wood_GeofwoodenPlankClean_2k_s.uasset" 90
"../../../../../../Projet/Leap Test/VR_Vive/Content/GTFreeMaterials/Textures/Wood_InterlockingFloor/Wood_InterlockingFloor_2k_s.uasset" 91
"../../../../../../Projet/Leap Test/VR_Vive/Content/GTFreeMaterials/Textures/wood_JFfantasyWoodPlanksNailedClean/wood_JFfantasyWoodPlanksNailedClean_2k_d.uasset" 92
"../../../../../../Projet/Leap Test/VR_Vive/Content/GTFreeMaterials/Textures/wood_JFfantasyWoodPlanksNailedClean/wood_JFfantasyWoodPlanksNailedClean_2k_g.uasset" 93
"../../../../../../Projet/Leap Test/VR_Vive/Content/Projet/Screen/Material_001.uasset" 94
"../../../../../../Projet/Leap Test/VR_Vive/Content/Projet/Screen/Material_003.uasset" 95
"../../../../../../Projet/Leap Test/VR_Vive/Content/Meshes/StaticMesh.uasset" 96
"../../../../../../Projet/Leap Test/VR_Vive/Content/Movies/mega-coaster-get-ready-for-the-drop-360-video.uasset" 97
"../../../../../../Projet/Leap Test/VR_Vive/Content/Projet/mega-coaster-get-ready-for-the-drop-360-video.uasset" 98
"../../../../../../Projet/Leap Test/VR_Vive/Content/Projet/Yes.uasset" 99
"../../../../../../Projet/Leap Test/VR_Vive/Content/Projet/Yes_Mat1.uasset" 100
"../../../../../../Projet/Leap Test/VR_Vive/Content/Projet/Pupitre/Sphere_classic.uasset" 101
"../../../../../../Projet/Leap Test/VR_Vive/Content/Projet/Screen/Screen_Skeleton.uasset" 102
"../../../../../../Projet/Leap Test/VR_Vive/Content/Projet/Screen/Screen_Anim_Screen_Action.uasset" 103
"../../../../../../Projet/Leap Test/VR_Vive/Content/Projet/Screen/Screen_Anim_Screen_ScreenAction.uasset" 104
"../../../../../../Projet/Leap Test/VR_Vive/Content/Projet/Screen/Screen_Skeleton_Sequence.uasset" 105
"../../../../../../Projet/Leap Test/VR_Vive/Content/Projet/Widgets/R0010126.uasset" 106
"../../../../../../Projet/Leap Test/VR_Vive/Content/Projet/Widgets/Tutorial.uasset" 107
"../../../../../../Projet/Leap Test/VR_Vive/Content/Projet/Widgets/Tutoriel.uasset" 108
"../../../../../../Projet/Leap Test/VR_Vive/Content/VirtualRealityBP/Blueprints/PickupActorInterface.uasset" 109
"../../../../../../Projet/Leap Test/VR_Vive/Content/VirtualReality/Materials/M_BaseMaterial.uasset" 110
"../../../../../../Projet/Leap Test/VR_Vive/Content/VirtualReality/Materials/MI_SmallCubes.uasset" 111
"../../../../../../Projet/Leap Test/VR_Vive/Content/Geometry/Meshes/1M_Cube.uasset" 112
"../../../../../../Projet/Leap Test/VR_Vive/Content/VirtualRealityBP/Blueprints/BP_PickupCube.uasset" 113
"../../../Engine/Content/EngineMaterials/T_Default_Material_Grid_M.uasset" 114
"../../../Engine/Content/EngineMaterials/T_Default_Material_Grid_N.uasset" 115
"../../../Engine/Content/EngineMaterials/DefaultMaterial.uasset" 116
"../../../../../../Projet/Leap Test/VR_Vive/Content/Projet/Sphere.uasset" 117
"../../../../../../Projet/Leap Test/VR_Vive/Content/VirtualRealityBP/Blueprints/bp_sphere_lancer.uasset" 118
"../../../Engine/Content/BasicShapes/Cone.uasset" 119
"../../../Engine/Content/EngineMaterials/WorldGridMaterial.uasset" 120
"../../../Engine/Content/BasicShapes/Cube.uasset" 121
"../../../Engine/Content/EditorLandscapeResources/DataLayer.uasset" 122
"../../../Engine/Content/EditorMaterials/GizmoMaterial.uasset" 123
"../../../Engine/Content/EditorMaterials/MAT_Groups_Toggle.uasset" 124
"../../../Engine/Content/EditorMaterials/MAT_Groups_Visibility.uasset" 125
"../../../Engine/Content/EditorMaterials/PreviewShadowIndicator.uasset" 126
"../../../Engine/Content/EditorMaterials/PreviewShadowIndicatorMaterial.uasset" 127
"../../../Engine/Content/EditorMaterials/MatineeGroups/MAT_ColorTrack.uasset" 128
"../../../Engine/Content/EditorMaterials/MatineeGroups/MAT_Groups_Anim.uasset" 129
"../../../Engine/Content/EditorMaterials/MatineeGroups/MAT_Groups_AudioMaster.uasset" 130
"../../../Engine/Content/EditorMaterials/MatineeGroups/MAT_Groups_Director.uasset" 131
"../../../Engine/Content/EditorMaterials/MatineeGroups/MAT_Groups_Event.uasset" 132
"../../../Engine/Content/EditorMaterials/MatineeGroups/MAT_Groups_Fade.uasset" 133
"../../../Engine/Content/EditorMaterials/MatineeGroups/MAT_Groups_Float.uasset" 134
"../../../Engine/Content/EditorMaterials/MatineeGroups/MAT_Groups_Move.uasset" 135
"../../../Engine/Content/EditorMaterials/MatineeGroups/MAT_Groups_Slomo.uasset" 136
"../../../Engine/Content/EditorMaterials/MatineeGroups/MAT_Groups_Sound.uasset" 137
"../../../Engine/Content/EditorMaterials/MatineeGroups/MAT_Groups_Vector.uasset" 138
"../../../Engine/Content/EditorMaterials/ParticleSystems/PSysThumbnail_NoImage.uasset" 139
"../../../Engine/Content/EditorMaterials/ParticleSystems/PSysThumbnail_OOD.uasset" 140
"../../../Engine/Content/EditorMaterials/Camera/CineMat.uasset" 141
"../../../Engine/Content/EditorMaterials/Camera/MI_CineMat_Rig.uasset" 142
"../../../Engine/Content/EditorMeshes/Camera/SM_CraneRig_Arm.uasset" 143
"../../../Engine/Content/EditorMeshes/Camera/SM_CraneRig_Base.uasset" 144
"../../../Engine/Content/EditorMeshes/Camera/SM_CraneRig_Body.uasset" 145
"../../../Engine/Content/EditorMeshes/Camera/SM_CraneRig_Mount.uasset" 146
"../../../Engine/Content/EditorMeshes/Camera/SM_RailRig_Mount.uasset" 147
"../../../Engine/Content/EditorMeshes/Camera/SM_RailRig_Track.uasset" 148
"../../../Engine/Content/EditorMeshes/ColorCalibrator/M_ChromeBall.uasset" 149
"../../../Engine/Content/EditorMeshes/ColorCalibrator/M_ClearCoat.uasset" 150
"../../../Engine/Content/EditorMeshes/ColorCalibrator/M_ClearCoatBlack.uasset" 151
"../../../Engine/Content/EditorMeshes/ColorCalibrator/Color_checker.uasset" 152
"../../../Engine/Content/EditorMeshes/ColorCalibrator/M_ColorGrid.uasset" 153
"../../../Engine/Content/EditorMeshes/ColorCalibrator/M_GreyBall.uasset" 154
"../../../Engine/Content/EditorMeshes/ColorCalibrator/SM_ColorCalibrator.uasset" 155
"../../../Engine/Content/EditorResources/BSPVertex.uasset" 156
"../../../Engine/Content/EditorResources/EmptyActor.uasset" 157
"../../../Engine/Content/EditorResources/S_Actor.uasset" 158
"../../../Engine/Content/EditorResources/S_Trigger.uasset" 159
"../../../Engine/Content/EditorResources/LightIcons/S_LightError.uasset" 160
"../../../Engine/Content/EditorResources/SequenceRecorder/Countdown.uasset" 161
"../../../Engine/Content/EditorResources/SequenceRecorder/RecordingIndicator.uasset" 162
"../../../Engine/Content/EditorSounds/Notifications/CompileFailed.uasset" 163
"../../../Engine/Content/EditorSounds/Notifications/CompileFailed_Cue.uasset" 164
"../../../Engine/Content/EditorSounds/Notifications/CompileSuccess.uasset" 165
"../../../Engine/Content/EditorSounds/Notifications/CompileStart_Cue.uasset" 166
"../../../Engine/Content/EditorSounds/Notifications/CompileSuccess_Cue.uasset" 167
"../../../Engine/Content/EngineDamageTypes/DmgTypeBP_Environmental.uasset" 168
"../../../Engine/Content/EngineDebugMaterials/HeatmapGradient.uasset" 169
"../../../Engine/Content/EngineDebugMaterials/BoneWeightMaterial.uasset" 170
"../../../Engine/Content/EngineDebugMaterials/ClothMaterial.uasset" 171
"../../../Engine/Content/EngineDebugMaterials/ClothMaterial_WF.uasset" 172
"../../../Engine/Content/EngineDebugMaterials/DebugEditorMaterial.uasset" 173
"../../../Engine/Content/EngineDebugMaterials/DebugMeshMaterial.uasset" 174
"../../../Engine/Content/EngineDebugMaterials/GeomMaterial.uasset" 175
"../../../Engine/Content/EngineFonts/Faces/RobotoBold.uasset" 176
"../../../Engine/Content/EngineFonts/Faces/RobotoBoldItalic.uasset" 177
"../../../Engine/Content/EngineFonts/Faces/RobotoItalic.uasset" 178
"../../../Engine/Content/EngineFonts/Faces/RobotoLight.uasset" 179
"../../../Engine/Content/EngineFonts/Faces/RobotoRegular.uasset" 180
"../../../Engine/Content/EngineFonts/Roboto.uasset" 181
"../../../Engine/Content/EngineFonts/Faces/RobotoTiny.uasset" 182
"../../../Engine/Content/EngineFonts/RobotoTiny.uasset" 183
"../../../Engine/Content/EngineMaterials/DefaultBloomKernel.uasset" 184
"../../../Engine/Content/EngineMaterials/DefaultBokeh.uasset" 185
"../../../Engine/Content/EngineMaterials/DefaultDiffuse.uasset" 186
"../../../Engine/Content/EngineMaterials/DefaultDeferredDecalMaterial.uasset" 187
"../../../Engine/Content/EngineMaterials/DefaultLightFunctionMaterial.uasset" 188
"../../../Engine/Content/EngineMaterials/DefaultPhysicalMaterial.uasset" 189
"../../../Engine/Content/Functions/Engine_MaterialFunctions02/Utility/BreakOutFloat2Components.uasset" 190
"../../../Engine/Content/EngineMaterials/DefaultPostProcessMaterial.uasset" 191
"../../../Engine/Content/EngineFonts/RobotoDistanceField.uasset" 192
"../../../Engine/Content/EngineMaterials/DefaultTextMaterialOpaque.uasset" 193
"../../../Engine/Content/EngineMaterials/DefaultWhiteGrid.uasset" 194
"../../../Engine/Content/EngineMaterials/EditorBrushMaterial.uasset" 195
"../../../Engine/Content/EngineMaterials/MiniFont.uasset" 196
"../../../Engine/Content/EngineMaterials/InvalidLightmapSettings.uasset" 197
"../../../Engine/Content/EngineMaterials/M_InvalidLightmapSettings.uasset" 198
"../../../Engine/Content/Functions/Engine_MaterialFunctions02/WorldPositionOffset/CameraOffset.uasset" 199
"../../../Engine/Content/EngineMaterials/PhAT_JointLimitMaterial.uasset" 200
"../../../Engine/Content/EngineMaterials/PreintegratedSkinBRDF.uasset" 201
"../../../Engine/Content/EngineMaterials/RemoveSurfaceMaterial.uasset" 202
"../../../Engine/Content/EngineMaterials/WeightMapPlaceholderTexture.uasset" 203
"../../../Engine/Content/EngineResources/WhiteSquareTexture.uasset" 204
"../../../Engine/Content/EngineMaterials/Widget3DPassThrough.uasset" 205
"../../../Engine/Content/EngineMaterials/Widget3DPassThrough_Masked.uasset" 206
"../../../Engine/Content/EngineMaterials/Widget3DPassThrough_Opaque.uasset" 207
"../../../Engine/Content/EngineMaterials/Widget3DPassThrough_Masked_OneSided.uasset" 208
"../../../Engine/Content/EngineMaterials/Widget3DPassThrough_Opaque_OneSided.uasset" 209
"../../../Engine/Content/EngineMaterials/Widget3DPassThrough_Translucent.uasset" 210
"../../../Engine/Content/EngineMaterials/Widget3DPassThrough_Translucent_OneSided.uasset" 211
"../../../Engine/Content/EngineMeshes/Cube.uasset" 212
"../../../Engine/Content/EngineMeshes/Cylinder.uasset" 213
"../../../Engine/Content/EngineMeshes/Sphere.uasset" 214
"../../../Engine/Content/EngineResources/Black.uasset" 215
"../../../Engine/Content/EngineResources/DefaultTexture.uasset" 216
"../../../Engine/Content/EngineResources/DefaultTextureCube.uasset" 217
"../../../Engine/Content/EngineResources/GradientTexture0.uasset" 218
"../../../Engine/Content/EngineSounds/Master.uasset" 219
"../../../Engine/Content/Functions/Engine_MaterialFunctions01/Shading/ConvertFromDiffSpec.uasset" 220
"../../../Engine/Content/Functions/Engine_MaterialFunctions01/Shading/PowerToRoughness.uasset" 221
"../../../Engine/Content/Maps/Templates/Thumbnails/Default.uasset" 222
"../../../Engine/Content/Maps/Templates/Thumbnails/VR-Basic.uasset" 223
"../../../Engine/Content/MobileResources/T_MobileControls_texture.uasset" 224
"../../../Engine/Content/MobileResources/T_MobileMenu2.uasset" 225
"../../../Engine/Content/MobileResources/HUD/AnalogHat.uasset" 226
"../../../Engine/Content/MobileResources/HUD/VirtualJoystick_Background.uasset" 227
"../../../Engine/Content/MobileResources/HUD/VirtualJoystick_Thumb.uasset" 228
"../../../Engine/Content/MobileResources/HUD/DefaultVirtualJoysticks.uasset" 229
"../../../Engine/Content/MobileResources/HUD/LeftVirtualJoystickOnly.uasset" 230
"../../../Engine/Content/MobileResources/HUD/MobileHUDButton1_off.uasset" 231
"../../../Engine/Content/MobileResources/HUD/MobileHUDButton1_on.uasset" 232
"../../../Engine/Content/MobileResources/HUD/MobileHUDButton2_off.uasset" 233
"../../../Engine/Content/MobileResources/HUD/MobileHUDButton2_on.uasset" 234
"../../../Engine/Content/MobileResources/HUD/MobileHUDButton3.uasset" 235
"../../../Engine/Content/MobileResources/HUD/MobileHUDButtonFire.uasset" 236
"../../../Engine/Content/MobileResources/HUD/MobileHUDDirectionPad.uasset" 237
"../../../Engine/Content/MobileResources/HUD/MobileHUDDirectionPad2.uasset" 238
"../../../Engine/Content/MobileResources/HUD/MobileHUDDirectionPad3.uasset" 239
"../../../Engine/Content/MobileResources/HUD/MobileHUDDirectionStick.uasset" 240
"../../../Engine/Content/MobileResources/HUD/T_Castle_ThumbstickInner.uasset" 241
"../../../Engine/Content/MobileResources/HUD/T_Castle_ThumbstickOutter.uasset" 242
"../../../Engine/Content/Tutorial/ContentIntroCurve.uasset" 243
"../../../Engine/Content/Tutorial/Basics/TutorialAssets/icon_tab_Levels_40x.uasset" 244
"../../../Engine/Content/Tutorial/BlueprintTutorials/TutorialAssets/BlueprintInterface_64x.uasset" 245
"../../../Engine/Content/Tutorial/BlueprintTutorials/TutorialAssets/BlueprintMacroLibrary_64x.uasset" 246
"../../../Engine/Content/Tutorial/BlueprintTutorials/TutorialAssets/Blueprint_64x.uasset" 247
"../../../Engine/Content/Tutorial/BlueprintTutorials/TutorialAssets/Tutorial_BP_Interface.uasset" 248
"../../../Engine/Content/Tutorial/Foliage/TutorialAssets/Foliage.uasset" 249
"../../../Engine/Content/Tutorial/Landscape/TutorialAssets/Landscape.uasset" 250
"../../../Engine/Content/Tutorial/Paper2D/TutorialAssets/Paper2DFlipbook_TutorialIcon.uasset" 251
"../../../Engine/Content/Tutorial/Paper2D/TutorialAssets/Paper2DSprite_TutorialIcon.uasset" 252
"../../../Engine/Content/Tutorial/SubEditors/TutorialAssets/icon_Editor_Preferences_General_40x.uasset" 253
"../../../Engine/Content/Tutorial/SubEditors/TutorialAssets/icon_ShowSkeletalMeshes_40x.uasset" 254
"../../../Engine/Content/Tutorial/SubEditors/TutorialAssets/TutorialMaterial.uasset" 255
"../../../Engine/Content/Tutorial/SubEditors/TutorialAssets/T_SmokeSubUV_8X8.uasset" 256
"../../../Engine/Content/Tutorial/SubEditors/TutorialAssets/T_soft_smoke.uasset" 257
"../../../Engine/Content/Tutorial/SubEditors/TutorialAssets/M_smoke_subUV_blackbody.uasset" 258
"../../../Engine/Content/Tutorial/SubEditors/TutorialAssets/TutorialParticleSystem.uasset" 259
"../../../Engine/Content/VREditor/Devices/Generic/GenericHMDMaterial.uasset" 260
"../../../Engine/Content/VREditor/Devices/Generic/GenericHMD.uasset" 261
"../../../Engine/Content/Functions/Engine_MaterialFunctions02/Utility/BreakOutFloat3Components.uasset" 262
"../../../Engine/Content/VREditor/Devices/Vive/VivePreController_MasksB.uasset" 263
"../../../Engine/Content/VREditor/Devices/Oculus/OculusControllerMaterial.uasset" 264
"../../../Engine/Content/VREditor/Devices/Oculus/OculusControllerMaterial_Inst.uasset" 265
"../../../Engine/Content/VREditor/Devices/Oculus/OculusControllerMesh.uasset" 266
"../../../Engine/Content/VREditor/Devices/Vive/T_VivePreController_EM.uasset" 267
"../../../Engine/Content/VREditor/Devices/Vive/VivePreController_MasksA.uasset" 268
"../../../Engine/Content/VREditor/Devices/Vive/VivePreControllerDiffuse.uasset" 269
"../../../Engine/Content/VREditor/Devices/Vive/VivePreControllerSpec.uasset" 270
"../../../Engine/Content/VREditor/LaserPointer/VR_LaserPower_01.uasset" 271
"../../../Engine/Content/VREditor/Devices/Vive/VivePreControllerMaterial.uasset" 272
"../../../Engine/Content/VREditor/Devices/Vive/VivePreControllerMaterial_Inst.uasset" 273
"../../../Engine/Content/VREditor/Devices/Vive/VivePreControllerMesh.uasset" 274
"../../../Engine/Content/VREditor/FloatingText/LineMaterial.uasset" 275
"../../../Engine/Content/VREditor/FloatingText/JointSphere.uasset" 276
"../../../Engine/Content/VREditor/FloatingText/LineSegmentCylinder.uasset" 277
"../../../Engine/Content/VREditor/Fonts/VRText_RobotoLarge.uasset" 278
"../../../Engine/Content/VREditor/Fonts/VRTextMaterial.uasset" 279
"../../../Engine/Content/VREditor/Fonts/TranslucentVRTextMaterial.uasset" 280
"../../../Engine/Content/VREditor/LaserPointer/CursorPointer.uasset" 281
"../../../Engine/Content/VREditor/TransformGizmo/TransformGizmoMaterial.uasset" 282
"../../../Engine/Content/VREditor/LaserPointer/HoverMaterial.uasset" 283
"../../../Engine/Content/VREditor/TransformGizmo/TranslucentTransformGizmoMaterial.uasset" 284
"../../../Engine/Content/VREditor/LaserPointer/TranslucentHoverMaterial.uasset" 285
"../../../Engine/Content/VREditor/LaserPointer/HoverMesh.uasset" 286
"../../../Engine/Content/VREditor/LaserPointer/LaserPointerMaterial.uasset" 287
"../../../Engine/Content/VREditor/LaserPointer/LaserPointerMaterialInst.uasset" 288
"../../../Engine/Content/VREditor/LaserPointer/TranslucentLaserPointerMaterialInst.uasset" 289
"../../../Engine/Content/VREditor/LaserPointer/LaserPointerMesh.uasset" 290
"../../../Engine/Content/VREditor/LaserPointer/LaserPointerMesh_End.uasset" 291
"../../../Engine/Content/VREditor/LaserPointer/LaserPointerMesh_Start.uasset" 292
"../../../Engine/Content/VREditor/Sounds/VR_teleport.uasset" 293
"../../../Engine/Content/VREditor/Sounds/UI/Click_on_Button.uasset" 294
"../../../Engine/Content/VREditor/Sounds/UI/Click_on_Button_Cue.uasset" 295
"../../../Engine/Content/VREditor/Sounds/UI/Dockable_Window_Close.uasset" 296
"../../../Engine/Content/VREditor/Sounds/UI/Dockable_Window_Drop.uasset" 297
"../../../Engine/Content/VREditor/Sounds/UI/Dockable_Window_Open.uasset" 298
"../../../Engine/Content/VREditor/Sounds/UI/Dockable_Window_Pick_Up.uasset" 299
"../../../Engine/Content/VREditor/Sounds/UI/Drop_Item_From_ContentBrowser.uasset" 300
"../../../Engine/Content/VREditor/Sounds/UI/Floating_UI_Open-001.uasset" 301
"../../../Engine/Content/VREditor/Sounds/UI/Radial_Menu_FadeOut.uasset" 302
"../../../Engine/Content/VREditor/Sounds/UI/Teleport_Mode_Entered.uasset" 303
"../../../Engine/Content/VREditor/Teleport/TeleportDirectionMaterial.uasset" 304
"../../../Engine/Content/VREditor/Teleport/TeleportDirectionMaterial_Inst.uasset" 305
"../../../Engine/Content/VREditor/Teleport/TeleportDirectionMesh.uasset" 306
"../../../Engine/Content/VREditor/TransformGizmo/BoundingBoxCorner.uasset" 307
"../../../Engine/Content/VREditor/TransformGizmo/BoundingBoxEdge.uasset" 308
"../../../Engine/Content/VREditor/TransformGizmo/PlaneTranslationHandle.uasset" 309
"../../../Engine/Content/VREditor/TransformGizmo/Main.uasset" 310
"../../../Engine/Content/VREditor/TransformGizmo/Xray.uasset" 311
"../../../Engine/Content/VREditor/TransformGizmo/SM_Dialog_Close.uasset" 312
"../../../Engine/Content/VREditor/TransformGizmo/SM_Dialog_Move.uasset" 313
"../../../Engine/Content/VREditor/TransformGizmo/SM_Sequencer_Key.uasset" 314
"../../../Engine/Content/VREditor/TransformGizmo/SM_Sequencer_Node.uasset" 315
"../../../Engine/Content/VREditor/TransformGizmo/TransformGizmoMaterial_Inst.uasset" 316
"../../../Engine/Content/VREditor/TransformGizmo/TranslucentTransformGizmoMaterial_Inst.uasset" 317
"../../../Engine/Content/VREditor/Devices/Vive/UE4_Logo.uasset" 318
"../../../Engine/Content/VREditor/UI/M_ContentWindow.uasset" 319
"../../../Engine/Content/VREditor/UI/SM_ContentWindow_01.uasset" 320
"../../../Engine/Content/VREditor/UI/KeyDiskMaterial.uasset" 321
"../../../Engine/Content/VREditor/UI/DiscMaterial.uasset" 322
"../../../Engine/Content/VREditor/UI/SM_Radial_Disk.uasset" 323
"../../../Engine/Content/VREditor/UI/ArrowMaterial.uasset" 324
"../../../Engine/Content/VREditor/UI/SM_Radial_Pointer.uasset" 325
"../../../Engine/Content/Functions/Engine_MaterialFunctions01/Gradient/RadialGradient.uasset" 326
"../../../Engine/Content/VREditor/WorldMovementGrid/SimpleGrid.uasset" 327
"../../../Engine/Content/VREditor/WorldMovementGrid/GridMaterial.uasset" 328
"../../../Engine/Content/Functions/Engine_MaterialFunctions01/Density/ExponentialDensity.uasset" 329
"../../../Engine/Content/VREditor/WorldMovementGrid/GridPostProcess.uasset" 330
"../../../Engine/Content/EditorLandscapeResources/FlattenHeightMat.uasset" 331
"../../../Engine/Content/VREditor/WorldMovementGrid/PlaneMesh.uasset" 332
"../../Plugins/2D/Paper2D/Content/PlaceholderTextures/DummySpriteTexture.uasset" 333
"../../Plugins/2D/Paper2D/Content/DummySprite.uasset" 334
"../../Plugins/2D/Paper2D/Content/DefaultPaperTerrainMaterial.uasset" 335
"../../Plugins/2D/Paper2D/Content/DefaultSpriteMaterial.uasset" 336
"../../Plugins/2D/Paper2D/Content/MaskedUnlitSpriteMaterial.uasset" 337
"../../Plugins/2D/Paper2D/Content/OpaqueUnlitSpriteMaterial.uasset" 338
"../../Plugins/Media/MediaCompositing/Content/DefaultMediaPlaneTexture.uasset" 339
"../../Plugins/Media/MediaCompositing/Content/DefaultMediaPlaneMaterial.uasset" 340
"../../../Engine/Content/Functions/Engine_MaterialFunctions02/Utility/MakeFloat4.uasset" 341
"../../Plugins/Runtime/AppleARKit/Content/ARKitCameraMaterial.uasset" 342
"../../../Engine/Content/EditorBlueprintResources/StandardMacros.uasset" 343
"../../../Engine/Content/EngineSky/C_Sky_Cloud_Color.uasset" 344
"../../../Engine/Content/EngineSky/C_Sky_Horizon_Color.uasset" 345
"../../../Engine/Content/EngineSky/C_Sky_Zenith_Color.uasset" 346
"../../../Engine/Content/EngineSky/T_Sky_Blue.uasset" 347
"../../../Engine/Content/EngineSky/T_Sky_Clouds_M.uasset" 348
"../../../Engine/Content/EngineSky/T_Sky_Stars.uasset" 349
"../../../Engine/Content/EngineSky/M_Sky_Panning_Clouds2.uasset" 350
"../../../Engine/Content/EngineSky/SM_SkySphere.uasset" 351
"../../../Engine/Content/EngineSky/BP_Sky_Sphere.uasset" 352
"../../../../../../Projet/Leap Test/VR_Vive/Content/GTFreeMaterials/Showcase_BuiltData.uasset" 353
"../../../Engine/Content/EditorMaterials/Cascade/CASC_Cross.uasset" 354
"../../../Engine/Content/EditorMaterials/Cascade/CASC_None.uasset" 355
"../../../Engine/Content/Functions/Engine_MaterialFunctions03/Blends/Blend_Overlay.uasset" 356
"../../../../../../Projet/Leap Test/VR_Vive/Content/GTFreeMaterials/Textures/brick_ancientDiagonal/brick_ancientDiagonal_2k_alb.uasset" 357
"../../../../../../Projet/Leap Test/VR_Vive/Content/GTFreeMaterials/Textures/brick_ancientDiagonal/brick_ancientDiagonal_2k_n.uasset" 358
"../../../../../../Projet/Leap Test/VR_Vive/Content/GTFreeMaterials/Materials/brick_ancientDiagonal.uasset" 359
"../../../../../../Projet/Leap Test/VR_Vive/Content/GTFreeMaterials/Textures/Brick_BathStone/Brick_BathStone_2k_alb.uasset" 360
"../../../../../../Projet/Leap Test/VR_Vive/Content/GTFreeMaterials/Textures/Brick_BathStone/Brick_BathStone_2k_ao.uasset" 361
"../../../../../../Projet/Leap Test/VR_Vive/Content/GTFreeMaterials/Textures/Brick_BathStone/Brick_BathStone_2k_n.uasset" 362
"../../../../../../Projet/Leap Test/VR_Vive/Content/GTFreeMaterials/Materials/Brick_BathStone.uasset" 363
"../../../../../../Projet/Leap Test/VR_Vive/Content/GTFreeMaterials/Textures/Brick_GuiBigCastleWall/Brick_GuiBigCastleWall_2k_alb.uasset" 364
"../../../../../../Projet/Leap Test/VR_Vive/Content/GTFreeMaterials/Textures/Brick_GuiBigCastleWall/Brick_GuiBigCastleWall_2k_h.uasset" 365
"../../../../../../Projet/Leap Test/VR_Vive/Content/GTFreeMaterials/Textures/Brick_GuiBigCastleWall/Brick_GuiBigCastleWall_2k_n.uasset" 366
"../../../../../../Projet/Leap Test/VR_Vive/Content/GTFreeMaterials/Textures/Brick_GuiBigCastleWall/Brick_GuiBigCastleWall_2k_s.uasset" 367
"../../../../../../Projet/Leap Test/VR_Vive/Content/GTFreeMaterials/Materials/Brick_GuiBigCastleWall.uasset" 368
"../../../../../../Projet/Leap Test/VR_Vive/Content/GTFreeMaterials/Textures/brick_guiGen/brick_guiGen_2k_d.uasset" 369
"../../../../../../Projet/Leap Test/VR_Vive/Content/GTFreeMaterials/Textures/brick_guiGen/brick_guiGen_2k_n.uasset" 370
"../../../../../../Projet/Leap Test/VR_Vive/Content/GTFreeMaterials/Textures/brick_guiGen/brick_guiGen_2k_s.uasset" 371
"../../../../../../Projet/Leap Test/VR_Vive/Content/GTFreeMaterials/Materials/brick_guiGen.uasset" 372
"../../../../../../Projet/Leap Test/VR_Vive/Content/GTFreeMaterials/Textures/Ground_Dirt/Ground_Dirt_2k_alb.uasset" 373
"../../../../../../Projet/Leap Test/VR_Vive/Content/GTFreeMaterials/Textures/Ground_Dirt/Ground_Dirt_2k_n.uasset" 374
"../../../../../../Projet/Leap Test/VR_Vive/Content/GTFreeMaterials/Textures/Ground_Dirt/Ground_Dirt_2k_s.uasset" 375
"../../../../../../Projet/Leap Test/VR_Vive/Content/GTFreeMaterials/Materials/Ground_Dirt.uasset" 376
"../../../../../../Projet/Leap Test/VR_Vive/Content/GTFreeMaterials/Textures/Ground_DirtBrownTan/Ground_DirtBrownTan_2k_alb.uasset" 377
"../../../../../../Projet/Leap Test/VR_Vive/Content/GTFreeMaterials/Textures/Ground_DirtBrownTan/Ground_DirtBrownTan_2k_g.uasset" 378
"../../../../../../Projet/Leap Test/VR_Vive/Content/GTFreeMaterials/Textures/Ground_DirtBrownTan/Ground_DirtBrownTan_2k_n.uasset" 379
"../../../../../../Projet/Leap Test/VR_Vive/Content/GTFreeMaterials/Materials/Ground_DirtBrownTan.uasset" 380
"../../../../../../Projet/Leap Test/VR_Vive/Content/GTFreeMaterials/Textures/Ground_GrassThickGreen/Ground_GrassThickGreen_2k_alb.uasset" 381
"../../../../../../Projet/Leap Test/VR_Vive/Content/GTFreeMaterials/Textures/Ground_GrassThickGreen/Ground_GrassThickGreen_2k_g.uasset" 382
"../../../../../../Projet/Leap Test/VR_Vive/Content/GTFreeMaterials/Textures/Ground_GrassThickGreen/Ground_GrassThickGreen_2k_h1.uasset" 383
"../../../../../../Projet/Leap Test/VR_Vive/Content/GTFreeMaterials/Textures/Ground_GrassThickGreen/Ground_GrassThickGreen_2k_n.uasset" 384
"../../../../../../Projet/Leap Test/VR_Vive/Content/GTFreeMaterials/Materials/Ground_GrassThickGreen.uasset" 385
"../../../../../../Projet/Leap Test/VR_Vive/Content/GTFreeMaterials/Textures/Ground_guiFloodedMud/Ground_guiFloodedMud_2k_alb.uasset" 386
"../../../../../../Projet/Leap Test/VR_Vive/Content/GTFreeMaterials/Textures/Ground_guiFloodedMud/Ground_guiFloodedMud_2k_g.uasset" 387
"../../../../../../Projet/Leap Test/VR_Vive/Content/GTFreeMaterials/Textures/Ground_guiFloodedMud/Ground_guiFloodedMud_2k_mask.uasset" 388
"../../../../../../Projet/Leap Test/VR_Vive/Content/GTFreeMaterials/Textures/Ground_guiFloodedMud/Ground_guiFloodedMud_2k_n.uasset" 389
"../../../../../../Projet/Leap Test/VR_Vive/Content/GTFreeMaterials/Materials/Ground_guiFloodedMud.uasset" 390
"../../../../../../Projet/Leap Test/VR_Vive/Content/GTFreeMaterials/Textures/Ground_MuddyGrass/Ground_MuddyGrass_2k_alb.uasset" 391
"../../../../../../Projet/Leap Test/VR_Vive/Content/GTFreeMaterials/Textures/Ground_MuddyGrass/Ground_MuddyGrass_2k_mask.uasset" 392
"../../../../../../Projet/Leap Test/VR_Vive/Content/GTFreeMaterials/Textures/Ground_MuddyGrass/Ground_MuddyGrass_2k_n.uasset" 393
"../../../../../../Projet/Leap Test/VR_Vive/Content/GTFreeMaterials/Textures/Ground_MuddyGrass/Ground_MuddyGrass_2k_s.uasset" 394
"../../../../../../Projet/Leap Test/VR_Vive/Content/GTFreeMaterials/Materials/Ground_MuddyGrass_DRY.uasset" 395
"../../../../../../Projet/Leap Test/VR_Vive/Content/GTFreeMaterials/Materials/Ground_MuddyGrass_WET.uasset" 396
"../../../../../../Projet/Leap Test/VR_Vive/Content/GTFreeMaterials/Textures/Metal_BrushedCopper/Metal_BrushedCopper_2k_g.uasset" 397
"../../../../../../Projet/Leap Test/VR_Vive/Content/GTFreeMaterials/Textures/Metal_BrushedCopper/Metal_BrushedCopper_2k_n.uasset" 398
"../../../../../../Projet/Leap Test/VR_Vive/Content/GTFreeMaterials/Textures/Metal_BrushedCopper/Metal_BrushedCopper_2k_s.uasset" 399
"../../../../../../Projet/Leap Test/VR_Vive/Content/GTFreeMaterials/Materials/Metal_BrushedCopper.uasset" 400
"../../../../../../Projet/Leap Test/VR_Vive/Content/GTFreeMaterials/Textures/Metal_BrushedSteel/Metal_BrushedSteel_2k_g.uasset" 401
"../../../../../../Projet/Leap Test/VR_Vive/Content/GTFreeMaterials/Textures/Metal_BrushedSteel/Metal_BrushedSteel_2k_n.uasset" 402
"../../../../../../Projet/Leap Test/VR_Vive/Content/GTFreeMaterials/Textures/Metal_BrushedSteel/Metal_BrushedSteel_2k_s.uasset" 403
"../../../../../../Projet/Leap Test/VR_Vive/Content/GTFreeMaterials/Materials/Metal_BrushedSteel.uasset" 404
"../../../../../../Projet/Leap Test/VR_Vive/Content/GTFreeMaterials/Textures/Metal_CyberCube/Metal_CyberCube_2k_ao.uasset" 405
"../../../../../../Projet/Leap Test/VR_Vive/Content/GTFreeMaterials/Textures/Metal_CyberCube/Metal_CyberCube_2k_g.uasset" 406
"../../../../../../Projet/Leap Test/VR_Vive/Content/GTFreeMaterials/Textures/Metal_CyberCube/Metal_CyberCube_2k_n.uasset" 407
"../../../../../../Projet/Leap Test/VR_Vive/Content/GTFreeMaterials/Textures/Metal_CyberCube/Metal_CyberCube_2k_s.uasset" 408
"../../../../../../Projet/Leap Test/VR_Vive/Content/GTFreeMaterials/Textures/Metal_CyberCube/Metal_CyberCube_2k_t.uasset" 409
"../../../../../../Projet/Leap Test/VR_Vive/Content/GTFreeMaterials/Materials/Metal_CyberCube.uasset" 410
"../../../../../../Projet/Leap Test/VR_Vive/Content/GTFreeMaterials/Textures/Metal_DiamondPlateSciFi/Metal_DiamondPlateSciFi_2k_alb.uasset" 411
"../../../../../../Projet/Leap Test/VR_Vive/Content/GTFreeMaterials/Textures/Metal_DiamondPlateSciFi/Metal_DiamondPlateSciFi_2k_g.uasset" 412
"../../../../../../Projet/Leap Test/VR_Vive/Content/GTFreeMaterials/Textures/Metal_DiamondPlateSciFi/Metal_DiamondPlateSciFi_2k_mask.uasset" 413
"../../../../../../Projet/Leap Test/VR_Vive/Content/GTFreeMaterials/Textures/Metal_DiamondPlateSciFi/Metal_DiamondPlateSciFi_2k_n.uasset" 414
"../../../../../../Projet/Leap Test/VR_Vive/Content/GTFreeMaterials/Textures/Metal_DiamondPlateSciFi/Metal_DiamondPlateSciFi_2k_s.uasset" 415
"../../../../../../Projet/Leap Test/VR_Vive/Content/GTFreeMaterials/Materials/Metal_DiamondPlateSciFi.uasset" 416
"../../../../../../Projet/Leap Test/VR_Vive/Content/GTFreeMaterials/Textures/Metal_Gold/Metal_Gold_2k_g.uasset" 417
"../../../../../../Projet/Leap Test/VR_Vive/Content/GTFreeMaterials/Textures/Metal_Gold/Metal_Gold_2k_s.uasset" 418
"../../../../../../Projet/Leap Test/VR_Vive/Content/GTFreeMaterials/Materials/Metal_Gold.uasset" 419
"../../../../../../Projet/Leap Test/VR_Vive/Content/GTFreeMaterials/Textures/Metal_LeadRough/Metal_LeadRough_2k_alb.uasset" 420
"../../../../../../Projet/Leap Test/VR_Vive/Content/GTFreeMaterials/Textures/Metal_LeadRough/Metal_LeadRough_2k_g.uasset" 421
"../../../../../../Projet/Leap Test/VR_Vive/Content/GTFreeMaterials/Textures/Metal_LeadRough/Metal_LeadRough_2k_n.uasset" 422
"../../../../../../Projet/Leap Test/VR_Vive/Content/GTFreeMaterials/Textures/Metal_LeadRough/Metal_LeadRough_2k_s.uasset" 423
"../../../../../../Projet/Leap Test/VR_Vive/Content/GTFreeMaterials/Materials/Metal_LeadRough.uasset" 424
"../../../../../../Projet/Leap Test/VR_Vive/Content/GTFreeMaterials/Textures/4ChannelGrunge.uasset" 425
"../../../../../../Projet/Leap Test/VR_Vive/Content/GTFreeMaterials/Textures/Metal_ReinforcedGridWall/Metal_ReinforcedGridWall_2k_ao.uasset" 426
"../../../../../../Projet/Leap Test/VR_Vive/Content/GTFreeMaterials/Textures/Metal_ReinforcedGridWall/Metal_ReinforcedGridWall_2k_g.uasset" 427
"../../../../../../Projet/Leap Test/VR_Vive/Content/GTFreeMaterials/Textures/Metal_ReinforcedGridWall/Metal_ReinforcedGridWall_2k_mask.uasset" 428
"../../../../../../Projet/Leap Test/VR_Vive/Content/GTFreeMaterials/Textures/Metal_ReinforcedGridWall/Metal_ReinforcedGridWall_2k_n.uasset" 429
"../../../../../../Projet/Leap Test/VR_Vive/Content/GTFreeMaterials/Textures/Metal_ReinforcedGridWall/Metal_ReinforcedGridWall_2k_s.uasset" 430
"../../../../../../Projet/Leap Test/VR_Vive/Content/GTFreeMaterials/Materials/Metal_ReinforcedGridWall.uasset" 431
"../../../../../../Projet/Leap Test/VR_Vive/Content/GTFreeMaterials/Textures/Metal_RustedSolid/Metal_RustedSolid_2k_g.uasset" 432
"../../../../../../Projet/Leap Test/VR_Vive/Content/GTFreeMaterials/Textures/Metal_RustedSolid/Metal_RustedSolid_2k_n.uasset" 433
"../../../../../../Projet/Leap Test/VR_Vive/Content/GTFreeMaterials/Textures/Metal_RustedSolid/Metal_RustedSolid_2k_s.uasset" 434
"../../../../../../Projet/Leap Test/VR_Vive/Content/GTFreeMaterials/Materials/Metal_RustedSolid.uasset" 435
"../../../../../../Projet/Leap Test/VR_Vive/Content/GTFreeMaterials/Textures/Metal_sciFiCurveyWall/Metal_sciFiCurveyWall_2k_ao.uasset" 436
"../../../../../../Projet/Leap Test/VR_Vive/Content/GTFreeMaterials/Textures/Metal_sciFiCurveyWall/Metal_sciFiCurveyWall_2k_g.uasset" 437
"../../../../../../Projet/Leap Test/VR_Vive/Content/GTFreeMaterials/Textures/Metal_sciFiCurveyWall/Metal_sciFiCurveyWall_2k_mask.uasset" 438
"../../../../../../Projet/Leap Test/VR_Vive/Content/GTFreeMaterials/Textures/Metal_sciFiCurveyWall/Metal_sciFiCurveyWall_2k_n.uasset" 439
"../../../../../../Projet/Leap Test/VR_Vive/Content/GTFreeMaterials/Textures/Metal_sciFiCurveyWall/Metal_sciFiCurveyWall_2k_s.uasset" 440
"../../../../../../Projet/Leap Test/VR_Vive/Content/GTFreeMaterials/Materials/Metal_sciFiCurveyWall.uasset" 441
"../../../../../../Projet/Leap Test/VR_Vive/Content/GTFreeMaterials/Textures/misc_WoodenCrate/misc_WoodenCrate_2k_alb2.uasset" 442
"../../../../../../Projet/Leap Test/VR_Vive/Content/GTFreeMaterials/Textures/misc_WoodenCrate/misc_WoodenCrate_2k_ao.uasset" 443
"../../../../../../Projet/Leap Test/VR_Vive/Content/GTFreeMaterials/Textures/misc_WoodenCrate/misc_WoodenCrate_2k_g.uasset" 444
"../../../../../../Projet/Leap Test/VR_Vive/Content/GTFreeMaterials/Textures/misc_WoodenCrate/misc_WoodenCrate_2k_h.uasset" 445
"../../../../../../Projet/Leap Test/VR_Vive/Content/GTFreeMaterials/Textures/misc_WoodenCrate/misc_WoodenCrate_2k_mask.uasset" 446
"../../../../../../Projet/Leap Test/VR_Vive/Content/GTFreeMaterials/Textures/misc_WoodenCrate/misc_WoodenCrate_2k_n.uasset" 447
"../../../../../../Projet/Leap Test/VR_Vive/Content/GTFreeMaterials/Materials/misc_WoodenCrate.uasset" 448
"../../../../../../Projet/Leap Test/VR_Vive/Content/GTFreeMaterials/Textures/Rock_HoleyWall/Rock_HoleyWall_2k_alb2.uasset" 449
"../../../../../../Projet/Leap Test/VR_Vive/Content/GTFreeMaterials/Textures/Rock_HoleyWall/Rock_HoleyWall_2k_ao.uasset" 450
"../../../../../../Projet/Leap Test/VR_Vive/Content/GTFreeMaterials/Textures/Rock_HoleyWall/Rock_HoleyWall_2k_g.uasset" 451
"../../../../../../Projet/Leap Test/VR_Vive/Content/GTFreeMaterials/Textures/Rock_HoleyWall/Rock_HoleyWall_2k_h.uasset" 452
"../../../../../../Projet/Leap Test/VR_Vive/Content/GTFreeMaterials/Textures/Rock_HoleyWall/Rock_HoleyWall_2k_n.uasset" 453
"../../../../../../Projet/Leap Test/VR_Vive/Content/GTFreeMaterials/Materials/Rock_HoleyWall.uasset" 454
"../../../../../../Projet/Leap Test/VR_Vive/Content/GTFreeMaterials/Textures/Rock_JaggedCaveWall/Rock_JaggedCaveWall_2k_alb.uasset" 455
"../../../../../../Projet/Leap Test/VR_Vive/Content/GTFreeMaterials/Textures/Rock_JaggedCaveWall/Rock_JaggedCaveWall_2k_g.uasset" 456
"../../../../../../Projet/Leap Test/VR_Vive/Content/GTFreeMaterials/Textures/Rock_JaggedCaveWall/Rock_JaggedCaveWall_2k_h.uasset" 457
"../../../../../../Projet/Leap Test/VR_Vive/Content/GTFreeMaterials/Textures/Rock_JaggedCaveWall/Rock_JaggedCaveWall_2k_n.uasset" 458
"../../../../../../Projet/Leap Test/VR_Vive/Content/GTFreeMaterials/Materials/Rock_JaggedCaveWall.uasset" 459
"../../../../../../Projet/Leap Test/VR_Vive/Content/GTFreeMaterials/Textures/Tile_WoodAndTileOffsetPattern/Tile_WoodAndTileOffsetPattern_2k_alb.uasset" 460
"../../../../../../Projet/Leap Test/VR_Vive/Content/GTFreeMaterials/Textures/Tile_WoodAndTileOffsetPattern/Tile_WoodAndTileOffsetPattern_2k_mask.uasset" 461
"../../../../../../Projet/Leap Test/VR_Vive/Content/GTFreeMaterials/Textures/Tile_WoodAndTileOffsetPattern/Tile_WoodAndTileOffsetPattern_2k_n.uasset" 462
"../../../../../../Projet/Leap Test/VR_Vive/Content/GTFreeMaterials/Textures/Tile_WoodAndTileOffsetPattern/Tile_WoodAndTileOffsetPattern_2k_s.uasset" 463
"../../../../../../Projet/Leap Test/VR_Vive/Content/GTFreeMaterials/Materials/Tile_WoodAndTileOffsetPattern.uasset" 464
"../../../../../../Projet/Leap Test/VR_Vive/Content/GTFreeMaterials/Textures/Wood_GeofwoodenPlankClean/Wood_GeofwoodenPlankClean_2k_ao.uasset" 465
"../../../../../../Projet/Leap Test/VR_Vive/Content/GTFreeMaterials/Textures/Wood_GeofwoodenPlankClean/Wood_GeofwoodenPlankClean_2k_d.uasset" 466
"../../../../../../Projet/Leap Test/VR_Vive/Content/GTFreeMaterials/Textures/Wood_GeofwoodenPlankClean/Wood_GeofwoodenPlankClean_2k_n.uasset" 467
"../../../../../../Projet/Leap Test/VR_Vive/Content/GTFreeMaterials/Materials/Wood_GeofwoodenPlankClean.uasset" 468
"../../../../../../Projet/Leap Test/VR_Vive/Content/GTFreeMaterials/Textures/Wood_InterlockingFloor/Wood_InterlockingFloor_2k_alb1.uasset" 469
"../../../../../../Projet/Leap Test/VR_Vive/Content/GTFreeMaterials/Textures/Wood_InterlockingFloor/Wood_InterlockingFloor_2k_ao.uasset" 470
"../../../../../../Projet/Leap Test/VR_Vive/Content/GTFreeMaterials/Textures/Wood_InterlockingFloor/Wood_InterlockingFloor_2k_g.uasset" 471
"../../../../../../Projet/Leap Test/VR_Vive/Content/GTFreeMaterials/Textures/Wood_InterlockingFloor/Wood_InterlockingFloor_2k_n.uasset" 472
"../../../../../../Projet/Leap Test/VR_Vive/Content/GTFreeMaterials/Materials/Wood_InterlockingFloor.uasset" 473
"../../../../../../Projet/Leap Test/VR_Vive/Content/GTFreeMaterials/Textures/Brick_chicagoStyle/Brick_chicagoStyle_2k_alb.uasset" 474
"../../../../../../Projet/Leap Test/VR_Vive/Content/GTFreeMaterials/Textures/Brick_chicagoStyle/Brick_chicagoStyle_2k_ao.uasset" 475
"../../../../../../Projet/Leap Test/VR_Vive/Content/GTFreeMaterials/Textures/Brick_chicagoStyle/Brick_chicagoStyle_2k_h.uasset" 476
"../../../../../../Projet/Leap Test/VR_Vive/Content/GTFreeMaterials/Textures/Brick_chicagoStyle/Brick_chicagoStyle_2k_n.uasset" 477
"../../../../../../Projet/Leap Test/VR_Vive/Content/GTFreeMaterials/Materials/Brick_chicagoStyle.uasset" 478
"../../../../../../Projet/Leap Test/VR_Vive/Content/GTFreeMaterials/Materials/Concrete_FlatSurface.uasset" 479
"../../../../../../Projet/Leap Test/VR_Vive/Content/GTFreeMaterials/Textures/wood_JFfantasyWoodPlanksNailedClean/wood_JFfantasyWoodPlanksNailedClean_2k_alb.uasset" 480
"../../../../../../Projet/Leap Test/VR_Vive/Content/GTFreeMaterials/Textures/wood_JFfantasyWoodPlanksNailedClean/wood_JFfantasyWoodPlanksNailedClean_2k_h.uasset" 481
"../../../../../../Projet/Leap Test/VR_Vive/Content/GTFreeMaterials/Textures/wood_JFfantasyWoodPlanksNailedClean/wood_JFfantasyWoodPlanksNailedClean_2k_n.uasset" 482
"../../../../../../Projet/Leap Test/VR_Vive/Content/GTFreeMaterials/Materials/wood_JFfantasyWoodPlanksNailedClean.uasset" 483
"../../../Engine/Content/EditorMeshes/EditorSphere.uasset" 484
"../../../../../../Projet/Leap Test/VR_Vive/Content/GTFreeMaterials/Showcase.umap" 485
"../../../Engine/Content/Functions/Engine_MaterialFunctions01/Texturing/ScaleUVsByCenter.uasset" 486
"../../../Engine/Content/Functions/Engine_MaterialFunctions02/ScreenResolution.uasset" 487
"../../../Engine/Content/Functions/Engine_MaterialFunctions02/Texturing/ScreenAlignedUVs.uasset" 488
"../../../Engine/Content/Functions/Engine_MaterialFunctions02/Utility/CameraDirectionVector.uasset" 489
"../../../Engine/Content/Functions/Engine_MaterialFunctions02/Utility/DepthFromWorldPosition.uasset" 490
"../../../../../../Projet/Leap Test/VR_Vive/Content/VirtualReality/Materials/MF_OccludedPixels.uasset" 491
"../../../../../../Projet/Leap Test/VR_Vive/Content/VirtualReality/Materials/TeleportMCP.uasset" 492
"../../../Engine/Content/EngineMaterials/Good64x64TilingNoiseHighFreq.uasset" 493
"../../../../../../Projet/Leap Test/VR_Vive/Content/VirtualReality/Materials/M_ArcEndpoint.uasset" 494
"../../../../../../Projet/Leap Test/VR_Vive/Content/VirtualReality/Materials/M_TeleportPreviews.uasset" 495
"../../../../../../Projet/Leap Test/VR_Vive/Content/VirtualReality/Materials/MI_TeleportCylinderPreview.uasset" 496
"../../../Engine/Content/BasicShapes/Cylinder.uasset" 497
"../../../../../../Projet/Leap Test/VR_Vive/Content/VirtualReality/Meshes/BeaconDirection.uasset" 498
"../../../../../../Projet/Leap Test/VR_Vive/Content/VirtualReality/Meshes/SM_FatCylinder.uasset" 499
"../../../../../../Projet/Leap Test/VR_Vive/Content/VirtualRealityBP/Blueprints/HMDLocomotionPawn.uasset" 500
"../../../../../../Projet/Leap Test/VR_Vive/Content/VirtualRealityBP/Maps/HMDLocomotionMap_BuiltData.uasset" 501
"../../../../../../Projet/Leap Test/VR_Vive/Content/VirtualReality/Materials/MI_BaseMaterial2.uasset" 502
"../../../../../../Projet/Leap Test/VR_Vive/Content/VirtualReality/Materials/MI_BaseMaterial3.uasset" 503
"../../../../../../Projet/Leap Test/VR_Vive/Content/VirtualRealityBP/Maps/HMDLocomotionMap.umap" 504
"../../../../../../Projet/Leap Test/VR_Vive/Content/Projet/Screen/Screen_Anim_Screen_Action_008.uasset" 505
"../../../../../../Projet/Leap Test/VR_Vive/Content/Projet/Pupitre/spheretst.uasset" 506
"../../../../../../Projet/Leap Test/VR_Vive/Content/Projet/Screen/Screen_PhysicsAsset.uasset" 507
"../../../../../../Projet/Leap Test/VR_Vive/Content/Projet/Screen/Screen.uasset" 508
"../../../../../../Projet/Leap Test/VR_Vive/Content/Projet/Screen/Screen2_Blueprint.uasset" 509
"../../../../../../Projet/Leap Test/VR_Vive/Content/Projet/Widgets/MediaPlayer.uasset" 510
"../../../../../../Projet/Leap Test/VR_Vive/Content/Projet/Widgets/Media.uasset" 511
"../../../Engine/Content/Functions/Engine_MaterialFunctions03/Texturing/TwoSidedTexturing.uasset" 512
"../../../../../../Projet/Leap Test/VR_Vive/Content/Projet/Twosidemat.uasset" 513
"../../../../../../Projet/Leap Test/VR_Vive/Content/VirtualRealityBP/Blueprints/BP_PickupSphere.uasset" 514
"../../../../../../Projet/Leap Test/VR_Vive/Content/Projet/Widgets/Spawn.uasset" 515
"../../../../../../Projet/Leap Test/VR_Vive/Content/Projet/Widgets/Objets.uasset" 516
"../../../../../../Projet/Leap Test/VR_Vive/Content/Projet/Widgets/Menu.uasset" 517
"../../../../../../Projet/Leap Test/VR_Vive/Content/Projet/Widgets/Options.uasset" 518
"../../../../../../Projet/Leap Test/VR_Vive/Content/VirtualReality/Mannequin/Character/Mesh/MannequinHand_Right_Skeleton.uasset" 519
"../../../../../../Projet/Leap Test/VR_Vive/Content/VirtualReality/Mannequin/Animations/MannequinHand_Right_CanGrab.uasset" 520
"../../../../../../Projet/Leap Test/VR_Vive/Content/VirtualReality/Mannequin/Animations/MannequinHand_Right_Grab.uasset" 521
"../../../../../../Projet/Leap Test/VR_Vive/Content/VirtualReality/Mannequin/Animations/MannequinHand_Right_Open.uasset" 522
"../../../../../../Projet/Leap Test/VR_Vive/Content/VirtualReality/Mannequin/Animations/RightGrip_BS.uasset" 523
"../../../../../../Projet/Leap Test/VR_Vive/Content/VirtualRealityBP/Blueprints/GripEnum.uasset" 524
"../../../../../../Projet/Leap Test/VR_Vive/Content/VirtualReality/Mannequin/Animations/RightHand_AnimBP.uasset" 525
"../../../../../../Projet/Leap Test/VR_Vive/Content/VirtualRealityBP/Blueprints/MotionControllerHaptics.uasset" 526
"../../../../../../Projet/Leap Test/VR_Vive/Content/VirtualReality/Materials/M_SplineArcMat.uasset" 527
"../../../../../../Projet/Leap Test/VR_Vive/Content/VirtualReality/Materials/MI_ChaperoneOutline.uasset" 528
"../../../Engine/Content/BasicShapes/Sphere.uasset" 529
"../../../../../../Projet/Leap Test/VR_Vive/Content/VirtualReality/Mannequin/Character/Textures/UE4_Mannequin__normals.uasset" 530
"../../../../../../Projet/Leap Test/VR_Vive/Content/VirtualReality/Mannequin/Character/Textures/UE4_Mannequin_MAT_MASKA.uasset" 531
"../../../../../../Projet/Leap Test/VR_Vive/Content/VirtualReality/Mannequin/Character/Materials/M_HandMat.uasset" 532
"../../../../../../Projet/Leap Test/VR_Vive/Content/VirtualReality/Mannequin/Character/Mesh/MannequinHand_Right_PhysicsAsset.uasset" 533
"../../../../../../Projet/Leap Test/VR_Vive/Content/VirtualReality/Mannequin/Character/Mesh/MannequinHand_Right.uasset" 534
"../../../../../../Projet/Leap Test/VR_Vive/Content/VirtualReality/Meshes/1x1_cube.uasset" 535
"../../../../../../Projet/Leap Test/VR_Vive/Content/VirtualReality/Meshes/BeamMesh.uasset" 536
"../../../../../../Projet/Leap Test/VR_Vive/Content/VirtualRealityBP/Blueprints/BP_MotionController.uasset" 537
"../../../../../../Projet/Leap Test/VR_Vive/Content/VirtualRealityBP/Blueprints/MotionControllerPawn.uasset" 538
"../../../../../../Projet/Leap Test/VR_Vive/Content/Projet/VR.uasset" 539
"../../../../../../Projet/Leap Test/VR_Vive/Content/Projet/Widgets/R0010126_20180522062811_3.uasset" 540
"../../../../../../Projet/Leap Test/VR_Vive/Content/VirtualRealityBP/Maps/Map1_BuiltData.uasset" 541
"../../../Engine/Content/BasicShapes/BasicShapeMaterial.uasset" 542
"../../../../../../Projet/Leap Test/VR_Vive/Content/Projet/Yes_Mat.uasset" 543
"../../../../../../Projet/Leap Test/VR_Vive/Content/VirtualReality/Materials/GenericHMDMaterial.uasset" 544
"../../../Engine/Content/EngineMaterials/BaseFlattenDiffuseMap.uasset" 545
"../../../Engine/Content/EngineMaterials/BaseFlattenEmissiveMap.uasset" 546
"../../../Engine/Content/EngineMaterials/BaseFlattenGrayscaleMap.uasset" 547
"../../../Engine/Content/EngineMaterials/BaseFlattenNormalMap.uasset" 548
"../../../Engine/Content/EngineMaterials/NewBaseFlattenMaterial.uasset" 549
"../../../../../../Projet/Leap Test/VR_Vive/Content/Geometry/Meshes/M_Porte_lobby_Tile_Coloredtiles_2974DA714F2AE688E0639F9A74754131.uasset" 550
"../../../../../../Projet/Leap Test/VR_Vive/Content/Geometry/Meshes/M_Porte_lobby_WorldGridMaterial_2974DA714F2AE688E0639F9A74754131.uasset" 551
"../../../Engine/Content/BasicShapes/Plane.uasset" 552
"../../../../../../Projet/Leap Test/VR_Vive/Content/Cadre_+_StaticMesh.uasset" 553
"../../../../../../Projet/Leap Test/VR_Vive/Content/Geometry/Meshes/Cylindre_vide.uasset" 554
"../../../../../../Projet/Leap Test/VR_Vive/Content/Geometry/Meshes/Lobby.uasset" 555
"../../../../../../Projet/Leap Test/VR_Vive/Content/Geometry/Meshes/Porte_lobby.uasset" 556
"../../../../../../Projet/Leap Test/VR_Vive/Content/Projet/Twosidepa.uasset" 557
"../../../../../../Projet/Leap Test/VR_Vive/Content/Projet/Pupitre/Pupitre.uasset" 558
"../../../../../../Projet/Leap Test/VR_Vive/Content/VirtualRealityBP/Maps/Map1.umap" 559
"../../../../../../Projet/Leap Test/VR_Vive/Content/VirtualRealityBP/Maps/MotionControllerMap_BuiltData.uasset" 560
"../../../../../../Projet/Leap Test/VR_Vive/Content/Cylinder_Brush_StaticMesh.uasset" 561
"../../../../../../Projet/Leap Test/VR_Vive/Content/VirtualRealityBP/Maps/MotionControllerMap.umap" 562
"../../../../../../Projet/Leap Test/VR_Vive/Content/VirtualRealityBP/Maps/StartupMap_BuiltData.uasset" 563
"../../../Engine/Content/MapTemplates/Sky/DaylightAmbientCubemap.uasset" 564
"../../../../../../Projet/Leap Test/VR_Vive/Content/VirtualReality/Meshes/GenericHMD.uasset" 565
"../../../../../../Projet/Leap Test/VR_Vive/Content/VirtualRealityBP/Maps/StartupMap.umap" 566
"../../../Engine/Content/Maps/Entry.umap" 567
