Log file open, 06/04/18 16:16:36
LogWindows: Failed to load 'aqProf.dll' (GetLastError=126)
LogWindows: File 'aqProf.dll' does not exist
LogWindows: Failed to load 'VtuneApi.dll' (GetLastError=126)
LogWindows: File 'VtuneApi.dll' does not exist
LogWindows: Failed to load 'VtuneApi32e.dll' (GetLastError=126)
LogWindows: File 'VtuneApi32e.dll' does not exist
LogInit: Display: Running engine for game: VR_Vive
LogPlatformFile: Not using cached read wrapper
LogInit: Display: RandInit(7899779) SRandInit(7899779).
LogInit: Read version file with build ID '3944462'
LogInit: Overriding engine version to CL 4033788, compatible CL 3944462
LogInit: Registered custom module enumerator with build ID '3944462'
LogTaskGraph: Started task graph with 5 named threads and 23 total threads with 3 sets of task threads.
LogStats: Stats thread started at 0.254039
LogD3D11RHI: Aftermath initialized
LogICUInternationalization: Display: ICU TimeZone Detection - Raw Offset: +1:00, Platform Override: ''
LogModuleManager: Display: Found up-to-date module file ../../../Engine/Plugins/Media/MfMedia/Binaries/Win64/UE4Editor-MfMediaEditor.dll (API version 3944462).
LogModuleManager: Display: Found up-to-date module file ../../../Engine/Plugins/Media/MfMedia/Binaries/Win64/UE4Editor-MfMediaFactory.dll (API version 3944462).
LogModuleManager: Display: Found up-to-date module file ../../../Engine/Plugins/Runtime/LeapMotion/Binaries/Win64/UE4Editor-LeapMotion.dll (API version 3944462).
LogModuleManager: Display: Found up-to-date module file ../../../Engine/Plugins/2D/Paper2D/Binaries/Win64/UE4Editor-Paper2D.dll (API version 3944462).
LogModuleManager: Display: Found up-to-date module file ../../../Engine/Plugins/2D/Paper2D/Binaries/Win64/UE4Editor-Paper2DEditor.dll (API version 3944462).
LogModuleManager: Display: Found up-to-date module file ../../../Engine/Plugins/2D/Paper2D/Binaries/Win64/UE4Editor-PaperSpriteSheetImporter.dll (API version 3944462).
LogModuleManager: Display: Found up-to-date module file ../../../Engine/Plugins/2D/Paper2D/Binaries/Win64/UE4Editor-PaperTiledImporter.dll (API version 3944462).
LogModuleManager: Display: Found up-to-date module file ../../../Engine/Plugins/2D/Paper2D/Binaries/Win64/UE4Editor-SmartSnapping.dll (API version 3944462).
LogModuleManager: Display: Found up-to-date module file ../../../Engine/Plugins/Blendables/LightPropagationVolume/Binaries/Win64/UE4Editor-LightPropagationVolumeRuntime.dll (API version 3944462).
LogModuleManager: Display: Found up-to-date module file ../../../Engine/Plugins/Blendables/LightPropagationVolume/Binaries/Win64/UE4Editor-LightPropagationVolumeEditor.dll (API version 3944462).
LogModuleManager: Display: Found up-to-date module file ../../../Engine/Plugins/Developer/CLionSourceCodeAccess/Binaries/Win64/UE4Editor-CLionSourceCodeAccess.dll (API version 3944462).
LogModuleManager: Display: Found up-to-date module file ../../../Engine/Plugins/Developer/GitSourceControl/Binaries/Win64/UE4Editor-GitSourceControl.dll (API version 3944462).
LogModuleManager: Display: Found up-to-date module file ../../../Engine/Plugins/Developer/PerforceSourceControl/Binaries/Win64/UE4Editor-PerforceSourceControl.dll (API version 3944462).
LogModuleManager: Display: Found up-to-date module file ../../../Engine/Plugins/Developer/SubversionSourceControl/Binaries/Win64/UE4Editor-SubversionSourceControl.dll (API version 3944462).
LogModuleManager: Display: Found up-to-date module file ../../../Engine/Plugins/Developer/UObjectPlugin/Binaries/Win64/UE4Editor-UObjectPlugin.dll (API version 3944462).
LogModuleManager: Display: Found up-to-date module file ../../../Engine/Plugins/Developer/VisualStudioCodeSourceCodeAccess/Binaries/Win64/UE4Editor-VisualStudioCodeSourceCodeAccess.dll (API version 3944462).
LogModuleManager: Display: Found up-to-date module file ../../../Engine/Plugins/Developer/VisualStudioSourceCodeAccess/Binaries/Win64/UE4Editor-VisualStudioSourceCodeAccess.dll (API version 3944462).
LogModuleManager: Display: Found up-to-date module file ../../../Engine/Plugins/Editor/AssetManagerEditor/Binaries/Win64/UE4Editor-AssetManagerEditor.dll (API version 3944462).
LogModuleManager: Display: Found up-to-date module file ../../../Engine/Plugins/Editor/CryptoKeys/Binaries/Win64/UE4Editor-CryptoKeys.dll (API version 3944462).
LogModuleManager: Display: Found up-to-date module file ../../../Engine/Plugins/Editor/CryptoKeys/Binaries/Win64/UE4Editor-CryptoKeysOpenSSL.dll (API version 3944462).
LogModuleManager: Display: Found up-to-date module file ../../../Engine/Plugins/Editor/DataValidation/Binaries/Win64/UE4Editor-DataValidation.dll (API version 3944462).
LogModuleManager: Display: Found up-to-date module file ../../../Engine/Plugins/Editor/FacialAnimation/Binaries/Win64/UE4Editor-FacialAnimation.dll (API version 3944462).
LogModuleManager: Display: Found up-to-date module file ../../../Engine/Plugins/Editor/FacialAnimation/Binaries/Win64/UE4Editor-FacialAnimationEditor.dll (API version 3944462).
LogModuleManager: Display: Found up-to-date module file ../../../Engine/Plugins/Editor/GameplayTagsEditor/Binaries/Win64/UE4Editor-GameplayTagsEditor.dll (API version 3944462).
LogModuleManager: Display: Found up-to-date module file ../../../Engine/Plugins/Editor/MobileLauncherProfileWizard/Binaries/Win64/UE4Editor-MobileLauncherProfileWizard.dll (API version 3944462).
LogModuleManager: Display: Found up-to-date module file ../../../Engine/Plugins/Editor/PluginBrowser/Binaries/Win64/UE4Editor-PluginBrowser.dll (API version 3944462).
LogModuleManager: Display: Found up-to-date module file ../../../Engine/Plugins/Editor/SpeedTreeImporter/Binaries/Win64/UE4Editor-SpeedTreeImporter.dll (API version 3944462).
LogModuleManager: Display: Found up-to-date module file ../../../Engine/Plugins/Enterprise/DatasmithContent/Binaries/Win64/UE4Editor-DatasmithContent.dll (API version 3944462).
LogModuleManager: Display: Found up-to-date module file ../../../Engine/Plugins/Experimental/AlembicImporter/Binaries/Win64/UE4Editor-AlembicImporter.dll (API version 3944462).
LogModuleManager: Display: Found up-to-date module file ../../../Engine/Plugins/Experimental/AlembicImporter/Binaries/Win64/UE4Editor-AlembicLibrary.dll (API version 3944462).
LogModuleManager: Display: Found up-to-date module file ../../../Engine/Plugins/Experimental/CharacterAI/Binaries/Win64/UE4Editor-CharacterAI.dll (API version 3944462).
LogModuleManager: Display: Found up-to-date module file ../../../Engine/Plugins/Experimental/HTML5Networking/Binaries/Win64/UE4Editor-HTML5Networking.dll (API version 3944462).
LogModuleManager: Display: Found up-to-date module file ../../../Engine/Plugins/Media/AndroidMedia/Binaries/Win64/UE4Editor-AndroidMediaEditor.dll (API version 3944462).
LogModuleManager: Display: Found up-to-date module file ../../../Engine/Plugins/Media/AndroidMedia/Binaries/Win64/UE4Editor-AndroidMediaFactory.dll (API version 3944462).
LogModuleManager: Display: Found up-to-date module file ../../../Engine/Plugins/Media/AvfMedia/Binaries/Win64/UE4Editor-AvfMediaEditor.dll (API version 3944462).
LogModuleManager: Display: Found up-to-date module file ../../../Engine/Plugins/Media/AvfMedia/Binaries/Win64/UE4Editor-AvfMediaFactory.dll (API version 3944462).
LogModuleManager: Display: Found up-to-date module file ../../../Engine/Plugins/Media/AvfMedia/Binaries/Win64/UE4Editor-AvfMediaFactory.dll (API version 3944462).
LogModuleManager: Display: Found up-to-date module file ../../../Engine/Plugins/Media/ImgMedia/Binaries/Win64/UE4Editor-ImgMedia.dll (API version 3944462).
LogModuleManager: Display: Found up-to-date module file ../../../Engine/Plugins/Media/ImgMedia/Binaries/Win64/UE4Editor-ImgMediaEditor.dll (API version 3944462).
LogModuleManager: Display: Found up-to-date module file ../../../Engine/Plugins/Media/ImgMedia/Binaries/Win64/UE4Editor-ImgMediaFactory.dll (API version 3944462).
LogModuleManager: Display: Found up-to-date module file ../../../Engine/Plugins/Media/ImgMedia/Binaries/Win64/UE4Editor-ImgMediaFactory.dll (API version 3944462).
LogModuleManager: Display: Found up-to-date module file ../../../Engine/Plugins/Media/ImgMedia/Binaries/Win64/UE4Editor-OpenExrWrapper.dll (API version 3944462).
LogModuleManager: Display: Found up-to-date module file ../../../Engine/Plugins/Media/LinearTimecode/Binaries/Win64/UE4Editor-LinearTimecode.dll (API version 3944462).
LogModuleManager: Display: Found up-to-date module file ../../../Engine/Plugins/Media/MediaCompositing/Binaries/Win64/UE4Editor-MediaCompositing.dll (API version 3944462).
LogModuleManager: Display: Found up-to-date module file ../../../Engine/Plugins/Media/MediaCompositing/Binaries/Win64/UE4Editor-MediaCompositingEditor.dll (API version 3944462).
LogModuleManager: Display: Found up-to-date module file ../../../Engine/Plugins/Media/MediaPlayerEditor/Binaries/Win64/UE4Editor-MediaPlayerEditor.dll (API version 3944462).
LogModuleManager: Display: Found up-to-date module file ../../../Engine/Plugins/Media/WmfMedia/Binaries/Win64/UE4Editor-WmfMedia.dll (API version 3944462).
LogModuleManager: Display: Found up-to-date module file ../../../Engine/Plugins/Media/WmfMedia/Binaries/Win64/UE4Editor-WmfMediaEditor.dll (API version 3944462).
LogModuleManager: Display: Found up-to-date module file ../../../Engine/Plugins/Media/WmfMedia/Binaries/Win64/UE4Editor-WmfMediaFactory.dll (API version 3944462).
LogModuleManager: Display: Found up-to-date module file ../../../Engine/Plugins/Media/WmfMedia/Binaries/Win64/UE4Editor-WmfMediaFactory.dll (API version 3944462).
LogModuleManager: Display: Found up-to-date module file ../../../Engine/Plugins/Messaging/TcpMessaging/Binaries/Win64/UE4Editor-TcpMessaging.dll (API version 3944462).
LogModuleManager: Display: Found up-to-date module file ../../../Engine/Plugins/Messaging/UdpMessaging/Binaries/Win64/UE4Editor-UdpMessaging.dll (API version 3944462).
LogModuleManager: Display: Found up-to-date module file ../../../Engine/Plugins/MovieScene/ActorSequence/Binaries/Win64/UE4Editor-ActorSequence.dll (API version 3944462).
LogModuleManager: Display: Found up-to-date module file ../../../Engine/Plugins/MovieScene/LevelSequenceEditor/Binaries/Win64/UE4Editor-LevelSequenceEditor.dll (API version 3944462).
LogModuleManager: Display: Found up-to-date module file ../../../Engine/Plugins/MovieScene/MatineeToLevelSequence/Binaries/Win64/UE4Editor-MatineeToLevelSequence.dll (API version 3944462).
LogModuleManager: Display: Found up-to-date module file ../../../Engine/Plugins/NetcodeUnitTest/NetcodeUnitTest/Binaries/Win64/UE4Editor-NetcodeUnitTest.dll (API version 3944462).
LogModuleManager: Display: Found up-to-date module file ../../../Engine/Plugins/NetcodeUnitTest/NUTUnrealEngine4/Binaries/Win64/UE4Editor-NUTUnrealEngine4.dll (API version 3944462).
LogModuleManager: Display: Found up-to-date module file ../../../Engine/Plugins/Online/OnlineSubsystem/Binaries/Win64/UE4Editor-OnlineSubsystem.dll (API version 3944462).
LogModuleManager: Display: Found up-to-date module file ../../../Engine/Plugins/Runtime/AndroidPermission/Binaries/Win64/UE4Editor-AndroidPermission.dll (API version 3944462).
LogModuleManager: Display: Found up-to-date module file ../../../Engine/Plugins/Online/OnlineSubsystemNull/Binaries/Win64/UE4Editor-OnlineSubsystemNull.dll (API version 3944462).
LogModuleManager: Display: Found up-to-date module file ../../../Engine/Plugins/Online/OnlineSubsystemUtils/Binaries/Win64/UE4Editor-OnlineSubsystemUtils.dll (API version 3944462).
LogModuleManager: Display: Found up-to-date module file ../../../Engine/Plugins/Online/OnlineSubsystemUtils/Binaries/Win64/UE4Editor-OnlineBlueprintSupport.dll (API version 3944462).
LogModuleManager: Display: Found up-to-date module file ../../../Engine/Plugins/Runtime/AndroidDeviceProfileSelector/Binaries/Win64/UE4Editor-AndroidDeviceProfileSelector.dll (API version 3944462).
LogModuleManager: Display: Found up-to-date module file ../../../Engine/Plugins/Runtime/AppleARKit/Binaries/Win64/UE4Editor-AppleARKit.dll (API version 3944462).
LogModuleManager: Display: Found up-to-date module file ../../../Engine/Plugins/Runtime/ProceduralMeshComponent/Binaries/Win64/UE4Editor-ProceduralMeshComponent.dll (API version 3944462).
LogModuleManager: Display: Found up-to-date module file ../../../Engine/Plugins/Runtime/ProceduralMeshComponent/Binaries/Win64/UE4Editor-ProceduralMeshComponentEditor.dll (API version 3944462).
LogModuleManager: Display: Found up-to-date module file ../../../Engine/Plugins/Animation/LiveLink/Binaries/Win64/UE4Editor-LiveLink.dll (API version 3944462).
LogModuleManager: Display: Found up-to-date module file ../../../Engine/Plugins/Animation/LiveLink/Binaries/Win64/UE4Editor-LiveLinkEditor.dll (API version 3944462).
LogModuleManager: Display: Found up-to-date module file ../../../Engine/Plugins/Runtime/ArchVisCharacter/Binaries/Win64/UE4Editor-ArchVisCharacter.dll (API version 3944462).
LogModuleManager: Display: Found up-to-date module file ../../../Engine/Plugins/Runtime/AudioCapture/Binaries/Win64/UE4Editor-AudioCapture.dll (API version 3944462).
LogModuleManager: Display: Found up-to-date module file ../../../Engine/Plugins/Runtime/AudioCapture/Binaries/Win64/UE4Editor-AudioCaptureEditor.dll (API version 3944462).
LogModuleManager: Display: Found up-to-date module file ../../../Engine/Plugins/Runtime/CableComponent/Binaries/Win64/UE4Editor-CableComponent.dll (API version 3944462).
LogModuleManager: Display: Found up-to-date module file ../../../Engine/Plugins/Runtime/CustomMeshComponent/Binaries/Win64/UE4Editor-CustomMeshComponent.dll (API version 3944462).
LogModuleManager: Display: Found up-to-date module file ../../../Engine/Plugins/Runtime/ExampleDeviceProfileSelector/Binaries/Win64/UE4Editor-ExampleDeviceProfileSelector.dll (API version 3944462).
LogModuleManager: Display: Found up-to-date module file ../../../Engine/Plugins/Runtime/ImmediatePhysics/Binaries/Win64/UE4Editor-ImmediatePhysics.dll (API version 3944462).
LogModuleManager: Display: Found up-to-date module file ../../../Engine/Plugins/Runtime/ImmediatePhysics/Binaries/Win64/UE4Editor-ImmediatePhysicsEditor.dll (API version 3944462).
LogModuleManager: Display: Found up-to-date module file ../../../Engine/Plugins/Runtime/LocationServicesBPLibrary/Binaries/Win64/UE4Editor-LocationServicesBPLibrary.dll (API version 3944462).
LogModuleManager: Display: Found up-to-date module file ../../../Engine/Plugins/Runtime/MobilePatchingUtils/Binaries/Win64/UE4Editor-MobilePatchingUtils.dll (API version 3944462).
LogModuleManager: Display: Found up-to-date module file ../../../Engine/Plugins/Runtime/PhysXVehicles/Binaries/Win64/UE4Editor-PhysXVehicles.dll (API version 3944462).
LogModuleManager: Display: Found up-to-date module file ../../../Engine/Plugins/Runtime/PhysXVehicles/Binaries/Win64/UE4Editor-PhysXVehiclesEditor.dll (API version 3944462).
LogModuleManager: Display: Found up-to-date module file ../../../Engine/Plugins/Runtime/RuntimePhysXCooking/Binaries/Win64/UE4Editor-RuntimePhysXCooking.dll (API version 3944462).
LogModuleManager: Display: Found up-to-date module file ../../../Engine/Plugins/Runtime/Steam/SteamVR/Binaries/Win64/UE4Editor-SteamVR.dll (API version 3944462).
LogModuleManager: Display: Found up-to-date module file ../../../Engine/Plugins/Runtime/Steam/SteamVR/Binaries/Win64/UE4Editor-SteamVRController.dll (API version 3944462).
LogModuleManager: Display: Found up-to-date module file ../../../Engine/Plugins/Runtime/WindowsMoviePlayer/Binaries/Win64/UE4Editor-WindowsMoviePlayer.dll (API version 3944462).
LogPluginManager: Mounting plugin Paper2D
LogPluginManager: Mounting plugin LiveLink
LogPluginManager: Mounting plugin LightPropagationVolume
LogPluginManager: Mounting plugin CLionSourceCodeAccess
LogPluginManager: Mounting plugin CodeLiteSourceCodeAccess
LogPluginManager: Mounting plugin GitSourceControl
LogPluginManager: Mounting plugin KDevelopSourceCodeAccess
LogPluginManager: Mounting plugin NullSourceCodeAccess
LogPluginManager: Mounting plugin PerforceSourceControl
LogPluginManager: Mounting plugin SubversionSourceControl
LogPluginManager: Mounting plugin UObjectPlugin
LogPluginManager: Mounting plugin VisualStudioCodeSourceCodeAccess
LogPluginManager: Mounting plugin VisualStudioSourceCodeAccess
LogPluginManager: Mounting plugin XCodeSourceCodeAccess
LogPluginManager: Mounting plugin AssetManagerEditor
LogPluginManager: Mounting plugin CryptoKeys
LogPluginManager: Mounting plugin DataValidation
LogPluginManager: Mounting plugin FacialAnimation
LogPluginManager: Mounting plugin GameplayTagsEditor
LogPluginManager: Mounting plugin MobileLauncherProfileWizard
LogPluginManager: Mounting plugin PluginBrowser
LogPluginManager: Mounting plugin SpeedTreeImporter
LogPluginManager: Mounting plugin DatasmithContent
LogPluginManager: Mounting plugin AlembicImporter
LogPluginManager: Mounting plugin CharacterAI
LogPluginManager: Mounting plugin HTML5Networking
LogPluginManager: Mounting plugin AndroidMedia
LogPluginManager: Mounting plugin AvfMedia
LogPluginManager: Mounting plugin ImgMedia
LogPluginManager: Mounting plugin LinearTimecode
LogPluginManager: Mounting plugin MediaCompositing
LogPluginManager: Mounting plugin MediaPlayerEditor
LogPluginManager: Mounting plugin MfMedia
LogPluginManager: Mounting plugin WmfMedia
LogPluginManager: Mounting plugin TcpMessaging
LogPluginManager: Mounting plugin UdpMessaging
LogPluginManager: Mounting plugin ActorSequence
LogPluginManager: Mounting plugin LevelSequenceEditor
LogPluginManager: Mounting plugin MatineeToLevelSequence
LogPluginManager: Mounting plugin NetcodeUnitTest
LogPluginManager: Mounting plugin NUTUnrealEngine4
LogPluginManager: Mounting plugin OnlineSubsystemGooglePlay
LogPluginManager: Mounting plugin OnlineSubsystemIOS
LogPluginManager: Mounting plugin OnlineSubsystem
LogPluginManager: Mounting plugin OnlineSubsystemNull
LogPluginManager: Mounting plugin OnlineSubsystemUtils
LogPluginManager: Mounting plugin AndroidDeviceProfileSelector
LogPluginManager: Mounting plugin AndroidMoviePlayer
LogPluginManager: Mounting plugin AndroidPermission
LogPluginManager: Mounting plugin AppleARKit
LogPluginManager: Mounting plugin AppleMoviePlayer
LogPluginManager: Mounting plugin ArchVisCharacter
LogPluginManager: Mounting plugin AudioCapture
LogPluginManager: Mounting plugin CableComponent
LogPluginManager: Mounting plugin CustomMeshComponent
LogPluginManager: Mounting plugin ExampleDeviceProfileSelector
LogPluginManager: Mounting plugin GoogleCloudMessaging
LogPluginManager: Mounting plugin ImmediatePhysics
LogPluginManager: Mounting plugin IOSDeviceProfileSelector
LogPluginManager: Mounting plugin LeapMotion
LogPluginManager: Mounting plugin LinuxDeviceProfileSelector
LogPluginManager: Mounting plugin LocationServicesBPLibrary
LogPluginManager: Mounting plugin MobilePatchingUtils
LogPluginManager: Mounting plugin PhysXVehicles
LogPluginManager: Mounting plugin ProceduralMeshComponent
LogPluginManager: Mounting plugin RuntimePhysXCooking
LogPluginManager: Mounting plugin SteamVR
LogPluginManager: Mounting plugin WindowsMoviePlayer
LogStreaming: Display: Took  0.617s to configure plugins.
LogInit: Using libcurl 7.47.1
LogInit:  - built for x86_64-pc-win32
LogInit:  - supports SSL with OpenSSL/1.0.2g
LogInit:  - supports HTTP deflate (compression) using libz 1.2.8
LogInit:  - other features:
LogInit:      CURL_VERSION_SSL
LogInit:      CURL_VERSION_LIBZ
LogInit:      CURL_VERSION_IPV6
LogInit:      CURL_VERSION_ASYNCHDNS
LogInit:      CURL_VERSION_LARGEFILE
LogInit:      CURL_VERSION_IDN
LogInit:  CurlRequestOptions (configurable via config and command line):
LogInit:  - bVerifyPeer = false  - Libcurl will NOT verify peer certificate
LogInit:  - bUseHttpProxy = false  - Libcurl will NOT use HTTP proxy
LogInit:  - bDontReuseConnections = false  - Libcurl will reuse connections
LogInit:  - CertBundlePath = nullptr  - Libcurl will use whatever was configured at build time.
LogInit:  - MaxHostConnections = 16  - Libcurl will limit the number of connections to a host
LogInit:  - LocalHostAddr = Default
LogInit: WinSock: version 1.1 (2.2), MaxSocks=32767, MaxUdp=65467
LogInit: WinSock: I am DESKTOP-TQJUSPE (127.0.0.1:0)
LeapPluginLog: Using LeapPlugin version 2.0.0
LogInit: Build: ++UE4+Release-4.19-CL-4033788
LogInit: Engine Version: 4.19.2-4033788+++UE4+Release-4.19
LogInit: Compatible Engine Version: 4.19.0-3944462+++UE4+Release-4.19
LogInit: Net CL: 3944462
LogDevObjectVersion: Number of dev versions registered: 18
LogDevObjectVersion:   Dev-Blueprints (B0D832E4-1F89-4F0D-ACCF-7EB736FD4AA2): 10
LogDevObjectVersion:   Dev-Build (E1C64328-A22C-4D53-A36C-8E866417BD8C): 0
LogDevObjectVersion:   Dev-Core (375EC13C-06E4-48FB-B500-84F0262A717E): 2
LogDevObjectVersion:   Dev-Editor (E4B068ED-F494-42E9-A231-DA0B2E46BB41): 23
LogDevObjectVersion:   Dev-Framework (CFFC743F-43B0-4480-9391-14DF171D2073): 33
LogDevObjectVersion:   Dev-Mobile (B02B49B5-BB20-44E9-A304-32B752E40360): 2
LogDevObjectVersion:   Dev-Networking (A4E4105C-59A1-49B5-A7C5-40C4547EDFEE): 0
LogDevObjectVersion:   Dev-Online (39C831C9-5AE6-47DC-9A44-9C173E1C8E7C): 0
LogDevObjectVersion:   Dev-Physics (78F01B33-EBEA-4F98-B9B4-84EACCB95AA2): 0
LogDevObjectVersion:   Dev-Platform (6631380F-2D4D-43E0-8009-CF276956A95A): 0
LogDevObjectVersion:   Dev-Rendering (12F88B9F-8875-4AFC-A67C-D90C383ABD29): 25
LogDevObjectVersion:   Dev-Sequencer (7B5AE74C-D270-4C10-A958-57980B212A5A): 6
LogDevObjectVersion:   Dev-VR (D7296918-1DD6-4BDD-9DE2-64A83CC13884): 1
LogDevObjectVersion:   Dev-LoadTimes (C2A15278-BFE7-4AFE-6C17-90FF531DF755): 1
LogDevObjectVersion:   Private-Geometry (6EACA3D4-40EC-4CC1-B786-8BED09428FC5): 2
LogDevObjectVersion:   Dev-AnimPhys (29E575DD-E0A3-4627-9D10-D276232CDCEA): 16
LogDevObjectVersion:   Dev-ReflectionCapture (6B266CEC-1EC7-4B8F-A30B-E4D90942FC07): 1
LogDevObjectVersion:   Dev-Automation (0DF73D61-A23F-47EA-B727-89E90C41499A): 1
LogInit: Compiled (64-bit): Apr 27 2018 02:06:57
LogInit: Compiled with Visual C++: 19.00.24215.01
LogInit: Build Configuration: Development
LogInit: Branch Name: ++UE4+Release-4.19
LogInit: Command Line: -EpicPortal 
LogInit: Base Directory: C:/Program Files/Epic Games/UE_4.19/Engine/Binaries/Win64/
LogInit: Installed Engine Build: 1
LogStreaming: Display: Took  0.000s to delete old logs.
LogInit: Presizing for max 8388607 objects, including 0 objects not considered by GC, pre-allocating 0 bytes for permanent pool.
LogInit: Object subsystem initialized
[2018.06.04-14.16.36:925][  0]LogInit: Selected Device Profile: [Windows]
[2018.06.04-14.16.36:925][  0]LogInit: Applying CVar settings loaded from the selected device profile: [Windows]
[2018.06.04-14.16.36:934][  0]LogInit: Computer: DESKTOP-TQJUSPE
[2018.06.04-14.16.36:934][  0]LogInit: User: Admin
[2018.06.04-14.16.36:934][  0]LogInit: CPU Page size=4096, Cores=4
[2018.06.04-14.16.36:934][  0]LogInit: High frequency timer resolution =4.101575 MHz
[2018.06.04-14.16.36:934][  0]LogMemory: Memory total: Physical=31.9GB (32GB approx)
[2018.06.04-14.16.36:934][  0]LogMemory: Platform Memory Stats for Windows
[2018.06.04-14.16.36:934][  0]LogMemory: Process Physical Memory: 277.47 MB used, 277.47 MB peak
[2018.06.04-14.16.36:934][  0]LogMemory: Process Virtual Memory: 265.79 MB used, 265.79 MB peak
[2018.06.04-14.16.36:934][  0]LogMemory: Physical Memory: 5307.56 MB used,  27403.08 MB free, 32710.64 MB total
[2018.06.04-14.16.36:934][  0]LogMemory: Virtual Memory: 4841.50 MB used,  27403.08 MB free, 134217728.00 MB total
[2018.06.04-14.16.36:945][  0]LogInit: Using OS detected language (fr-FR).
[2018.06.04-14.16.36:945][  0]LogInit: Using OS detected locale (fr-FR).
[2018.06.04-14.16.36:947][  0]LogTextLocalizationManager: No localization for 'fr-FR' exists, so 'en' will be used for the language.
[2018.06.04-14.16.37:266][  0]LogStreaming: Display: Took  0.322s to EndInitTextLocalization.
[2018.06.04-14.16.37:266][  0]LogInit: Setting process to per monitor DPI aware
[2018.06.04-14.16.37:295][  0]LogSlate: New Slate User Created.  User Index 0, Is Virtual User: 0
[2018.06.04-14.16.37:295][  0]LogSlate: Slate User Registered.  User Index 0, Is Virtual User: 0
[2018.06.04-14.16.37:424][  0]LogD3D11RHI: D3D11 adapters:
[2018.06.04-14.16.37:465][  0]LogD3D11RHI:    0. 'NVIDIA GeForce GTX 1080' (Feature Level 11_0)
[2018.06.04-14.16.37:465][  0]LogD3D11RHI:       8079/0/16355 MB DedicatedVideo/DedicatedSystem/SharedSystem, Outputs:2, VendorId:0x10de
[2018.06.04-14.16.37:466][  0]LogD3D11RHI:    1. 'Microsoft Basic Render Driver' (Feature Level 11_0)
[2018.06.04-14.16.37:466][  0]LogD3D11RHI:       0/0/16355 MB DedicatedVideo/DedicatedSystem/SharedSystem, Outputs:0, VendorId:0x1414
[2018.06.04-14.16.37:466][  0]LogD3D11RHI: Chosen D3D11 Adapter: 0
[2018.06.04-14.16.37:471][  0]LogD3D11RHI: Creating new Direct3DDevice
[2018.06.04-14.16.37:471][  0]LogD3D11RHI:     GPU DeviceId: 0x1b80 (for the marketing name, search the web for "GPU Device Id")
[2018.06.04-14.16.37:471][  0]LogWindows: EnumDisplayDevices:
[2018.06.04-14.16.37:471][  0]LogWindows:    0. 'NVIDIA GeForce GTX 1080' (P:1 D:1)
[2018.06.04-14.16.37:471][  0]LogWindows:    1. 'NVIDIA GeForce GTX 1080' (P:0 D:1)
[2018.06.04-14.16.37:471][  0]LogWindows:    2. 'NVIDIA GeForce GTX 1080' (P:0 D:0)
[2018.06.04-14.16.37:471][  0]LogWindows:    3. 'NVIDIA GeForce GTX 1080' (P:0 D:0)
[2018.06.04-14.16.37:471][  0]LogWindows: DebugString: GetVideoDriverDetailsInvalid PrimaryIsNotTheChoosenAdapter GetVideoDriverDetailsInvalid PrimaryIsNotTheChoosenAdapter GetVideoDriverDetailsInvalid PrimaryIsNotTheChoosenAdapter GetVideoDriverDetailsInvalid PrimaryIsNotTheChoosenAdapter FoundDriverCount:0 
[2018.06.04-14.16.37:471][  0]LogD3D11RHI:     Adapter Name: NVIDIA GeForce GTX 1080
[2018.06.04-14.16.37:471][  0]LogD3D11RHI:   Driver Version: Unknown (internal:Unknown, unified:Unknown)
[2018.06.04-14.16.37:471][  0]LogD3D11RHI:      Driver Date: Unknown
[2018.06.04-14.16.37:471][  0]LogRHI: Texture pool is 5655 MB (70% of 8079 MB)
[2018.06.04-14.16.37:498][  0]LogD3D11RHI: [Aftermath] Aftermath enabled and primed
[2018.06.04-14.16.37:498][  0]LogD3D11RHI: [Aftermath] Aftermath enabled and primed
[2018.06.04-14.16.37:498][  0]LogD3D11RHI: Async texture creation enabled
[2018.06.04-14.16.37:514][  0]LogD3D11RHI: GPU Timing Frequency: 1000.000000 (Debug: 2 2)
[2018.06.04-14.16.37:561][  0]LogShaderCompilers: Guid format shader working directory is 4 characters bigger than the processId version (../../../../../../Projet/Leap_Test/VR_Vive/Intermediate/Shaders/WorkingDirectory/1064/).
[2018.06.04-14.16.37:561][  0]LogShaderCompilers: Cleaned the shader compiler working directory 'C:/Users/Admin/AppData/Local/Temp/UnrealShaderWorkingDir/FEF79A914E06AEEB8D466E8CB1B83533/'.
[2018.06.04-14.16.37:706][  0]LogTemp: Display: Loaded TP AllDesktopTargetPlatform
[2018.06.04-14.16.37:716][  0]LogTemp: Display: Loaded TP MacClientTargetPlatform
[2018.06.04-14.16.37:727][  0]LogTemp: Display: Loaded TP MacNoEditorTargetPlatform
[2018.06.04-14.16.37:738][  0]LogTemp: Display: Loaded TP MacServerTargetPlatform
[2018.06.04-14.16.37:749][  0]LogTemp: Display: Loaded TP MacTargetPlatform
[2018.06.04-14.16.37:760][  0]LogTemp: Display: Loaded TP WindowsClientTargetPlatform
[2018.06.04-14.16.37:770][  0]LogTemp: Display: Loaded TP WindowsNoEditorTargetPlatform
[2018.06.04-14.16.37:780][  0]LogTemp: Display: Loaded TP WindowsServerTargetPlatform
[2018.06.04-14.16.37:785][  0]LogTemp: Display: Loaded TP WindowsTargetPlatform
[2018.06.04-14.16.37:794][  0]LogTemp: Display: Loaded TP Android_ASTCTargetPlatform
[2018.06.04-14.16.37:802][  0]LogTemp: Display: Loaded TP Android_ATCTargetPlatform
[2018.06.04-14.16.37:811][  0]LogTemp: Display: Loaded TP Android_DXTTargetPlatform
[2018.06.04-14.16.37:820][  0]LogTemp: Display: Loaded TP Android_ETC1aTargetPlatform
[2018.06.04-14.16.37:830][  0]LogTemp: Display: Loaded TP Android_ETC1TargetPlatform
[2018.06.04-14.16.37:838][  0]LogTemp: Display: Loaded TP Android_ETC2TargetPlatform
[2018.06.04-14.16.37:857][  0]LogTemp: Display: Loaded TP Android_MultiTargetPlatform
[2018.06.04-14.16.37:857][  0]LogTemp: Display: Loaded TP Android_PVRTCTargetPlatform
[2018.06.04-14.16.37:866][  0]LogTemp: Display: Loaded TP AndroidTargetPlatform
[2018.06.04-14.16.37:867][  0]LogTemp: Display: Loaded TP HTML5TargetPlatform
[2018.06.04-14.16.37:901][  0]LogTemp: Display: Loaded TP IOSTargetPlatform
[2018.06.04-14.16.37:910][  0]LogTemp: Display: Loaded TP TVOSTargetPlatform
[2018.06.04-14.16.37:918][  0]LogTemp: Display: Loaded TP LinuxClientTargetPlatform
[2018.06.04-14.16.37:927][  0]LogTemp: Display: Loaded TP LinuxNoEditorTargetPlatform
[2018.06.04-14.16.37:937][  0]LogTemp: Display: Loaded TP LinuxServerTargetPlatform
[2018.06.04-14.16.37:947][  0]LogTemp: Display: Loaded TP LinuxTargetPlatform
[2018.06.04-14.16.37:947][  0]LogTargetPlatformManager: Display: Building Assets For Windows
[2018.06.04-14.16.38:014][  0]LogXGEController: Cannot use XGE Controller as Incredibuild is not installed on this machine.
[2018.06.04-14.16.38:014][  0]LogShaderCompilers: Cannot use XGE Shader Compiler as Incredibuild is not installed on this machine.
[2018.06.04-14.16.38:014][  0]LogShaderCompilers: Display: Using Local Shader Compiler.
[2018.06.04-14.16.38:514][  0]LogDerivedDataCache: Display: Max Cache Size: 512 MB
[2018.06.04-14.16.38:588][  0]LogDerivedDataCache: Loaded boot cache 0.07s 88MB C:/Users/Admin/AppData/Local/UnrealEngine/4.19/DerivedDataCache/Boot.ddc.
[2018.06.04-14.16.38:588][  0]LogDerivedDataCache: Display: Loaded Boot cache: C:/Users/Admin/AppData/Local/UnrealEngine/4.19/DerivedDataCache/Boot.ddc
[2018.06.04-14.16.38:588][  0]LogDerivedDataCache: FDerivedDataBackendGraph:  Pak pak cache file ../../../../../../Projet/Leap_Test/VR_Vive/DerivedDataCache/DDC.ddp not found, will not use a pak cache.
[2018.06.04-14.16.38:588][  0]LogDerivedDataCache: Unable to find inner node Pak for hierarchical cache Hierarchy.
[2018.06.04-14.16.38:588][  0]LogDerivedDataCache: FDerivedDataBackendGraph:  CompressedPak pak cache file ../../../../../../Projet/Leap_Test/VR_Vive/DerivedDataCache/Compressed.ddp not found, will not use a pak cache.
[2018.06.04-14.16.38:588][  0]LogDerivedDataCache: Unable to find inner node CompressedPak for hierarchical cache Hierarchy.
[2018.06.04-14.16.38:603][  0]LogDerivedDataCache: Display: Pak cache opened for reading ../../../Engine/DerivedDataCache/Compressed.ddp.
[2018.06.04-14.16.38:616][  0]LogDerivedDataCache: Using Local data cache path C:/Users/Admin/AppData/Local/UnrealEngine/Common/DerivedDataCache: Writable
[2018.06.04-14.16.38:616][  0]LogDerivedDataCache: Shared data cache path not found in *engine.ini, will not use an Shared cache.
[2018.06.04-14.16.38:616][  0]LogDerivedDataCache: Unable to find inner node Shared for hierarchical cache Hierarchy.
[2018.06.04-14.16.38:627][  0]LogMaterial: Verifying Global Shaders for PCD3D_SM5
[2018.06.04-14.16.38:627][  0]LogSlate: Using Freetype 2.6.0
[2018.06.04-14.16.38:627][  0]LogSlate: SlateFontCache - WITH_FREETYPE: 1, WITH_HARFBUZZ: 1
[2018.06.04-14.16.38:628][  0]LogSlate: SlateFontCache - WITH_FREETYPE: 1, WITH_HARFBUZZ: 1
[2018.06.04-14.16.38:722][  0]LogAssetRegistry: FAssetRegistry took 0.0257 seconds to start up
[2018.06.04-14.16.38:969][  0]LogInit: Selected Device Profile: [Windows]
[2018.06.04-14.16.39:018][  0]LogSimplygon: Simplygon DLL not present - disabling.
[2018.06.04-14.16.39:020][  0]LogMeshReduction: Using SimplygonSwarm for distributed automatic mesh merging
[2018.06.04-14.16.39:020][  0]LogMeshReduction: Using QuadricMeshReduction for automatic static mesh reduction
[2018.06.04-14.16.39:020][  0]LogMeshReduction: No automatic skeletal mesh reduction module available
[2018.06.04-14.16.39:020][  0]LogMeshReduction: No automatic mesh merging module available
[2018.06.04-14.16.39:020][  0]LogMeshMerging: No automatic mesh merging module available
[2018.06.04-14.16.39:107][  0]LogNetVersion: VR_Vive , NetCL: 3944462, EngineNetVer: 2, GameNetVer: 0 (Checksum: 3714651950)
[2018.06.04-14.16.39:420][  0]LogPackageLocalizationCache: Processed 9 localized package path(s) for 1 prioritized culture(s) in 0.034142 seconds
[2018.06.04-14.16.39:425][  0]LogUObjectArray: 37180 objects as part of root set at end of initial load.
[2018.06.04-14.16.39:425][  0]LogUObjectAllocator: 7383280 out of 0 bytes used by permanent object pool.
[2018.06.04-14.16.39:425][  0]LogUObjectArray: CloseDisregardForGC: 0/0 objects in disregard for GC pool
[2018.06.04-14.16.40:620][  0]LogTcpMessaging: Initializing TcpMessaging bridge
[2018.06.04-14.16.40:648][  0]LogUdpMessaging: Initializing bridge on interface 0.0.0.0:0 to multicast group 230.0.0.1:6666.
[2018.06.04-14.16.40:888][  0]SourceControl: Source control is disabled
[2018.06.04-14.16.40:888][  0]SourceControl: Source control is disabled
[2018.06.04-14.16.40:900][  0]SourceControl: Source control is disabled
[2018.06.04-14.16.40:911][  0]SourceControl: Source control is disabled
[2018.06.04-14.16.41:267][  0]LogAndroidPermission: UAndroidPermissionCallbackProxy::GetInstance
[2018.06.04-14.16.41:461][  0]LogEngine: Initializing Engine...
[2018.06.04-14.16.42:014][  0]LogHMD: SteamVR initialized.  Driver: lighthouse  Display: LHR-A6C77329
[2018.06.04-14.16.42:016][  0]LogStats: UGameplayTagsManager::ConstructGameplayTagTree: Construct from data asset -  0.000 s
[2018.06.04-14.16.42:016][  0]LogStats: UGameplayTagsManager::ConstructGameplayTagTree: GameplayTagTreeChangedEvent.Broadcast -  0.000 s
[2018.06.04-14.16.42:189][  0]LogAIModule: Creating AISystem for world Untitled
[2018.06.04-14.16.42:195][  0]LogInit: XAudio2 using 'Haut-parleurs (3- HTC Vive)' : 2 channels at 44.1 kHz using 16 bits per sample (channel mask 0x3)
[2018.06.04-14.16.42:203][  0]LogInit: FAudioDevice initialized.
[2018.06.04-14.16.42:274][  0]LogDerivedDataCache: Saved boot cache 0.07s 88MB C:/Users/Admin/AppData/Local/UnrealEngine/4.19/DerivedDataCache/Boot.ddc.
[2018.06.04-14.16.42:287][  0]LogInit: Texture streaming: Enabled
[2018.06.04-14.16.42:298][  0]LogEngineSessionManager: EngineSessionManager initialized
[2018.06.04-14.16.42:306][  0]LogInit: Transaction tracking system initialized
[2018.06.04-14.16.42:321][  0]BlueprintLog: New page: Editor Load
[2018.06.04-14.16.42:412][  0]LocalizationService: Localization service is disabled
[2018.06.04-14.16.42:479][  0]LogConsoleResponse: Display: 
[2018.06.04-14.16.42:577][  0]LogCook: Display: Max memory allowance for cook 16384mb min free memory 0mb
[2018.06.04-14.16.42:577][  0]LogCook: Display: Mobile HDR setting 1
[2018.06.04-14.16.42:577][  0]LogGameplayTags: Display: UGameplayTagsManager::DoneAddingNativeTags. DelegateIsBound: 0
[2018.06.04-14.16.42:577][  0]LogStats: UGameplayTagsManager::ConstructGameplayTagTree: Construct from data asset -  0.000 s
[2018.06.04-14.16.42:577][  0]LogStats: UGameplayTagsManager::ConstructGameplayTagTree: GameplayTagTreeChangedEvent.Broadcast -  0.000 s
[2018.06.04-14.16.42:836][  0]SourceControl: Source control is disabled
[2018.06.04-14.16.42:836][  0]Cmd: MAP LOAD FILE="../../../../../../Projet/Leap_Test/VR_Vive/Content/VirtualRealityBP/Maps/MotionControllerMap.umap" TEMPLATE=0 SHOWPROGRESS=1 FEATURELEVEL=3
[2018.06.04-14.16.42:837][  0]LightingResults: New page: Lighting Build
[2018.06.04-14.16.42:839][  0]MapCheck: New page: Map Check
[2018.06.04-14.16.42:839][  0]LightingResults: New page: Lighting Build
[2018.06.04-14.16.42:906][  0]LogUObjectGlobals: Created PersistentFrame Addr=0x0000016849bff720, Size=32, Default__MediaPlay_C Function /Game/Projet/Widgets/MediaPlay.MediaPlay_C:ExecuteUbergraph_MediaPlay
[2018.06.04-14.16.42:908][  0]LogUObjectGlobals: Destroyed PersistentFrame Addr=0x0000016849bff720, Size=32
[2018.06.04-14.16.42:908][  0]LogUObjectGlobals: Created PersistentFrame Addr=0x0000016849bff720, Size=32, Default__MediaPlay_C Function /Engine/Transient.REINST_MediaPlay_C_1:ExecuteUbergraph_MediaPlay
[2018.06.04-14.16.42:910][  0]LogUObjectGlobals: Created PersistentFrame Addr=0x0000016849bfda00, Size=32, Default__MediaPlay_C Function /Game/Projet/Widgets/MediaPlay.MediaPlay_C:ExecuteUbergraph_MediaPlay
[2018.06.04-14.16.42:923][  0]LogUObjectGlobals: Created PersistentFrame Addr=0x0000016849bfe700, Size=32, Default__BP_PickupCube_C Function /Game/VirtualRealityBP/Blueprints/BP_PickupCube.BP_PickupCube_C:ExecuteUbergraph_BP_PickupCube
[2018.06.04-14.16.42:925][  0]LogUObjectGlobals: Destroyed PersistentFrame Addr=0x0000016849bfe700, Size=32
[2018.06.04-14.16.42:925][  0]LogUObjectGlobals: Created PersistentFrame Addr=0x0000016849bfe700, Size=32, Default__BP_PickupCube_C Function /Engine/Transient.REINST_BP_PickupCube_C_15:ExecuteUbergraph_BP_PickupCube
[2018.06.04-14.16.42:926][  0]LogUObjectGlobals: Created PersistentFrame Addr=0x0000016849bfcac0, Size=32, Default__BP_PickupCube_C Function /Game/VirtualRealityBP/Blueprints/BP_PickupCube.BP_PickupCube_C:ExecuteUbergraph_BP_PickupCube
[2018.06.04-14.16.42:929][  0]LogUObjectGlobals: Created PersistentFrame Addr=0x0000016849bfca60, Size=32, Default__BP_PickupSphere_C Function /Game/VirtualRealityBP/Blueprints/BP_PickupCube.BP_PickupCube_C:ExecuteUbergraph_BP_PickupCube
[2018.06.04-14.16.42:930][  0]LogUObjectGlobals: Destroyed PersistentFrame Addr=0x0000016849bfca60, Size=32
[2018.06.04-14.16.42:930][  0]LogUObjectGlobals: Created PersistentFrame Addr=0x0000016849bfca60, Size=32, Default__BP_PickupSphere_C Function /Game/VirtualRealityBP/Blueprints/BP_PickupCube.BP_PickupCube_C:ExecuteUbergraph_BP_PickupCube
[2018.06.04-14.16.42:930][  0]LogUObjectGlobals: Created PersistentFrame Addr=0x0000016849bfcb20, Size=32, Default__BP_PickupSphere_C Function /Game/VirtualRealityBP/Blueprints/BP_PickupCube.BP_PickupCube_C:ExecuteUbergraph_BP_PickupCube
[2018.06.04-14.16.42:933][  0]LogUObjectGlobals: Created PersistentFrame Addr=0x0000016849baccc0, Size=160, Default__Spawn_C Function /Game/Projet/Widgets/Spawn.Spawn_C:ExecuteUbergraph_Spawn
[2018.06.04-14.16.42:936][  0]LogUObjectGlobals: Destroyed PersistentFrame Addr=0x0000016849baccc0, Size=160
[2018.06.04-14.16.42:936][  0]LogUObjectGlobals: Created PersistentFrame Addr=0x0000016849b639c0, Size=160, Default__Spawn_C Function /Engine/Transient.REINST_Spawn_C_2:ExecuteUbergraph_Spawn
[2018.06.04-14.16.42:939][  0]LogUObjectGlobals: Created PersistentFrame Addr=0x0000016849b61e40, Size=160, Default__Spawn_C Function /Game/Projet/Widgets/Spawn.Spawn_C:ExecuteUbergraph_Spawn
[2018.06.04-14.16.42:944][  0]LogUObjectGlobals: Created PersistentFrame Addr=0x000001682acc33c0, Size=16, Default__Menu_C Function /Game/Projet/Widgets/Menu.Menu_C:ExecuteUbergraph_Menu
[2018.06.04-14.16.42:947][  0]LogUObjectGlobals: Destroyed PersistentFrame Addr=0x000001682acc33c0, Size=16
[2018.06.04-14.16.42:947][  0]LogUObjectGlobals: Created PersistentFrame Addr=0x000001682acc33c0, Size=16, Default__Menu_C Function /Engine/Transient.REINST_Menu_C_3:ExecuteUbergraph_Menu
[2018.06.04-14.16.42:950][  0]LogUObjectGlobals: Created PersistentFrame Addr=0x000001682c8e8100, Size=16, Default__Menu_C Function /Game/Projet/Widgets/Menu.Menu_C:ExecuteUbergraph_Menu
[2018.06.04-14.16.42:963][  0]LogUObjectGlobals: Created PersistentFrame Addr=0x000001682f910898, Size=24, Default__RightHand_AnimBP_C Function /Game/VirtualReality/Mannequin/Animations/RightHand_AnimBP.RightHand_AnimBP_C:ExecuteUbergraph_RightHand_AnimBP
[2018.06.04-14.16.42:965][  0]LogUObjectGlobals: Destroyed PersistentFrame Addr=0x000001682f910898, Size=24
[2018.06.04-14.16.42:965][  0]LogUObjectGlobals: Created PersistentFrame Addr=0x000001682f910898, Size=24, Default__RightHand_AnimBP_C Function /Engine/Transient.REINST_RightHand_AnimBP_C_0:ExecuteUbergraph_RightHand_AnimBP
[2018.06.04-14.16.42:967][  0]LogUObjectGlobals: Created PersistentFrame Addr=0x000001682f9124b8, Size=24, Default__RightHand_AnimBP_C Function /Game/VirtualReality/Mannequin/Animations/RightHand_AnimBP.RightHand_AnimBP_C:ExecuteUbergraph_RightHand_AnimBP
[2018.06.04-14.16.42:998][  0]LogUObjectGlobals: Created PersistentFrame Addr=0x000001682be60800, Size=968, Default__BP_MotionController_C Function /Game/VirtualRealityBP/Blueprints/BP_MotionController.BP_MotionController_C:ExecuteUbergraph_BP_MotionController
[2018.06.04-14.16.43:021][  0]LogUObjectGlobals: Destroyed PersistentFrame Addr=0x000001682be60800, Size=968
[2018.06.04-14.16.43:021][  0]LogUObjectGlobals: Created PersistentFrame Addr=0x000001682be60800, Size=968, Default__BP_MotionController_C Function /Engine/Transient.REINST_BP_MotionController_C_25:ExecuteUbergraph_BP_MotionController
[2018.06.04-14.16.43:041][  0]LogUObjectGlobals: Created PersistentFrame Addr=0x000001682be62c00, Size=968, Default__BP_MotionController_C Function /Game/VirtualRealityBP/Blueprints/BP_MotionController.BP_MotionController_C:ExecuteUbergraph_BP_MotionController
[2018.06.04-14.16.43:047][  0]LogUObjectGlobals: Created PersistentFrame Addr=0x000001682ae24400, Size=944, Default__MotionControllerPawn_C Function /Game/VirtualRealityBP/Blueprints/MotionControllerPawn.MotionControllerPawn_C:ExecuteUbergraph_MotionControllerPawn
[2018.06.04-14.16.43:059][  0]LogUObjectGlobals: Destroyed PersistentFrame Addr=0x000001682ae24400, Size=944
[2018.06.04-14.16.43:059][  0]LogUObjectGlobals: Created PersistentFrame Addr=0x000001682ae24400, Size=944, Default__MotionControllerPawn_C Function /Engine/Transient.REINST_MotionControllerPawn_C_27:ExecuteUbergraph_MotionControllerPawn
[2018.06.04-14.16.43:070][  0]LogUObjectGlobals: Created PersistentFrame Addr=0x000001682ae26000, Size=944, Default__MotionControllerPawn_C Function /Game/VirtualRealityBP/Blueprints/MotionControllerPawn.MotionControllerPawn_C:ExecuteUbergraph_MotionControllerPawn
[2018.06.04-14.16.43:077][  0]LogUObjectGlobals: Created PersistentFrame Addr=0x0000016865690aa0, Size=32, Default__bp_sphere_lancer_C Function /Game/VirtualRealityBP/Blueprints/bp_sphere_lancer.bp_sphere_lancer_C:ExecuteUbergraph_bp_sphere_lancer
[2018.06.04-14.16.43:077][  0]LogUObjectGlobals: Created PersistentFrame Addr=0x00000168656909a0, Size=32, Default__bp_sphere_lancer_C Function /Game/VirtualRealityBP/Blueprints/BP_PickupCube.BP_PickupCube_C:ExecuteUbergraph_BP_PickupCube
[2018.06.04-14.16.43:081][  0]LogUObjectGlobals: Destroyed PersistentFrame Addr=0x0000016865690aa0, Size=32
[2018.06.04-14.16.43:081][  0]LogUObjectGlobals: Destroyed PersistentFrame Addr=0x00000168656909a0, Size=32
[2018.06.04-14.16.43:081][  0]LogUObjectGlobals: Created PersistentFrame Addr=0x00000168656909a0, Size=32, Default__bp_sphere_lancer_C Function /Engine/Transient.REINST_bp_sphere_lancer_C_31:ExecuteUbergraph_bp_sphere_lancer
[2018.06.04-14.16.43:081][  0]LogUObjectGlobals: Created PersistentFrame Addr=0x0000016865691640, Size=32, Default__bp_sphere_lancer_C Function /Game/VirtualRealityBP/Blueprints/BP_PickupCube.BP_PickupCube_C:ExecuteUbergraph_BP_PickupCube
[2018.06.04-14.16.43:083][  0]LogUObjectGlobals: Created PersistentFrame Addr=0x0000016865764e00, Size=32, Default__bp_sphere_lancer_C Function /Game/VirtualRealityBP/Blueprints/bp_sphere_lancer.bp_sphere_lancer_C:ExecuteUbergraph_bp_sphere_lancer
[2018.06.04-14.16.43:083][  0]LogUObjectGlobals: Created PersistentFrame Addr=0x0000016865767a00, Size=32, Default__bp_sphere_lancer_C Function /Game/VirtualRealityBP/Blueprints/BP_PickupCube.BP_PickupCube_C:ExecuteUbergraph_BP_PickupCube
[2018.06.04-14.16.43:152][  0]LogUObjectGlobals: Created PersistentFrame Addr=0x000001682ae5a940, Size=104, Default__MotionControllerMap_C Function /Game/VirtualRealityBP/Maps/MotionControllerMap.MotionControllerMap_C:ExecuteUbergraph_MotionControllerMap
[2018.06.04-14.16.43:157][  0]LogUObjectGlobals: Destroyed PersistentFrame Addr=0x000001682ae5a940, Size=104
[2018.06.04-14.16.43:157][  0]LogUObjectGlobals: Created PersistentFrame Addr=0x000001682ae5a940, Size=104, Default__MotionControllerMap_C Function /Engine/Transient.REINST_MotionControllerMap_C_33:ExecuteUbergraph_MotionControllerMap
[2018.06.04-14.16.43:161][  0]LogUObjectGlobals: Created PersistentFrame Addr=0x000001682b2057c0, Size=104, Default__MotionControllerMap_C Function /Game/VirtualRealityBP/Maps/MotionControllerMap.MotionControllerMap_C:ExecuteUbergraph_MotionControllerMap
[2018.06.04-14.16.43:646][  0]LogSkeletalMesh: Skeletal Mesh found in DDC [1.776391ms] /Game/VirtualReality/Mannequin/Character/Mesh/MannequinHand_Right.MannequinHand_Right
[2018.06.04-14.16.43:693][  0]LogAIModule: Creating AISystem for world MotionControllerMap
[2018.06.04-14.16.43:701][  0]LogEditorServer: Finished looking for orphan Actors (0.000 secs)
[2018.06.04-14.16.43:715][  0]LogUObjectGlobals: Destroyed PersistentFrame Addr=0x0000016849bff720, Size=32
[2018.06.04-14.16.43:716][  0]LogUObjectGlobals: Destroyed PersistentFrame Addr=0x0000016849b639c0, Size=160
[2018.06.04-14.16.43:716][  0]LogUObjectGlobals: Destroyed PersistentFrame Addr=0x000001682acc33c0, Size=16
[2018.06.04-14.16.43:716][  0]LogUObjectGlobals: Destroyed PersistentFrame Addr=0x000001682f910898, Size=24
[2018.06.04-14.16.43:716][  0]LogUObjectGlobals: Destroyed PersistentFrame Addr=0x000001682be60800, Size=968
[2018.06.04-14.16.43:716][  0]LogUObjectGlobals: Destroyed PersistentFrame Addr=0x000001682ae24400, Size=944
[2018.06.04-14.16.43:716][  0]LogUObjectGlobals: Destroyed PersistentFrame Addr=0x000001682ae5a940, Size=104
[2018.06.04-14.16.43:721][  0]LogUObjectGlobals: Destroyed PersistentFrame Addr=0x0000016849bfe700, Size=32
[2018.06.04-14.16.43:721][  0]LogUObjectGlobals: Destroyed PersistentFrame Addr=0x00000168656909a0, Size=32
[2018.06.04-14.16.43:721][  0]LogUObjectGlobals: Destroyed PersistentFrame Addr=0x0000016865691640, Size=32
[2018.06.04-14.16.43:721][  0]LogUObjectGlobals: Destroyed PersistentFrame Addr=0x0000016849bfca60, Size=32
[2018.06.04-14.16.43:722][  0]Cmd: MAP CHECKDEP NOCLEARLOG
[2018.06.04-14.16.43:773][  0]MapCheck: Map check complete: 0 Error(s), 0 Warning(s), took 49,978ms to complete.
[2018.06.04-14.16.43:773][  0]LogFileHelpers: Loading map 'MotionControllerMap' took 0.937
[2018.06.04-14.16.43:896][  0]LogCollectionManager: Loaded 0 collections in 0.001150 seconds
[2018.06.04-14.16.43:936][  0]LogFileCache: Scanning file cache for directory 'C:/Projet/Leap_Test/VR_Vive/Saved/Collections/' took 0.01s
[2018.06.04-14.16.43:936][  0]LogFileCache: Scanning file cache for directory 'C:/Projet/Leap_Test/VR_Vive/Content/Developers/Admin/Collections/' took 0.01s
[2018.06.04-14.16.43:936][  0]LogFileCache: Scanning file cache for directory 'C:/Projet/Leap_Test/VR_Vive/Content/Collections/' took 0.01s
[2018.06.04-14.16.43:936][  0]LogCollectionManager: Rebuilt the GUID cache for 0 collections in 0.000000 seconds
[2018.06.04-14.16.43:943][  0]LogContentBrowser: Native class hierarchy populated in 0.0071 seconds. Added 2476 classes and 561 folders.
[2018.06.04-14.16.43:947][  0]LogContentBrowser: Native class hierarchy updated for 'WidgetCarousel' in 0.0002 seconds. Added 0 classes and 0 folders.
[2018.06.04-14.16.43:974][  0]LogContentBrowser: Native class hierarchy updated for 'AddContentDialog' in 0.0002 seconds. Added 0 classes and 0 folders.
[2018.06.04-14.16.43:978][  0]LogContentBrowser: Native class hierarchy updated for 'SceneOutliner' in 0.0002 seconds. Added 1 classes and 2 folders.
[2018.06.04-14.16.44:737][  0]LogSlate: Only BGRA pngs, bmps or icos are supported in by External Image Picker
[2018.06.04-14.16.44:766][  0]LogTemp: Executing iPhonePackager certificates Engine -bundlename com.YourCompany.VRVive
[2018.06.04-14.16.44:766][  0]LogTemp: CWD: C:\Program Files\Epic Games\UE_4.19\Engine\Binaries\DotNET\IOS
[2018.06.04-14.16.44:766][  0]LogTemp: Initial Dir: C:\Program Files\Epic Games\UE_4.19
[2018.06.04-14.16.44:766][  0]LogTemp: Env CWD: C:\Program Files\Epic Games\UE_4.19\Engine\Binaries\DotNET\IOS
[2018.06.04-14.16.44:766][  0]LogTemp: BranchPath = DESKTOP-TQJUSPE/C/Program Files/Epic Games/UE_4.19/Engine/Binaries --- GameBranchPath = DESKTOP-TQJUSPE/C/Program Files/Epic Games/UE_4.19/Engine/Binaries
[2018.06.04-14.16.44:782][  0]LogTemp: IPP ERROR: Could not find provision directory 'C:\Users\Admin\AppData\Local/Apple Computer/MobileDevice/Provisioning Profiles/'.
[2018.06.04-14.16.44:782][  0]LogContentBrowser: Native class hierarchy updated for 'HierarchicalLODOutliner' in 0.0002 seconds. Added 0 classes and 0 folders.
[2018.06.04-14.16.44:782][  0]LogLoad: (Engine Initialization) Total time: 9.50 seconds
[2018.06.04-14.16.44:782][  0]LogLoad: (Engine Initialization) Total Blueprint compile time: 0.00 seconds
[2018.06.04-14.16.44:792][  0]LogWindowsTextInputMethodSystem: Display: IME system now deactivated.
[2018.06.04-14.16.44:815][  0]LogContentStreaming: Texture pool size now 1000 MB
[2018.06.04-14.16.44:816][  0]LogSlate: Took 0.000186 seconds to synchronously load lazily loaded font '../../../Engine/Content/Slate/Fonts/Roboto-Regular.ttf' (155K)
[2018.06.04-14.16.44:818][  0]LogSlate: Took 0.000119 seconds to synchronously load lazily loaded font '../../../Engine/Content/Slate/Fonts/Roboto-Bold.ttf' (160K)
[2018.06.04-14.16.44:822][  0]LogSlate: Took 0.000148 seconds to synchronously load lazily loaded font '../../../Engine/Content/Editor/Slate/Fonts/FontAwesome.ttf' (139K)
[2018.06.04-14.16.44:857][  0]LogRenderer: Reallocating scene render targets to support 64x64 Format 26 NumSamples 1 (Frame:1).
[2018.06.04-14.16.44:914][  0]LogRenderer: Reallocating scene render targets to support 800x432 Format 26 NumSamples 1 (Frame:1).
[2018.06.04-14.16.44:914][  0]LogSlate: Took 0.000122 seconds to synchronously load lazily loaded font '../../../Engine/Content/Slate/Fonts/Roboto-Light.ttf' (167K)
[2018.06.04-14.16.45:006][  1]LogAssetRegistry: Asset discovery search completed in 6.3055 seconds
[2018.06.04-14.16.45:007][  1]LogCollectionManager: Rebuilt the object cache for 0 collections in 0.000000 seconds (found 0 objects)
[2018.06.04-14.16.45:007][  1]LogCollectionManager: Fixed up redirectors for 0 collections in 0.000048 seconds (updated 0 objects)
[2018.06.04-14.16.46:595][166]LogSlate: FSceneViewport::OnFocusLost() reason 0
[2018.06.04-14.16.46:679][176]LogSlate: Window 'Project Settings' being destroyed
[2018.06.04-14.16.46:682][176]LogSlate: Window 'Project Settings' being destroyed
[2018.06.04-14.16.55:484][229]LogSlate: FSceneViewport::OnFocusLost() reason 0
[2018.06.04-14.16.55:575][240]LogTemp: Repeating last play command: VR Preview
[2018.06.04-14.16.55:596][240]LogBlueprintUserMessages: Early PlayInEditor Detection: Level '/Game/VirtualRealityBP/Maps/MotionControllerMap.MotionControllerMap:PersistentLevel' has LevelScriptBlueprint '/Game/VirtualRealityBP/Maps/MotionControllerMap.MotionControllerMap:PersistentLevel.MotionControllerMap' with GeneratedClass '/Game/VirtualRealityBP/Maps/MotionControllerMap.MotionControllerMap_C' with ClassGeneratedBy '/Game/VirtualRealityBP/Maps/MotionControllerMap.MotionControllerMap:PersistentLevel.MotionControllerMap'
[2018.06.04-14.16.55:596][240]LogPlayLevel: PlayLevel: No blueprints needed recompiling
[2018.06.04-14.16.55:596][240]PIE: New page: PIE session: MotionControllerMap (4 juin 2018 18:16:55)
[2018.06.04-14.16.55:596][240]LogPlayLevel: Creating play world package: /Game/VirtualRealityBP/Maps/UEDPIE_0_MotionControllerMap
[2018.06.04-14.16.55:603][240]LogPlayLevel: PIE: StaticDuplicateObject took: (0.006145s)
[2018.06.04-14.16.55:603][240]LogAIModule: Creating AISystem for world MotionControllerMap
[2018.06.04-14.16.55:603][240]LogPlayLevel: PIE: World Init took: (0.000470s)
[2018.06.04-14.16.55:603][240]LogPlayLevel: PIE: Created PIE world by copying editor world from /Game/VirtualRealityBP/Maps/MotionControllerMap.MotionControllerMap to /Game/VirtualRealityBP/Maps/UEDPIE_0_MotionControllerMap.MotionControllerMap (0.006762s)
[2018.06.04-14.16.55:615][240]LogInit: XAudio2 using 'Haut-parleurs (3- HTC Vive)' : 2 channels at 44.1 kHz using 16 bits per sample (channel mask 0x3)
[2018.06.04-14.16.55:621][240]LogInit: FAudioDevice initialized.
[2018.06.04-14.16.55:714][240]LogLoad: Game class is 'VR_C'
[2018.06.04-14.16.55:717][240]LogWorld: Bringing World /Game/VirtualRealityBP/Maps/UEDPIE_0_MotionControllerMap.MotionControllerMap up for play (max tick rate 0) at 2018.06.04-16.16.55
[2018.06.04-14.16.55:717][240]LogWorld: Bringing up level for play took: 0.002278
[2018.06.04-14.16.55:720][240]LogContentBrowser: Native class hierarchy updated for 'MovieSceneCapture' in 0.0002 seconds. Added 11 classes and 0 folders.
[2018.06.04-14.16.55:725][240]PIE: Play in editor start time for /Game/VirtualRealityBP/Maps/UEDPIE_0_MotionControllerMap -0,227
[2018.06.04-14.16.55:725][240]LogBlueprintUserMessages: Late PlayInEditor Detection: Level '/Game/VirtualRealityBP/Maps/MotionControllerMap.MotionControllerMap:PersistentLevel' has LevelScriptBlueprint '/Game/VirtualRealityBP/Maps/MotionControllerMap.MotionControllerMap:PersistentLevel.MotionControllerMap' with GeneratedClass '/Game/VirtualRealityBP/Maps/MotionControllerMap.MotionControllerMap_C' with ClassGeneratedBy '/Game/VirtualRealityBP/Maps/MotionControllerMap.MotionControllerMap:PersistentLevel.MotionControllerMap'
[2018.06.04-14.16.55:773][241]LogRenderer: Reallocating scene render targets to support 3968x2204 Format 26 NumSamples 1 (Frame:1).
[2018.06.04-14.17.04:901][942]LogBlueprintUserMessages: Early EndPlayMap Detection: Level '/Game/VirtualRealityBP/Maps/MotionControllerMap.MotionControllerMap:PersistentLevel' has LevelScriptBlueprint '/Game/VirtualRealityBP/Maps/MotionControllerMap.MotionControllerMap:PersistentLevel.MotionControllerMap' with GeneratedClass '/Game/VirtualRealityBP/Maps/MotionControllerMap.MotionControllerMap_C' with ClassGeneratedBy '/Game/VirtualRealityBP/Maps/MotionControllerMap.MotionControllerMap:PersistentLevel.MotionControllerMap'
[2018.06.04-14.17.05:012][942]LogSlate: Window 'VR_Vive Game Preview Standalone (64-bit/PCD3D_SM5)' being destroyed
[2018.06.04-14.17.05:042][942]LogBlueprintUserMessages: Late EndPlayMap Detection: Level '/Game/VirtualRealityBP/Maps/MotionControllerMap.MotionControllerMap:PersistentLevel' has LevelScriptBlueprint '/Game/VirtualRealityBP/Maps/MotionControllerMap.MotionControllerMap:PersistentLevel.MotionControllerMap' with GeneratedClass '/Game/VirtualRealityBP/Maps/MotionControllerMap.MotionControllerMap_C' with ClassGeneratedBy '/Game/VirtualRealityBP/Maps/MotionControllerMap.MotionControllerMap:PersistentLevel.MotionControllerMap'
[2018.06.04-14.17.05:253][964]Cmd: SELECT NONE
[2018.06.04-14.17.45:394][344]LogHttp: Warning: 0000016865788400: request failed, libcurl error: 6 (Couldn't resolve host name)
[2018.06.04-14.17.45:394][344]LogHttp: Warning: 0000016865788400: libcurl info message cache 0 (Could not resolve host: datarouter.ol.epicgames.com)
[2018.06.04-14.17.45:394][344]LogHttp: Warning: 0000016865788400: libcurl info message cache 1 (Closing connection 0)
[2018.06.04-14.19.45:902][780]LogHttp: Warning: 000001687C625300: request failed, libcurl error: 6 (Couldn't resolve host name)
[2018.06.04-14.19.45:902][780]LogHttp: Warning: 000001687C625300: libcurl info message cache 0 (Could not resolve host: datarouter.ol.epicgames.com)
[2018.06.04-14.19.45:902][780]LogHttp: Warning: 000001687C625300: libcurl info message cache 1 (Closing connection 1)
[2018.06.04-14.19.54:558][495]LogSlate: FSceneViewport::OnFocusLost() reason 2
[2018.06.04-14.19.55:968][663]LogTemp: Repeating last play command: VR Preview
[2018.06.04-14.19.55:988][663]LogBlueprintUserMessages: Early PlayInEditor Detection: Level '/Game/VirtualRealityBP/Maps/MotionControllerMap.MotionControllerMap:PersistentLevel' has LevelScriptBlueprint '/Game/VirtualRealityBP/Maps/MotionControllerMap.MotionControllerMap:PersistentLevel.MotionControllerMap' with GeneratedClass '/Game/VirtualRealityBP/Maps/MotionControllerMap.MotionControllerMap_C' with ClassGeneratedBy '/Game/VirtualRealityBP/Maps/MotionControllerMap.MotionControllerMap:PersistentLevel.MotionControllerMap'
[2018.06.04-14.19.55:988][663]LogPlayLevel: PlayLevel: No blueprints needed recompiling
[2018.06.04-14.19.55:988][663]PIE: New page: PIE session: MotionControllerMap (4 juin 2018 18:19:55)
[2018.06.04-14.19.55:989][663]LogPlayLevel: Creating play world package: /Game/VirtualRealityBP/Maps/UEDPIE_0_MotionControllerMap
[2018.06.04-14.19.55:995][663]LogPlayLevel: PIE: StaticDuplicateObject took: (0.006320s)
[2018.06.04-14.19.55:995][663]LogAIModule: Creating AISystem for world MotionControllerMap
[2018.06.04-14.19.55:996][663]LogPlayLevel: PIE: World Init took: (0.000525s)
[2018.06.04-14.19.55:996][663]LogPlayLevel: PIE: Created PIE world by copying editor world from /Game/VirtualRealityBP/Maps/MotionControllerMap.MotionControllerMap to /Game/VirtualRealityBP/Maps/UEDPIE_0_MotionControllerMap.MotionControllerMap (0.007007s)
[2018.06.04-14.19.56:008][663]LogInit: XAudio2 using 'Haut-parleurs (3- HTC Vive)' : 2 channels at 44.1 kHz using 16 bits per sample (channel mask 0x3)
[2018.06.04-14.19.56:014][663]LogInit: FAudioDevice initialized.
[2018.06.04-14.19.56:020][663]LogSlate: FSceneViewport::OnFocusLost() reason 2
[2018.06.04-14.19.56:099][663]LogLoad: Game class is 'VR_C'
[2018.06.04-14.19.56:100][663]LogWorld: Bringing World /Game/VirtualRealityBP/Maps/UEDPIE_0_MotionControllerMap.MotionControllerMap up for play (max tick rate 0) at 2018.06.04-16.19.56
[2018.06.04-14.19.56:101][663]LogWorld: Bringing up level for play took: 0.001630
[2018.06.04-14.19.56:106][663]PIE: Play in editor start time for /Game/VirtualRealityBP/Maps/UEDPIE_0_MotionControllerMap 0,154
[2018.06.04-14.19.56:106][663]LogBlueprintUserMessages: Late PlayInEditor Detection: Level '/Game/VirtualRealityBP/Maps/MotionControllerMap.MotionControllerMap:PersistentLevel' has LevelScriptBlueprint '/Game/VirtualRealityBP/Maps/MotionControllerMap.MotionControllerMap:PersistentLevel.MotionControllerMap' with GeneratedClass '/Game/VirtualRealityBP/Maps/MotionControllerMap.MotionControllerMap_C' with ClassGeneratedBy '/Game/VirtualRealityBP/Maps/MotionControllerMap.MotionControllerMap:PersistentLevel.MotionControllerMap'
[2018.06.04-14.19.59:342][921]LogSlate: FSceneViewport::OnFocusLost() reason 2
[2018.06.04-14.20.02:143][131]LogSlate: FSceneViewport::OnFocusLost() reason 2
[2018.06.04-14.20.03:648][231]LogSlate: FSceneViewport::OnFocusLost() reason 2
[2018.06.04-14.20.04:377][297]LogSlate: FSceneViewport::OnFocusLost() reason 2
[2018.06.04-14.20.06:297][430]LogSlate: FSceneViewport::OnFocusLost() reason 2
[2018.06.04-14.20.07:460][535]LogSlate: FSceneViewport::OnFocusLost() reason 2
[2018.06.04-14.20.08:955][627]LogSlate: FSceneViewport::OnFocusLost() reason 2
[2018.06.04-14.20.09:726][668]LogSlate: FSceneViewport::OnFocusLost() reason 2
[2018.06.04-14.20.10:464][706]LogSlate: FSceneViewport::OnFocusLost() reason 2
[2018.06.04-14.20.23:254][219]LogSlate: FSceneViewport::OnFocusLost() reason 0
[2018.06.04-14.20.23:278][221]LogHMD: Warning:  SteamVR Compositor had an error on present (108)
[2018.06.04-14.20.23:282][222]LogHMD: Warning:  SteamVR Compositor had an error on present (108)
[2018.06.04-14.20.23:286][223]LogHMD: Warning:  SteamVR Compositor had an error on present (108)
[2018.06.04-14.20.23:289][224]LogHMD: Warning:  SteamVR Compositor had an error on present (108)
[2018.06.04-14.20.23:292][225]LogHMD: Warning:  SteamVR Compositor had an error on present (108)
[2018.06.04-14.20.23:296][226]LogHMD: Warning:  SteamVR Compositor had an error on present (108)
[2018.06.04-14.20.23:300][227]LogHMD: Warning:  SteamVR Compositor had an error on present (108)
[2018.06.04-14.20.23:303][228]LogHMD: Warning:  SteamVR Compositor had an error on present (108)
[2018.06.04-14.20.23:307][229]LogHMD: Warning:  SteamVR Compositor had an error on present (108)
[2018.06.04-14.20.23:311][230]LogHMD: Warning:  SteamVR Compositor had an error on present (108)
[2018.06.04-14.20.23:315][231]LogHMD: Warning:  SteamVR Compositor had an error on present (108)
[2018.06.04-14.20.23:318][232]LogHMD: Warning:  SteamVR Compositor had an error on present (108)
[2018.06.04-14.20.23:322][233]LogHMD: Warning:  SteamVR Compositor had an error on present (108)
[2018.06.04-14.20.23:325][234]LogHMD: Warning:  SteamVR Compositor had an error on present (108)
[2018.06.04-14.20.23:329][235]LogHMD: Warning:  SteamVR Compositor had an error on present (108)
[2018.06.04-14.20.23:332][236]LogHMD: Warning:  SteamVR Compositor had an error on present (108)
[2018.06.04-14.20.23:335][237]LogHMD: Warning:  SteamVR Compositor had an error on present (108)
[2018.06.04-14.20.23:339][238]LogHMD: Warning:  SteamVR Compositor had an error on present (108)
[2018.06.04-14.20.24:533][344]LogBlueprintUserMessages: Early EndPlayMap Detection: Level '/Game/VirtualRealityBP/Maps/MotionControllerMap.MotionControllerMap:PersistentLevel' has LevelScriptBlueprint '/Game/VirtualRealityBP/Maps/MotionControllerMap.MotionControllerMap:PersistentLevel.MotionControllerMap' with GeneratedClass '/Game/VirtualRealityBP/Maps/MotionControllerMap.MotionControllerMap_C' with ClassGeneratedBy '/Game/VirtualRealityBP/Maps/MotionControllerMap.MotionControllerMap:PersistentLevel.MotionControllerMap'
[2018.06.04-14.20.24:640][344]LogSlate: Window 'VR_Vive Game Preview Standalone (64-bit/PCD3D_SM5)' being destroyed
[2018.06.04-14.20.24:672][344]LogBlueprintUserMessages: Late EndPlayMap Detection: Level '/Game/VirtualRealityBP/Maps/MotionControllerMap.MotionControllerMap:PersistentLevel' has LevelScriptBlueprint '/Game/VirtualRealityBP/Maps/MotionControllerMap.MotionControllerMap:PersistentLevel.MotionControllerMap' with GeneratedClass '/Game/VirtualRealityBP/Maps/MotionControllerMap.MotionControllerMap_C' with ClassGeneratedBy '/Game/VirtualRealityBP/Maps/MotionControllerMap.MotionControllerMap:PersistentLevel.MotionControllerMap'
