Log file open, 06/21/18 13:57:15
LogWindows: Failed to load 'aqProf.dll' (GetLastError=126)
LogWindows: File 'aqProf.dll' does not exist
LogWindows: Failed to load 'VtuneApi.dll' (GetLastError=126)
LogWindows: File 'VtuneApi.dll' does not exist
LogWindows: Failed to load 'VtuneApi32e.dll' (GetLastError=126)
LogWindows: File 'VtuneApi32e.dll' does not exist
LogInit: Display: Running engine for game: VR_Vive
LogPlatformFile: Not using cached read wrapper
LogInit: Display: RandInit(1153166797) SRandInit(1153166797).
LogInit: Read version file with build ID '3944462'
LogInit: Overriding engine version to CL 4033788, compatible CL 3944462
LogInit: Registered custom module enumerator with build ID '3944462'
LogTaskGraph: Started task graph with 5 named threads and 23 total threads with 3 sets of task threads.
LogStats: Stats thread started at 0.249266
LogD3D11RHI: Aftermath initialized
LogICUInternationalization: Display: ICU TimeZone Detection - Raw Offset: +1:00, Platform Override: ''
LogModuleManager: Display: Found up-to-date module file ../../../Engine/Plugins/Media/MfMedia/Binaries/Win64/UE4Editor-MfMediaEditor.dll (API version 3944462).
LogModuleManager: Display: Found up-to-date module file ../../../Engine/Plugins/Media/MfMedia/Binaries/Win64/UE4Editor-MfMediaFactory.dll (API version 3944462).
LogModuleManager: Display: Found up-to-date module file ../../../Engine/Plugins/Runtime/LeapMotion/Binaries/Win64/UE4Editor-LeapMotion.dll (API version 3944462).
LogModuleManager: Display: Found up-to-date module file ../../../Engine/Plugins/2D/Paper2D/Binaries/Win64/UE4Editor-Paper2D.dll (API version 3944462).
LogModuleManager: Display: Found up-to-date module file ../../../Engine/Plugins/2D/Paper2D/Binaries/Win64/UE4Editor-Paper2DEditor.dll (API version 3944462).
LogModuleManager: Display: Found up-to-date module file ../../../Engine/Plugins/2D/Paper2D/Binaries/Win64/UE4Editor-PaperSpriteSheetImporter.dll (API version 3944462).
LogModuleManager: Display: Found up-to-date module file ../../../Engine/Plugins/2D/Paper2D/Binaries/Win64/UE4Editor-PaperTiledImporter.dll (API version 3944462).
LogModuleManager: Display: Found up-to-date module file ../../../Engine/Plugins/2D/Paper2D/Binaries/Win64/UE4Editor-SmartSnapping.dll (API version 3944462).
LogModuleManager: Display: Found up-to-date module file ../../../Engine/Plugins/Blendables/LightPropagationVolume/Binaries/Win64/UE4Editor-LightPropagationVolumeRuntime.dll (API version 3944462).
LogModuleManager: Display: Found up-to-date module file ../../../Engine/Plugins/Blendables/LightPropagationVolume/Binaries/Win64/UE4Editor-LightPropagationVolumeEditor.dll (API version 3944462).
LogModuleManager: Display: Found up-to-date module file ../../../Engine/Plugins/Developer/CLionSourceCodeAccess/Binaries/Win64/UE4Editor-CLionSourceCodeAccess.dll (API version 3944462).
LogModuleManager: Display: Found up-to-date module file ../../../Engine/Plugins/Developer/GitSourceControl/Binaries/Win64/UE4Editor-GitSourceControl.dll (API version 3944462).
LogModuleManager: Display: Found up-to-date module file ../../../Engine/Plugins/Developer/PerforceSourceControl/Binaries/Win64/UE4Editor-PerforceSourceControl.dll (API version 3944462).
LogModuleManager: Display: Found up-to-date module file ../../../Engine/Plugins/Developer/SubversionSourceControl/Binaries/Win64/UE4Editor-SubversionSourceControl.dll (API version 3944462).
LogModuleManager: Display: Found up-to-date module file ../../../Engine/Plugins/Developer/UObjectPlugin/Binaries/Win64/UE4Editor-UObjectPlugin.dll (API version 3944462).
LogModuleManager: Display: Found up-to-date module file ../../../Engine/Plugins/Developer/VisualStudioCodeSourceCodeAccess/Binaries/Win64/UE4Editor-VisualStudioCodeSourceCodeAccess.dll (API version 3944462).
LogModuleManager: Display: Found up-to-date module file ../../../Engine/Plugins/Developer/VisualStudioSourceCodeAccess/Binaries/Win64/UE4Editor-VisualStudioSourceCodeAccess.dll (API version 3944462).
LogModuleManager: Display: Found up-to-date module file ../../../Engine/Plugins/Editor/AssetManagerEditor/Binaries/Win64/UE4Editor-AssetManagerEditor.dll (API version 3944462).
LogModuleManager: Display: Found up-to-date module file ../../../Engine/Plugins/Editor/CryptoKeys/Binaries/Win64/UE4Editor-CryptoKeys.dll (API version 3944462).
LogModuleManager: Display: Found up-to-date module file ../../../Engine/Plugins/Editor/CryptoKeys/Binaries/Win64/UE4Editor-CryptoKeysOpenSSL.dll (API version 3944462).
LogModuleManager: Display: Found up-to-date module file ../../../Engine/Plugins/Editor/DataValidation/Binaries/Win64/UE4Editor-DataValidation.dll (API version 3944462).
LogModuleManager: Display: Found up-to-date module file ../../../Engine/Plugins/Editor/FacialAnimation/Binaries/Win64/UE4Editor-FacialAnimation.dll (API version 3944462).
LogModuleManager: Display: Found up-to-date module file ../../../Engine/Plugins/Editor/FacialAnimation/Binaries/Win64/UE4Editor-FacialAnimationEditor.dll (API version 3944462).
LogModuleManager: Display: Found up-to-date module file ../../../Engine/Plugins/Editor/GameplayTagsEditor/Binaries/Win64/UE4Editor-GameplayTagsEditor.dll (API version 3944462).
LogModuleManager: Display: Found up-to-date module file ../../../Engine/Plugins/Editor/MobileLauncherProfileWizard/Binaries/Win64/UE4Editor-MobileLauncherProfileWizard.dll (API version 3944462).
LogModuleManager: Display: Found up-to-date module file ../../../Engine/Plugins/Editor/PluginBrowser/Binaries/Win64/UE4Editor-PluginBrowser.dll (API version 3944462).
LogModuleManager: Display: Found up-to-date module file ../../../Engine/Plugins/Editor/SpeedTreeImporter/Binaries/Win64/UE4Editor-SpeedTreeImporter.dll (API version 3944462).
LogModuleManager: Display: Found up-to-date module file ../../../Engine/Plugins/Enterprise/DatasmithContent/Binaries/Win64/UE4Editor-DatasmithContent.dll (API version 3944462).
LogModuleManager: Display: Found up-to-date module file ../../../Engine/Plugins/Experimental/AlembicImporter/Binaries/Win64/UE4Editor-AlembicImporter.dll (API version 3944462).
LogModuleManager: Display: Found up-to-date module file ../../../Engine/Plugins/Experimental/AlembicImporter/Binaries/Win64/UE4Editor-AlembicLibrary.dll (API version 3944462).
LogModuleManager: Display: Found up-to-date module file ../../../Engine/Plugins/Experimental/CharacterAI/Binaries/Win64/UE4Editor-CharacterAI.dll (API version 3944462).
LogModuleManager: Display: Found up-to-date module file ../../../Engine/Plugins/Experimental/HTML5Networking/Binaries/Win64/UE4Editor-HTML5Networking.dll (API version 3944462).
LogModuleManager: Display: Found up-to-date module file ../../../Engine/Plugins/Media/AndroidMedia/Binaries/Win64/UE4Editor-AndroidMediaEditor.dll (API version 3944462).
LogModuleManager: Display: Found up-to-date module file ../../../Engine/Plugins/Media/AndroidMedia/Binaries/Win64/UE4Editor-AndroidMediaFactory.dll (API version 3944462).
LogModuleManager: Display: Found up-to-date module file ../../../Engine/Plugins/Media/AvfMedia/Binaries/Win64/UE4Editor-AvfMediaEditor.dll (API version 3944462).
LogModuleManager: Display: Found up-to-date module file ../../../Engine/Plugins/Media/AvfMedia/Binaries/Win64/UE4Editor-AvfMediaFactory.dll (API version 3944462).
LogModuleManager: Display: Found up-to-date module file ../../../Engine/Plugins/Media/AvfMedia/Binaries/Win64/UE4Editor-AvfMediaFactory.dll (API version 3944462).
LogModuleManager: Display: Found up-to-date module file ../../../Engine/Plugins/Media/ImgMedia/Binaries/Win64/UE4Editor-ImgMedia.dll (API version 3944462).
LogModuleManager: Display: Found up-to-date module file ../../../Engine/Plugins/Media/ImgMedia/Binaries/Win64/UE4Editor-ImgMediaEditor.dll (API version 3944462).
LogModuleManager: Display: Found up-to-date module file ../../../Engine/Plugins/Media/ImgMedia/Binaries/Win64/UE4Editor-ImgMediaFactory.dll (API version 3944462).
LogModuleManager: Display: Found up-to-date module file ../../../Engine/Plugins/Media/ImgMedia/Binaries/Win64/UE4Editor-ImgMediaFactory.dll (API version 3944462).
LogModuleManager: Display: Found up-to-date module file ../../../Engine/Plugins/Media/ImgMedia/Binaries/Win64/UE4Editor-OpenExrWrapper.dll (API version 3944462).
LogModuleManager: Display: Found up-to-date module file ../../../Engine/Plugins/Media/LinearTimecode/Binaries/Win64/UE4Editor-LinearTimecode.dll (API version 3944462).
LogModuleManager: Display: Found up-to-date module file ../../../Engine/Plugins/Media/MediaCompositing/Binaries/Win64/UE4Editor-MediaCompositing.dll (API version 3944462).
LogModuleManager: Display: Found up-to-date module file ../../../Engine/Plugins/Media/MediaCompositing/Binaries/Win64/UE4Editor-MediaCompositingEditor.dll (API version 3944462).
LogModuleManager: Display: Found up-to-date module file ../../../Engine/Plugins/Media/MediaPlayerEditor/Binaries/Win64/UE4Editor-MediaPlayerEditor.dll (API version 3944462).
LogModuleManager: Display: Found up-to-date module file ../../../Engine/Plugins/Media/WmfMedia/Binaries/Win64/UE4Editor-WmfMedia.dll (API version 3944462).
LogModuleManager: Display: Found up-to-date module file ../../../Engine/Plugins/Media/WmfMedia/Binaries/Win64/UE4Editor-WmfMediaEditor.dll (API version 3944462).
LogModuleManager: Display: Found up-to-date module file ../../../Engine/Plugins/Media/WmfMedia/Binaries/Win64/UE4Editor-WmfMediaFactory.dll (API version 3944462).
LogModuleManager: Display: Found up-to-date module file ../../../Engine/Plugins/Media/WmfMedia/Binaries/Win64/UE4Editor-WmfMediaFactory.dll (API version 3944462).
LogModuleManager: Display: Found up-to-date module file ../../../Engine/Plugins/Messaging/TcpMessaging/Binaries/Win64/UE4Editor-TcpMessaging.dll (API version 3944462).
LogModuleManager: Display: Found up-to-date module file ../../../Engine/Plugins/Messaging/UdpMessaging/Binaries/Win64/UE4Editor-UdpMessaging.dll (API version 3944462).
LogModuleManager: Display: Found up-to-date module file ../../../Engine/Plugins/MovieScene/ActorSequence/Binaries/Win64/UE4Editor-ActorSequence.dll (API version 3944462).
LogModuleManager: Display: Found up-to-date module file ../../../Engine/Plugins/MovieScene/LevelSequenceEditor/Binaries/Win64/UE4Editor-LevelSequenceEditor.dll (API version 3944462).
LogModuleManager: Display: Found up-to-date module file ../../../Engine/Plugins/MovieScene/MatineeToLevelSequence/Binaries/Win64/UE4Editor-MatineeToLevelSequence.dll (API version 3944462).
LogModuleManager: Display: Found up-to-date module file ../../../Engine/Plugins/NetcodeUnitTest/NetcodeUnitTest/Binaries/Win64/UE4Editor-NetcodeUnitTest.dll (API version 3944462).
LogModuleManager: Display: Found up-to-date module file ../../../Engine/Plugins/NetcodeUnitTest/NUTUnrealEngine4/Binaries/Win64/UE4Editor-NUTUnrealEngine4.dll (API version 3944462).
LogModuleManager: Display: Found up-to-date module file ../../../Engine/Plugins/Online/OnlineSubsystem/Binaries/Win64/UE4Editor-OnlineSubsystem.dll (API version 3944462).
LogModuleManager: Display: Found up-to-date module file ../../../Engine/Plugins/Runtime/AndroidPermission/Binaries/Win64/UE4Editor-AndroidPermission.dll (API version 3944462).
LogModuleManager: Display: Found up-to-date module file ../../../Engine/Plugins/Online/OnlineSubsystemNull/Binaries/Win64/UE4Editor-OnlineSubsystemNull.dll (API version 3944462).
LogModuleManager: Display: Found up-to-date module file ../../../Engine/Plugins/Online/OnlineSubsystemUtils/Binaries/Win64/UE4Editor-OnlineSubsystemUtils.dll (API version 3944462).
LogModuleManager: Display: Found up-to-date module file ../../../Engine/Plugins/Online/OnlineSubsystemUtils/Binaries/Win64/UE4Editor-OnlineBlueprintSupport.dll (API version 3944462).
LogModuleManager: Display: Found up-to-date module file ../../../Engine/Plugins/Runtime/AndroidDeviceProfileSelector/Binaries/Win64/UE4Editor-AndroidDeviceProfileSelector.dll (API version 3944462).
LogModuleManager: Display: Found up-to-date module file ../../../Engine/Plugins/Runtime/AppleARKit/Binaries/Win64/UE4Editor-AppleARKit.dll (API version 3944462).
LogModuleManager: Display: Found up-to-date module file ../../../Engine/Plugins/Runtime/ProceduralMeshComponent/Binaries/Win64/UE4Editor-ProceduralMeshComponent.dll (API version 3944462).
LogModuleManager: Display: Found up-to-date module file ../../../Engine/Plugins/Runtime/ProceduralMeshComponent/Binaries/Win64/UE4Editor-ProceduralMeshComponentEditor.dll (API version 3944462).
LogModuleManager: Display: Found up-to-date module file ../../../Engine/Plugins/Animation/LiveLink/Binaries/Win64/UE4Editor-LiveLink.dll (API version 3944462).
LogModuleManager: Display: Found up-to-date module file ../../../Engine/Plugins/Animation/LiveLink/Binaries/Win64/UE4Editor-LiveLinkEditor.dll (API version 3944462).
LogModuleManager: Display: Found up-to-date module file ../../../Engine/Plugins/Runtime/ArchVisCharacter/Binaries/Win64/UE4Editor-ArchVisCharacter.dll (API version 3944462).
LogModuleManager: Display: Found up-to-date module file ../../../Engine/Plugins/Runtime/AudioCapture/Binaries/Win64/UE4Editor-AudioCapture.dll (API version 3944462).
LogModuleManager: Display: Found up-to-date module file ../../../Engine/Plugins/Runtime/AudioCapture/Binaries/Win64/UE4Editor-AudioCaptureEditor.dll (API version 3944462).
LogModuleManager: Display: Found up-to-date module file ../../../Engine/Plugins/Runtime/CableComponent/Binaries/Win64/UE4Editor-CableComponent.dll (API version 3944462).
LogModuleManager: Display: Found up-to-date module file ../../../Engine/Plugins/Runtime/CustomMeshComponent/Binaries/Win64/UE4Editor-CustomMeshComponent.dll (API version 3944462).
LogModuleManager: Display: Found up-to-date module file ../../../Engine/Plugins/Runtime/ExampleDeviceProfileSelector/Binaries/Win64/UE4Editor-ExampleDeviceProfileSelector.dll (API version 3944462).
LogModuleManager: Display: Found up-to-date module file ../../../Engine/Plugins/Runtime/ImmediatePhysics/Binaries/Win64/UE4Editor-ImmediatePhysics.dll (API version 3944462).
LogModuleManager: Display: Found up-to-date module file ../../../Engine/Plugins/Runtime/ImmediatePhysics/Binaries/Win64/UE4Editor-ImmediatePhysicsEditor.dll (API version 3944462).
LogModuleManager: Display: Found up-to-date module file ../../../Engine/Plugins/Runtime/LocationServicesBPLibrary/Binaries/Win64/UE4Editor-LocationServicesBPLibrary.dll (API version 3944462).
LogModuleManager: Display: Found up-to-date module file ../../../Engine/Plugins/Runtime/MobilePatchingUtils/Binaries/Win64/UE4Editor-MobilePatchingUtils.dll (API version 3944462).
LogModuleManager: Display: Found up-to-date module file ../../../Engine/Plugins/Runtime/PhysXVehicles/Binaries/Win64/UE4Editor-PhysXVehicles.dll (API version 3944462).
LogModuleManager: Display: Found up-to-date module file ../../../Engine/Plugins/Runtime/PhysXVehicles/Binaries/Win64/UE4Editor-PhysXVehiclesEditor.dll (API version 3944462).
LogModuleManager: Display: Found up-to-date module file ../../../Engine/Plugins/Runtime/RuntimePhysXCooking/Binaries/Win64/UE4Editor-RuntimePhysXCooking.dll (API version 3944462).
LogModuleManager: Display: Found up-to-date module file ../../../Engine/Plugins/Runtime/Steam/SteamVR/Binaries/Win64/UE4Editor-SteamVR.dll (API version 3944462).
LogModuleManager: Display: Found up-to-date module file ../../../Engine/Plugins/Runtime/Steam/SteamVR/Binaries/Win64/UE4Editor-SteamVRController.dll (API version 3944462).
LogModuleManager: Display: Found up-to-date module file ../../../Engine/Plugins/Runtime/WindowsMoviePlayer/Binaries/Win64/UE4Editor-WindowsMoviePlayer.dll (API version 3944462).
LogPluginManager: Mounting plugin Paper2D
LogPluginManager: Mounting plugin LiveLink
LogPluginManager: Mounting plugin LightPropagationVolume
LogPluginManager: Mounting plugin CLionSourceCodeAccess
LogPluginManager: Mounting plugin CodeLiteSourceCodeAccess
LogPluginManager: Mounting plugin GitSourceControl
LogPluginManager: Mounting plugin KDevelopSourceCodeAccess
LogPluginManager: Mounting plugin NullSourceCodeAccess
LogPluginManager: Mounting plugin PerforceSourceControl
LogPluginManager: Mounting plugin SubversionSourceControl
LogPluginManager: Mounting plugin UObjectPlugin
LogPluginManager: Mounting plugin VisualStudioCodeSourceCodeAccess
LogPluginManager: Mounting plugin VisualStudioSourceCodeAccess
LogPluginManager: Mounting plugin XCodeSourceCodeAccess
LogPluginManager: Mounting plugin AssetManagerEditor
LogPluginManager: Mounting plugin CryptoKeys
LogPluginManager: Mounting plugin DataValidation
LogPluginManager: Mounting plugin FacialAnimation
LogPluginManager: Mounting plugin GameplayTagsEditor
LogPluginManager: Mounting plugin MobileLauncherProfileWizard
LogPluginManager: Mounting plugin PluginBrowser
LogPluginManager: Mounting plugin SpeedTreeImporter
LogPluginManager: Mounting plugin DatasmithContent
LogPluginManager: Mounting plugin AlembicImporter
LogPluginManager: Mounting plugin CharacterAI
LogPluginManager: Mounting plugin HTML5Networking
LogPluginManager: Mounting plugin AndroidMedia
LogPluginManager: Mounting plugin AvfMedia
LogPluginManager: Mounting plugin ImgMedia
LogPluginManager: Mounting plugin LinearTimecode
LogPluginManager: Mounting plugin MediaCompositing
LogPluginManager: Mounting plugin MediaPlayerEditor
LogPluginManager: Mounting plugin MfMedia
LogPluginManager: Mounting plugin WmfMedia
LogPluginManager: Mounting plugin TcpMessaging
LogPluginManager: Mounting plugin UdpMessaging
LogPluginManager: Mounting plugin ActorSequence
LogPluginManager: Mounting plugin LevelSequenceEditor
LogPluginManager: Mounting plugin MatineeToLevelSequence
LogPluginManager: Mounting plugin NetcodeUnitTest
LogPluginManager: Mounting plugin NUTUnrealEngine4
LogPluginManager: Mounting plugin OnlineSubsystemGooglePlay
LogPluginManager: Mounting plugin OnlineSubsystemIOS
LogPluginManager: Mounting plugin OnlineSubsystem
LogPluginManager: Mounting plugin OnlineSubsystemNull
LogPluginManager: Mounting plugin OnlineSubsystemUtils
LogPluginManager: Mounting plugin AndroidDeviceProfileSelector
LogPluginManager: Mounting plugin AndroidMoviePlayer
LogPluginManager: Mounting plugin AndroidPermission
LogPluginManager: Mounting plugin AppleARKit
LogPluginManager: Mounting plugin AppleMoviePlayer
LogPluginManager: Mounting plugin ArchVisCharacter
LogPluginManager: Mounting plugin AudioCapture
LogPluginManager: Mounting plugin CableComponent
LogPluginManager: Mounting plugin CustomMeshComponent
LogPluginManager: Mounting plugin ExampleDeviceProfileSelector
LogPluginManager: Mounting plugin GoogleCloudMessaging
LogPluginManager: Mounting plugin ImmediatePhysics
LogPluginManager: Mounting plugin IOSDeviceProfileSelector
LogPluginManager: Mounting plugin LeapMotion
LogPluginManager: Mounting plugin LinuxDeviceProfileSelector
LogPluginManager: Mounting plugin LocationServicesBPLibrary
LogPluginManager: Mounting plugin MobilePatchingUtils
LogPluginManager: Mounting plugin PhysXVehicles
LogPluginManager: Mounting plugin ProceduralMeshComponent
LogPluginManager: Mounting plugin RuntimePhysXCooking
LogPluginManager: Mounting plugin SteamVR
LogPluginManager: Mounting plugin WindowsMoviePlayer
LogStreaming: Display: Took  0.544s to configure plugins.
LogInit: Using libcurl 7.47.1
LogInit:  - built for x86_64-pc-win32
LogInit:  - supports SSL with OpenSSL/1.0.2g
LogInit:  - supports HTTP deflate (compression) using libz 1.2.8
LogInit:  - other features:
LogInit:      CURL_VERSION_SSL
LogInit:      CURL_VERSION_LIBZ
LogInit:      CURL_VERSION_IPV6
LogInit:      CURL_VERSION_ASYNCHDNS
LogInit:      CURL_VERSION_LARGEFILE
LogInit:      CURL_VERSION_IDN
LogInit:  CurlRequestOptions (configurable via config and command line):
LogInit:  - bVerifyPeer = false  - Libcurl will NOT verify peer certificate
LogInit:  - bUseHttpProxy = false  - Libcurl will NOT use HTTP proxy
LogInit:  - bDontReuseConnections = false  - Libcurl will reuse connections
LogInit:  - CertBundlePath = nullptr  - Libcurl will use whatever was configured at build time.
LogInit:  - MaxHostConnections = 16  - Libcurl will limit the number of connections to a host
LogInit:  - LocalHostAddr = Default
LogInit: WinSock: version 1.1 (2.2), MaxSocks=32767, MaxUdp=65467
LogInit: WinSock: I am DESKTOP-TQJUSPE (192.168.179.90:0)
LeapPluginLog: Using LeapPlugin version 2.0.0
LogInit: Build: ++UE4+Release-4.19-CL-4033788
LogInit: Engine Version: 4.19.2-4033788+++UE4+Release-4.19
LogInit: Compatible Engine Version: 4.19.0-3944462+++UE4+Release-4.19
LogInit: Net CL: 3944462
LogDevObjectVersion: Number of dev versions registered: 18
LogDevObjectVersion:   Dev-Blueprints (B0D832E4-1F89-4F0D-ACCF-7EB736FD4AA2): 10
LogDevObjectVersion:   Dev-Build (E1C64328-A22C-4D53-A36C-8E866417BD8C): 0
LogDevObjectVersion:   Dev-Core (375EC13C-06E4-48FB-B500-84F0262A717E): 2
LogDevObjectVersion:   Dev-Editor (E4B068ED-F494-42E9-A231-DA0B2E46BB41): 23
LogDevObjectVersion:   Dev-Framework (CFFC743F-43B0-4480-9391-14DF171D2073): 33
LogDevObjectVersion:   Dev-Mobile (B02B49B5-BB20-44E9-A304-32B752E40360): 2
LogDevObjectVersion:   Dev-Networking (A4E4105C-59A1-49B5-A7C5-40C4547EDFEE): 0
LogDevObjectVersion:   Dev-Online (39C831C9-5AE6-47DC-9A44-9C173E1C8E7C): 0
LogDevObjectVersion:   Dev-Physics (78F01B33-EBEA-4F98-B9B4-84EACCB95AA2): 0
LogDevObjectVersion:   Dev-Platform (6631380F-2D4D-43E0-8009-CF276956A95A): 0
LogDevObjectVersion:   Dev-Rendering (12F88B9F-8875-4AFC-A67C-D90C383ABD29): 25
LogDevObjectVersion:   Dev-Sequencer (7B5AE74C-D270-4C10-A958-57980B212A5A): 6
LogDevObjectVersion:   Dev-VR (D7296918-1DD6-4BDD-9DE2-64A83CC13884): 1
LogDevObjectVersion:   Dev-LoadTimes (C2A15278-BFE7-4AFE-6C17-90FF531DF755): 1
LogDevObjectVersion:   Private-Geometry (6EACA3D4-40EC-4CC1-B786-8BED09428FC5): 2
LogDevObjectVersion:   Dev-AnimPhys (29E575DD-E0A3-4627-9D10-D276232CDCEA): 16
LogDevObjectVersion:   Dev-ReflectionCapture (6B266CEC-1EC7-4B8F-A30B-E4D90942FC07): 1
LogDevObjectVersion:   Dev-Automation (0DF73D61-A23F-47EA-B727-89E90C41499A): 1
LogInit: Compiled (64-bit): Apr 27 2018 02:06:57
LogInit: Compiled with Visual C++: 19.00.24215.01
LogInit: Build Configuration: Development
LogInit: Branch Name: ++UE4+Release-4.19
LogInit: Command Line:  
LogInit: Base Directory: C:/Program Files/Epic Games/UE_4.19/Engine/Binaries/Win64/
LogInit: Installed Engine Build: 1
LogStreaming: Display: Took  0.001s to delete old logs.
LogInit: Presizing for max 8388607 objects, including 0 objects not considered by GC, pre-allocating 0 bytes for permanent pool.
LogInit: Object subsystem initialized
[2018.06.21-11.57.15:913][  0]LogInit: Selected Device Profile: [Windows]
[2018.06.21-11.57.15:913][  0]LogInit: Applying CVar settings loaded from the selected device profile: [Windows]
[2018.06.21-11.57.15:922][  0]LogInit: Computer: DESKTOP-TQJUSPE
[2018.06.21-11.57.15:922][  0]LogInit: User: Admin
[2018.06.21-11.57.15:922][  0]LogInit: CPU Page size=4096, Cores=4
[2018.06.21-11.57.15:922][  0]LogInit: High frequency timer resolution =4.101566 MHz
[2018.06.21-11.57.15:922][  0]LogMemory: Memory total: Physical=31.9GB (32GB approx)
[2018.06.21-11.57.15:922][  0]LogMemory: Platform Memory Stats for Windows
[2018.06.21-11.57.15:922][  0]LogMemory: Process Physical Memory: 277.57 MB used, 277.57 MB peak
[2018.06.21-11.57.15:922][  0]LogMemory: Process Virtual Memory: 265.69 MB used, 265.69 MB peak
[2018.06.21-11.57.15:922][  0]LogMemory: Physical Memory: 5971.82 MB used,  26738.82 MB free, 32710.64 MB total
[2018.06.21-11.57.15:922][  0]LogMemory: Virtual Memory: 4841.50 MB used,  26738.82 MB free, 134217728.00 MB total
[2018.06.21-11.57.15:933][  0]LogInit: Using OS detected language (fr-FR).
[2018.06.21-11.57.15:933][  0]LogInit: Using OS detected locale (fr-FR).
[2018.06.21-11.57.15:935][  0]LogTextLocalizationManager: No localization for 'fr-FR' exists, so 'en' will be used for the language.
[2018.06.21-11.57.16:237][  0]LogStreaming: Display: Took  0.304s to EndInitTextLocalization.
[2018.06.21-11.57.16:237][  0]LogInit: Setting process to per monitor DPI aware
[2018.06.21-11.57.16:260][  0]LogSlate: New Slate User Created.  User Index 0, Is Virtual User: 0
[2018.06.21-11.57.16:260][  0]LogSlate: Slate User Registered.  User Index 0, Is Virtual User: 0
[2018.06.21-11.57.16:385][  0]LogD3D11RHI: D3D11 adapters:
[2018.06.21-11.57.16:432][  0]LogD3D11RHI:    0. 'NVIDIA GeForce GTX 1080' (Feature Level 11_0)
[2018.06.21-11.57.16:432][  0]LogD3D11RHI:       8079/0/16355 MB DedicatedVideo/DedicatedSystem/SharedSystem, Outputs:2, VendorId:0x10de
[2018.06.21-11.57.16:434][  0]LogD3D11RHI:    1. 'Microsoft Basic Render Driver' (Feature Level 11_0)
[2018.06.21-11.57.16:434][  0]LogD3D11RHI:       0/0/16355 MB DedicatedVideo/DedicatedSystem/SharedSystem, Outputs:0, VendorId:0x1414
[2018.06.21-11.57.16:434][  0]LogD3D11RHI: Chosen D3D11 Adapter: 0
[2018.06.21-11.57.16:438][  0]LogD3D11RHI: Creating new Direct3DDevice
[2018.06.21-11.57.16:438][  0]LogD3D11RHI:     GPU DeviceId: 0x1b80 (for the marketing name, search the web for "GPU Device Id")
[2018.06.21-11.57.16:438][  0]LogWindows: EnumDisplayDevices:
[2018.06.21-11.57.16:438][  0]LogWindows:    0. 'NVIDIA GeForce GTX 1080' (P:0 D:1)
[2018.06.21-11.57.16:438][  0]LogWindows:    1. 'NVIDIA GeForce GTX 1080' (P:1 D:1)
[2018.06.21-11.57.16:438][  0]LogWindows:    2. 'NVIDIA GeForce GTX 1080' (P:0 D:0)
[2018.06.21-11.57.16:438][  0]LogWindows:    3. 'NVIDIA GeForce GTX 1080' (P:0 D:0)
[2018.06.21-11.57.16:438][  0]LogWindows: DebugString: GetVideoDriverDetailsInvalid PrimaryIsNotTheChoosenAdapter GetVideoDriverDetailsInvalid PrimaryIsNotTheChoosenAdapter GetVideoDriverDetailsInvalid PrimaryIsNotTheChoosenAdapter GetVideoDriverDetailsInvalid PrimaryIsNotTheChoosenAdapter FoundDriverCount:0 
[2018.06.21-11.57.16:438][  0]LogD3D11RHI:     Adapter Name: NVIDIA GeForce GTX 1080
[2018.06.21-11.57.16:439][  0]LogD3D11RHI:   Driver Version: Unknown (internal:Unknown, unified:Unknown)
[2018.06.21-11.57.16:439][  0]LogD3D11RHI:      Driver Date: Unknown
[2018.06.21-11.57.16:439][  0]LogRHI: Texture pool is 5655 MB (70% of 8079 MB)
[2018.06.21-11.57.16:464][  0]LogD3D11RHI: [Aftermath] Aftermath enabled and primed
[2018.06.21-11.57.16:464][  0]LogD3D11RHI: [Aftermath] Aftermath enabled and primed
[2018.06.21-11.57.16:464][  0]LogD3D11RHI: Async texture creation enabled
[2018.06.21-11.57.16:479][  0]LogD3D11RHI: GPU Timing Frequency: 1000.000000 (Debug: 2 2)
[2018.06.21-11.57.16:522][  0]LogShaderCompilers: Guid format shader working directory is 5 characters bigger than the processId version (../../../../../../Projet/Leap_Test/VR_Vive/Intermediate/Shaders/WorkingDirectory/620/).
[2018.06.21-11.57.16:522][  0]LogShaderCompilers: Cleaned the shader compiler working directory 'C:/Users/Admin/AppData/Local/Temp/UnrealShaderWorkingDir/8FEC797C4966612DC4B7A69EACDDFFD2/'.
[2018.06.21-11.57.16:667][  0]LogTemp: Display: Loaded TP AllDesktopTargetPlatform
[2018.06.21-11.57.16:678][  0]LogTemp: Display: Loaded TP MacClientTargetPlatform
[2018.06.21-11.57.16:689][  0]LogTemp: Display: Loaded TP MacNoEditorTargetPlatform
[2018.06.21-11.57.16:700][  0]LogTemp: Display: Loaded TP MacServerTargetPlatform
[2018.06.21-11.57.16:712][  0]LogTemp: Display: Loaded TP MacTargetPlatform
[2018.06.21-11.57.16:726][  0]LogTemp: Display: Loaded TP WindowsClientTargetPlatform
[2018.06.21-11.57.16:737][  0]LogTemp: Display: Loaded TP WindowsNoEditorTargetPlatform
[2018.06.21-11.57.16:747][  0]LogTemp: Display: Loaded TP WindowsServerTargetPlatform
[2018.06.21-11.57.16:752][  0]LogTemp: Display: Loaded TP WindowsTargetPlatform
[2018.06.21-11.57.16:761][  0]LogTemp: Display: Loaded TP Android_ASTCTargetPlatform
[2018.06.21-11.57.16:770][  0]LogTemp: Display: Loaded TP Android_ATCTargetPlatform
[2018.06.21-11.57.16:780][  0]LogTemp: Display: Loaded TP Android_DXTTargetPlatform
[2018.06.21-11.57.16:790][  0]LogTemp: Display: Loaded TP Android_ETC1aTargetPlatform
[2018.06.21-11.57.16:800][  0]LogTemp: Display: Loaded TP Android_ETC1TargetPlatform
[2018.06.21-11.57.16:812][  0]LogTemp: Display: Loaded TP Android_ETC2TargetPlatform
[2018.06.21-11.57.16:833][  0]LogTemp: Display: Loaded TP Android_MultiTargetPlatform
[2018.06.21-11.57.16:833][  0]LogTemp: Display: Loaded TP Android_PVRTCTargetPlatform
[2018.06.21-11.57.16:847][  0]LogTemp: Display: Loaded TP AndroidTargetPlatform
[2018.06.21-11.57.16:848][  0]LogTemp: Display: Loaded TP HTML5TargetPlatform
[2018.06.21-11.57.16:884][  0]LogTemp: Display: Loaded TP IOSTargetPlatform
[2018.06.21-11.57.16:894][  0]LogTemp: Display: Loaded TP TVOSTargetPlatform
[2018.06.21-11.57.16:907][  0]LogTemp: Display: Loaded TP LinuxClientTargetPlatform
[2018.06.21-11.57.16:920][  0]LogTemp: Display: Loaded TP LinuxNoEditorTargetPlatform
[2018.06.21-11.57.16:932][  0]LogTemp: Display: Loaded TP LinuxServerTargetPlatform
[2018.06.21-11.57.16:943][  0]LogTemp: Display: Loaded TP LinuxTargetPlatform
[2018.06.21-11.57.17:779][  0]LogTargetPlatformManager: Display: Building Assets For Windows
[2018.06.21-11.57.17:855][  0]LogXGEController: Cannot use XGE Controller as Incredibuild is not installed on this machine.
[2018.06.21-11.57.17:855][  0]LogShaderCompilers: Cannot use XGE Shader Compiler as Incredibuild is not installed on this machine.
[2018.06.21-11.57.17:855][  0]LogShaderCompilers: Display: Using Local Shader Compiler.
[2018.06.21-11.57.18:340][  0]LogDerivedDataCache: Display: Max Cache Size: 512 MB
[2018.06.21-11.57.18:387][  0]LogDerivedDataCache: Loaded boot cache 0.05s 75MB C:/Users/Admin/AppData/Local/UnrealEngine/4.19/DerivedDataCache/Boot.ddc.
[2018.06.21-11.57.18:387][  0]LogDerivedDataCache: Display: Loaded Boot cache: C:/Users/Admin/AppData/Local/UnrealEngine/4.19/DerivedDataCache/Boot.ddc
[2018.06.21-11.57.18:387][  0]LogDerivedDataCache: FDerivedDataBackendGraph:  Pak pak cache file ../../../../../../Projet/Leap_Test/VR_Vive/DerivedDataCache/DDC.ddp not found, will not use a pak cache.
[2018.06.21-11.57.18:387][  0]LogDerivedDataCache: Unable to find inner node Pak for hierarchical cache Hierarchy.
[2018.06.21-11.57.18:387][  0]LogDerivedDataCache: FDerivedDataBackendGraph:  CompressedPak pak cache file ../../../../../../Projet/Leap_Test/VR_Vive/DerivedDataCache/Compressed.ddp not found, will not use a pak cache.
[2018.06.21-11.57.18:387][  0]LogDerivedDataCache: Unable to find inner node CompressedPak for hierarchical cache Hierarchy.
[2018.06.21-11.57.18:398][  0]LogDerivedDataCache: Display: Pak cache opened for reading ../../../Engine/DerivedDataCache/Compressed.ddp.
[2018.06.21-11.57.18:410][  0]LogDerivedDataCache: Using Local data cache path C:/Users/Admin/AppData/Local/UnrealEngine/Common/DerivedDataCache: Writable
[2018.06.21-11.57.18:410][  0]LogDerivedDataCache: Shared data cache path not found in *engine.ini, will not use an Shared cache.
[2018.06.21-11.57.18:410][  0]LogDerivedDataCache: Unable to find inner node Shared for hierarchical cache Hierarchy.
[2018.06.21-11.57.18:419][  0]LogMaterial: Verifying Global Shaders for PCD3D_SM5
[2018.06.21-11.57.18:419][  0]LogSlate: Using Freetype 2.6.0
[2018.06.21-11.57.18:420][  0]LogSlate: SlateFontCache - WITH_FREETYPE: 1, WITH_HARFBUZZ: 1
[2018.06.21-11.57.18:420][  0]LogSlate: SlateFontCache - WITH_FREETYPE: 1, WITH_HARFBUZZ: 1
[2018.06.21-11.57.18:505][  0]LogAssetRegistry: FAssetRegistry took 0.0254 seconds to start up
[2018.06.21-11.57.18:731][  0]LogInit: Selected Device Profile: [Windows]
[2018.06.21-11.57.18:833][  0]LogSimplygon: Simplygon DLL not present - disabling.
[2018.06.21-11.57.18:835][  0]LogMeshReduction: Using SimplygonSwarm for distributed automatic mesh merging
[2018.06.21-11.57.18:835][  0]LogMeshReduction: Using QuadricMeshReduction for automatic static mesh reduction
[2018.06.21-11.57.18:835][  0]LogMeshReduction: No automatic skeletal mesh reduction module available
[2018.06.21-11.57.18:835][  0]LogMeshReduction: No automatic mesh merging module available
[2018.06.21-11.57.18:835][  0]LogMeshMerging: No automatic mesh merging module available
[2018.06.21-11.57.18:855][  0]LogNetVersion: VR_Vive , NetCL: 3944462, EngineNetVer: 2, GameNetVer: 0 (Checksum: 3714651950)
[2018.06.21-11.57.19:132][  0]LogPackageLocalizationCache: Processed 9 localized package path(s) for 1 prioritized culture(s) in 0.030177 seconds
[2018.06.21-11.57.19:136][  0]LogUObjectArray: 37180 objects as part of root set at end of initial load.
[2018.06.21-11.57.19:136][  0]LogUObjectAllocator: 7383280 out of 0 bytes used by permanent object pool.
[2018.06.21-11.57.19:136][  0]LogUObjectArray: CloseDisregardForGC: 0/0 objects in disregard for GC pool
[2018.06.21-11.57.20:232][  0]LogTcpMessaging: Initializing TcpMessaging bridge
[2018.06.21-11.57.20:254][  0]LogUdpMessaging: Initializing bridge on interface 0.0.0.0:0 to multicast group 230.0.0.1:6666.
[2018.06.21-11.57.20:470][  0]SourceControl: Source control is disabled
[2018.06.21-11.57.20:470][  0]SourceControl: Source control is disabled
[2018.06.21-11.57.20:480][  0]SourceControl: Source control is disabled
[2018.06.21-11.57.20:490][  0]SourceControl: Source control is disabled
[2018.06.21-11.57.20:803][  0]LogAndroidPermission: UAndroidPermissionCallbackProxy::GetInstance
[2018.06.21-11.57.20:964][  0]LogEngine: Initializing Engine...
[2018.06.21-11.57.21:000][  0]LogHMD: SteamVR initialized.  Driver: lighthouse  Display: LHR-A6C77329
[2018.06.21-11.57.21:001][  0]LogStats: UGameplayTagsManager::ConstructGameplayTagTree: Construct from data asset -  0.000 s
[2018.06.21-11.57.21:001][  0]LogStats: UGameplayTagsManager::ConstructGameplayTagTree: GameplayTagTreeChangedEvent.Broadcast -  0.000 s
[2018.06.21-11.57.21:170][  0]LogAIModule: Creating AISystem for world Untitled
[2018.06.21-11.57.21:179][  0]LogInit: XAudio2 using 'HTC-VIVE (NVIDIA High Definition Audio)' : 2 channels at 48 kHz using 16 bits per sample (channel mask 0x3)
[2018.06.21-11.57.21:221][  0]LogInit: FAudioDevice initialized.
[2018.06.21-11.57.21:284][  0]LogDerivedDataCache: Saved boot cache 0.06s 75MB C:/Users/Admin/AppData/Local/UnrealEngine/4.19/DerivedDataCache/Boot.ddc.
[2018.06.21-11.57.21:289][  0]LogInit: Texture streaming: Enabled
[2018.06.21-11.57.21:300][  0]LogEngineSessionManager: EngineSessionManager initialized
[2018.06.21-11.57.21:308][  0]LogInit: Transaction tracking system initialized
[2018.06.21-11.57.21:322][  0]BlueprintLog: New page: Editor Load
[2018.06.21-11.57.21:372][  0]LocalizationService: Localization service is disabled
[2018.06.21-11.57.21:438][  0]LogConsoleResponse: Display: 
[2018.06.21-11.57.21:534][  0]LogCook: Display: Max memory allowance for cook 16384mb min free memory 0mb
[2018.06.21-11.57.21:534][  0]LogCook: Display: Mobile HDR setting 1
[2018.06.21-11.57.21:534][  0]LogGameplayTags: Display: UGameplayTagsManager::DoneAddingNativeTags. DelegateIsBound: 0
[2018.06.21-11.57.21:534][  0]LogStats: UGameplayTagsManager::ConstructGameplayTagTree: Construct from data asset -  0.000 s
[2018.06.21-11.57.21:534][  0]LogStats: UGameplayTagsManager::ConstructGameplayTagTree: GameplayTagTreeChangedEvent.Broadcast -  0.000 s
[2018.06.21-11.57.21:779][  0]SourceControl: Source control is disabled
[2018.06.21-11.57.21:779][  0]Cmd: MAP LOAD FILE="../../../../../../Projet/Leap_Test/VR_Vive/Content/VirtualRealityBP/Maps/Map1.umap" TEMPLATE=0 SHOWPROGRESS=1 FEATURELEVEL=3
[2018.06.21-11.57.21:779][  0]LightingResults: New page: Lighting Build
[2018.06.21-11.57.21:781][  0]MapCheck: New page: Map Check
[2018.06.21-11.57.21:781][  0]LightingResults: New page: Lighting Build
[2018.06.21-11.57.21:854][  0]LogUObjectGlobals: Created PersistentFrame Addr=0x0000016680cc9d00, Size=240, Default__LeapAnimBodyConnector_C Function /LeapMotion/Blueprints/LeapConnectors/LeapAnimBodyConnector.LeapAnimBodyConnector_C:ExecuteUbergraph_LeapAnimBodyConnector
[2018.06.21-11.57.21:880][  0]LogUObjectGlobals: Destroyed PersistentFrame Addr=0x0000016680cc9d00, Size=240
[2018.06.21-11.57.21:880][  0]LogUObjectGlobals: Created PersistentFrame Addr=0x0000016680cc9d00, Size=240, Default__LeapAnimBodyConnector_C Function /Engine/Transient.REINST_LeapAnimBodyConnector_C_5:ExecuteUbergraph_LeapAnimBodyConnector
[2018.06.21-11.57.21:894][  0]LogUObjectGlobals: Created PersistentFrame Addr=0x00000166814f7800, Size=240, Default__LeapAnimBodyConnector_C Function /LeapMotion/Blueprints/LeapConnectors/LeapAnimBodyConnector.LeapAnimBodyConnector_C:ExecuteUbergraph_LeapAnimBodyConnector
[2018.06.21-11.57.21:934][  0]LogUObjectGlobals: Created PersistentFrame Addr=0x00000166e9f62140, Size=4, Default__spheretst_C Function /Game/Projet/Pupitre/spheretst.spheretst_C:ExecuteUbergraph_spheretst
[2018.06.21-11.57.21:935][  0]LogUObjectGlobals: Destroyed PersistentFrame Addr=0x00000166e9f62140, Size=4
[2018.06.21-11.57.21:935][  0]LogUObjectGlobals: Created PersistentFrame Addr=0x00000166e9f62140, Size=4, Default__spheretst_C Function /Engine/Transient.REINST_spheretst_C_11:ExecuteUbergraph_spheretst
[2018.06.21-11.57.21:936][  0]LogUObjectGlobals: Created PersistentFrame Addr=0x00000166e9f62178, Size=4, Default__spheretst_C Function /Game/Projet/Pupitre/spheretst.spheretst_C:ExecuteUbergraph_spheretst
[2018.06.21-11.57.21:955][  0]LogUObjectGlobals: Created PersistentFrame Addr=0x0000016681451900, Size=32, Default__MediaPlay_C Function /Game/Projet/Widgets/MediaPlay.MediaPlay_C:ExecuteUbergraph_MediaPlay
[2018.06.21-11.57.21:957][  0]LogUObjectGlobals: Destroyed PersistentFrame Addr=0x0000016681451900, Size=32
[2018.06.21-11.57.21:957][  0]LogUObjectGlobals: Created PersistentFrame Addr=0x0000016681451900, Size=32, Default__MediaPlay_C Function /Engine/Transient.REINST_MediaPlay_C_1:ExecuteUbergraph_MediaPlay
[2018.06.21-11.57.21:958][  0]LogUObjectGlobals: Created PersistentFrame Addr=0x00000166814dcfe0, Size=32, Default__MediaPlay_C Function /Game/Projet/Widgets/MediaPlay.MediaPlay_C:ExecuteUbergraph_MediaPlay
[2018.06.21-11.57.21:971][  0]LogUObjectGlobals: Created PersistentFrame Addr=0x00000166fc781590, Size=104, Default__BP_PickupCube_C Function /Game/VirtualRealityBP/Blueprints/BP_PickupCube.BP_PickupCube_C:ExecuteUbergraph_BP_PickupCube
[2018.06.21-11.57.21:973][  0]LogUObjectGlobals: Destroyed PersistentFrame Addr=0x00000166fc781590, Size=104
[2018.06.21-11.57.21:973][  0]LogUObjectGlobals: Created PersistentFrame Addr=0x00000166fc781590, Size=104, Default__BP_PickupCube_C Function /Engine/Transient.REINST_BP_PickupCube_C_23:ExecuteUbergraph_BP_PickupCube
[2018.06.21-11.57.21:975][  0]LogUObjectGlobals: Created PersistentFrame Addr=0x00000166814d4a30, Size=104, Default__BP_PickupCube_C Function /Game/VirtualRealityBP/Blueprints/BP_PickupCube.BP_PickupCube_C:ExecuteUbergraph_BP_PickupCube
[2018.06.21-11.57.21:979][  0]LogUObjectGlobals: Created PersistentFrame Addr=0x00000166814d4720, Size=104, Default__BP_PickupSphere_C Function /Game/VirtualRealityBP/Blueprints/BP_PickupCube.BP_PickupCube_C:ExecuteUbergraph_BP_PickupCube
[2018.06.21-11.57.21:980][  0]LogUObjectGlobals: Destroyed PersistentFrame Addr=0x00000166814d4720, Size=104
[2018.06.21-11.57.21:980][  0]LogUObjectGlobals: Created PersistentFrame Addr=0x00000166814d4720, Size=104, Default__BP_PickupSphere_C Function /Game/VirtualRealityBP/Blueprints/BP_PickupCube.BP_PickupCube_C:ExecuteUbergraph_BP_PickupCube
[2018.06.21-11.57.21:980][  0]LogUObjectGlobals: Created PersistentFrame Addr=0x00000166814d46b0, Size=104, Default__BP_PickupSphere_C Function /Game/VirtualRealityBP/Blueprints/BP_PickupCube.BP_PickupCube_C:ExecuteUbergraph_BP_PickupCube
[2018.06.21-11.57.21:982][  0]LogUObjectGlobals: Created PersistentFrame Addr=0x0000016681c6bd80, Size=160, Default__Spawn_C Function /Game/Projet/Widgets/Spawn.Spawn_C:ExecuteUbergraph_Spawn
[2018.06.21-11.57.21:985][  0]LogUObjectGlobals: Destroyed PersistentFrame Addr=0x0000016681c6bd80, Size=160
[2018.06.21-11.57.21:985][  0]LogUObjectGlobals: Created PersistentFrame Addr=0x0000016681c698a0, Size=160, Default__Spawn_C Function /Engine/Transient.REINST_Spawn_C_2:ExecuteUbergraph_Spawn
[2018.06.21-11.57.21:989][  0]LogUObjectGlobals: Created PersistentFrame Addr=0x0000016681c1ba60, Size=160, Default__Spawn_C Function /Game/Projet/Widgets/Spawn.Spawn_C:ExecuteUbergraph_Spawn
[2018.06.21-11.57.21:994][  0]LogUObjectGlobals: Created PersistentFrame Addr=0x0000016681c8c760, Size=32, Default__Salle_suivante_C Function /Game/Projet/Widgets/Salle_suivante.Salle_suivante_C:ExecuteUbergraph_Salle_suivante
[2018.06.21-11.57.21:996][  0]LogUObjectGlobals: Destroyed PersistentFrame Addr=0x0000016681c8c760, Size=32
[2018.06.21-11.57.21:996][  0]LogUObjectGlobals: Created PersistentFrame Addr=0x0000016681c8c760, Size=32, Default__Salle_suivante_C Function /Engine/Transient.REINST_Salle_suivante_C_3:ExecuteUbergraph_Salle_suivante
[2018.06.21-11.57.21:997][  0]LogUObjectGlobals: Created PersistentFrame Addr=0x0000016681bdb760, Size=32, Default__Salle_suivante_C Function /Game/Projet/Widgets/Salle_suivante.Salle_suivante_C:ExecuteUbergraph_Salle_suivante
[2018.06.21-11.57.22:010][  0]LogUObjectGlobals: Created PersistentFrame Addr=0x0000016681c469f8, Size=24, Default__RightHand_AnimBP_C Function /Game/VirtualReality/Mannequin/Animations/RightHand_AnimBP.RightHand_AnimBP_C:ExecuteUbergraph_RightHand_AnimBP
[2018.06.21-11.57.22:012][  0]LogUObjectGlobals: Destroyed PersistentFrame Addr=0x0000016681c469f8, Size=24
[2018.06.21-11.57.22:012][  0]LogUObjectGlobals: Created PersistentFrame Addr=0x0000016681c469f8, Size=24, Default__RightHand_AnimBP_C Function /Engine/Transient.REINST_RightHand_AnimBP_C_0:ExecuteUbergraph_RightHand_AnimBP
[2018.06.21-11.57.22:014][  0]LogUObjectGlobals: Created PersistentFrame Addr=0x0000016681c45ee8, Size=24, Default__RightHand_AnimBP_C Function /Game/VirtualReality/Mannequin/Animations/RightHand_AnimBP.RightHand_AnimBP_C:ExecuteUbergraph_RightHand_AnimBP
[2018.06.21-11.57.22:042][  0]LogUObjectGlobals: Created PersistentFrame Addr=0x00000166818bfc00, Size=968, Default__BP_MotionController_C Function /Game/VirtualRealityBP/Blueprints/BP_MotionController.BP_MotionController_C:ExecuteUbergraph_BP_MotionController
[2018.06.21-11.57.22:064][  0]LogUObjectGlobals: Destroyed PersistentFrame Addr=0x00000166818bfc00, Size=968
[2018.06.21-11.57.22:064][  0]LogUObjectGlobals: Created PersistentFrame Addr=0x00000166818bfc00, Size=968, Default__BP_MotionController_C Function /Engine/Transient.REINST_BP_MotionController_C_33:ExecuteUbergraph_BP_MotionController
[2018.06.21-11.57.22:082][  0]LogUObjectGlobals: Created PersistentFrame Addr=0x00000166818be000, Size=968, Default__BP_MotionController_C Function /Game/VirtualRealityBP/Blueprints/BP_MotionController.BP_MotionController_C:ExecuteUbergraph_BP_MotionController
[2018.06.21-11.57.22:143][  0]LogUObjectGlobals: Created PersistentFrame Addr=0x0000016684679c20, Size=200, Default__LeapEchoHands_AnimBlueprint_C Function /LeapMotion/Character/Echo/LeapEchoHands_AnimBlueprint.LeapEchoHands_AnimBlueprint_C:ExecuteUbergraph_LeapEchoHands_AnimBlueprint
[2018.06.21-11.57.22:211][  0]LogUObjectGlobals: Destroyed PersistentFrame Addr=0x0000016684679c20, Size=200
[2018.06.21-11.57.22:211][  0]LogUObjectGlobals: Created PersistentFrame Addr=0x0000016684d04fe0, Size=200, Default__LeapEchoHands_AnimBlueprint_C Function /Engine/Transient.REINST_LeapEchoHands_AnimBlueprint_C_1:ExecuteUbergraph_LeapEchoHands_AnimBlueprint
[2018.06.21-11.57.22:261][  0]LogUObjectGlobals: Created PersistentFrame Addr=0x0000016685323c80, Size=200, Default__LeapEchoHands_AnimBlueprint_C Function /LeapMotion/Character/Echo/LeapEchoHands_AnimBlueprint.LeapEchoHands_AnimBlueprint_C:ExecuteUbergraph_LeapEchoHands_AnimBlueprint
[2018.06.21-11.57.22:270][  0]LogUObjectGlobals: Created PersistentFrame Addr=0x00000166853b2680, Size=24, Default__LeapHandsActorBase_C Function /LeapMotion/Blueprints/Rigging/FloatingHands/LeapHandsActorBase.LeapHandsActorBase_C:ExecuteUbergraph_LeapHandsActorBase
[2018.06.21-11.57.22:272][  0]LogUObjectGlobals: Destroyed PersistentFrame Addr=0x00000166853b2680, Size=24
[2018.06.21-11.57.22:272][  0]LogUObjectGlobals: Created PersistentFrame Addr=0x00000166853b2680, Size=24, Default__LeapHandsActorBase_C Function /Engine/Transient.REINST_LeapHandsActorBase_C_42:ExecuteUbergraph_LeapHandsActorBase
[2018.06.21-11.57.22:274][  0]LogUObjectGlobals: Created PersistentFrame Addr=0x00000166853b1258, Size=24, Default__LeapHandsActorBase_C Function /LeapMotion/Blueprints/Rigging/FloatingHands/LeapHandsActorBase.LeapHandsActorBase_C:ExecuteUbergraph_LeapHandsActorBase
[2018.06.21-11.57.22:284][  0]LogUObjectGlobals: Created PersistentFrame Addr=0x000001668527b600, Size=12, Default__LeapRiggedEchoHandsActor_C Function /LeapMotion/Blueprints/Rigging/FloatingHands/LeapRiggedEchoHandsActor.LeapRiggedEchoHandsActor_C:ExecuteUbergraph_LeapRiggedEchoHandsActor
[2018.06.21-11.57.22:284][  0]LogUObjectGlobals: Created PersistentFrame Addr=0x00000166853b2788, Size=24, Default__LeapRiggedEchoHandsActor_C Function /LeapMotion/Blueprints/Rigging/FloatingHands/LeapHandsActorBase.LeapHandsActorBase_C:ExecuteUbergraph_LeapHandsActorBase
[2018.06.21-11.57.22:287][  0]LogUObjectGlobals: Destroyed PersistentFrame Addr=0x000001668527b600, Size=12
[2018.06.21-11.57.22:287][  0]LogUObjectGlobals: Destroyed PersistentFrame Addr=0x00000166853b2788, Size=24
[2018.06.21-11.57.22:287][  0]LogUObjectGlobals: Created PersistentFrame Addr=0x000001668527b600, Size=12, Default__LeapRiggedEchoHandsActor_C Function /Engine/Transient.REINST_LeapRiggedEchoHandsActor_C_44:ExecuteUbergraph_LeapRiggedEchoHandsActor
[2018.06.21-11.57.22:287][  0]LogUObjectGlobals: Created PersistentFrame Addr=0x00000166853b2788, Size=24, Default__LeapRiggedEchoHandsActor_C Function /LeapMotion/Blueprints/Rigging/FloatingHands/LeapHandsActorBase.LeapHandsActorBase_C:ExecuteUbergraph_LeapHandsActorBase
[2018.06.21-11.57.22:289][  0]LogUObjectGlobals: Created PersistentFrame Addr=0x000001668527b650, Size=12, Default__LeapRiggedEchoHandsActor_C Function /LeapMotion/Blueprints/Rigging/FloatingHands/LeapRiggedEchoHandsActor.LeapRiggedEchoHandsActor_C:ExecuteUbergraph_LeapRiggedEchoHandsActor
[2018.06.21-11.57.22:289][  0]LogUObjectGlobals: Created PersistentFrame Addr=0x00000166853b0b20, Size=24, Default__LeapRiggedEchoHandsActor_C Function /LeapMotion/Blueprints/Rigging/FloatingHands/LeapHandsActorBase.LeapHandsActorBase_C:ExecuteUbergraph_LeapHandsActorBase
[2018.06.21-11.57.22:294][  0]LogUObjectGlobals: Created PersistentFrame Addr=0x00000166852b0800, Size=1168, Default__MotionControllerPawn_C Function /Game/VirtualRealityBP/Blueprints/MotionControllerPawn.MotionControllerPawn_C:ExecuteUbergraph_MotionControllerPawn
[2018.06.21-11.57.22:307][  0]LogUObjectGlobals: Destroyed PersistentFrame Addr=0x00000166852b0800, Size=1168
[2018.06.21-11.57.22:307][  0]LogUObjectGlobals: Created PersistentFrame Addr=0x00000166854ddd00, Size=1168, Default__MotionControllerPawn_C Function /Engine/Transient.REINST_MotionControllerPawn_C_46:ExecuteUbergraph_MotionControllerPawn
[2018.06.21-11.57.22:321][  0]LogUObjectGlobals: Created PersistentFrame Addr=0x0000016684ca0800, Size=1168, Default__MotionControllerPawn_C Function /Game/VirtualRealityBP/Blueprints/MotionControllerPawn.MotionControllerPawn_C:ExecuteUbergraph_MotionControllerPawn
[2018.06.21-11.57.22:332][  0]LogUObjectGlobals: Created PersistentFrame Addr=0x0000016684c6f020, Size=32, Default__Salle_suivante_2_C Function /Game/Projet/Widgets/Salle_suivante_2.Salle_suivante_2_C:ExecuteUbergraph_Salle_suivante_2
[2018.06.21-11.57.22:333][  0]LogUObjectGlobals: Destroyed PersistentFrame Addr=0x0000016684c6f020, Size=32
[2018.06.21-11.57.22:333][  0]LogUObjectGlobals: Created PersistentFrame Addr=0x0000016684c6f020, Size=32, Default__Salle_suivante_2_C Function /Engine/Transient.REINST_Salle_suivante_2_C_4:ExecuteUbergraph_Salle_suivante_2
[2018.06.21-11.57.22:334][  0]LogUObjectGlobals: Created PersistentFrame Addr=0x0000016684c6f980, Size=32, Default__Salle_suivante_2_C Function /Game/Projet/Widgets/Salle_suivante_2.Salle_suivante_2_C:ExecuteUbergraph_Salle_suivante_2
[2018.06.21-11.57.22:339][  0]LogUObjectGlobals: Created PersistentFrame Addr=0x0000016684c6f2a0, Size=32, Default__Salle_suivante_3_C Function /Game/Projet/Widgets/Salle_suivante_3.Salle_suivante_3_C:ExecuteUbergraph_Salle_suivante_3
[2018.06.21-11.57.22:340][  0]LogUObjectGlobals: Destroyed PersistentFrame Addr=0x0000016684c6f2a0, Size=32
[2018.06.21-11.57.22:341][  0]LogUObjectGlobals: Created PersistentFrame Addr=0x0000016684c6f2a0, Size=32, Default__Salle_suivante_3_C Function /Engine/Transient.REINST_Salle_suivante_3_C_5:ExecuteUbergraph_Salle_suivante_3
[2018.06.21-11.57.22:341][  0]LogUObjectGlobals: Created PersistentFrame Addr=0x0000016684c6dc80, Size=32, Default__Salle_suivante_3_C Function /Game/Projet/Widgets/Salle_suivante_3.Salle_suivante_3_C:ExecuteUbergraph_Salle_suivante_3
[2018.06.21-11.57.22:389][  0]LogUObjectGlobals: Created PersistentFrame Addr=0x0000016685719800, Size=456, Default__Map1_C Function /Game/VirtualRealityBP/Maps/Map1.Map1_C:ExecuteUbergraph_Map1
[2018.06.21-11.57.22:402][  0]LogUObjectGlobals: Destroyed PersistentFrame Addr=0x0000016685719800, Size=456
[2018.06.21-11.57.22:402][  0]LogUObjectGlobals: Created PersistentFrame Addr=0x0000016685cf2c00, Size=456, Default__Map1_C Function /Engine/Transient.REINST_Map1_C_58:ExecuteUbergraph_Map1
[2018.06.21-11.57.22:412][  0]LogUObjectGlobals: Created PersistentFrame Addr=0x0000016685cf0a00, Size=456, Default__Map1_C Function /Game/VirtualRealityBP/Maps/Map1.Map1_C:ExecuteUbergraph_Map1
[2018.06.21-11.57.22:622][  0]LogSkeletalMesh: Skeletal Mesh found in DDC [0.165547ms] /Game/Projet/Screen/Screen.Screen
[2018.06.21-11.57.22:736][  0]LogSkeletalMesh: Skeletal Mesh found in DDC [0.611961ms] /LeapMotion/Character/Echo/echo_lo_L.echo_lo_L
[2018.06.21-11.57.22:744][  0]LogSkeletalMesh: Skeletal Mesh found in DDC [0.587337ms] /LeapMotion/Character/Echo/echo_lo_R.echo_lo_R
[2018.06.21-11.57.22:862][  0]LogSkeletalMesh: Skeletal Mesh found in DDC [1.256593ms] /Game/VirtualReality/Mannequin/Character/Mesh/MannequinHand_Right.MannequinHand_Right
[2018.06.21-11.57.22:941][  0]LogAIModule: Creating AISystem for world Map1
[2018.06.21-11.57.22:948][  0]LeapPluginLog: InterfaceObject: LeapAnimBodyConnector_C_922
[2018.06.21-11.57.22:950][  0]LeapPluginLog: InterfaceObject: MotionControllerPawn_602
[2018.06.21-11.57.22:954][  0]LeapPluginLog: InterfaceObject: LeapAnimBodyConnector_C_924
[2018.06.21-11.57.22:955][  0]LeapPluginLog: InterfaceObject: MotionControllerPawn_602
[2018.06.21-11.57.22:956][  0]LogEditorServer: Finished looking for orphan Actors (0.000 secs)
[2018.06.21-11.57.22:971][  0]LogUObjectGlobals: Destroyed PersistentFrame Addr=0x0000016680cc9d00, Size=240
[2018.06.21-11.57.22:971][  0]LogUObjectGlobals: Destroyed PersistentFrame Addr=0x00000166e9f62140, Size=4
[2018.06.21-11.57.22:971][  0]LogUObjectGlobals: Destroyed PersistentFrame Addr=0x0000016681451900, Size=32
[2018.06.21-11.57.22:971][  0]LogUObjectGlobals: Destroyed PersistentFrame Addr=0x00000166fc781590, Size=104
[2018.06.21-11.57.22:971][  0]LogUObjectGlobals: Destroyed PersistentFrame Addr=0x00000166814d4720, Size=104
[2018.06.21-11.57.22:971][  0]LogUObjectGlobals: Destroyed PersistentFrame Addr=0x0000016681c698a0, Size=160
[2018.06.21-11.57.22:971][  0]LogUObjectGlobals: Destroyed PersistentFrame Addr=0x0000016681c8c760, Size=32
[2018.06.21-11.57.22:971][  0]LogUObjectGlobals: Destroyed PersistentFrame Addr=0x0000016681c469f8, Size=24
[2018.06.21-11.57.22:971][  0]LogUObjectGlobals: Destroyed PersistentFrame Addr=0x00000166818bfc00, Size=968
[2018.06.21-11.57.22:971][  0]LogUObjectGlobals: Destroyed PersistentFrame Addr=0x0000016684d04fe0, Size=200
[2018.06.21-11.57.22:972][  0]LogUObjectGlobals: Destroyed PersistentFrame Addr=0x00000166853b2680, Size=24
[2018.06.21-11.57.22:972][  0]LogUObjectGlobals: Destroyed PersistentFrame Addr=0x000001668527b600, Size=12
[2018.06.21-11.57.22:972][  0]LogUObjectGlobals: Destroyed PersistentFrame Addr=0x00000166853b2788, Size=24
[2018.06.21-11.57.22:972][  0]LogUObjectGlobals: Destroyed PersistentFrame Addr=0x00000166854ddd00, Size=1168
[2018.06.21-11.57.22:972][  0]LogUObjectGlobals: Destroyed PersistentFrame Addr=0x0000016684c6f020, Size=32
[2018.06.21-11.57.22:972][  0]LogUObjectGlobals: Destroyed PersistentFrame Addr=0x0000016684c6f2a0, Size=32
[2018.06.21-11.57.22:972][  0]LogUObjectGlobals: Destroyed PersistentFrame Addr=0x0000016685cf2c00, Size=456
[2018.06.21-11.57.23:029][  0]Cmd: MAP CHECKDEP NOCLEARLOG
[2018.06.21-11.57.23:073][  0]MapCheck: Map check complete: 0 Error(s), 0 Warning(s), took 43,671ms to complete.
[2018.06.21-11.57.23:073][  0]LogFileHelpers: Loading map 'Map1' took 1.294
[2018.06.21-11.57.23:196][  0]LogCollectionManager: Loaded 0 collections in 0.001004 seconds
[2018.06.21-11.57.23:237][  0]LogFileCache: Scanning file cache for directory 'C:/Projet/Leap_Test/VR_Vive/Saved/Collections/' took 0.01s
[2018.06.21-11.57.23:237][  0]LogFileCache: Scanning file cache for directory 'C:/Projet/Leap_Test/VR_Vive/Content/Developers/Admin/Collections/' took 0.01s
[2018.06.21-11.57.23:237][  0]LogFileCache: Scanning file cache for directory 'C:/Projet/Leap_Test/VR_Vive/Content/Collections/' took 0.01s
[2018.06.21-11.57.23:237][  0]LogCollectionManager: Rebuilt the GUID cache for 0 collections in 0.000000 seconds
[2018.06.21-11.57.23:244][  0]LogContentBrowser: Native class hierarchy populated in 0.0067 seconds. Added 2476 classes and 561 folders.
[2018.06.21-11.57.23:250][  0]LogContentBrowser: Native class hierarchy updated for 'WidgetCarousel' in 0.0002 seconds. Added 0 classes and 0 folders.
[2018.06.21-11.57.23:275][  0]LogContentBrowser: Native class hierarchy updated for 'AddContentDialog' in 0.0002 seconds. Added 0 classes and 0 folders.
[2018.06.21-11.57.23:281][  0]LogContentBrowser: Native class hierarchy updated for 'SceneOutliner' in 0.0002 seconds. Added 1 classes and 2 folders.
[2018.06.21-11.57.23:337][  0]LogSlate: Took 0.000204 seconds to synchronously load lazily loaded font '../../../Engine/Content/Slate/Fonts/Roboto-Regular.ttf' (155K)
[2018.06.21-11.57.23:340][  0]LogSlate: Took 0.000166 seconds to synchronously load lazily loaded font '../../../Engine/Content/Slate/Fonts/Roboto-Bold.ttf' (160K)
[2018.06.21-11.57.23:344][  0]LogSlate: Took 0.000141 seconds to synchronously load lazily loaded font '../../../Engine/Content/Editor/Slate/Fonts/FontAwesome.ttf' (139K)
[2018.06.21-11.57.23:418][  0]LogRenderer: Reallocating scene render targets to support 1144x668 Format 10 NumSamples 1 (Frame:1).
[2018.06.21-11.57.23:453][  0]LogSlate: Took 0.000143 seconds to synchronously load lazily loaded font '../../../Engine/Content/Slate/Fonts/Roboto-Light.ttf' (167K)
[2018.06.21-11.57.23:508][  0]LogContentBrowser: Native class hierarchy updated for 'HierarchicalLODOutliner' in 0.0002 seconds. Added 0 classes and 0 folders.
[2018.06.21-11.57.23:508][  0]LogLoad: (Engine Initialization) Total time: 9.14 seconds
[2018.06.21-11.57.23:508][  0]LogLoad: (Engine Initialization) Total Blueprint compile time: 0.00 seconds
[2018.06.21-11.57.23:526][  0]LogWindowsTextInputMethodSystem: Display: IME system now deactivated.
[2018.06.21-11.57.23:549][  0]LogContentStreaming: Texture pool size now 3000 MB
[2018.06.21-11.57.23:615][  1]LogAssetRegistry: Asset discovery search completed in 5.1326 seconds
[2018.06.21-11.57.23:617][  1]LogCollectionManager: Rebuilt the object cache for 0 collections in 0.000000 seconds (found 0 objects)
[2018.06.21-11.57.23:617][  1]LogCollectionManager: Fixed up redirectors for 0 collections in 0.000041 seconds (updated 0 objects)
[2018.06.21-11.57.27:395][448]LogSlate: FSceneViewport::OnFocusLost() reason 0
[2018.06.21-11.57.27:533][464]LogSlate: Took 0.000134 seconds to synchronously load lazily loaded font '../../../Engine/Content/Slate/Fonts/Roboto-Light.ttf' (167K)
[2018.06.21-11.57.27:548][464]Cmd: MAP LOAD FILE="../../../../../../Projet/Leap_Test/VR_Vive/Content/VirtualRealityBP/Maps/Map1.umap" TEMPLATE=0 SHOWPROGRESS=1 FEATURELEVEL=3
[2018.06.21-11.57.27:548][464]LightingResults: New page: Lighting Build
[2018.06.21-11.57.27:548][464]LoadErrors: New page: Loading map: Map1.umap
[2018.06.21-11.57.27:550][464]MapCheck: New page: Map Check
[2018.06.21-11.57.27:550][464]LightingResults: New page: Lighting Build
[2018.06.21-11.57.27:560][464]LogUObjectGlobals: Destroyed PersistentFrame Addr=0x0000016685cf0a00, Size=456
[2018.06.21-11.57.27:602][464]LogUObjectGlobals: Created PersistentFrame Addr=0x000001669d61b600, Size=456, Default__Map1_C Function /Game/VirtualRealityBP/Maps/Map1.Map1_C:ExecuteUbergraph_Map1
[2018.06.21-11.57.27:614][464]LogUObjectGlobals: Destroyed PersistentFrame Addr=0x000001669d61b600, Size=456
[2018.06.21-11.57.27:614][464]LogUObjectGlobals: Created PersistentFrame Addr=0x000001668e677a00, Size=456, Default__Map1_C Function /Engine/Transient.REINST_Map1_C_60:ExecuteUbergraph_Map1
[2018.06.21-11.57.27:625][464]LogUObjectGlobals: Created PersistentFrame Addr=0x0000016685ca1a00, Size=456, Default__Map1_C Function /Game/VirtualRealityBP/Maps/Map1.Map1_C:ExecuteUbergraph_Map1
[2018.06.21-11.57.27:692][464]LogAIModule: Creating AISystem for world Map1
[2018.06.21-11.57.27:697][464]LeapPluginLog: InterfaceObject: LeapAnimBodyConnector_C_922
[2018.06.21-11.57.27:698][464]LeapPluginLog: InterfaceObject: MotionControllerPawn_602
[2018.06.21-11.57.27:701][464]LeapPluginLog: InterfaceObject: LeapAnimBodyConnector_C_924
[2018.06.21-11.57.27:703][464]LeapPluginLog: InterfaceObject: MotionControllerPawn_602
[2018.06.21-11.57.27:772][464]LogEditorServer: Finished looking for orphan Actors (0.000 secs)
[2018.06.21-11.57.27:784][464]LogUObjectGlobals: Destroyed PersistentFrame Addr=0x000001668e677a00, Size=456
[2018.06.21-11.57.27:865][464]Cmd: MAP CHECKDEP NOCLEARLOG
[2018.06.21-11.57.27:908][464]MapCheck: Map check complete: 0 Error(s), 0 Warning(s), took 42,887ms to complete.
[2018.06.21-11.57.27:909][464]LogFileHelpers: Loading map 'Map1' took 0.362
[2018.06.21-11.57.29:465][645]LogUObjectGlobals: Created PersistentFrame Addr=0x000001669d556300, Size=32, Default__bp_sphere_lancer_C Function /Game/VirtualRealityBP/Blueprints/bp_sphere_lancer.bp_sphere_lancer_C:ExecuteUbergraph_bp_sphere_lancer
[2018.06.21-11.57.29:465][645]LogUObjectGlobals: Created PersistentFrame Addr=0x00000166b2fbd910, Size=104, Default__bp_sphere_lancer_C Function /Game/VirtualRealityBP/Blueprints/BP_PickupCube.BP_PickupCube_C:ExecuteUbergraph_BP_PickupCube
[2018.06.21-11.57.29:469][645]LogUObjectGlobals: Destroyed PersistentFrame Addr=0x000001669d556300, Size=32
[2018.06.21-11.57.29:469][645]LogUObjectGlobals: Destroyed PersistentFrame Addr=0x00000166b2fbd910, Size=104
[2018.06.21-11.57.29:469][645]LogUObjectGlobals: Created PersistentFrame Addr=0x000001668e925780, Size=32, Default__bp_sphere_lancer_C Function /Engine/Transient.REINST_bp_sphere_lancer_C_62:ExecuteUbergraph_bp_sphere_lancer
[2018.06.21-11.57.29:469][645]LogUObjectGlobals: Created PersistentFrame Addr=0x00000166b2fbd910, Size=104, Default__bp_sphere_lancer_C Function /Game/VirtualRealityBP/Blueprints/BP_PickupCube.BP_PickupCube_C:ExecuteUbergraph_BP_PickupCube
[2018.06.21-11.57.29:471][645]LogUObjectGlobals: Created PersistentFrame Addr=0x000001668e926d20, Size=32, Default__bp_sphere_lancer_C Function /Game/VirtualRealityBP/Blueprints/bp_sphere_lancer.bp_sphere_lancer_C:ExecuteUbergraph_bp_sphere_lancer
[2018.06.21-11.57.29:471][645]LogUObjectGlobals: Created PersistentFrame Addr=0x0000016684fa97c0, Size=104, Default__bp_sphere_lancer_C Function /Game/VirtualRealityBP/Blueprints/BP_PickupCube.BP_PickupCube_C:ExecuteUbergraph_BP_PickupCube
[2018.06.21-11.57.29:480][645]LogUObjectGlobals: Created PersistentFrame Addr=0x000001668e9271e0, Size=32, Default__PickupSphere_C Function /Game/VirtualRealityBP/Blueprints/PickupSphere.PickupSphere_C:ExecuteUbergraph_PickupSphere
[2018.06.21-11.57.29:483][645]LogUObjectGlobals: Destroyed PersistentFrame Addr=0x000001668e9271e0, Size=32
[2018.06.21-11.57.29:483][645]LogUObjectGlobals: Created PersistentFrame Addr=0x0000016684ccec40, Size=32, Default__PickupSphere_C Function /Engine/Transient.REINST_PickupSphere_C_64:ExecuteUbergraph_PickupSphere
[2018.06.21-11.57.29:486][645]LogUObjectGlobals: Created PersistentFrame Addr=0x0000016685c50120, Size=32, Default__PickupSphere_C Function /Game/VirtualRealityBP/Blueprints/PickupSphere.PickupSphere_C:ExecuteUbergraph_PickupSphere
[2018.06.21-11.57.29:838][645]LogUObjectGlobals: Created PersistentFrame Addr=0x00000166ef2d7500, Size=232, Default__MotionControllerMap_C Function /Game/VirtualRealityBP/Maps/MotionControllerMap.MotionControllerMap_C:ExecuteUbergraph_MotionControllerMap
[2018.06.21-11.57.29:843][645]LogUObjectGlobals: Destroyed PersistentFrame Addr=0x00000166ef2d7500, Size=232
[2018.06.21-11.57.29:843][645]LogUObjectGlobals: Created PersistentFrame Addr=0x00000166ef2d7500, Size=232, Default__MotionControllerMap_C Function /Engine/Transient.REINST_MotionControllerMap_C_66:ExecuteUbergraph_MotionControllerMap
[2018.06.21-11.57.29:847][645]LogUObjectGlobals: Created PersistentFrame Addr=0x0000016720659900, Size=232, Default__MotionControllerMap_C Function /Game/VirtualRealityBP/Maps/MotionControllerMap.MotionControllerMap_C:ExecuteUbergraph_MotionControllerMap
[2018.06.21-11.57.31:076][645]LogAIModule: Creating AISystem for world MotionControllerMap
[2018.06.21-11.57.31:080][645]LeapPluginLog: InterfaceObject: LeapAnimBodyConnector_C_0
[2018.06.21-11.57.31:081][645]LeapPluginLog: InterfaceObject: MotionControllerPawn_289
[2018.06.21-11.57.31:102][645]LogUObjectGlobals: Destroyed PersistentFrame Addr=0x00000166ef2d7500, Size=232
[2018.06.21-11.57.31:102][645]LogUObjectGlobals: Destroyed PersistentFrame Addr=0x0000016684ccec40, Size=32
[2018.06.21-11.57.31:102][645]LogUObjectGlobals: Destroyed PersistentFrame Addr=0x000001668e925780, Size=32
[2018.06.21-11.57.31:102][645]LogUObjectGlobals: Destroyed PersistentFrame Addr=0x00000166b2fbd910, Size=104
[2018.06.21-11.57.31:103][645]Cmd: MAP LOAD FILE="../../../../../../Projet/Leap_Test/VR_Vive/Content/VirtualRealityBP/Maps/MotionControllerMap.umap" TEMPLATE=0 SHOWPROGRESS=1 FEATURELEVEL=3
[2018.06.21-11.57.31:103][645]LightingResults: New page: Lighting Build
[2018.06.21-11.57.31:104][645]LoadErrors: New page: Loading map: MotionControllerMap.umap
[2018.06.21-11.57.31:105][645]MapCheck: New page: Map Check
[2018.06.21-11.57.31:105][645]LightingResults: New page: Lighting Build
[2018.06.21-11.57.31:120][645]LogUObjectGlobals: Destroyed PersistentFrame Addr=0x0000016685ca1a00, Size=456
[2018.06.21-11.57.31:149][645]LeapPluginLog: InterfaceObject: LeapAnimBodyConnector_C_2
[2018.06.21-11.57.31:151][645]LeapPluginLog: InterfaceObject: MotionControllerPawn_289
[2018.06.21-11.57.31:153][645]LeapPluginLog: InterfaceObject: LeapAnimBodyConnector_C_4
[2018.06.21-11.57.31:154][645]LeapPluginLog: InterfaceObject: MotionControllerPawn_289
[2018.06.21-11.57.31:243][645]LogEditorServer: Finished looking for orphan Actors (0.000 secs)
[2018.06.21-11.57.31:334][645]Cmd: MAP CHECKDEP NOCLEARLOG
[2018.06.21-11.57.31:383][645]MapCheck: Map check complete: 0 Error(s), 0 Warning(s), took 48,892ms to complete.
[2018.06.21-11.57.31:383][645]LogFileHelpers: Loading map 'MotionControllerMap' took 0.281
[2018.06.21-12.49.04:572][242]LogInit: XAudio2 using 'HTC-VIVE (NVIDIA High Definition Audio)' : 2 channels at 48 kHz using 16 bits per sample (channel mask 0x3)
[2018.06.21-13.01.10:516][998]LogInit: XAudio2 using 'HTC-VIVE (NVIDIA High Definition Audio)' : 2 channels at 48 kHz using 16 bits per sample (channel mask 0x3)
