Log file open, 05/22/18 16:13:57
LogWindows: Failed to load 'aqProf.dll' (GetLastError=126)
LogWindows: File 'aqProf.dll' does not exist
LogWindows: Failed to load 'VtuneApi.dll' (GetLastError=126)
LogWindows: File 'VtuneApi.dll' does not exist
LogWindows: Failed to load 'VtuneApi32e.dll' (GetLastError=126)
LogWindows: File 'VtuneApi32e.dll' does not exist
LogInit: Display: Running engine for game: VR_Vive
LogPlatformFile: Not using cached read wrapper
LogInit: Display: RandInit(511403382) SRandInit(511403382).
LogInit: Read version file with build ID '3944462'
LogInit: Overriding engine version to CL 4033788, compatible CL 3944462
LogInit: Registered custom module enumerator with build ID '3944462'
LogTaskGraph: Started task graph with 5 named threads and 23 total threads with 3 sets of task threads.
LogStats: Stats thread started at 0.255191
LogD3D11RHI: Aftermath initialized
LogICUInternationalization: Display: ICU TimeZone Detection - Raw Offset: +1:00, Platform Override: ''
LogModuleManager: Display: Found up-to-date module file ../../../Engine/Plugins/Media/MfMedia/Binaries/Win64/UE4Editor-MfMediaEditor.dll (API version 3944462).
LogModuleManager: Display: Found up-to-date module file ../../../Engine/Plugins/Media/MfMedia/Binaries/Win64/UE4Editor-MfMediaFactory.dll (API version 3944462).
LogModuleManager: Display: Found up-to-date module file ../../../Engine/Plugins/Runtime/LeapMotion/Binaries/Win64/UE4Editor-LeapMotion.dll (API version 3944462).
LogModuleManager: Display: Found up-to-date module file ../../../Engine/Plugins/2D/Paper2D/Binaries/Win64/UE4Editor-Paper2D.dll (API version 3944462).
LogModuleManager: Display: Found up-to-date module file ../../../Engine/Plugins/2D/Paper2D/Binaries/Win64/UE4Editor-Paper2DEditor.dll (API version 3944462).
LogModuleManager: Display: Found up-to-date module file ../../../Engine/Plugins/2D/Paper2D/Binaries/Win64/UE4Editor-PaperSpriteSheetImporter.dll (API version 3944462).
LogModuleManager: Display: Found up-to-date module file ../../../Engine/Plugins/2D/Paper2D/Binaries/Win64/UE4Editor-PaperTiledImporter.dll (API version 3944462).
LogModuleManager: Display: Found up-to-date module file ../../../Engine/Plugins/2D/Paper2D/Binaries/Win64/UE4Editor-SmartSnapping.dll (API version 3944462).
LogModuleManager: Display: Found up-to-date module file ../../../Engine/Plugins/Blendables/LightPropagationVolume/Binaries/Win64/UE4Editor-LightPropagationVolumeRuntime.dll (API version 3944462).
LogModuleManager: Display: Found up-to-date module file ../../../Engine/Plugins/Blendables/LightPropagationVolume/Binaries/Win64/UE4Editor-LightPropagationVolumeEditor.dll (API version 3944462).
LogModuleManager: Display: Found up-to-date module file ../../../Engine/Plugins/Developer/CLionSourceCodeAccess/Binaries/Win64/UE4Editor-CLionSourceCodeAccess.dll (API version 3944462).
LogModuleManager: Display: Found up-to-date module file ../../../Engine/Plugins/Developer/GitSourceControl/Binaries/Win64/UE4Editor-GitSourceControl.dll (API version 3944462).
LogModuleManager: Display: Found up-to-date module file ../../../Engine/Plugins/Developer/PerforceSourceControl/Binaries/Win64/UE4Editor-PerforceSourceControl.dll (API version 3944462).
LogModuleManager: Display: Found up-to-date module file ../../../Engine/Plugins/Developer/SubversionSourceControl/Binaries/Win64/UE4Editor-SubversionSourceControl.dll (API version 3944462).
LogModuleManager: Display: Found up-to-date module file ../../../Engine/Plugins/Developer/UObjectPlugin/Binaries/Win64/UE4Editor-UObjectPlugin.dll (API version 3944462).
LogModuleManager: Display: Found up-to-date module file ../../../Engine/Plugins/Developer/VisualStudioCodeSourceCodeAccess/Binaries/Win64/UE4Editor-VisualStudioCodeSourceCodeAccess.dll (API version 3944462).
LogModuleManager: Display: Found up-to-date module file ../../../Engine/Plugins/Developer/VisualStudioSourceCodeAccess/Binaries/Win64/UE4Editor-VisualStudioSourceCodeAccess.dll (API version 3944462).
LogModuleManager: Display: Found up-to-date module file ../../../Engine/Plugins/Editor/AssetManagerEditor/Binaries/Win64/UE4Editor-AssetManagerEditor.dll (API version 3944462).
LogModuleManager: Display: Found up-to-date module file ../../../Engine/Plugins/Editor/CryptoKeys/Binaries/Win64/UE4Editor-CryptoKeys.dll (API version 3944462).
LogModuleManager: Display: Found up-to-date module file ../../../Engine/Plugins/Editor/CryptoKeys/Binaries/Win64/UE4Editor-CryptoKeysOpenSSL.dll (API version 3944462).
LogModuleManager: Display: Found up-to-date module file ../../../Engine/Plugins/Editor/DataValidation/Binaries/Win64/UE4Editor-DataValidation.dll (API version 3944462).
LogModuleManager: Display: Found up-to-date module file ../../../Engine/Plugins/Editor/FacialAnimation/Binaries/Win64/UE4Editor-FacialAnimation.dll (API version 3944462).
LogModuleManager: Display: Found up-to-date module file ../../../Engine/Plugins/Editor/FacialAnimation/Binaries/Win64/UE4Editor-FacialAnimationEditor.dll (API version 3944462).
LogModuleManager: Display: Found up-to-date module file ../../../Engine/Plugins/Editor/GameplayTagsEditor/Binaries/Win64/UE4Editor-GameplayTagsEditor.dll (API version 3944462).
LogModuleManager: Display: Found up-to-date module file ../../../Engine/Plugins/Editor/MobileLauncherProfileWizard/Binaries/Win64/UE4Editor-MobileLauncherProfileWizard.dll (API version 3944462).
LogModuleManager: Display: Found up-to-date module file ../../../Engine/Plugins/Editor/PluginBrowser/Binaries/Win64/UE4Editor-PluginBrowser.dll (API version 3944462).
LogModuleManager: Display: Found up-to-date module file ../../../Engine/Plugins/Editor/SpeedTreeImporter/Binaries/Win64/UE4Editor-SpeedTreeImporter.dll (API version 3944462).
LogModuleManager: Display: Found up-to-date module file ../../../Engine/Plugins/Enterprise/DatasmithContent/Binaries/Win64/UE4Editor-DatasmithContent.dll (API version 3944462).
LogModuleManager: Display: Found up-to-date module file ../../../Engine/Plugins/Experimental/AlembicImporter/Binaries/Win64/UE4Editor-AlembicImporter.dll (API version 3944462).
LogModuleManager: Display: Found up-to-date module file ../../../Engine/Plugins/Experimental/AlembicImporter/Binaries/Win64/UE4Editor-AlembicLibrary.dll (API version 3944462).
LogModuleManager: Display: Found up-to-date module file ../../../Engine/Plugins/Experimental/CharacterAI/Binaries/Win64/UE4Editor-CharacterAI.dll (API version 3944462).
LogModuleManager: Display: Found up-to-date module file ../../../Engine/Plugins/Experimental/HTML5Networking/Binaries/Win64/UE4Editor-HTML5Networking.dll (API version 3944462).
LogModuleManager: Display: Found up-to-date module file ../../../Engine/Plugins/Media/AndroidMedia/Binaries/Win64/UE4Editor-AndroidMediaEditor.dll (API version 3944462).
LogModuleManager: Display: Found up-to-date module file ../../../Engine/Plugins/Media/AndroidMedia/Binaries/Win64/UE4Editor-AndroidMediaFactory.dll (API version 3944462).
LogModuleManager: Display: Found up-to-date module file ../../../Engine/Plugins/Media/AvfMedia/Binaries/Win64/UE4Editor-AvfMediaEditor.dll (API version 3944462).
LogModuleManager: Display: Found up-to-date module file ../../../Engine/Plugins/Media/AvfMedia/Binaries/Win64/UE4Editor-AvfMediaFactory.dll (API version 3944462).
LogModuleManager: Display: Found up-to-date module file ../../../Engine/Plugins/Media/AvfMedia/Binaries/Win64/UE4Editor-AvfMediaFactory.dll (API version 3944462).
LogModuleManager: Display: Found up-to-date module file ../../../Engine/Plugins/Media/ImgMedia/Binaries/Win64/UE4Editor-ImgMedia.dll (API version 3944462).
LogModuleManager: Display: Found up-to-date module file ../../../Engine/Plugins/Media/ImgMedia/Binaries/Win64/UE4Editor-ImgMediaEditor.dll (API version 3944462).
LogModuleManager: Display: Found up-to-date module file ../../../Engine/Plugins/Media/ImgMedia/Binaries/Win64/UE4Editor-ImgMediaFactory.dll (API version 3944462).
LogModuleManager: Display: Found up-to-date module file ../../../Engine/Plugins/Media/ImgMedia/Binaries/Win64/UE4Editor-ImgMediaFactory.dll (API version 3944462).
LogModuleManager: Display: Found up-to-date module file ../../../Engine/Plugins/Media/ImgMedia/Binaries/Win64/UE4Editor-OpenExrWrapper.dll (API version 3944462).
LogModuleManager: Display: Found up-to-date module file ../../../Engine/Plugins/Media/LinearTimecode/Binaries/Win64/UE4Editor-LinearTimecode.dll (API version 3944462).
LogModuleManager: Display: Found up-to-date module file ../../../Engine/Plugins/Media/MediaCompositing/Binaries/Win64/UE4Editor-MediaCompositing.dll (API version 3944462).
LogModuleManager: Display: Found up-to-date module file ../../../Engine/Plugins/Media/MediaCompositing/Binaries/Win64/UE4Editor-MediaCompositingEditor.dll (API version 3944462).
LogModuleManager: Display: Found up-to-date module file ../../../Engine/Plugins/Media/MediaPlayerEditor/Binaries/Win64/UE4Editor-MediaPlayerEditor.dll (API version 3944462).
LogModuleManager: Display: Found up-to-date module file ../../../Engine/Plugins/Media/WmfMedia/Binaries/Win64/UE4Editor-WmfMedia.dll (API version 3944462).
LogModuleManager: Display: Found up-to-date module file ../../../Engine/Plugins/Media/WmfMedia/Binaries/Win64/UE4Editor-WmfMediaEditor.dll (API version 3944462).
LogModuleManager: Display: Found up-to-date module file ../../../Engine/Plugins/Media/WmfMedia/Binaries/Win64/UE4Editor-WmfMediaFactory.dll (API version 3944462).
LogModuleManager: Display: Found up-to-date module file ../../../Engine/Plugins/Media/WmfMedia/Binaries/Win64/UE4Editor-WmfMediaFactory.dll (API version 3944462).
LogModuleManager: Display: Found up-to-date module file ../../../Engine/Plugins/Messaging/TcpMessaging/Binaries/Win64/UE4Editor-TcpMessaging.dll (API version 3944462).
LogModuleManager: Display: Found up-to-date module file ../../../Engine/Plugins/Messaging/UdpMessaging/Binaries/Win64/UE4Editor-UdpMessaging.dll (API version 3944462).
LogModuleManager: Display: Found up-to-date module file ../../../Engine/Plugins/MovieScene/ActorSequence/Binaries/Win64/UE4Editor-ActorSequence.dll (API version 3944462).
LogModuleManager: Display: Found up-to-date module file ../../../Engine/Plugins/MovieScene/LevelSequenceEditor/Binaries/Win64/UE4Editor-LevelSequenceEditor.dll (API version 3944462).
LogModuleManager: Display: Found up-to-date module file ../../../Engine/Plugins/MovieScene/MatineeToLevelSequence/Binaries/Win64/UE4Editor-MatineeToLevelSequence.dll (API version 3944462).
LogModuleManager: Display: Found up-to-date module file ../../../Engine/Plugins/NetcodeUnitTest/NetcodeUnitTest/Binaries/Win64/UE4Editor-NetcodeUnitTest.dll (API version 3944462).
LogModuleManager: Display: Found up-to-date module file ../../../Engine/Plugins/NetcodeUnitTest/NUTUnrealEngine4/Binaries/Win64/UE4Editor-NUTUnrealEngine4.dll (API version 3944462).
LogModuleManager: Display: Found up-to-date module file ../../../Engine/Plugins/Online/OnlineSubsystem/Binaries/Win64/UE4Editor-OnlineSubsystem.dll (API version 3944462).
LogModuleManager: Display: Found up-to-date module file ../../../Engine/Plugins/Runtime/AndroidPermission/Binaries/Win64/UE4Editor-AndroidPermission.dll (API version 3944462).
LogModuleManager: Display: Found up-to-date module file ../../../Engine/Plugins/Online/OnlineSubsystemNull/Binaries/Win64/UE4Editor-OnlineSubsystemNull.dll (API version 3944462).
LogModuleManager: Display: Found up-to-date module file ../../../Engine/Plugins/Online/OnlineSubsystemUtils/Binaries/Win64/UE4Editor-OnlineSubsystemUtils.dll (API version 3944462).
LogModuleManager: Display: Found up-to-date module file ../../../Engine/Plugins/Online/OnlineSubsystemUtils/Binaries/Win64/UE4Editor-OnlineBlueprintSupport.dll (API version 3944462).
LogModuleManager: Display: Found up-to-date module file ../../../Engine/Plugins/Runtime/AndroidDeviceProfileSelector/Binaries/Win64/UE4Editor-AndroidDeviceProfileSelector.dll (API version 3944462).
LogModuleManager: Display: Found up-to-date module file ../../../Engine/Plugins/Runtime/AppleARKit/Binaries/Win64/UE4Editor-AppleARKit.dll (API version 3944462).
LogModuleManager: Display: Found up-to-date module file ../../../Engine/Plugins/Runtime/ProceduralMeshComponent/Binaries/Win64/UE4Editor-ProceduralMeshComponent.dll (API version 3944462).
LogModuleManager: Display: Found up-to-date module file ../../../Engine/Plugins/Runtime/ProceduralMeshComponent/Binaries/Win64/UE4Editor-ProceduralMeshComponentEditor.dll (API version 3944462).
LogModuleManager: Display: Found up-to-date module file ../../../Engine/Plugins/Animation/LiveLink/Binaries/Win64/UE4Editor-LiveLink.dll (API version 3944462).
LogModuleManager: Display: Found up-to-date module file ../../../Engine/Plugins/Animation/LiveLink/Binaries/Win64/UE4Editor-LiveLinkEditor.dll (API version 3944462).
LogModuleManager: Display: Found up-to-date module file ../../../Engine/Plugins/Runtime/ArchVisCharacter/Binaries/Win64/UE4Editor-ArchVisCharacter.dll (API version 3944462).
LogModuleManager: Display: Found up-to-date module file ../../../Engine/Plugins/Runtime/AudioCapture/Binaries/Win64/UE4Editor-AudioCapture.dll (API version 3944462).
LogModuleManager: Display: Found up-to-date module file ../../../Engine/Plugins/Runtime/AudioCapture/Binaries/Win64/UE4Editor-AudioCaptureEditor.dll (API version 3944462).
LogModuleManager: Display: Found up-to-date module file ../../../Engine/Plugins/Runtime/CableComponent/Binaries/Win64/UE4Editor-CableComponent.dll (API version 3944462).
LogModuleManager: Display: Found up-to-date module file ../../../Engine/Plugins/Runtime/CustomMeshComponent/Binaries/Win64/UE4Editor-CustomMeshComponent.dll (API version 3944462).
LogModuleManager: Display: Found up-to-date module file ../../../Engine/Plugins/Runtime/ExampleDeviceProfileSelector/Binaries/Win64/UE4Editor-ExampleDeviceProfileSelector.dll (API version 3944462).
LogModuleManager: Display: Found up-to-date module file ../../../Engine/Plugins/Runtime/ImmediatePhysics/Binaries/Win64/UE4Editor-ImmediatePhysics.dll (API version 3944462).
LogModuleManager: Display: Found up-to-date module file ../../../Engine/Plugins/Runtime/ImmediatePhysics/Binaries/Win64/UE4Editor-ImmediatePhysicsEditor.dll (API version 3944462).
LogModuleManager: Display: Found up-to-date module file ../../../Engine/Plugins/Runtime/LocationServicesBPLibrary/Binaries/Win64/UE4Editor-LocationServicesBPLibrary.dll (API version 3944462).
LogModuleManager: Display: Found up-to-date module file ../../../Engine/Plugins/Runtime/MobilePatchingUtils/Binaries/Win64/UE4Editor-MobilePatchingUtils.dll (API version 3944462).
LogModuleManager: Display: Found up-to-date module file ../../../Engine/Plugins/Runtime/PhysXVehicles/Binaries/Win64/UE4Editor-PhysXVehicles.dll (API version 3944462).
LogModuleManager: Display: Found up-to-date module file ../../../Engine/Plugins/Runtime/PhysXVehicles/Binaries/Win64/UE4Editor-PhysXVehiclesEditor.dll (API version 3944462).
LogModuleManager: Display: Found up-to-date module file ../../../Engine/Plugins/Runtime/RuntimePhysXCooking/Binaries/Win64/UE4Editor-RuntimePhysXCooking.dll (API version 3944462).
LogModuleManager: Display: Found up-to-date module file ../../../Engine/Plugins/Runtime/Steam/SteamVR/Binaries/Win64/UE4Editor-SteamVR.dll (API version 3944462).
LogModuleManager: Display: Found up-to-date module file ../../../Engine/Plugins/Runtime/Steam/SteamVR/Binaries/Win64/UE4Editor-SteamVRController.dll (API version 3944462).
LogModuleManager: Display: Found up-to-date module file ../../../Engine/Plugins/Runtime/WindowsMoviePlayer/Binaries/Win64/UE4Editor-WindowsMoviePlayer.dll (API version 3944462).
LogPluginManager: Mounting plugin Paper2D
LogPluginManager: Mounting plugin LiveLink
LogPluginManager: Mounting plugin LightPropagationVolume
LogPluginManager: Mounting plugin CLionSourceCodeAccess
LogPluginManager: Mounting plugin CodeLiteSourceCodeAccess
LogPluginManager: Mounting plugin GitSourceControl
LogPluginManager: Mounting plugin KDevelopSourceCodeAccess
LogPluginManager: Mounting plugin NullSourceCodeAccess
LogPluginManager: Mounting plugin PerforceSourceControl
LogPluginManager: Mounting plugin SubversionSourceControl
LogPluginManager: Mounting plugin UObjectPlugin
LogPluginManager: Mounting plugin VisualStudioCodeSourceCodeAccess
LogPluginManager: Mounting plugin VisualStudioSourceCodeAccess
LogPluginManager: Mounting plugin XCodeSourceCodeAccess
LogPluginManager: Mounting plugin AssetManagerEditor
LogPluginManager: Mounting plugin CryptoKeys
LogPluginManager: Mounting plugin DataValidation
LogPluginManager: Mounting plugin FacialAnimation
LogPluginManager: Mounting plugin GameplayTagsEditor
LogPluginManager: Mounting plugin MobileLauncherProfileWizard
LogPluginManager: Mounting plugin PluginBrowser
LogPluginManager: Mounting plugin SpeedTreeImporter
LogPluginManager: Mounting plugin DatasmithContent
LogPluginManager: Mounting plugin AlembicImporter
LogPluginManager: Mounting plugin CharacterAI
LogPluginManager: Mounting plugin HTML5Networking
LogPluginManager: Mounting plugin AndroidMedia
LogPluginManager: Mounting plugin AvfMedia
LogPluginManager: Mounting plugin ImgMedia
LogPluginManager: Mounting plugin LinearTimecode
LogPluginManager: Mounting plugin MediaCompositing
LogPluginManager: Mounting plugin MediaPlayerEditor
LogPluginManager: Mounting plugin MfMedia
LogPluginManager: Mounting plugin WmfMedia
LogPluginManager: Mounting plugin TcpMessaging
LogPluginManager: Mounting plugin UdpMessaging
LogPluginManager: Mounting plugin ActorSequence
LogPluginManager: Mounting plugin LevelSequenceEditor
LogPluginManager: Mounting plugin MatineeToLevelSequence
LogPluginManager: Mounting plugin NetcodeUnitTest
LogPluginManager: Mounting plugin NUTUnrealEngine4
LogPluginManager: Mounting plugin OnlineSubsystemGooglePlay
LogPluginManager: Mounting plugin OnlineSubsystemIOS
LogPluginManager: Mounting plugin OnlineSubsystem
LogPluginManager: Mounting plugin OnlineSubsystemNull
LogPluginManager: Mounting plugin OnlineSubsystemUtils
LogPluginManager: Mounting plugin AndroidDeviceProfileSelector
LogPluginManager: Mounting plugin AndroidMoviePlayer
LogPluginManager: Mounting plugin AndroidPermission
LogPluginManager: Mounting plugin AppleARKit
LogPluginManager: Mounting plugin AppleMoviePlayer
LogPluginManager: Mounting plugin ArchVisCharacter
LogPluginManager: Mounting plugin AudioCapture
LogPluginManager: Mounting plugin CableComponent
LogPluginManager: Mounting plugin CustomMeshComponent
LogPluginManager: Mounting plugin ExampleDeviceProfileSelector
LogPluginManager: Mounting plugin GoogleCloudMessaging
LogPluginManager: Mounting plugin ImmediatePhysics
LogPluginManager: Mounting plugin IOSDeviceProfileSelector
LogPluginManager: Mounting plugin LeapMotion
LogPluginManager: Mounting plugin LinuxDeviceProfileSelector
LogPluginManager: Mounting plugin LocationServicesBPLibrary
LogPluginManager: Mounting plugin MobilePatchingUtils
LogPluginManager: Mounting plugin PhysXVehicles
LogPluginManager: Mounting plugin ProceduralMeshComponent
LogPluginManager: Mounting plugin RuntimePhysXCooking
LogPluginManager: Mounting plugin SteamVR
LogPluginManager: Mounting plugin WindowsMoviePlayer
LogStreaming: Display: Took  0.660s to configure plugins.
LogInit: Using libcurl 7.47.1
LogInit:  - built for x86_64-pc-win32
LogInit:  - supports SSL with OpenSSL/1.0.2g
LogInit:  - supports HTTP deflate (compression) using libz 1.2.8
LogInit:  - other features:
LogInit:      CURL_VERSION_SSL
LogInit:      CURL_VERSION_LIBZ
LogInit:      CURL_VERSION_IPV6
LogInit:      CURL_VERSION_ASYNCHDNS
LogInit:      CURL_VERSION_LARGEFILE
LogInit:      CURL_VERSION_IDN
LogInit:  CurlRequestOptions (configurable via config and command line):
LogInit:  - bVerifyPeer = false  - Libcurl will NOT verify peer certificate
LogInit:  - bUseHttpProxy = false  - Libcurl will NOT use HTTP proxy
LogInit:  - bDontReuseConnections = false  - Libcurl will reuse connections
LogInit:  - CertBundlePath = nullptr  - Libcurl will use whatever was configured at build time.
LogInit:  - MaxHostConnections = 16  - Libcurl will limit the number of connections to a host
LogInit:  - LocalHostAddr = Default
LogInit: WinSock: version 1.1 (2.2), MaxSocks=32767, MaxUdp=65467
LogInit: WinSock: I am DESKTOP-TQJUSPE (192.168.179.90:0)
LeapPluginLog: Using LeapPlugin version 2.0.0
LogInit: Build: ++UE4+Release-4.19-CL-4033788
LogInit: Engine Version: 4.19.2-4033788+++UE4+Release-4.19
LogInit: Compatible Engine Version: 4.19.0-3944462+++UE4+Release-4.19
LogInit: Net CL: 3944462
LogDevObjectVersion: Number of dev versions registered: 18
LogDevObjectVersion:   Dev-Blueprints (B0D832E4-1F89-4F0D-ACCF-7EB736FD4AA2): 10
LogDevObjectVersion:   Dev-Build (E1C64328-A22C-4D53-A36C-8E866417BD8C): 0
LogDevObjectVersion:   Dev-Core (375EC13C-06E4-48FB-B500-84F0262A717E): 2
LogDevObjectVersion:   Dev-Editor (E4B068ED-F494-42E9-A231-DA0B2E46BB41): 23
LogDevObjectVersion:   Dev-Framework (CFFC743F-43B0-4480-9391-14DF171D2073): 33
LogDevObjectVersion:   Dev-Mobile (B02B49B5-BB20-44E9-A304-32B752E40360): 2
LogDevObjectVersion:   Dev-Networking (A4E4105C-59A1-49B5-A7C5-40C4547EDFEE): 0
LogDevObjectVersion:   Dev-Online (39C831C9-5AE6-47DC-9A44-9C173E1C8E7C): 0
LogDevObjectVersion:   Dev-Physics (78F01B33-EBEA-4F98-B9B4-84EACCB95AA2): 0
LogDevObjectVersion:   Dev-Platform (6631380F-2D4D-43E0-8009-CF276956A95A): 0
LogDevObjectVersion:   Dev-Rendering (12F88B9F-8875-4AFC-A67C-D90C383ABD29): 25
LogDevObjectVersion:   Dev-Sequencer (7B5AE74C-D270-4C10-A958-57980B212A5A): 6
LogDevObjectVersion:   Dev-VR (D7296918-1DD6-4BDD-9DE2-64A83CC13884): 1
LogDevObjectVersion:   Dev-LoadTimes (C2A15278-BFE7-4AFE-6C17-90FF531DF755): 1
LogDevObjectVersion:   Private-Geometry (6EACA3D4-40EC-4CC1-B786-8BED09428FC5): 2
LogDevObjectVersion:   Dev-AnimPhys (29E575DD-E0A3-4627-9D10-D276232CDCEA): 16
LogDevObjectVersion:   Dev-ReflectionCapture (6B266CEC-1EC7-4B8F-A30B-E4D90942FC07): 1
LogDevObjectVersion:   Dev-Automation (0DF73D61-A23F-47EA-B727-89E90C41499A): 1
LogInit: Compiled (64-bit): Apr 27 2018 02:06:57
LogInit: Compiled with Visual C++: 19.00.24215.01
LogInit: Build Configuration: Development
LogInit: Branch Name: ++UE4+Release-4.19
LogInit: Command Line: -EpicPortal 
LogInit: Base Directory: C:/Program Files/Epic Games/UE_4.19/Engine/Binaries/Win64/
LogInit: Installed Engine Build: 1
LogStreaming: Display: Took  0.004s to delete old logs.
LogInit: Presizing for max 8388607 objects, including 0 objects not considered by GC, pre-allocating 0 bytes for permanent pool.
LogInit: Object subsystem initialized
[2018.05.22-14.13.58:389][  0]LogInit: Selected Device Profile: [Windows]
[2018.05.22-14.13.58:389][  0]LogInit: Applying CVar settings loaded from the selected device profile: [Windows]
[2018.05.22-14.13.58:401][  0]LogInit: Computer: DESKTOP-TQJUSPE
[2018.05.22-14.13.58:401][  0]LogInit: User: Admin
[2018.05.22-14.13.58:401][  0]LogInit: CPU Page size=4096, Cores=4
[2018.05.22-14.13.58:401][  0]LogInit: High frequency timer resolution =4.101565 MHz
[2018.05.22-14.13.58:401][  0]LogMemory: Memory total: Physical=31.9GB (32GB approx)
[2018.05.22-14.13.58:401][  0]LogMemory: Platform Memory Stats for Windows
[2018.05.22-14.13.58:401][  0]LogMemory: Process Physical Memory: 278.09 MB used, 278.09 MB peak
[2018.05.22-14.13.58:402][  0]LogMemory: Process Virtual Memory: 277.53 MB used, 277.53 MB peak
[2018.05.22-14.13.58:402][  0]LogMemory: Physical Memory: 4480.38 MB used,  28230.25 MB free, 32710.64 MB total
[2018.05.22-14.13.58:402][  0]LogMemory: Virtual Memory: 4853.50 MB used,  28230.25 MB free, 134217728.00 MB total
[2018.05.22-14.13.58:413][  0]LogInit: Using OS detected language (fr-FR).
[2018.05.22-14.13.58:413][  0]LogInit: Using OS detected locale (fr-FR).
[2018.05.22-14.13.58:415][  0]LogTextLocalizationManager: No localization for 'fr-FR' exists, so 'en' will be used for the language.
[2018.05.22-14.13.58:736][  0]LogStreaming: Display: Took  0.324s to EndInitTextLocalization.
[2018.05.22-14.13.58:736][  0]LogInit: Setting process to per monitor DPI aware
[2018.05.22-14.13.58:749][  0]LogSlate: New Slate User Created.  User Index 0, Is Virtual User: 0
[2018.05.22-14.13.58:749][  0]LogSlate: Slate User Registered.  User Index 0, Is Virtual User: 0
[2018.05.22-14.13.58:877][  0]LogD3D11RHI: D3D11 adapters:
[2018.05.22-14.13.58:913][  0]LogD3D11RHI:    0. 'NVIDIA GeForce GTX 1080' (Feature Level 11_0)
[2018.05.22-14.13.58:913][  0]LogD3D11RHI:       8079/0/16355 MB DedicatedVideo/DedicatedSystem/SharedSystem, Outputs:1, VendorId:0x10de
[2018.05.22-14.13.58:915][  0]LogD3D11RHI:    1. 'Microsoft Basic Render Driver' (Feature Level 11_0)
[2018.05.22-14.13.58:915][  0]LogD3D11RHI:       0/0/16355 MB DedicatedVideo/DedicatedSystem/SharedSystem, Outputs:0, VendorId:0x1414
[2018.05.22-14.13.58:915][  0]LogD3D11RHI: Chosen D3D11 Adapter: 0
[2018.05.22-14.13.58:919][  0]LogD3D11RHI: Creating new Direct3DDevice
[2018.05.22-14.13.58:919][  0]LogD3D11RHI:     GPU DeviceId: 0x1b80 (for the marketing name, search the web for "GPU Device Id")
[2018.05.22-14.13.58:919][  0]LogWindows: EnumDisplayDevices:
[2018.05.22-14.13.58:920][  0]LogWindows:    0. 'NVIDIA GeForce GTX 1080' (P:1 D:1)
[2018.05.22-14.13.58:920][  0]LogWindows:    1. 'NVIDIA GeForce GTX 1080' (P:0 D:0)
[2018.05.22-14.13.58:920][  0]LogWindows:    2. 'NVIDIA GeForce GTX 1080' (P:0 D:0)
[2018.05.22-14.13.58:920][  0]LogWindows:    3. 'NVIDIA GeForce GTX 1080' (P:0 D:0)
[2018.05.22-14.13.58:920][  0]LogWindows: DebugString: GetVideoDriverDetailsInvalid PrimaryIsNotTheChoosenAdapter GetVideoDriverDetailsInvalid PrimaryIsNotTheChoosenAdapter GetVideoDriverDetailsInvalid PrimaryIsNotTheChoosenAdapter GetVideoDriverDetailsInvalid PrimaryIsNotTheChoosenAdapter FoundDriverCount:0 
[2018.05.22-14.13.58:920][  0]LogD3D11RHI:     Adapter Name: NVIDIA GeForce GTX 1080
[2018.05.22-14.13.58:920][  0]LogD3D11RHI:   Driver Version: Unknown (internal:Unknown, unified:Unknown)
[2018.05.22-14.13.58:920][  0]LogD3D11RHI:      Driver Date: Unknown
[2018.05.22-14.13.58:920][  0]LogRHI: Texture pool is 5655 MB (70% of 8079 MB)
[2018.05.22-14.13.58:949][  0]LogD3D11RHI: [Aftermath] Aftermath enabled and primed
[2018.05.22-14.13.58:949][  0]LogD3D11RHI: [Aftermath] Aftermath enabled and primed
[2018.05.22-14.13.58:949][  0]LogD3D11RHI: Async texture creation enabled
[2018.05.22-14.13.58:965][  0]LogD3D11RHI: GPU Timing Frequency: 1000.000000 (Debug: 2 2)
[2018.05.22-14.13.59:008][  0]LogShaderCompilers: Guid format shader working directory is 3 characters bigger than the processId version (../../../../../../Projet/Leap Test/VR_Vive/Intermediate/Shaders/WorkingDirectory/10456/).
[2018.05.22-14.13.59:008][  0]LogShaderCompilers: Cleaned the shader compiler working directory 'C:/Users/Admin/AppData/Local/Temp/UnrealShaderWorkingDir/F4BD37124AE63FB711CF4D86083C3B11/'.
[2018.05.22-14.13.59:155][  0]LogTemp: Display: Loaded TP AllDesktopTargetPlatform
[2018.05.22-14.13.59:165][  0]LogTemp: Display: Loaded TP MacClientTargetPlatform
[2018.05.22-14.13.59:175][  0]LogTemp: Display: Loaded TP MacNoEditorTargetPlatform
[2018.05.22-14.13.59:185][  0]LogTemp: Display: Loaded TP MacServerTargetPlatform
[2018.05.22-14.13.59:195][  0]LogTemp: Display: Loaded TP MacTargetPlatform
[2018.05.22-14.13.59:205][  0]LogTemp: Display: Loaded TP WindowsClientTargetPlatform
[2018.05.22-14.13.59:215][  0]LogTemp: Display: Loaded TP WindowsNoEditorTargetPlatform
[2018.05.22-14.13.59:225][  0]LogTemp: Display: Loaded TP WindowsServerTargetPlatform
[2018.05.22-14.13.59:229][  0]LogTemp: Display: Loaded TP WindowsTargetPlatform
[2018.05.22-14.13.59:238][  0]LogTemp: Display: Loaded TP Android_ASTCTargetPlatform
[2018.05.22-14.13.59:247][  0]LogTemp: Display: Loaded TP Android_ATCTargetPlatform
[2018.05.22-14.13.59:258][  0]LogTemp: Display: Loaded TP Android_DXTTargetPlatform
[2018.05.22-14.13.59:268][  0]LogTemp: Display: Loaded TP Android_ETC1aTargetPlatform
[2018.05.22-14.13.59:278][  0]LogTemp: Display: Loaded TP Android_ETC1TargetPlatform
[2018.05.22-14.13.59:287][  0]LogTemp: Display: Loaded TP Android_ETC2TargetPlatform
[2018.05.22-14.13.59:306][  0]LogTemp: Display: Loaded TP Android_MultiTargetPlatform
[2018.05.22-14.13.59:306][  0]LogTemp: Display: Loaded TP Android_PVRTCTargetPlatform
[2018.05.22-14.13.59:319][  0]LogTemp: Display: Loaded TP AndroidTargetPlatform
[2018.05.22-14.13.59:320][  0]LogTemp: Display: Loaded TP HTML5TargetPlatform
[2018.05.22-14.13.59:356][  0]LogTemp: Display: Loaded TP IOSTargetPlatform
[2018.05.22-14.13.59:366][  0]LogTemp: Display: Loaded TP TVOSTargetPlatform
[2018.05.22-14.13.59:376][  0]LogTemp: Display: Loaded TP LinuxClientTargetPlatform
[2018.05.22-14.13.59:386][  0]LogTemp: Display: Loaded TP LinuxNoEditorTargetPlatform
[2018.05.22-14.13.59:397][  0]LogTemp: Display: Loaded TP LinuxServerTargetPlatform
[2018.05.22-14.13.59:407][  0]LogTemp: Display: Loaded TP LinuxTargetPlatform
[2018.05.22-14.13.59:407][  0]LogTargetPlatformManager: Display: Building Assets For Windows
[2018.05.22-14.13.59:490][  0]LogXGEController: Cannot use XGE Controller as Incredibuild is not installed on this machine.
[2018.05.22-14.13.59:490][  0]LogShaderCompilers: Cannot use XGE Shader Compiler as Incredibuild is not installed on this machine.
[2018.05.22-14.13.59:490][  0]LogShaderCompilers: Display: Using Local Shader Compiler.
[2018.05.22-14.13.59:998][  0]LogDerivedDataCache: Display: Max Cache Size: 512 MB
[2018.05.22-14.14.00:054][  0]LogDerivedDataCache: Loaded boot cache 0.06s 88MB C:/Users/Admin/AppData/Local/UnrealEngine/4.19/DerivedDataCache/Boot.ddc.
[2018.05.22-14.14.00:054][  0]LogDerivedDataCache: Display: Loaded Boot cache: C:/Users/Admin/AppData/Local/UnrealEngine/4.19/DerivedDataCache/Boot.ddc
[2018.05.22-14.14.00:054][  0]LogDerivedDataCache: FDerivedDataBackendGraph:  Pak pak cache file ../../../../../../Projet/Leap Test/VR_Vive/DerivedDataCache/DDC.ddp not found, will not use a pak cache.
[2018.05.22-14.14.00:054][  0]LogDerivedDataCache: Unable to find inner node Pak for hierarchical cache Hierarchy.
[2018.05.22-14.14.00:054][  0]LogDerivedDataCache: FDerivedDataBackendGraph:  CompressedPak pak cache file ../../../../../../Projet/Leap Test/VR_Vive/DerivedDataCache/Compressed.ddp not found, will not use a pak cache.
[2018.05.22-14.14.00:054][  0]LogDerivedDataCache: Unable to find inner node CompressedPak for hierarchical cache Hierarchy.
[2018.05.22-14.14.00:066][  0]LogDerivedDataCache: Display: Pak cache opened for reading ../../../Engine/DerivedDataCache/Compressed.ddp.
[2018.05.22-14.14.00:078][  0]LogDerivedDataCache: Using Local data cache path C:/Users/Admin/AppData/Local/UnrealEngine/Common/DerivedDataCache: Writable
[2018.05.22-14.14.00:078][  0]LogDerivedDataCache: Shared data cache path not found in *engine.ini, will not use an Shared cache.
[2018.05.22-14.14.00:078][  0]LogDerivedDataCache: Unable to find inner node Shared for hierarchical cache Hierarchy.
[2018.05.22-14.14.00:088][  0]LogMaterial: Verifying Global Shaders for PCD3D_SM5
[2018.05.22-14.14.00:088][  0]LogSlate: Using Freetype 2.6.0
[2018.05.22-14.14.00:088][  0]LogSlate: SlateFontCache - WITH_FREETYPE: 1, WITH_HARFBUZZ: 1
[2018.05.22-14.14.00:088][  0]LogSlate: SlateFontCache - WITH_FREETYPE: 1, WITH_HARFBUZZ: 1
[2018.05.22-14.14.00:175][  0]LogAssetRegistry: FAssetRegistry took 0.0249 seconds to start up
[2018.05.22-14.14.00:412][  0]LogInit: Selected Device Profile: [Windows]
[2018.05.22-14.14.00:519][  0]LogSimplygon: Simplygon DLL not present - disabling.
[2018.05.22-14.14.00:521][  0]LogMeshReduction: Using SimplygonSwarm for distributed automatic mesh merging
[2018.05.22-14.14.00:521][  0]LogMeshReduction: Using QuadricMeshReduction for automatic static mesh reduction
[2018.05.22-14.14.00:521][  0]LogMeshReduction: No automatic skeletal mesh reduction module available
[2018.05.22-14.14.00:521][  0]LogMeshReduction: No automatic mesh merging module available
[2018.05.22-14.14.00:521][  0]LogMeshMerging: No automatic mesh merging module available
[2018.05.22-14.14.00:540][  0]LogNetVersion: VR_Vive , NetCL: 3944462, EngineNetVer: 2, GameNetVer: 0 (Checksum: 3714651950)
[2018.05.22-14.14.00:852][  0]LogPackageLocalizationCache: Processed 9 localized package path(s) for 1 prioritized culture(s) in 0.036448 seconds
[2018.05.22-14.14.00:856][  0]LogUObjectArray: 37180 objects as part of root set at end of initial load.
[2018.05.22-14.14.00:857][  0]LogUObjectAllocator: 7383288 out of 0 bytes used by permanent object pool.
[2018.05.22-14.14.00:857][  0]LogUObjectArray: CloseDisregardForGC: 0/0 objects in disregard for GC pool
[2018.05.22-14.14.02:018][  0]LogTcpMessaging: Initializing TcpMessaging bridge
[2018.05.22-14.14.02:042][  0]LogUdpMessaging: Initializing bridge on interface 0.0.0.0:0 to multicast group 230.0.0.1:6666.
[2018.05.22-14.14.02:285][  0]SourceControl: Source control is disabled
[2018.05.22-14.14.02:285][  0]SourceControl: Source control is disabled
[2018.05.22-14.14.02:300][  0]SourceControl: Source control is disabled
[2018.05.22-14.14.02:313][  0]SourceControl: Source control is disabled
[2018.05.22-14.14.02:648][  0]LogAndroidPermission: UAndroidPermissionCallbackProxy::GetInstance
[2018.05.22-14.14.02:831][  0]LogEngine: Initializing Engine...
[2018.05.22-14.14.03:378][  0]LogHMD: SteamVR initialized.  Driver: lighthouse  Display: LHR-A6C77329
[2018.05.22-14.14.03:380][  0]LogStats: UGameplayTagsManager::ConstructGameplayTagTree: Construct from data asset -  0.000 s
[2018.05.22-14.14.03:380][  0]LogStats: UGameplayTagsManager::ConstructGameplayTagTree: GameplayTagTreeChangedEvent.Broadcast -  0.000 s
[2018.05.22-14.14.03:554][  0]LogAIModule: Creating AISystem for world Untitled
[2018.05.22-14.14.03:561][  0]LogInit: XAudio2 using 'Haut-parleurs (HTC Vive)' : 2 channels at 44.1 kHz using 16 bits per sample (channel mask 0x3)
[2018.05.22-14.14.03:568][  0]LogInit: FAudioDevice initialized.
[2018.05.22-14.14.03:638][  0]LogDerivedDataCache: Saved boot cache 0.07s 88MB C:/Users/Admin/AppData/Local/UnrealEngine/4.19/DerivedDataCache/Boot.ddc.
[2018.05.22-14.14.03:654][  0]LogInit: Texture streaming: Enabled
[2018.05.22-14.14.03:665][  0]LogEngineSessionManager: EngineSessionManager initialized
[2018.05.22-14.14.03:674][  0]LogInit: Transaction tracking system initialized
[2018.05.22-14.14.03:689][  0]BlueprintLog: New page: Editor Load
[2018.05.22-14.14.03:737][  0]LocalizationService: Localization service is disabled
[2018.05.22-14.14.03:799][  0]LogConsoleResponse: Display: 
[2018.05.22-14.14.03:982][  0]LogCook: Display: Max memory allowance for cook 16384mb min free memory 0mb
[2018.05.22-14.14.03:982][  0]LogCook: Display: Mobile HDR setting 0
[2018.05.22-14.14.03:982][  0]LogGameplayTags: Display: UGameplayTagsManager::DoneAddingNativeTags. DelegateIsBound: 0
[2018.05.22-14.14.03:982][  0]LogStats: UGameplayTagsManager::ConstructGameplayTagTree: Construct from data asset -  0.000 s
[2018.05.22-14.14.03:982][  0]LogStats: UGameplayTagsManager::ConstructGameplayTagTree: GameplayTagTreeChangedEvent.Broadcast -  0.000 s
[2018.05.22-14.14.04:218][  0]SourceControl: Source control is disabled
[2018.05.22-14.14.04:218][  0]Cmd: MAP LOAD FILE="../../../../../../Projet/Leap Test/VR_Vive/Content/VirtualRealityBP/Maps/Map1.umap" TEMPLATE=0 SHOWPROGRESS=1 FEATURELEVEL=3
[2018.05.22-14.14.04:218][  0]LightingResults: New page: Lighting Build
[2018.05.22-14.14.04:220][  0]MapCheck: New page: Map Check
[2018.05.22-14.14.04:220][  0]LightingResults: New page: Lighting Build
[2018.05.22-14.14.04:320][  0]LogUObjectGlobals: Created PersistentFrame Addr=0x000001fd27cbd308, Size=4, Default__spheretst_C Function /Game/Projet/Pupitre/spheretst.spheretst_C:ExecuteUbergraph_spheretst
[2018.05.22-14.14.04:321][  0]LogUObjectGlobals: Destroyed PersistentFrame Addr=0x000001fd27cbd308, Size=4
[2018.05.22-14.14.04:321][  0]LogUObjectGlobals: Created PersistentFrame Addr=0x000001fd27cbd308, Size=4, Default__spheretst_C Function /Engine/Transient.REINST_spheretst_C_5:ExecuteUbergraph_spheretst
[2018.05.22-14.14.04:322][  0]LogUObjectGlobals: Created PersistentFrame Addr=0x000001fd27cbd4b0, Size=4, Default__spheretst_C Function /Game/Projet/Pupitre/spheretst.spheretst_C:ExecuteUbergraph_spheretst
[2018.05.22-14.14.04:418][  0]LogUObjectGlobals: Created PersistentFrame Addr=0x000001fd2834ecc0, Size=32, Default__BP_PickupCube_C Function /Game/VirtualRealityBP/Blueprints/BP_PickupCube.BP_PickupCube_C:ExecuteUbergraph_BP_PickupCube
[2018.05.22-14.14.04:420][  0]LogUObjectGlobals: Destroyed PersistentFrame Addr=0x000001fd2834ecc0, Size=32
[2018.05.22-14.14.04:420][  0]LogUObjectGlobals: Created PersistentFrame Addr=0x000001fd2834ecc0, Size=32, Default__BP_PickupCube_C Function /Engine/Transient.REINST_BP_PickupCube_C_14:ExecuteUbergraph_BP_PickupCube
[2018.05.22-14.14.04:421][  0]LogUObjectGlobals: Created PersistentFrame Addr=0x000001fd2834dbc0, Size=32, Default__BP_PickupCube_C Function /Game/VirtualRealityBP/Blueprints/BP_PickupCube.BP_PickupCube_C:ExecuteUbergraph_BP_PickupCube
[2018.05.22-14.14.04:450][  0]LogUObjectGlobals: Created PersistentFrame Addr=0x000001fd2834db60, Size=32, Default__BP_PickupSphere_C Function /Game/VirtualRealityBP/Blueprints/BP_PickupCube.BP_PickupCube_C:ExecuteUbergraph_BP_PickupCube
[2018.05.22-14.14.04:452][  0]LogUObjectGlobals: Destroyed PersistentFrame Addr=0x000001fd2834db60, Size=32
[2018.05.22-14.14.04:452][  0]LogUObjectGlobals: Created PersistentFrame Addr=0x000001fd2834db60, Size=32, Default__BP_PickupSphere_C Function /Game/VirtualRealityBP/Blueprints/BP_PickupCube.BP_PickupCube_C:ExecuteUbergraph_BP_PickupCube
[2018.05.22-14.14.04:452][  0]LogUObjectGlobals: Created PersistentFrame Addr=0x000001fd2834dbe0, Size=32, Default__BP_PickupSphere_C Function /Game/VirtualRealityBP/Blueprints/BP_PickupCube.BP_PickupCube_C:ExecuteUbergraph_BP_PickupCube
[2018.05.22-14.14.04:454][  0]LogUObjectGlobals: Created PersistentFrame Addr=0x000001fd2821e8e0, Size=160, Default__Spawn_C Function /Game/Projet/Widgets/Spawn.Spawn_C:ExecuteUbergraph_Spawn
[2018.05.22-14.14.04:457][  0]LogUObjectGlobals: Destroyed PersistentFrame Addr=0x000001fd2821e8e0, Size=160
[2018.05.22-14.14.04:457][  0]LogUObjectGlobals: Created PersistentFrame Addr=0x000001fd2821c400, Size=160, Default__Spawn_C Function /Engine/Transient.REINST_Spawn_C_1:ExecuteUbergraph_Spawn
[2018.05.22-14.14.04:460][  0]LogUObjectGlobals: Created PersistentFrame Addr=0x000001fd27afbf60, Size=160, Default__Spawn_C Function /Game/Projet/Widgets/Spawn.Spawn_C:ExecuteUbergraph_Spawn
[2018.05.22-14.14.04:474][  0]LogUObjectGlobals: Created PersistentFrame Addr=0x000001fd34712770, Size=16, Default__Menu_C Function /Game/Projet/Widgets/Menu.Menu_C:ExecuteUbergraph_Menu
[2018.05.22-14.14.04:478][  0]LogUObjectGlobals: Destroyed PersistentFrame Addr=0x000001fd34712770, Size=16
[2018.05.22-14.14.04:478][  0]LogUObjectGlobals: Created PersistentFrame Addr=0x000001fd34712770, Size=16, Default__Menu_C Function /Engine/Transient.REINST_Menu_C_2:ExecuteUbergraph_Menu
[2018.05.22-14.14.04:480][  0]LogUObjectGlobals: Created PersistentFrame Addr=0x000001fd34712750, Size=16, Default__Menu_C Function /Game/Projet/Widgets/Menu.Menu_C:ExecuteUbergraph_Menu
[2018.05.22-14.14.04:529][  0]LogUObjectGlobals: Created PersistentFrame Addr=0x000001fd2822e1a0, Size=24, Default__RightHand_AnimBP_C Function /Game/VirtualReality/Mannequin/Animations/RightHand_AnimBP.RightHand_AnimBP_C:ExecuteUbergraph_RightHand_AnimBP
[2018.05.22-14.14.04:533][  0]LogUObjectGlobals: Destroyed PersistentFrame Addr=0x000001fd2822e1a0, Size=24
[2018.05.22-14.14.04:533][  0]LogUObjectGlobals: Created PersistentFrame Addr=0x000001fd2822e1a0, Size=24, Default__RightHand_AnimBP_C Function /Engine/Transient.REINST_RightHand_AnimBP_C_0:ExecuteUbergraph_RightHand_AnimBP
[2018.05.22-14.14.04:535][  0]LogUObjectGlobals: Created PersistentFrame Addr=0x000001fd2822d690, Size=24, Default__RightHand_AnimBP_C Function /Game/VirtualReality/Mannequin/Animations/RightHand_AnimBP.RightHand_AnimBP_C:ExecuteUbergraph_RightHand_AnimBP
[2018.05.22-14.14.04:639][  0]LogUObjectGlobals: Created PersistentFrame Addr=0x000001fd27ae4800, Size=968, Default__BP_MotionController_C Function /Game/VirtualRealityBP/Blueprints/BP_MotionController.BP_MotionController_C:ExecuteUbergraph_BP_MotionController
[2018.05.22-14.14.04:661][  0]LogUObjectGlobals: Destroyed PersistentFrame Addr=0x000001fd27ae4800, Size=968
[2018.05.22-14.14.04:661][  0]LogUObjectGlobals: Created PersistentFrame Addr=0x000001fd28c4ec00, Size=968, Default__BP_MotionController_C Function /Engine/Transient.REINST_BP_MotionController_C_24:ExecuteUbergraph_BP_MotionController
[2018.05.22-14.14.04:681][  0]LogUObjectGlobals: Created PersistentFrame Addr=0x000001fd28c4e000, Size=968, Default__BP_MotionController_C Function /Game/VirtualRealityBP/Blueprints/BP_MotionController.BP_MotionController_C:ExecuteUbergraph_BP_MotionController
[2018.05.22-14.14.04:687][  0]LogUObjectGlobals: Created PersistentFrame Addr=0x000001fd28c4d000, Size=1008, Default__MotionControllerPawn_C Function /Game/VirtualRealityBP/Blueprints/MotionControllerPawn.MotionControllerPawn_C:ExecuteUbergraph_MotionControllerPawn
[2018.05.22-14.14.04:698][  0]LogUObjectGlobals: Destroyed PersistentFrame Addr=0x000001fd28c4d000, Size=1008
[2018.05.22-14.14.04:699][  0]LogUObjectGlobals: Created PersistentFrame Addr=0x000001fd28c8b800, Size=1008, Default__MotionControllerPawn_C Function /Engine/Transient.REINST_MotionControllerPawn_C_26:ExecuteUbergraph_MotionControllerPawn
[2018.05.22-14.14.04:710][  0]LogUObjectGlobals: Created PersistentFrame Addr=0x000001fd28c8b400, Size=1008, Default__MotionControllerPawn_C Function /Game/VirtualRealityBP/Blueprints/MotionControllerPawn.MotionControllerPawn_C:ExecuteUbergraph_MotionControllerPawn
[2018.05.22-14.14.04:899][  0]LogUObjectGlobals: Created PersistentFrame Addr=0x000001fd2c014c20, Size=80, Default__Map1_C Function /Game/VirtualRealityBP/Maps/Map1.Map1_C:ExecuteUbergraph_Map1
[2018.05.22-14.14.04:907][  0]LogUObjectGlobals: Destroyed PersistentFrame Addr=0x000001fd2c014c20, Size=80
[2018.05.22-14.14.04:907][  0]LogUObjectGlobals: Created PersistentFrame Addr=0x000001fd28abc680, Size=80, Default__Map1_C Function /Engine/Transient.REINST_Map1_C_30:ExecuteUbergraph_Map1
[2018.05.22-14.14.04:912][  0]LogUObjectGlobals: Created PersistentFrame Addr=0x000001fd2bb8af20, Size=80, Default__Map1_C Function /Game/VirtualRealityBP/Maps/Map1.Map1_C:ExecuteUbergraph_Map1
[2018.05.22-14.14.05:046][  0]LogSkeletalMesh: Skeletal Mesh found in DDC [3.447464ms] /Game/Projet/Screen/Screen.Screen
[2018.05.22-14.14.05:082][  0]LogSkeletalMesh: Skeletal Mesh found in DDC [2.348616ms] /Game/VirtualReality/Mannequin/Character/Mesh/MannequinHand_Right.MannequinHand_Right
[2018.05.22-14.14.05:382][  0]LogAIModule: Creating AISystem for world Map1
[2018.05.22-14.14.05:395][  0]LogEditorServer: Finished looking for orphan Actors (0.000 secs)
[2018.05.22-14.14.05:407][  0]LogUObjectGlobals: Destroyed PersistentFrame Addr=0x000001fd27cbd308, Size=4
[2018.05.22-14.14.05:407][  0]LogUObjectGlobals: Destroyed PersistentFrame Addr=0x000001fd2834ecc0, Size=32
[2018.05.22-14.14.05:407][  0]LogUObjectGlobals: Destroyed PersistentFrame Addr=0x000001fd2834db60, Size=32
[2018.05.22-14.14.05:407][  0]LogUObjectGlobals: Destroyed PersistentFrame Addr=0x000001fd2821c400, Size=160
[2018.05.22-14.14.05:407][  0]LogUObjectGlobals: Destroyed PersistentFrame Addr=0x000001fd34712770, Size=16
[2018.05.22-14.14.05:407][  0]LogUObjectGlobals: Destroyed PersistentFrame Addr=0x000001fd2822e1a0, Size=24
[2018.05.22-14.14.05:408][  0]LogUObjectGlobals: Destroyed PersistentFrame Addr=0x000001fd28c4ec00, Size=968
[2018.05.22-14.14.05:408][  0]LogUObjectGlobals: Destroyed PersistentFrame Addr=0x000001fd28c8b800, Size=1008
[2018.05.22-14.14.05:408][  0]LogUObjectGlobals: Destroyed PersistentFrame Addr=0x000001fd28abc680, Size=80
[2018.05.22-14.14.05:409][  0]Cmd: MAP CHECKDEP NOCLEARLOG
[2018.05.22-14.14.05:451][  0]MapCheck: Map check complete: 0 Error(s), 0 Warning(s), took 41,93ms to complete.
[2018.05.22-14.14.05:451][  0]LogFileHelpers: Loading map 'Map1' took 1.233
[2018.05.22-14.14.05:591][  0]LogCollectionManager: Loaded 0 collections in 0.001033 seconds
[2018.05.22-14.14.05:641][  0]LogFileCache: Scanning file cache for directory 'C:/Projet/Leap Test/VR_Vive/Saved/Collections/' took 0.01s
[2018.05.22-14.14.05:641][  0]LogFileCache: Scanning file cache for directory 'C:/Projet/Leap Test/VR_Vive/Content/Developers/Admin/Collections/' took 0.01s
[2018.05.22-14.14.05:641][  0]LogFileCache: Scanning file cache for directory 'C:/Projet/Leap Test/VR_Vive/Content/Collections/' took 0.01s
[2018.05.22-14.14.05:641][  0]LogCollectionManager: Rebuilt the GUID cache for 0 collections in 0.000000 seconds
[2018.05.22-14.14.05:649][  0]LogContentBrowser: Native class hierarchy populated in 0.0074 seconds. Added 2476 classes and 561 folders.
[2018.05.22-14.14.05:656][  0]LogContentBrowser: Native class hierarchy updated for 'WidgetCarousel' in 0.0002 seconds. Added 0 classes and 0 folders.
[2018.05.22-14.14.05:939][  0]LogContentBrowser: Native class hierarchy updated for 'AddContentDialog' in 0.0002 seconds. Added 0 classes and 0 folders.
[2018.05.22-14.14.05:948][  0]LogContentBrowser: Native class hierarchy updated for 'SceneOutliner' in 0.0002 seconds. Added 1 classes and 2 folders.
[2018.05.22-14.14.06:065][  0]LogSlate: Took 0.000198 seconds to synchronously load lazily loaded font '../../../Engine/Content/Slate/Fonts/Roboto-Regular.ttf' (155K)
[2018.05.22-14.14.06:068][  0]LogSlate: Took 0.000137 seconds to synchronously load lazily loaded font '../../../Engine/Content/Slate/Fonts/Roboto-Bold.ttf' (160K)
[2018.05.22-14.14.06:077][  0]LogSlate: Took 0.003796 seconds to synchronously load lazily loaded font '../../../Engine/Content/Editor/Slate/Fonts/FontAwesome.ttf' (139K)
[2018.05.22-14.14.06:199][  0]LogRenderer: Reallocating scene render targets to support 1132x576 Format 26 NumSamples 1 (Frame:1).
[2018.05.22-14.14.06:231][  0]LogSlate: Took 0.003343 seconds to synchronously load lazily loaded font '../../../Engine/Content/Slate/Fonts/Roboto-Light.ttf' (167K)
[2018.05.22-14.14.06:291][  0]LogContentBrowser: Native class hierarchy updated for 'HierarchicalLODOutliner' in 0.0002 seconds. Added 0 classes and 0 folders.
[2018.05.22-14.14.06:291][  0]LogLoad: (Engine Initialization) Total time: 9.70 seconds
[2018.05.22-14.14.06:291][  0]LogLoad: (Engine Initialization) Total Blueprint compile time: 0.00 seconds
[2018.05.22-14.14.06:300][  0]LogWindowsTextInputMethodSystem: Display: IME system now deactivated.
[2018.05.22-14.14.06:324][  0]LogContentStreaming: Texture pool size now 1000 MB
[2018.05.22-14.14.06:395][  1]LogAssetRegistry: Asset discovery search completed in 6.2411 seconds
[2018.05.22-14.14.06:397][  1]LogCollectionManager: Rebuilt the object cache for 0 collections in 0.000000 seconds (found 0 objects)
[2018.05.22-14.14.06:397][  1]LogCollectionManager: Fixed up redirectors for 0 collections in 0.000048 seconds (updated 0 objects)
[2018.05.22-14.14.07:319][102]LogSlate: Took 0.000258 seconds to synchronously load lazily loaded font '../../../Engine/Content/Slate/Fonts/Roboto-Light.ttf' (167K)
[2018.05.22-14.14.11:530][607]LogSlate: FSceneViewport::OnFocusLost() reason 0
[2018.05.22-14.14.11:630][619]LogSlate: Window 'Message Log' being destroyed
[2018.05.22-14.14.11:632][619]LogSlate: Window 'Message Log' being destroyed
[2018.05.22-14.14.13:135][798]LogSlate: FSceneViewport::OnFocusLost() reason 2
[2018.05.22-14.14.18:828][173]UATHelper: Packaging (Windows (64-bit)): Running AutomationTool...
[2018.05.22-14.14.18:968][191]UATHelper: Packaging (Windows (64-bit)): Parsing command line: -ScriptsForProject="C:/Projet/Leap Test/VR_Vive/VR_Vive.uproject" BuildCookRun -nocompile -nocompileeditor -installed -nop4 -project="C:/Projet/Leap Test/VR_Vive/VR_Vive.uproject" -cook -stage -archive -archivedirectory="C:/Projet/VIVE ALPHA NW" -package -clientconfig=Development -ue4exe=UE4Editor-Cmd.exe -pak -prereqs -nodebuginfo -targetplatform=Win64 -build -CrashReporter -utf8output
[2018.05.22-14.14.19:410][244]UATHelper: Packaging (Windows (64-bit)): Setting up ProjectParams for C:\Projet\Leap Test\VR_Vive\VR_Vive.uproject
[2018.05.22-14.14.19:893][302]UATHelper: Packaging (Windows (64-bit)): ********** BUILD COMMAND STARTED **********
[2018.05.22-14.14.19:910][304]UATHelper: Packaging (Windows (64-bit)): Running: C:\Program Files\Epic Games\UE_4.19\Engine\Binaries\DotNET\UnrealBuildTool.exe VR_Vive Win64 Development -Project="C:\Projet\Leap Test\VR_Vive\VR_Vive.uproject"  "C:\Projet\Leap Test\VR_Vive\VR_Vive.uproject" -NoUBTMakefiles  -remoteini="C:\Projet\Leap Test\VR_Vive" -skipdeploy -noxge -generatemanifest -NoHotReload
