Log file open, 05/28/18 09:37:22
LogWindows: Failed to load 'aqProf.dll' (GetLastError=126)
LogWindows: File 'aqProf.dll' does not exist
LogWindows: Failed to load 'VtuneApi.dll' (GetLastError=126)
LogWindows: File 'VtuneApi.dll' does not exist
LogWindows: Failed to load 'VtuneApi32e.dll' (GetLastError=126)
LogWindows: File 'VtuneApi32e.dll' does not exist
LogInit: Display: Running engine for game: VR_Vive
LogPlatformFile: Not using cached read wrapper
LogInit: Display: RandInit(-1395908343) SRandInit(-1395908342).
LogInit: Read version file with build ID '3944462'
LogInit: Overriding engine version to CL 4033788, compatible CL 3944462
LogInit: Registered custom module enumerator with build ID '3944462'
LogTaskGraph: Started task graph with 5 named threads and 23 total threads with 3 sets of task threads.
LogStats: Stats thread started at 0.251203
LogD3D11RHI: Aftermath initialized
LogICUInternationalization: Display: ICU TimeZone Detection - Raw Offset: +1:00, Platform Override: ''
LogModuleManager: Display: Found up-to-date module file ../../../Engine/Plugins/Media/MfMedia/Binaries/Win64/UE4Editor-MfMediaEditor.dll (API version 3944462).
LogModuleManager: Display: Found up-to-date module file ../../../Engine/Plugins/Media/MfMedia/Binaries/Win64/UE4Editor-MfMediaFactory.dll (API version 3944462).
LogModuleManager: Display: Found up-to-date module file ../../../Engine/Plugins/Runtime/LeapMotion/Binaries/Win64/UE4Editor-LeapMotion.dll (API version 3944462).
LogModuleManager: Display: Found up-to-date module file ../../../Engine/Plugins/2D/Paper2D/Binaries/Win64/UE4Editor-Paper2D.dll (API version 3944462).
LogModuleManager: Display: Found up-to-date module file ../../../Engine/Plugins/2D/Paper2D/Binaries/Win64/UE4Editor-Paper2DEditor.dll (API version 3944462).
LogModuleManager: Display: Found up-to-date module file ../../../Engine/Plugins/2D/Paper2D/Binaries/Win64/UE4Editor-PaperSpriteSheetImporter.dll (API version 3944462).
LogModuleManager: Display: Found up-to-date module file ../../../Engine/Plugins/2D/Paper2D/Binaries/Win64/UE4Editor-PaperTiledImporter.dll (API version 3944462).
LogModuleManager: Display: Found up-to-date module file ../../../Engine/Plugins/2D/Paper2D/Binaries/Win64/UE4Editor-SmartSnapping.dll (API version 3944462).
LogModuleManager: Display: Found up-to-date module file ../../../Engine/Plugins/Blendables/LightPropagationVolume/Binaries/Win64/UE4Editor-LightPropagationVolumeRuntime.dll (API version 3944462).
LogModuleManager: Display: Found up-to-date module file ../../../Engine/Plugins/Blendables/LightPropagationVolume/Binaries/Win64/UE4Editor-LightPropagationVolumeEditor.dll (API version 3944462).
LogModuleManager: Display: Found up-to-date module file ../../../Engine/Plugins/Developer/CLionSourceCodeAccess/Binaries/Win64/UE4Editor-CLionSourceCodeAccess.dll (API version 3944462).
LogModuleManager: Display: Found up-to-date module file ../../../Engine/Plugins/Developer/GitSourceControl/Binaries/Win64/UE4Editor-GitSourceControl.dll (API version 3944462).
LogModuleManager: Display: Found up-to-date module file ../../../Engine/Plugins/Developer/PerforceSourceControl/Binaries/Win64/UE4Editor-PerforceSourceControl.dll (API version 3944462).
LogModuleManager: Display: Found up-to-date module file ../../../Engine/Plugins/Developer/SubversionSourceControl/Binaries/Win64/UE4Editor-SubversionSourceControl.dll (API version 3944462).
LogModuleManager: Display: Found up-to-date module file ../../../Engine/Plugins/Developer/UObjectPlugin/Binaries/Win64/UE4Editor-UObjectPlugin.dll (API version 3944462).
LogModuleManager: Display: Found up-to-date module file ../../../Engine/Plugins/Developer/VisualStudioCodeSourceCodeAccess/Binaries/Win64/UE4Editor-VisualStudioCodeSourceCodeAccess.dll (API version 3944462).
LogModuleManager: Display: Found up-to-date module file ../../../Engine/Plugins/Developer/VisualStudioSourceCodeAccess/Binaries/Win64/UE4Editor-VisualStudioSourceCodeAccess.dll (API version 3944462).
LogModuleManager: Display: Found up-to-date module file ../../../Engine/Plugins/Editor/AssetManagerEditor/Binaries/Win64/UE4Editor-AssetManagerEditor.dll (API version 3944462).
LogModuleManager: Display: Found up-to-date module file ../../../Engine/Plugins/Editor/CryptoKeys/Binaries/Win64/UE4Editor-CryptoKeys.dll (API version 3944462).
LogModuleManager: Display: Found up-to-date module file ../../../Engine/Plugins/Editor/CryptoKeys/Binaries/Win64/UE4Editor-CryptoKeysOpenSSL.dll (API version 3944462).
LogModuleManager: Display: Found up-to-date module file ../../../Engine/Plugins/Editor/DataValidation/Binaries/Win64/UE4Editor-DataValidation.dll (API version 3944462).
LogModuleManager: Display: Found up-to-date module file ../../../Engine/Plugins/Editor/FacialAnimation/Binaries/Win64/UE4Editor-FacialAnimation.dll (API version 3944462).
LogModuleManager: Display: Found up-to-date module file ../../../Engine/Plugins/Editor/FacialAnimation/Binaries/Win64/UE4Editor-FacialAnimationEditor.dll (API version 3944462).
LogModuleManager: Display: Found up-to-date module file ../../../Engine/Plugins/Editor/GameplayTagsEditor/Binaries/Win64/UE4Editor-GameplayTagsEditor.dll (API version 3944462).
LogModuleManager: Display: Found up-to-date module file ../../../Engine/Plugins/Editor/MobileLauncherProfileWizard/Binaries/Win64/UE4Editor-MobileLauncherProfileWizard.dll (API version 3944462).
LogModuleManager: Display: Found up-to-date module file ../../../Engine/Plugins/Editor/PluginBrowser/Binaries/Win64/UE4Editor-PluginBrowser.dll (API version 3944462).
LogModuleManager: Display: Found up-to-date module file ../../../Engine/Plugins/Editor/SpeedTreeImporter/Binaries/Win64/UE4Editor-SpeedTreeImporter.dll (API version 3944462).
LogModuleManager: Display: Found up-to-date module file ../../../Engine/Plugins/Enterprise/DatasmithContent/Binaries/Win64/UE4Editor-DatasmithContent.dll (API version 3944462).
LogModuleManager: Display: Found up-to-date module file ../../../Engine/Plugins/Experimental/AlembicImporter/Binaries/Win64/UE4Editor-AlembicImporter.dll (API version 3944462).
LogModuleManager: Display: Found up-to-date module file ../../../Engine/Plugins/Experimental/AlembicImporter/Binaries/Win64/UE4Editor-AlembicLibrary.dll (API version 3944462).
LogModuleManager: Display: Found up-to-date module file ../../../Engine/Plugins/Experimental/CharacterAI/Binaries/Win64/UE4Editor-CharacterAI.dll (API version 3944462).
LogModuleManager: Display: Found up-to-date module file ../../../Engine/Plugins/Experimental/HTML5Networking/Binaries/Win64/UE4Editor-HTML5Networking.dll (API version 3944462).
LogModuleManager: Display: Found up-to-date module file ../../../Engine/Plugins/Media/AndroidMedia/Binaries/Win64/UE4Editor-AndroidMediaEditor.dll (API version 3944462).
LogModuleManager: Display: Found up-to-date module file ../../../Engine/Plugins/Media/AndroidMedia/Binaries/Win64/UE4Editor-AndroidMediaFactory.dll (API version 3944462).
LogModuleManager: Display: Found up-to-date module file ../../../Engine/Plugins/Media/AvfMedia/Binaries/Win64/UE4Editor-AvfMediaEditor.dll (API version 3944462).
LogModuleManager: Display: Found up-to-date module file ../../../Engine/Plugins/Media/AvfMedia/Binaries/Win64/UE4Editor-AvfMediaFactory.dll (API version 3944462).
LogModuleManager: Display: Found up-to-date module file ../../../Engine/Plugins/Media/AvfMedia/Binaries/Win64/UE4Editor-AvfMediaFactory.dll (API version 3944462).
LogModuleManager: Display: Found up-to-date module file ../../../Engine/Plugins/Media/ImgMedia/Binaries/Win64/UE4Editor-ImgMedia.dll (API version 3944462).
LogModuleManager: Display: Found up-to-date module file ../../../Engine/Plugins/Media/ImgMedia/Binaries/Win64/UE4Editor-ImgMediaEditor.dll (API version 3944462).
LogModuleManager: Display: Found up-to-date module file ../../../Engine/Plugins/Media/ImgMedia/Binaries/Win64/UE4Editor-ImgMediaFactory.dll (API version 3944462).
LogModuleManager: Display: Found up-to-date module file ../../../Engine/Plugins/Media/ImgMedia/Binaries/Win64/UE4Editor-ImgMediaFactory.dll (API version 3944462).
LogModuleManager: Display: Found up-to-date module file ../../../Engine/Plugins/Media/ImgMedia/Binaries/Win64/UE4Editor-OpenExrWrapper.dll (API version 3944462).
LogModuleManager: Display: Found up-to-date module file ../../../Engine/Plugins/Media/LinearTimecode/Binaries/Win64/UE4Editor-LinearTimecode.dll (API version 3944462).
LogModuleManager: Display: Found up-to-date module file ../../../Engine/Plugins/Media/MediaCompositing/Binaries/Win64/UE4Editor-MediaCompositing.dll (API version 3944462).
LogModuleManager: Display: Found up-to-date module file ../../../Engine/Plugins/Media/MediaCompositing/Binaries/Win64/UE4Editor-MediaCompositingEditor.dll (API version 3944462).
LogModuleManager: Display: Found up-to-date module file ../../../Engine/Plugins/Media/MediaPlayerEditor/Binaries/Win64/UE4Editor-MediaPlayerEditor.dll (API version 3944462).
LogModuleManager: Display: Found up-to-date module file ../../../Engine/Plugins/Media/WmfMedia/Binaries/Win64/UE4Editor-WmfMedia.dll (API version 3944462).
LogModuleManager: Display: Found up-to-date module file ../../../Engine/Plugins/Media/WmfMedia/Binaries/Win64/UE4Editor-WmfMediaEditor.dll (API version 3944462).
LogModuleManager: Display: Found up-to-date module file ../../../Engine/Plugins/Media/WmfMedia/Binaries/Win64/UE4Editor-WmfMediaFactory.dll (API version 3944462).
LogModuleManager: Display: Found up-to-date module file ../../../Engine/Plugins/Media/WmfMedia/Binaries/Win64/UE4Editor-WmfMediaFactory.dll (API version 3944462).
LogModuleManager: Display: Found up-to-date module file ../../../Engine/Plugins/Messaging/TcpMessaging/Binaries/Win64/UE4Editor-TcpMessaging.dll (API version 3944462).
LogModuleManager: Display: Found up-to-date module file ../../../Engine/Plugins/Messaging/UdpMessaging/Binaries/Win64/UE4Editor-UdpMessaging.dll (API version 3944462).
LogModuleManager: Display: Found up-to-date module file ../../../Engine/Plugins/MovieScene/ActorSequence/Binaries/Win64/UE4Editor-ActorSequence.dll (API version 3944462).
LogModuleManager: Display: Found up-to-date module file ../../../Engine/Plugins/MovieScene/LevelSequenceEditor/Binaries/Win64/UE4Editor-LevelSequenceEditor.dll (API version 3944462).
LogModuleManager: Display: Found up-to-date module file ../../../Engine/Plugins/MovieScene/MatineeToLevelSequence/Binaries/Win64/UE4Editor-MatineeToLevelSequence.dll (API version 3944462).
LogModuleManager: Display: Found up-to-date module file ../../../Engine/Plugins/NetcodeUnitTest/NetcodeUnitTest/Binaries/Win64/UE4Editor-NetcodeUnitTest.dll (API version 3944462).
LogModuleManager: Display: Found up-to-date module file ../../../Engine/Plugins/NetcodeUnitTest/NUTUnrealEngine4/Binaries/Win64/UE4Editor-NUTUnrealEngine4.dll (API version 3944462).
LogModuleManager: Display: Found up-to-date module file ../../../Engine/Plugins/Online/OnlineSubsystem/Binaries/Win64/UE4Editor-OnlineSubsystem.dll (API version 3944462).
LogModuleManager: Display: Found up-to-date module file ../../../Engine/Plugins/Runtime/AndroidPermission/Binaries/Win64/UE4Editor-AndroidPermission.dll (API version 3944462).
LogModuleManager: Display: Found up-to-date module file ../../../Engine/Plugins/Online/OnlineSubsystemNull/Binaries/Win64/UE4Editor-OnlineSubsystemNull.dll (API version 3944462).
LogModuleManager: Display: Found up-to-date module file ../../../Engine/Plugins/Online/OnlineSubsystemUtils/Binaries/Win64/UE4Editor-OnlineSubsystemUtils.dll (API version 3944462).
LogModuleManager: Display: Found up-to-date module file ../../../Engine/Plugins/Online/OnlineSubsystemUtils/Binaries/Win64/UE4Editor-OnlineBlueprintSupport.dll (API version 3944462).
LogModuleManager: Display: Found up-to-date module file ../../../Engine/Plugins/Runtime/AndroidDeviceProfileSelector/Binaries/Win64/UE4Editor-AndroidDeviceProfileSelector.dll (API version 3944462).
LogModuleManager: Display: Found up-to-date module file ../../../Engine/Plugins/Runtime/AppleARKit/Binaries/Win64/UE4Editor-AppleARKit.dll (API version 3944462).
LogModuleManager: Display: Found up-to-date module file ../../../Engine/Plugins/Runtime/ProceduralMeshComponent/Binaries/Win64/UE4Editor-ProceduralMeshComponent.dll (API version 3944462).
LogModuleManager: Display: Found up-to-date module file ../../../Engine/Plugins/Runtime/ProceduralMeshComponent/Binaries/Win64/UE4Editor-ProceduralMeshComponentEditor.dll (API version 3944462).
LogModuleManager: Display: Found up-to-date module file ../../../Engine/Plugins/Animation/LiveLink/Binaries/Win64/UE4Editor-LiveLink.dll (API version 3944462).
LogModuleManager: Display: Found up-to-date module file ../../../Engine/Plugins/Animation/LiveLink/Binaries/Win64/UE4Editor-LiveLinkEditor.dll (API version 3944462).
LogModuleManager: Display: Found up-to-date module file ../../../Engine/Plugins/Runtime/ArchVisCharacter/Binaries/Win64/UE4Editor-ArchVisCharacter.dll (API version 3944462).
LogModuleManager: Display: Found up-to-date module file ../../../Engine/Plugins/Runtime/AudioCapture/Binaries/Win64/UE4Editor-AudioCapture.dll (API version 3944462).
LogModuleManager: Display: Found up-to-date module file ../../../Engine/Plugins/Runtime/AudioCapture/Binaries/Win64/UE4Editor-AudioCaptureEditor.dll (API version 3944462).
LogModuleManager: Display: Found up-to-date module file ../../../Engine/Plugins/Runtime/CableComponent/Binaries/Win64/UE4Editor-CableComponent.dll (API version 3944462).
LogModuleManager: Display: Found up-to-date module file ../../../Engine/Plugins/Runtime/CustomMeshComponent/Binaries/Win64/UE4Editor-CustomMeshComponent.dll (API version 3944462).
LogModuleManager: Display: Found up-to-date module file ../../../Engine/Plugins/Runtime/ExampleDeviceProfileSelector/Binaries/Win64/UE4Editor-ExampleDeviceProfileSelector.dll (API version 3944462).
LogModuleManager: Display: Found up-to-date module file ../../../Engine/Plugins/Runtime/ImmediatePhysics/Binaries/Win64/UE4Editor-ImmediatePhysics.dll (API version 3944462).
LogModuleManager: Display: Found up-to-date module file ../../../Engine/Plugins/Runtime/ImmediatePhysics/Binaries/Win64/UE4Editor-ImmediatePhysicsEditor.dll (API version 3944462).
LogModuleManager: Display: Found up-to-date module file ../../../Engine/Plugins/Runtime/LocationServicesBPLibrary/Binaries/Win64/UE4Editor-LocationServicesBPLibrary.dll (API version 3944462).
LogModuleManager: Display: Found up-to-date module file ../../../Engine/Plugins/Runtime/MobilePatchingUtils/Binaries/Win64/UE4Editor-MobilePatchingUtils.dll (API version 3944462).
LogModuleManager: Display: Found up-to-date module file ../../../Engine/Plugins/Runtime/PhysXVehicles/Binaries/Win64/UE4Editor-PhysXVehicles.dll (API version 3944462).
LogModuleManager: Display: Found up-to-date module file ../../../Engine/Plugins/Runtime/PhysXVehicles/Binaries/Win64/UE4Editor-PhysXVehiclesEditor.dll (API version 3944462).
LogModuleManager: Display: Found up-to-date module file ../../../Engine/Plugins/Runtime/RuntimePhysXCooking/Binaries/Win64/UE4Editor-RuntimePhysXCooking.dll (API version 3944462).
LogModuleManager: Display: Found up-to-date module file ../../../Engine/Plugins/Runtime/Steam/SteamVR/Binaries/Win64/UE4Editor-SteamVR.dll (API version 3944462).
LogModuleManager: Display: Found up-to-date module file ../../../Engine/Plugins/Runtime/Steam/SteamVR/Binaries/Win64/UE4Editor-SteamVRController.dll (API version 3944462).
LogModuleManager: Display: Found up-to-date module file ../../../Engine/Plugins/Runtime/WindowsMoviePlayer/Binaries/Win64/UE4Editor-WindowsMoviePlayer.dll (API version 3944462).
LogPluginManager: Mounting plugin Paper2D
LogPluginManager: Mounting plugin LiveLink
LogPluginManager: Mounting plugin LightPropagationVolume
LogPluginManager: Mounting plugin CLionSourceCodeAccess
LogPluginManager: Mounting plugin CodeLiteSourceCodeAccess
LogPluginManager: Mounting plugin GitSourceControl
LogPluginManager: Mounting plugin KDevelopSourceCodeAccess
LogPluginManager: Mounting plugin NullSourceCodeAccess
LogPluginManager: Mounting plugin PerforceSourceControl
LogPluginManager: Mounting plugin SubversionSourceControl
LogPluginManager: Mounting plugin UObjectPlugin
LogPluginManager: Mounting plugin VisualStudioCodeSourceCodeAccess
LogPluginManager: Mounting plugin VisualStudioSourceCodeAccess
LogPluginManager: Mounting plugin XCodeSourceCodeAccess
LogPluginManager: Mounting plugin AssetManagerEditor
LogPluginManager: Mounting plugin CryptoKeys
LogPluginManager: Mounting plugin DataValidation
LogPluginManager: Mounting plugin FacialAnimation
LogPluginManager: Mounting plugin GameplayTagsEditor
LogPluginManager: Mounting plugin MobileLauncherProfileWizard
LogPluginManager: Mounting plugin PluginBrowser
LogPluginManager: Mounting plugin SpeedTreeImporter
LogPluginManager: Mounting plugin DatasmithContent
LogPluginManager: Mounting plugin AlembicImporter
LogPluginManager: Mounting plugin CharacterAI
LogPluginManager: Mounting plugin HTML5Networking
LogPluginManager: Mounting plugin AndroidMedia
LogPluginManager: Mounting plugin AvfMedia
LogPluginManager: Mounting plugin ImgMedia
LogPluginManager: Mounting plugin LinearTimecode
LogPluginManager: Mounting plugin MediaCompositing
LogPluginManager: Mounting plugin MediaPlayerEditor
LogPluginManager: Mounting plugin MfMedia
LogPluginManager: Mounting plugin WmfMedia
LogPluginManager: Mounting plugin TcpMessaging
LogPluginManager: Mounting plugin UdpMessaging
LogPluginManager: Mounting plugin ActorSequence
LogPluginManager: Mounting plugin LevelSequenceEditor
LogPluginManager: Mounting plugin MatineeToLevelSequence
LogPluginManager: Mounting plugin NetcodeUnitTest
LogPluginManager: Mounting plugin NUTUnrealEngine4
LogPluginManager: Mounting plugin OnlineSubsystemGooglePlay
LogPluginManager: Mounting plugin OnlineSubsystemIOS
LogPluginManager: Mounting plugin OnlineSubsystem
LogPluginManager: Mounting plugin OnlineSubsystemNull
LogPluginManager: Mounting plugin OnlineSubsystemUtils
LogPluginManager: Mounting plugin AndroidDeviceProfileSelector
LogPluginManager: Mounting plugin AndroidMoviePlayer
LogPluginManager: Mounting plugin AndroidPermission
LogPluginManager: Mounting plugin AppleARKit
LogPluginManager: Mounting plugin AppleMoviePlayer
LogPluginManager: Mounting plugin ArchVisCharacter
LogPluginManager: Mounting plugin AudioCapture
LogPluginManager: Mounting plugin CableComponent
LogPluginManager: Mounting plugin CustomMeshComponent
LogPluginManager: Mounting plugin ExampleDeviceProfileSelector
LogPluginManager: Mounting plugin GoogleCloudMessaging
LogPluginManager: Mounting plugin ImmediatePhysics
LogPluginManager: Mounting plugin IOSDeviceProfileSelector
LogPluginManager: Mounting plugin LeapMotion
LogPluginManager: Mounting plugin LinuxDeviceProfileSelector
LogPluginManager: Mounting plugin LocationServicesBPLibrary
LogPluginManager: Mounting plugin MobilePatchingUtils
LogPluginManager: Mounting plugin PhysXVehicles
LogPluginManager: Mounting plugin ProceduralMeshComponent
LogPluginManager: Mounting plugin RuntimePhysXCooking
LogPluginManager: Mounting plugin SteamVR
LogPluginManager: Mounting plugin WindowsMoviePlayer
LogStreaming: Display: Took  0.615s to configure plugins.
LogInit: Using libcurl 7.47.1
LogInit:  - built for x86_64-pc-win32
LogInit:  - supports SSL with OpenSSL/1.0.2g
LogInit:  - supports HTTP deflate (compression) using libz 1.2.8
LogInit:  - other features:
LogInit:      CURL_VERSION_SSL
LogInit:      CURL_VERSION_LIBZ
LogInit:      CURL_VERSION_IPV6
LogInit:      CURL_VERSION_ASYNCHDNS
LogInit:      CURL_VERSION_LARGEFILE
LogInit:      CURL_VERSION_IDN
LogInit:  CurlRequestOptions (configurable via config and command line):
LogInit:  - bVerifyPeer = false  - Libcurl will NOT verify peer certificate
LogInit:  - bUseHttpProxy = false  - Libcurl will NOT use HTTP proxy
LogInit:  - bDontReuseConnections = false  - Libcurl will reuse connections
LogInit:  - CertBundlePath = nullptr  - Libcurl will use whatever was configured at build time.
LogInit:  - MaxHostConnections = 16  - Libcurl will limit the number of connections to a host
LogInit:  - LocalHostAddr = Default
LogInit: WinSock: version 1.1 (2.2), MaxSocks=32767, MaxUdp=65467
LogInit: WinSock: I am DESKTOP-TQJUSPE (192.168.179.90:0)
LeapPluginLog: Using LeapPlugin version 2.0.0
LogInit: Build: ++UE4+Release-4.19-CL-4033788
LogInit: Engine Version: 4.19.2-4033788+++UE4+Release-4.19
LogInit: Compatible Engine Version: 4.19.0-3944462+++UE4+Release-4.19
LogInit: Net CL: 3944462
LogDevObjectVersion: Number of dev versions registered: 18
LogDevObjectVersion:   Dev-Blueprints (B0D832E4-1F89-4F0D-ACCF-7EB736FD4AA2): 10
LogDevObjectVersion:   Dev-Build (E1C64328-A22C-4D53-A36C-8E866417BD8C): 0
LogDevObjectVersion:   Dev-Core (375EC13C-06E4-48FB-B500-84F0262A717E): 2
LogDevObjectVersion:   Dev-Editor (E4B068ED-F494-42E9-A231-DA0B2E46BB41): 23
LogDevObjectVersion:   Dev-Framework (CFFC743F-43B0-4480-9391-14DF171D2073): 33
LogDevObjectVersion:   Dev-Mobile (B02B49B5-BB20-44E9-A304-32B752E40360): 2
LogDevObjectVersion:   Dev-Networking (A4E4105C-59A1-49B5-A7C5-40C4547EDFEE): 0
LogDevObjectVersion:   Dev-Online (39C831C9-5AE6-47DC-9A44-9C173E1C8E7C): 0
LogDevObjectVersion:   Dev-Physics (78F01B33-EBEA-4F98-B9B4-84EACCB95AA2): 0
LogDevObjectVersion:   Dev-Platform (6631380F-2D4D-43E0-8009-CF276956A95A): 0
LogDevObjectVersion:   Dev-Rendering (12F88B9F-8875-4AFC-A67C-D90C383ABD29): 25
LogDevObjectVersion:   Dev-Sequencer (7B5AE74C-D270-4C10-A958-57980B212A5A): 6
LogDevObjectVersion:   Dev-VR (D7296918-1DD6-4BDD-9DE2-64A83CC13884): 1
LogDevObjectVersion:   Dev-LoadTimes (C2A15278-BFE7-4AFE-6C17-90FF531DF755): 1
LogDevObjectVersion:   Private-Geometry (6EACA3D4-40EC-4CC1-B786-8BED09428FC5): 2
LogDevObjectVersion:   Dev-AnimPhys (29E575DD-E0A3-4627-9D10-D276232CDCEA): 16
LogDevObjectVersion:   Dev-ReflectionCapture (6B266CEC-1EC7-4B8F-A30B-E4D90942FC07): 1
LogDevObjectVersion:   Dev-Automation (0DF73D61-A23F-47EA-B727-89E90C41499A): 1
LogInit: Compiled (64-bit): Apr 27 2018 02:06:57
LogInit: Compiled with Visual C++: 19.00.24215.01
LogInit: Build Configuration: Development
LogInit: Branch Name: ++UE4+Release-4.19
LogInit: Command Line: -EpicPortal 
LogInit: Base Directory: C:/Program Files/Epic Games/UE_4.19/Engine/Binaries/Win64/
LogInit: Installed Engine Build: 1
LogStreaming: Display: Took  0.003s to delete old logs.
LogInit: Presizing for max 8388607 objects, including 0 objects not considered by GC, pre-allocating 0 bytes for permanent pool.
LogInit: Object subsystem initialized
[2018.05.28-07.37.23:508][  0]LogInit: Selected Device Profile: [Windows]
[2018.05.28-07.37.23:508][  0]LogInit: Applying CVar settings loaded from the selected device profile: [Windows]
[2018.05.28-07.37.23:518][  0]LogInit: Computer: DESKTOP-TQJUSPE
[2018.05.28-07.37.23:518][  0]LogInit: User: Admin
[2018.05.28-07.37.23:518][  0]LogInit: CPU Page size=4096, Cores=4
[2018.05.28-07.37.23:518][  0]LogInit: High frequency timer resolution =4.101564 MHz
[2018.05.28-07.37.23:519][  0]LogMemory: Memory total: Physical=31.9GB (32GB approx)
[2018.05.28-07.37.23:519][  0]LogMemory: Platform Memory Stats for Windows
[2018.05.28-07.37.23:519][  0]LogMemory: Process Physical Memory: 278.28 MB used, 278.28 MB peak
[2018.05.28-07.37.23:519][  0]LogMemory: Process Virtual Memory: 277.71 MB used, 277.71 MB peak
[2018.05.28-07.37.23:519][  0]LogMemory: Physical Memory: 4048.33 MB used,  28662.31 MB free, 32710.64 MB total
[2018.05.28-07.37.23:519][  0]LogMemory: Virtual Memory: 4853.50 MB used,  28662.31 MB free, 134217728.00 MB total
[2018.05.28-07.37.23:529][  0]LogInit: Using OS detected language (fr-FR).
[2018.05.28-07.37.23:529][  0]LogInit: Using OS detected locale (fr-FR).
[2018.05.28-07.37.23:531][  0]LogTextLocalizationManager: No localization for 'fr-FR' exists, so 'en' will be used for the language.
[2018.05.28-07.37.23:834][  0]LogStreaming: Display: Took  0.304s to EndInitTextLocalization.
[2018.05.28-07.37.23:834][  0]LogInit: Setting process to per monitor DPI aware
[2018.05.28-07.37.23:855][  0]LogSlate: New Slate User Created.  User Index 0, Is Virtual User: 0
[2018.05.28-07.37.23:855][  0]LogSlate: Slate User Registered.  User Index 0, Is Virtual User: 0
[2018.05.28-07.37.23:969][  0]LogD3D11RHI: D3D11 adapters:
[2018.05.28-07.37.24:007][  0]LogD3D11RHI:    0. 'NVIDIA GeForce GTX 1080' (Feature Level 11_0)
[2018.05.28-07.37.24:007][  0]LogD3D11RHI:       8079/0/16355 MB DedicatedVideo/DedicatedSystem/SharedSystem, Outputs:1, VendorId:0x10de
[2018.05.28-07.37.24:009][  0]LogD3D11RHI:    1. 'Microsoft Basic Render Driver' (Feature Level 11_0)
[2018.05.28-07.37.24:009][  0]LogD3D11RHI:       0/0/16355 MB DedicatedVideo/DedicatedSystem/SharedSystem, Outputs:0, VendorId:0x1414
[2018.05.28-07.37.24:009][  0]LogD3D11RHI: Chosen D3D11 Adapter: 0
[2018.05.28-07.37.24:013][  0]LogD3D11RHI: Creating new Direct3DDevice
[2018.05.28-07.37.24:013][  0]LogD3D11RHI:     GPU DeviceId: 0x1b80 (for the marketing name, search the web for "GPU Device Id")
[2018.05.28-07.37.24:013][  0]LogWindows: EnumDisplayDevices:
[2018.05.28-07.37.24:013][  0]LogWindows:    0. 'NVIDIA GeForce GTX 1080' (P:1 D:1)
[2018.05.28-07.37.24:013][  0]LogWindows:    1. 'NVIDIA GeForce GTX 1080' (P:0 D:0)
[2018.05.28-07.37.24:013][  0]LogWindows:    2. 'NVIDIA GeForce GTX 1080' (P:0 D:0)
[2018.05.28-07.37.24:013][  0]LogWindows:    3. 'NVIDIA GeForce GTX 1080' (P:0 D:0)
[2018.05.28-07.37.24:013][  0]LogWindows: DebugString: GetVideoDriverDetailsInvalid PrimaryIsNotTheChoosenAdapter GetVideoDriverDetailsInvalid PrimaryIsNotTheChoosenAdapter GetVideoDriverDetailsInvalid PrimaryIsNotTheChoosenAdapter GetVideoDriverDetailsInvalid PrimaryIsNotTheChoosenAdapter FoundDriverCount:0 
[2018.05.28-07.37.24:013][  0]LogD3D11RHI:     Adapter Name: NVIDIA GeForce GTX 1080
[2018.05.28-07.37.24:013][  0]LogD3D11RHI:   Driver Version: Unknown (internal:Unknown, unified:Unknown)
[2018.05.28-07.37.24:013][  0]LogD3D11RHI:      Driver Date: Unknown
[2018.05.28-07.37.24:013][  0]LogRHI: Texture pool is 5655 MB (70% of 8079 MB)
[2018.05.28-07.37.24:040][  0]LogD3D11RHI: [Aftermath] Aftermath enabled and primed
[2018.05.28-07.37.24:040][  0]LogD3D11RHI: [Aftermath] Aftermath enabled and primed
[2018.05.28-07.37.24:040][  0]LogD3D11RHI: Async texture creation enabled
[2018.05.28-07.37.24:054][  0]LogD3D11RHI: GPU Timing Frequency: 1000.000000 (Debug: 2 2)
[2018.05.28-07.37.24:096][  0]LogShaderCompilers: Guid format shader working directory is 4 characters bigger than the processId version (../../../../../../Projet/Leap_Test/VR_Vive/Intermediate/Shaders/WorkingDirectory/5532/).
[2018.05.28-07.37.24:096][  0]LogShaderCompilers: Cleaned the shader compiler working directory 'C:/Users/Admin/AppData/Local/Temp/UnrealShaderWorkingDir/9D36E4D347212C383AC2269DA871A869/'.
[2018.05.28-07.37.24:235][  0]LogTemp: Display: Loaded TP AllDesktopTargetPlatform
[2018.05.28-07.37.24:244][  0]LogTemp: Display: Loaded TP MacClientTargetPlatform
[2018.05.28-07.37.24:254][  0]LogTemp: Display: Loaded TP MacNoEditorTargetPlatform
[2018.05.28-07.37.24:264][  0]LogTemp: Display: Loaded TP MacServerTargetPlatform
[2018.05.28-07.37.24:273][  0]LogTemp: Display: Loaded TP MacTargetPlatform
[2018.05.28-07.37.24:283][  0]LogTemp: Display: Loaded TP WindowsClientTargetPlatform
[2018.05.28-07.37.24:292][  0]LogTemp: Display: Loaded TP WindowsNoEditorTargetPlatform
[2018.05.28-07.37.24:302][  0]LogTemp: Display: Loaded TP WindowsServerTargetPlatform
[2018.05.28-07.37.24:307][  0]LogTemp: Display: Loaded TP WindowsTargetPlatform
[2018.05.28-07.37.24:316][  0]LogTemp: Display: Loaded TP Android_ASTCTargetPlatform
[2018.05.28-07.37.24:324][  0]LogTemp: Display: Loaded TP Android_ATCTargetPlatform
[2018.05.28-07.37.24:333][  0]LogTemp: Display: Loaded TP Android_DXTTargetPlatform
[2018.05.28-07.37.24:342][  0]LogTemp: Display: Loaded TP Android_ETC1aTargetPlatform
[2018.05.28-07.37.24:351][  0]LogTemp: Display: Loaded TP Android_ETC1TargetPlatform
[2018.05.28-07.37.24:359][  0]LogTemp: Display: Loaded TP Android_ETC2TargetPlatform
[2018.05.28-07.37.24:378][  0]LogTemp: Display: Loaded TP Android_MultiTargetPlatform
[2018.05.28-07.37.24:378][  0]LogTemp: Display: Loaded TP Android_PVRTCTargetPlatform
[2018.05.28-07.37.24:387][  0]LogTemp: Display: Loaded TP AndroidTargetPlatform
[2018.05.28-07.37.24:388][  0]LogTemp: Display: Loaded TP HTML5TargetPlatform
[2018.05.28-07.37.24:422][  0]LogTemp: Display: Loaded TP IOSTargetPlatform
[2018.05.28-07.37.24:430][  0]LogTemp: Display: Loaded TP TVOSTargetPlatform
[2018.05.28-07.37.24:439][  0]LogTemp: Display: Loaded TP LinuxClientTargetPlatform
[2018.05.28-07.37.24:448][  0]LogTemp: Display: Loaded TP LinuxNoEditorTargetPlatform
[2018.05.28-07.37.24:456][  0]LogTemp: Display: Loaded TP LinuxServerTargetPlatform
[2018.05.28-07.37.24:465][  0]LogTemp: Display: Loaded TP LinuxTargetPlatform
[2018.05.28-07.37.24:465][  0]LogTargetPlatformManager: Display: Building Assets For Windows
[2018.05.28-07.37.24:535][  0]LogXGEController: Cannot use XGE Controller as Incredibuild is not installed on this machine.
[2018.05.28-07.37.24:535][  0]LogShaderCompilers: Cannot use XGE Shader Compiler as Incredibuild is not installed on this machine.
[2018.05.28-07.37.24:535][  0]LogShaderCompilers: Display: Using Local Shader Compiler.
[2018.05.28-07.37.25:007][  0]LogDerivedDataCache: Display: Max Cache Size: 512 MB
[2018.05.28-07.37.25:059][  0]LogDerivedDataCache: Loaded boot cache 0.05s 88MB C:/Users/Admin/AppData/Local/UnrealEngine/4.19/DerivedDataCache/Boot.ddc.
[2018.05.28-07.37.25:059][  0]LogDerivedDataCache: Display: Loaded Boot cache: C:/Users/Admin/AppData/Local/UnrealEngine/4.19/DerivedDataCache/Boot.ddc
[2018.05.28-07.37.25:059][  0]LogDerivedDataCache: FDerivedDataBackendGraph:  Pak pak cache file ../../../../../../Projet/Leap_Test/VR_Vive/DerivedDataCache/DDC.ddp not found, will not use a pak cache.
[2018.05.28-07.37.25:059][  0]LogDerivedDataCache: Unable to find inner node Pak for hierarchical cache Hierarchy.
[2018.05.28-07.37.25:059][  0]LogDerivedDataCache: FDerivedDataBackendGraph:  CompressedPak pak cache file ../../../../../../Projet/Leap_Test/VR_Vive/DerivedDataCache/Compressed.ddp not found, will not use a pak cache.
[2018.05.28-07.37.25:059][  0]LogDerivedDataCache: Unable to find inner node CompressedPak for hierarchical cache Hierarchy.
[2018.05.28-07.37.25:070][  0]LogDerivedDataCache: Display: Pak cache opened for reading ../../../Engine/DerivedDataCache/Compressed.ddp.
[2018.05.28-07.37.25:083][  0]LogDerivedDataCache: Using Local data cache path C:/Users/Admin/AppData/Local/UnrealEngine/Common/DerivedDataCache: Writable
[2018.05.28-07.37.25:083][  0]LogDerivedDataCache: Shared data cache path not found in *engine.ini, will not use an Shared cache.
[2018.05.28-07.37.25:083][  0]LogDerivedDataCache: Unable to find inner node Shared for hierarchical cache Hierarchy.
[2018.05.28-07.37.25:091][  0]LogMaterial: Verifying Global Shaders for PCD3D_SM5
[2018.05.28-07.37.25:091][  0]LogSlate: Using Freetype 2.6.0
[2018.05.28-07.37.25:091][  0]LogSlate: SlateFontCache - WITH_FREETYPE: 1, WITH_HARFBUZZ: 1
[2018.05.28-07.37.25:091][  0]LogSlate: SlateFontCache - WITH_FREETYPE: 1, WITH_HARFBUZZ: 1
[2018.05.28-07.37.25:176][  0]LogAssetRegistry: FAssetRegistry took 0.0250 seconds to start up
[2018.05.28-07.37.25:384][  0]LogInit: Selected Device Profile: [Windows]
[2018.05.28-07.37.25:479][  0]LogSimplygon: Simplygon DLL not present - disabling.
[2018.05.28-07.37.25:481][  0]LogMeshReduction: Using SimplygonSwarm for distributed automatic mesh merging
[2018.05.28-07.37.25:481][  0]LogMeshReduction: Using QuadricMeshReduction for automatic static mesh reduction
[2018.05.28-07.37.25:481][  0]LogMeshReduction: No automatic skeletal mesh reduction module available
[2018.05.28-07.37.25:481][  0]LogMeshReduction: No automatic mesh merging module available
[2018.05.28-07.37.25:481][  0]LogMeshMerging: No automatic mesh merging module available
[2018.05.28-07.37.25:501][  0]LogNetVersion: VR_Vive , NetCL: 3944462, EngineNetVer: 2, GameNetVer: 0 (Checksum: 3714651950)
[2018.05.28-07.37.25:764][  0]LogPackageLocalizationCache: Processed 9 localized package path(s) for 1 prioritized culture(s) in 0.029546 seconds
[2018.05.28-07.37.25:768][  0]LogUObjectArray: 37180 objects as part of root set at end of initial load.
[2018.05.28-07.37.25:768][  0]LogUObjectAllocator: 7383280 out of 0 bytes used by permanent object pool.
[2018.05.28-07.37.25:768][  0]LogUObjectArray: CloseDisregardForGC: 0/0 objects in disregard for GC pool
[2018.05.28-07.37.26:840][  0]LogTcpMessaging: Initializing TcpMessaging bridge
[2018.05.28-07.37.26:861][  0]LogUdpMessaging: Initializing bridge on interface 0.0.0.0:0 to multicast group 230.0.0.1:6666.
[2018.05.28-07.37.27:073][  0]SourceControl: Source control is disabled
[2018.05.28-07.37.27:073][  0]SourceControl: Source control is disabled
[2018.05.28-07.37.27:083][  0]SourceControl: Source control is disabled
[2018.05.28-07.37.27:093][  0]SourceControl: Source control is disabled
[2018.05.28-07.37.27:402][  0]LogAndroidPermission: UAndroidPermissionCallbackProxy::GetInstance
[2018.05.28-07.37.27:542][  0]LogEngine: Initializing Engine...
[2018.05.28-07.37.27:554][  0]LogHMD: Failed to initialize OpenVR with code 126
[2018.05.28-07.37.27:556][  0]LogStats: UGameplayTagsManager::ConstructGameplayTagTree: Construct from data asset -  0.000 s
[2018.05.28-07.37.27:556][  0]LogStats: UGameplayTagsManager::ConstructGameplayTagTree: GameplayTagTreeChangedEvent.Broadcast -  0.000 s
[2018.05.28-07.37.27:714][  0]LogAIModule: Creating AISystem for world Untitled
[2018.05.28-07.37.27:720][  0]LogInit: XAudio2 using 'Realtek Digital Output (Realtek High Definition Audio)' : 2 channels at 48 kHz using 16 bits per sample (channel mask 0x3)
[2018.05.28-07.37.27:742][  0]LogInit: FAudioDevice initialized.
[2018.05.28-07.37.27:811][  0]LogDerivedDataCache: Saved boot cache 0.07s 88MB C:/Users/Admin/AppData/Local/UnrealEngine/4.19/DerivedDataCache/Boot.ddc.
[2018.05.28-07.37.27:826][  0]LogInit: Texture streaming: Enabled
[2018.05.28-07.37.27:836][  0]LogEngineSessionManager: EngineSessionManager initialized
[2018.05.28-07.37.27:843][  0]LogInit: Transaction tracking system initialized
[2018.05.28-07.37.27:857][  0]BlueprintLog: New page: Editor Load
[2018.05.28-07.37.27:902][  0]LocalizationService: Localization service is disabled
[2018.05.28-07.37.27:963][  0]LogConsoleResponse: Display: 
[2018.05.28-07.37.28:144][  0]LogCook: Display: Max memory allowance for cook 16384mb min free memory 0mb
[2018.05.28-07.37.28:144][  0]LogCook: Display: Mobile HDR setting 0
[2018.05.28-07.37.28:145][  0]LogGameplayTags: Display: UGameplayTagsManager::DoneAddingNativeTags. DelegateIsBound: 0
[2018.05.28-07.37.28:145][  0]LogStats: UGameplayTagsManager::ConstructGameplayTagTree: Construct from data asset -  0.000 s
[2018.05.28-07.37.28:145][  0]LogStats: UGameplayTagsManager::ConstructGameplayTagTree: GameplayTagTreeChangedEvent.Broadcast -  0.000 s
[2018.05.28-07.37.28:371][  0]SourceControl: Source control is disabled
[2018.05.28-07.37.28:371][  0]Cmd: MAP LOAD FILE="../../../../../../Projet/Leap_Test/VR_Vive/Content/VirtualRealityBP/Maps/Map1.umap" TEMPLATE=0 SHOWPROGRESS=1 FEATURELEVEL=3
[2018.05.28-07.37.28:371][  0]LightingResults: New page: Lighting Build
[2018.05.28-07.37.28:373][  0]MapCheck: New page: Map Check
[2018.05.28-07.37.28:373][  0]LightingResults: New page: Lighting Build
[2018.05.28-07.37.28:504][  0]LogUObjectGlobals: Created PersistentFrame Addr=0x000001eba79305b0, Size=4, Default__spheretst_C Function /Game/Projet/Pupitre/spheretst.spheretst_C:ExecuteUbergraph_spheretst
[2018.05.28-07.37.28:507][  0]LogUObjectGlobals: Destroyed PersistentFrame Addr=0x000001eba79305b0, Size=4
[2018.05.28-07.37.28:507][  0]LogUObjectGlobals: Created PersistentFrame Addr=0x000001eba79305b0, Size=4, Default__spheretst_C Function /Engine/Transient.REINST_spheretst_C_5:ExecuteUbergraph_spheretst
[2018.05.28-07.37.28:508][  0]LogUObjectGlobals: Created PersistentFrame Addr=0x000001eba7930748, Size=4, Default__spheretst_C Function /Game/Projet/Pupitre/spheretst.spheretst_C:ExecuteUbergraph_spheretst
[2018.05.28-07.37.28:618][  0]LogUObjectGlobals: Created PersistentFrame Addr=0x000001eba59d63c0, Size=32, Default__MediaPlay_C Function /Game/Projet/Widgets/MediaPlay.MediaPlay_C:ExecuteUbergraph_MediaPlay
[2018.05.28-07.37.28:621][  0]LogUObjectGlobals: Destroyed PersistentFrame Addr=0x000001eba59d63c0, Size=32
[2018.05.28-07.37.28:621][  0]LogUObjectGlobals: Created PersistentFrame Addr=0x000001eba59d63c0, Size=32, Default__MediaPlay_C Function /Engine/Transient.REINST_MediaPlay_C_1:ExecuteUbergraph_MediaPlay
[2018.05.28-07.37.28:622][  0]LogUObjectGlobals: Created PersistentFrame Addr=0x000001eba59d51a0, Size=32, Default__MediaPlay_C Function /Game/Projet/Widgets/MediaPlay.MediaPlay_C:ExecuteUbergraph_MediaPlay
[2018.05.28-07.37.28:702][  0]LogUObjectGlobals: Created PersistentFrame Addr=0x000001eba59d5ea0, Size=32, Default__BP_PickupCube_C Function /Game/VirtualRealityBP/Blueprints/BP_PickupCube.BP_PickupCube_C:ExecuteUbergraph_BP_PickupCube
[2018.05.28-07.37.28:704][  0]LogUObjectGlobals: Destroyed PersistentFrame Addr=0x000001eba59d5ea0, Size=32
[2018.05.28-07.37.28:704][  0]LogUObjectGlobals: Created PersistentFrame Addr=0x000001eba59d5ea0, Size=32, Default__BP_PickupCube_C Function /Engine/Transient.REINST_BP_PickupCube_C_19:ExecuteUbergraph_BP_PickupCube
[2018.05.28-07.37.28:705][  0]LogUObjectGlobals: Created PersistentFrame Addr=0x000001eba507bcc0, Size=32, Default__BP_PickupCube_C Function /Game/VirtualRealityBP/Blueprints/BP_PickupCube.BP_PickupCube_C:ExecuteUbergraph_BP_PickupCube
[2018.05.28-07.37.28:739][  0]LogUObjectGlobals: Created PersistentFrame Addr=0x000001eba50792c0, Size=32, Default__BP_PickupSphere_C Function /Game/VirtualRealityBP/Blueprints/BP_PickupCube.BP_PickupCube_C:ExecuteUbergraph_BP_PickupCube
[2018.05.28-07.37.28:740][  0]LogUObjectGlobals: Destroyed PersistentFrame Addr=0x000001eba50792c0, Size=32
[2018.05.28-07.37.28:740][  0]LogUObjectGlobals: Created PersistentFrame Addr=0x000001eba50792c0, Size=32, Default__BP_PickupSphere_C Function /Game/VirtualRealityBP/Blueprints/BP_PickupCube.BP_PickupCube_C:ExecuteUbergraph_BP_PickupCube
[2018.05.28-07.37.28:740][  0]LogUObjectGlobals: Created PersistentFrame Addr=0x000001eba507a260, Size=32, Default__BP_PickupSphere_C Function /Game/VirtualRealityBP/Blueprints/BP_PickupCube.BP_PickupCube_C:ExecuteUbergraph_BP_PickupCube
[2018.05.28-07.37.28:742][  0]LogUObjectGlobals: Created PersistentFrame Addr=0x000001eba67885e0, Size=160, Default__Spawn_C Function /Game/Projet/Widgets/Spawn.Spawn_C:ExecuteUbergraph_Spawn
[2018.05.28-07.37.28:747][  0]LogUObjectGlobals: Destroyed PersistentFrame Addr=0x000001eba67885e0, Size=160
[2018.05.28-07.37.28:747][  0]LogUObjectGlobals: Created PersistentFrame Addr=0x000001eba6706d40, Size=160, Default__Spawn_C Function /Engine/Transient.REINST_Spawn_C_2:ExecuteUbergraph_Spawn
[2018.05.28-07.37.28:752][  0]LogUObjectGlobals: Created PersistentFrame Addr=0x000001eba67051c0, Size=160, Default__Spawn_C Function /Game/Projet/Widgets/Spawn.Spawn_C:ExecuteUbergraph_Spawn
[2018.05.28-07.37.28:779][  0]LogUObjectGlobals: Created PersistentFrame Addr=0x000001eba59957c0, Size=16, Default__Menu_C Function /Game/Projet/Widgets/Menu.Menu_C:ExecuteUbergraph_Menu
[2018.05.28-07.37.28:784][  0]LogUObjectGlobals: Destroyed PersistentFrame Addr=0x000001eba59957c0, Size=16
[2018.05.28-07.37.28:784][  0]LogUObjectGlobals: Created PersistentFrame Addr=0x000001eba59957c0, Size=16, Default__Menu_C Function /Engine/Transient.REINST_Menu_C_3:ExecuteUbergraph_Menu
[2018.05.28-07.37.28:786][  0]LogUObjectGlobals: Created PersistentFrame Addr=0x000001eba59957a0, Size=16, Default__Menu_C Function /Game/Projet/Widgets/Menu.Menu_C:ExecuteUbergraph_Menu
[2018.05.28-07.37.28:869][  0]LogUObjectGlobals: Created PersistentFrame Addr=0x000001eba6377fe8, Size=24, Default__RightHand_AnimBP_C Function /Game/VirtualReality/Mannequin/Animations/RightHand_AnimBP.RightHand_AnimBP_C:ExecuteUbergraph_RightHand_AnimBP
[2018.05.28-07.37.28:892][  0]LogUObjectGlobals: Destroyed PersistentFrame Addr=0x000001eba6377fe8, Size=24
[2018.05.28-07.37.28:893][  0]LogUObjectGlobals: Created PersistentFrame Addr=0x000001eba6377fe8, Size=24, Default__RightHand_AnimBP_C Function /Engine/Transient.REINST_RightHand_AnimBP_C_0:ExecuteUbergraph_RightHand_AnimBP
[2018.05.28-07.37.28:897][  0]LogUObjectGlobals: Created PersistentFrame Addr=0x000001eba6377448, Size=24, Default__RightHand_AnimBP_C Function /Game/VirtualReality/Mannequin/Animations/RightHand_AnimBP.RightHand_AnimBP_C:ExecuteUbergraph_RightHand_AnimBP
[2018.05.28-07.37.29:094][  0]LogUObjectGlobals: Created PersistentFrame Addr=0x000001eba5fd3400, Size=968, Default__BP_MotionController_C Function /Game/VirtualRealityBP/Blueprints/BP_MotionController.BP_MotionController_C:ExecuteUbergraph_BP_MotionController
[2018.05.28-07.37.29:116][  0]LogUObjectGlobals: Destroyed PersistentFrame Addr=0x000001eba5fd3400, Size=968
[2018.05.28-07.37.29:116][  0]LogUObjectGlobals: Created PersistentFrame Addr=0x000001eba5fd3400, Size=968, Default__BP_MotionController_C Function /Engine/Transient.REINST_BP_MotionController_C_29:ExecuteUbergraph_BP_MotionController
[2018.05.28-07.37.29:134][  0]LogUObjectGlobals: Created PersistentFrame Addr=0x000001eba5fd1800, Size=968, Default__BP_MotionController_C Function /Game/VirtualRealityBP/Blueprints/BP_MotionController.BP_MotionController_C:ExecuteUbergraph_BP_MotionController
[2018.05.28-07.37.29:140][  0]LogUObjectGlobals: Created PersistentFrame Addr=0x000001eba5fd0400, Size=944, Default__MotionControllerPawn_C Function /Game/VirtualRealityBP/Blueprints/MotionControllerPawn.MotionControllerPawn_C:ExecuteUbergraph_MotionControllerPawn
[2018.05.28-07.37.29:152][  0]LogUObjectGlobals: Destroyed PersistentFrame Addr=0x000001eba5fd0400, Size=944
[2018.05.28-07.37.29:153][  0]LogUObjectGlobals: Created PersistentFrame Addr=0x000001eba5d5ac00, Size=944, Default__MotionControllerPawn_C Function /Engine/Transient.REINST_MotionControllerPawn_C_31:ExecuteUbergraph_MotionControllerPawn
[2018.05.28-07.37.29:163][  0]LogUObjectGlobals: Created PersistentFrame Addr=0x000001eba5d5a800, Size=944, Default__MotionControllerPawn_C Function /Game/VirtualRealityBP/Blueprints/MotionControllerPawn.MotionControllerPawn_C:ExecuteUbergraph_MotionControllerPawn
[2018.05.28-07.37.29:593][  0]LogUObjectGlobals: Created PersistentFrame Addr=0x000001eba6af9780, Size=192, Default__Map1_C Function /Game/VirtualRealityBP/Maps/Map1.Map1_C:ExecuteUbergraph_Map1
[2018.05.28-07.37.29:601][  0]LogUObjectGlobals: Destroyed PersistentFrame Addr=0x000001eba6af9780, Size=192
[2018.05.28-07.37.29:601][  0]LogUObjectGlobals: Created PersistentFrame Addr=0x000001eba5ccdf00, Size=192, Default__Map1_C Function /Engine/Transient.REINST_Map1_C_35:ExecuteUbergraph_Map1
[2018.05.28-07.37.29:603][  0]LogBlueprint: Error: [Compiler PersistentLevel.Map1] Spawn node  SpawnActor NONE  must have a  Class  specified.
[2018.05.28-07.37.29:609][  0]LogUObjectGlobals: Created PersistentFrame Addr=0x000001ebaa8dbb80, Size=192, Default__Map1_C Function /Game/VirtualRealityBP/Maps/Map1.Map1_C:ExecuteUbergraph_Map1
[2018.05.28-07.37.29:609][  0]LogBlueprint: Warning: [Compiler PersistentLevel.Map1] [0007,80] Compile of PersistentLevel.Map1 failed. 1 Fatal Issue(s) 0 Warning(s) [in 10 ms] (/Game/VirtualRealityBP/Maps/Map1.Map1:PersistentLevel.Map1)
[2018.05.28-07.37.29:677][  0]LogSkeletalMesh: Skeletal Mesh found in DDC [4.776471ms] /Game/Projet/Screen/Screen.Screen
[2018.05.28-07.37.29:733][  0]LogSkeletalMesh: Skeletal Mesh found in DDC [2.902064ms] /Game/VirtualReality/Mannequin/Character/Mesh/MannequinHand_Right.MannequinHand_Right
[2018.05.28-07.37.30:182][  0]LogAIModule: Creating AISystem for world Map1
[2018.05.28-07.37.30:212][  0]LogEditorServer: Finished looking for orphan Actors (0.000 secs)
[2018.05.28-07.37.30:223][  0]LogUObjectGlobals: Destroyed PersistentFrame Addr=0x000001eba79305b0, Size=4
[2018.05.28-07.37.30:223][  0]LogUObjectGlobals: Destroyed PersistentFrame Addr=0x000001eba59d63c0, Size=32
[2018.05.28-07.37.30:223][  0]LogUObjectGlobals: Destroyed PersistentFrame Addr=0x000001eba59d5ea0, Size=32
[2018.05.28-07.37.30:223][  0]LogUObjectGlobals: Destroyed PersistentFrame Addr=0x000001eba50792c0, Size=32
[2018.05.28-07.37.30:223][  0]LogUObjectGlobals: Destroyed PersistentFrame Addr=0x000001eba6706d40, Size=160
[2018.05.28-07.37.30:223][  0]LogUObjectGlobals: Destroyed PersistentFrame Addr=0x000001eba59957c0, Size=16
[2018.05.28-07.37.30:223][  0]LogUObjectGlobals: Destroyed PersistentFrame Addr=0x000001eba6377fe8, Size=24
[2018.05.28-07.37.30:223][  0]LogUObjectGlobals: Destroyed PersistentFrame Addr=0x000001eba5fd3400, Size=968
[2018.05.28-07.37.30:223][  0]LogUObjectGlobals: Destroyed PersistentFrame Addr=0x000001eba5d5ac00, Size=944
[2018.05.28-07.37.30:223][  0]LogUObjectGlobals: Destroyed PersistentFrame Addr=0x000001eba5ccdf00, Size=192
[2018.05.28-07.37.30:224][  0]Cmd: MAP CHECKDEP NOCLEARLOG
[2018.05.28-07.37.30:265][  0]MapCheck: Map check complete: 0 Error(s), 0 Warning(s), took 40,751ms to complete.
[2018.05.28-07.37.30:265][  0]LogFileHelpers: Loading map 'Map1' took 1.895
[2018.05.28-07.37.30:397][  0]LogCollectionManager: Loaded 0 collections in 0.001044 seconds
[2018.05.28-07.37.30:447][  0]LogFileCache: Scanning file cache for directory 'C:/Projet/Leap_Test/VR_Vive/Saved/Collections/' took 0.01s
[2018.05.28-07.37.30:447][  0]LogFileCache: Scanning file cache for directory 'C:/Projet/Leap_Test/VR_Vive/Content/Developers/Admin/Collections/' took 0.01s
[2018.05.28-07.37.30:447][  0]LogFileCache: Scanning file cache for directory 'C:/Projet/Leap_Test/VR_Vive/Content/Collections/' took 0.01s
[2018.05.28-07.37.30:447][  0]LogCollectionManager: Rebuilt the GUID cache for 0 collections in 0.000000 seconds
[2018.05.28-07.37.30:455][  0]LogContentBrowser: Native class hierarchy populated in 0.0072 seconds. Added 2476 classes and 561 folders.
[2018.05.28-07.37.30:462][  0]LogContentBrowser: Native class hierarchy updated for 'WidgetCarousel' in 0.0002 seconds. Added 0 classes and 0 folders.
[2018.05.28-07.37.30:740][  0]LogContentBrowser: Native class hierarchy updated for 'AddContentDialog' in 0.0002 seconds. Added 0 classes and 0 folders.
[2018.05.28-07.37.30:750][  0]LogContentBrowser: Native class hierarchy updated for 'SceneOutliner' in 0.0002 seconds. Added 1 classes and 2 folders.
[2018.05.28-07.37.30:861][  0]LogSlate: Took 0.000220 seconds to synchronously load lazily loaded font '../../../Engine/Content/Slate/Fonts/Roboto-Regular.ttf' (155K)
[2018.05.28-07.37.30:864][  0]LogSlate: Took 0.000170 seconds to synchronously load lazily loaded font '../../../Engine/Content/Slate/Fonts/Roboto-Bold.ttf' (160K)
[2018.05.28-07.37.30:872][  0]LogSlate: Took 0.003375 seconds to synchronously load lazily loaded font '../../../Engine/Content/Editor/Slate/Fonts/FontAwesome.ttf' (139K)
[2018.05.28-07.37.30:991][  0]LogRenderer: Reallocating scene render targets to support 1144x668 Format 26 NumSamples 1 (Frame:1).
[2018.05.28-07.37.31:021][  0]LogSlate: Took 0.003029 seconds to synchronously load lazily loaded font '../../../Engine/Content/Slate/Fonts/Roboto-Light.ttf' (167K)
[2018.05.28-07.37.31:095][  0]LogContentBrowser: Native class hierarchy updated for 'HierarchicalLODOutliner' in 0.0002 seconds. Added 0 classes and 0 folders.
[2018.05.28-07.37.31:095][  0]LogLoad: (Engine Initialization) Total time: 9.29 seconds
[2018.05.28-07.37.31:095][  0]LogLoad: (Engine Initialization) Total Blueprint compile time: 0.00 seconds
[2018.05.28-07.37.31:105][  0]LogWindowsTextInputMethodSystem: Display: IME system now deactivated.
[2018.05.28-07.37.31:128][  0]LogContentStreaming: Texture pool size now 1000 MB
[2018.05.28-07.37.31:193][  1]LogAssetRegistry: Asset discovery search completed in 6.0389 seconds
[2018.05.28-07.37.31:195][  1]LogCollectionManager: Rebuilt the object cache for 0 collections in 0.000000 seconds (found 0 objects)
[2018.05.28-07.37.31:195][  1]LogCollectionManager: Fixed up redirectors for 0 collections in 0.000053 seconds (updated 0 objects)
[2018.05.28-07.38.55:128][ 62]LogInit: XAudio2 using 'Haut-parleurs (HTC Vive)' : 2 channels at 44.1 kHz using 16 bits per sample (channel mask 0x3)
[2018.05.28-07.38.55:177][ 63]LogInit: XAudio2 using 'Haut-parleurs (HTC Vive)' : 2 channels at 44.1 kHz using 16 bits per sample (channel mask 0x3)
[2018.05.28-07.41.33:902][980]LogSlate: FSceneViewport::OnFocusLost() reason 0
[2018.05.28-07.41.40:840][800]LogSlate: Took 0.002812 seconds to synchronously load lazily loaded font '../../../Engine/Content/Slate/Fonts/Roboto-Light.ttf' (167K)
[2018.05.28-07.41.40:886][800]LogAIModule: Creating AISystem for world Map2
[2018.05.28-07.41.40:901][800]Cmd: MAP LOAD FILE="../../../../../../Projet/Leap_Test/VR_Vive/Content/VirtualRealityBP/Maps/Map2.umap" TEMPLATE=0 SHOWPROGRESS=1 FEATURELEVEL=3
[2018.05.28-07.41.40:901][800]LightingResults: New page: Lighting Build
[2018.05.28-07.41.40:901][800]LoadErrors: New page: Loading map: Map2.umap
[2018.05.28-07.41.40:903][800]MapCheck: New page: Map Check
[2018.05.28-07.41.40:903][800]LightingResults: New page: Lighting Build
[2018.05.28-07.41.40:912][800]LogUObjectGlobals: Destroyed PersistentFrame Addr=0x000001ebaa8dbb80, Size=192
[2018.05.28-07.41.40:958][800]LogEditorServer: Finished looking for orphan Actors (0.000 secs)
[2018.05.28-07.41.40:997][800]Cmd: MAP CHECKDEP NOCLEARLOG
[2018.05.28-07.41.42:277][800]MapCheck: Map check complete: 0 Error(s), 0 Warning(s), took 1 279,912ms to complete.
[2018.05.28-07.41.42:278][800]LogFileHelpers: Loading map 'Map2' took 1.378
[2018.05.28-07.41.59:465][829]LogSlate: FSceneViewport::OnFocusLost() reason 0
[2018.05.28-07.41.59:549][839]MapCheck: New page: Map Check
[2018.05.28-07.41.59:556][839]Cmd: MAP REBUILD ALLVISIBLE
[2018.05.28-07.41.59:556][839]LogEditorServer: Rebuildmap Clear paths rebuilt
[2018.05.28-07.41.59:640][839]LogMaterial: Missing cached shader map for material FDebugViewModeMaterialProxy WorldGridMaterial, compiling. Is special engine material.
[2018.05.28-07.41.59:648][839]LogMaterial: Missing cached shader map for material FDebugViewModeMaterialProxy MaterialInstanceDynamic_2, compiling. 
[2018.05.28-07.41.59:652][839]LogShaderCompilers: Display: Shaders left to compile 2
[2018.05.28-07.41.59:652][839]LogShaderCompilers: Display: Shaders left to compile 1
[2018.05.28-07.41.59:652][839]LogMaterial: Missing cached shader map for material FDebugViewModeMaterialProxy Twosidemat, compiling. 
[2018.05.28-07.41.59:656][839]LogMaterial: Missing cached shader map for material FDebugViewModeMaterialProxy Blancmetal, compiling. 
[2018.05.28-07.42.00:556][839]LogShaderCompilers: Display: Shaders left to compile 2
[2018.05.28-07.42.00:556][839]LogShaderCompilers: Display: Shaders left to compile 1
[2018.05.28-07.42.00:556][839]TextureStreamingBuild: Display: Compiling optional shaders took 0.920 seconds.
[2018.05.28-07.42.00:562][839]LogLevel: Display: Export Material TexCoord Scales took 0.006 seconds.
[2018.05.28-07.42.00:565][839]TextureStreamingBuild: Display: Build Texture Streaming took 0.003 seconds.
[2018.05.28-07.42.00:574][839]LightingResults: New page: Lighting Build - 28 mai 2018 11:42:00
[2018.05.28-07.42.00:645][839]LogSwarmInterface: [OpenConnection] Registering TCP channel ...
[2018.05.28-07.42.00:768][839]LogSwarmInterface: [OpenConnection] Connecting to agent ...
[2018.05.28-07.42.00:791][839]LogSwarmInterface: [TryOpenConnection] Testing the Agent
[2018.05.28-07.42.01:318][839]LogSwarmInterface: [TryOpenConnection] Opening Connection to Agent
[2018.05.28-07.42.01:319][839]LogSwarmInterface: [TryOpenConnection] Local Process ID is 5532
[2018.05.28-07.42.08:128][839]LogStaticLightingSystem: Warning: No importance volume found, so the scene bounding box was used.  You can optimize your scene's quality and lighting build times by adding importance volumes.
[2018.05.28-07.42.08:128][839]LogStaticLightingSystem: Running Lightmass w/ ImmediateImport mode ENABLED
[2018.05.28-07.42.08:128][839]LogStaticLightingSystem: Running Lightmass w/ ImmediateProcess mode ENABLED
[2018.05.28-07.42.08:128][839]LogStaticLightingSystem: Running Lightmass w/ Sorting mode ENABLED
[2018.05.28-07.42.08:128][839]LogStaticLightingSystem: Running Lightmass w/ Mapping paddings ENABLED
[2018.05.28-07.42.08:128][839]LogStaticLightingSystem: Running Lightmass w/ Mapping debug paddings DISABLED
[2018.05.28-07.42.08:193][839]Cmd: MAP CHECK DONTDISPLAYDIALOG
[2018.05.28-07.42.08:193][839]MapCheck: New page: Map2 - 28 mai 2018 11:42:08
[2018.05.28-07.42.08:236][839]MapCheck: Map check complete: 0 Error(s), 0 Warning(s), took 43,058ms to complete.
[2018.05.28-07.42.08:259][839]LogEditorBuildUtils: Build time 0:08
[2018.05.28-07.42.08:302][840]LogMaterial: Missing cached shader map for material FLightmassMaterialRenderer Blancmetal, compiling. 
[2018.05.28-07.42.08:308][840]LogMaterial: Missing cached shader map for material FLightmassMaterialRenderer Blancmetal, compiling. 
[2018.05.28-07.42.08:322][841]LogShaderCompilers: Display: Shaders left to compile 4
[2018.05.28-07.42.10:434][936]Job is a success!
[2018.05.28-07.42.10:472][937]LogVolumetricLightmapImport: Imported Volumetric Lightmap in 0.008s
[2018.05.28-07.42.10:472][937]LogVolumetricLightmapImport:      Indirection Texture 16x16x16 = 0.0Mb
[2018.05.28-07.42.10:472][937]LogVolumetricLightmapImport:      BrickData 230x5x5 = 0.2Mb
[2018.05.28-07.42.10:472][937]LogVolumetricLightmapImport:      Bricks at Level
[2018.05.28-07.42.10:472][937]LogVolumetricLightmapImport:          0: 2.2% covering 100.0% of volume
[2018.05.28-07.42.10:472][937]LogVolumetricLightmapImport:          1: 8.7% covering 6.3% of volume
[2018.05.28-07.42.10:472][937]LogVolumetricLightmapImport:          2: 89.1% covering 1.0% of volume
[2018.05.28-07.42.10:557][937]LogTexture: Display: Building textures: LQ_Lightmap_0_1 (DXT1, 512X512)
[2018.05.28-07.42.10:558][937]LogTexture: Display: Building textures: HQ_Lightmap0_1 (AutoDXT, 512X512)
[2018.05.28-07.42.10:558][937]LogTexture: Display: Building textures: HQ_Lightmap1_2 (AutoDXT, 64X64)
[2018.05.28-07.42.10:558][937]LogTexture: Display: Building textures: LQ_Lightmap_1_2 (DXT1, 64X64)
[2018.05.28-07.42.10:558][937]LogTexture: Display: Building textures: ShadowMapTexture2D_3 (G8, 32X32)
[2018.05.28-07.42.10:558][937]LogTexture: Display: Building textures: ShadowMapTexture2D_2 (G8, 512X256)
[2018.05.28-07.42.10:590][937]Lightmass on DESKTOP-TQJUSPE: 1.05 sec total, 107 ms importing, 14 ms setup, 397 ms photons, 506 ms processing, 0 ms extra exporting [17/17 mappings]. Threads: 3.38 sec total, 675 ms processing.
[2018.05.28-07.42.10:600][937]LogStaticLightingSystem: Illumination: 10.0 sec (40 ms encoding lightmaps, 24 ms encoding shadowmaps)
[2018.05.28-07.42.10:600][937]LogStaticLightingSystem: Lightmap texture memory:  0.5 MB (0.0 MB streaming, 0.5 MB non-streaming), 4 textures
[2018.05.28-07.42.10:600][937]LogStaticLightingSystem: Shadowmap texture memory: 0.2 MB (0.0 MB streaming, 0.2 MB non-streaming), 2 textures
[2018.05.28-07.42.11:132][937]DumpUnbuiltLightIteractions
[2018.05.28-07.42.11:133][937]Lights with unbuilt interactions: 0
[2018.05.28-07.42.11:133][937]
[2018.05.28-07.42.11:133][937]Primitives with unbuilt interactions: 0
[2018.05.28-07.42.11:149][938]Cmd: MAP CHECK NOTIFYRESULTS
[2018.05.28-07.42.11:149][938]MapCheck: New page: Map2 - 28 mai 2018 11:42:11
[2018.05.28-07.42.11:189][938]MapCheck: Map check complete: 0 Error(s), 0 Warning(s), took 40,948ms to complete.
[2018.05.28-07.42.11:540][980]LogEditorViewport: Clicking on Actor (LMB): DirectionalLight (DirectionalLight)
[2018.05.28-07.42.25:946][663]LogEditorViewport: Clicking on Actor (LMB): BP_Sky_Sphere_C (BP_Sky_Sphere)
[2018.05.28-07.42.27:422][837]LogEditorViewport: Clicking on Actor (LMB): DirectionalLight (DirectionalLight)
[2018.05.28-07.43.17:259][794]LogSlate: FSceneViewport::OnFocusLost() reason 0
[2018.05.28-07.43.36:560][985]LogSlate: FSceneViewport::OnFocusLost() reason 0
[2018.05.28-07.43.36:847][ 14]LogSlate: Took 0.003268 seconds to synchronously load lazily loaded font '../../../Engine/Content/Slate/Fonts/Roboto-Italic.ttf' (157K)
[2018.05.28-07.43.40:123][407]Cmd: SELECT NONE
[2018.05.28-07.43.47:799][325]LogEditorActor: Deleted Actor: BP_Sky_Sphere_C
[2018.05.28-07.43.47:799][325]LogEditorActor: Deleted Actor: DirectionalLight
[2018.05.28-07.43.47:799][325]LogEditorActor: Deleted Actor: SkyLight
[2018.05.28-07.43.47:810][325]LogEditorActor: Deleted 3 Actors (0.013 secs)
[2018.05.28-07.43.49:581][538]Cmd: TRANSACTION UNDO
[2018.05.28-07.43.49:581][538]LogEditorTransaction: Undo Delete selection
[2018.05.28-07.43.51:704][787]LogUObjectGlobals: Created PersistentFrame Addr=0x000001ebcddcb640, Size=192, Default__Map1_C Function /Game/VirtualRealityBP/Maps/Map1.Map1_C:ExecuteUbergraph_Map1
[2018.05.28-07.43.51:713][787]LogUObjectGlobals: Destroyed PersistentFrame Addr=0x000001ebcddcb640, Size=192
[2018.05.28-07.43.51:713][787]LogUObjectGlobals: Created PersistentFrame Addr=0x000001ebcddcb640, Size=192, Default__Map1_C Function /Engine/Transient.REINST_Map1_C_37:ExecuteUbergraph_Map1
[2018.05.28-07.43.51:715][787]LogBlueprint: Error: [Compiler PersistentLevel.Map1] Spawn node  SpawnActor NONE  must have a  Class  specified.
[2018.05.28-07.43.51:720][787]LogUObjectGlobals: Created PersistentFrame Addr=0x000001ebcdeabd00, Size=192, Default__Map1_C Function /Game/VirtualRealityBP/Maps/Map1.Map1_C:ExecuteUbergraph_Map1
[2018.05.28-07.43.51:721][787]LogBlueprint: Warning: [Compiler PersistentLevel.Map1] [0389,91] Compile of PersistentLevel.Map1 failed. 1 Fatal Issue(s) 0 Warning(s) [in 10 ms] (/Game/VirtualRealityBP/Maps/Map1.Map1:PersistentLevel.Map1)
[2018.05.28-07.43.51:782][787]LogAIModule: Creating AISystem for world Map1
[2018.05.28-07.43.51:797][787]LogUObjectGlobals: Destroyed PersistentFrame Addr=0x000001ebcddcb640, Size=192
[2018.05.28-07.43.53:086][787]LogSlate: Window 'Save Content' being destroyed
[2018.05.28-07.43.53:137][787]Cmd: OBJ SAVEPACKAGE PACKAGE="/Game/VirtualRealityBP/Maps/Map2" FILE="../../../../../../Projet/Leap_Test/VR_Vive/Content/VirtualRealityBP/Maps/Map2.umap" SILENT=true AUTOSAVING=false KEEPDIRTY=false
[2018.05.28-07.43.53:255][787]LogSavePackage: Save=63.32ms
[2018.05.28-07.43.53:255][787]LogSavePackage: Moving '../../../../../../Projet/Leap_Test/VR_Vive/Saved/Map2CF97333D4CF92E56323D499B4E30A32E.tmp' to '../../../../../../Projet/Leap_Test/VR_Vive/Content/VirtualRealityBP/Maps/Map2.umap'
[2018.05.28-07.43.53:259][787]LogSavePackage: Display: Finished SavePackage ../../../../../../Projet/Leap_Test/VR_Vive/Content/VirtualRealityBP/Maps/Map2.umap
[2018.05.28-07.43.53:289][787]LogFileHelpers: Saving map 'Map2' took 0.196
[2018.05.28-07.43.53:290][787]Cmd: OBJ SAVEPACKAGE PACKAGE="/Game/VirtualRealityBP/Maps/Map2_BuiltData" FILE="../../../../../../Projet/Leap_Test/VR_Vive/Content/VirtualRealityBP/Maps/Map2_BuiltData.uasset" SILENT=true
[2018.05.28-07.43.53:332][787]LogSavePackage: Save=17.14ms
[2018.05.28-07.43.53:332][787]LogSavePackage: Moving '../../../../../../Projet/Leap_Test/VR_Vive/Saved/Map2_BuiltData183A7736431A12B961EB159AE46FD837.tmp' to '../../../../../../Projet/Leap_Test/VR_Vive/Content/VirtualRealityBP/Maps/Map2_BuiltData.uasset'
[2018.05.28-07.43.53:334][787]LogSavePackage: Display: Finished SavePackage ../../../../../../Projet/Leap_Test/VR_Vive/Content/VirtualRealityBP/Maps/Map2_BuiltData.uasset
[2018.05.28-07.43.53:334][787]Cmd: MAP LOAD FILE="../../../../../../Projet/Leap_Test/VR_Vive/Content/VirtualRealityBP/Maps/Map1.umap" TEMPLATE=0 SHOWPROGRESS=1 FEATURELEVEL=3
[2018.05.28-07.43.53:334][787]LightingResults: New page: Lighting Build
[2018.05.28-07.43.53:335][787]LoadErrors: New page: Loading map: Map1.umap
[2018.05.28-07.43.53:335][787]MapCheck: New page: Map Check
[2018.05.28-07.43.53:335][787]LightingResults: New page: Lighting Build
[2018.05.28-07.43.53:405][787]LogEditorServer: Finished looking for orphan Actors (0.000 secs)
[2018.05.28-07.43.53:443][787]Cmd: MAP CHECKDEP NOCLEARLOG
[2018.05.28-07.43.53:485][787]MapCheck: Map check complete: 0 Error(s), 0 Warning(s), took 41,993ms to complete.
[2018.05.28-07.43.53:486][787]LogFileHelpers: Loading map 'Map1' took 0.151
[2018.05.28-07.43.58:452][340]LogAIModule: Creating AISystem for world Map2
[2018.05.28-07.43.58:465][340]Cmd: MAP LOAD FILE="../../../../../../Projet/Leap_Test/VR_Vive/Content/VirtualRealityBP/Maps/Map2.umap" TEMPLATE=0 SHOWPROGRESS=1 FEATURELEVEL=3
[2018.05.28-07.43.58:465][340]LightingResults: New page: Lighting Build
[2018.05.28-07.43.58:466][340]LoadErrors: New page: Loading map: Map2.umap
[2018.05.28-07.43.58:467][340]MapCheck: New page: Map Check
[2018.05.28-07.43.58:467][340]LightingResults: New page: Lighting Build
[2018.05.28-07.43.58:476][340]LogUObjectGlobals: Destroyed PersistentFrame Addr=0x000001ebcdeabd00, Size=192
[2018.05.28-07.43.58:531][340]LogEditorServer: Finished looking for orphan Actors (0.000 secs)
[2018.05.28-07.43.58:569][340]Cmd: MAP CHECKDEP NOCLEARLOG
[2018.05.28-07.43.58:611][340]MapCheck: Map check complete: 0 Error(s), 0 Warning(s), took 42,264ms to complete.
[2018.05.28-07.43.58:611][340]LogFileHelpers: Loading map 'Map2' took 0.146
[2018.05.28-07.44.23:145][812]LogUObjectGlobals: Created PersistentFrame Addr=0x000001ebd786fb80, Size=192, Default__Map1_C Function /Game/VirtualRealityBP/Maps/Map1.Map1_C:ExecuteUbergraph_Map1
[2018.05.28-07.44.23:153][812]LogUObjectGlobals: Destroyed PersistentFrame Addr=0x000001ebd786fb80, Size=192
[2018.05.28-07.44.23:153][812]LogUObjectGlobals: Created PersistentFrame Addr=0x000001ebd786fb80, Size=192, Default__Map1_C Function /Engine/Transient.REINST_Map1_C_43:ExecuteUbergraph_Map1
[2018.05.28-07.44.23:155][812]LogBlueprint: Error: [Compiler PersistentLevel.Map1] Spawn node  SpawnActor NONE  must have a  Class  specified.
[2018.05.28-07.44.23:160][812]LogUObjectGlobals: Created PersistentFrame Addr=0x000001ebd786d480, Size=192, Default__Map1_C Function /Game/VirtualRealityBP/Maps/Map1.Map1_C:ExecuteUbergraph_Map1
[2018.05.28-07.44.23:161][812]LogBlueprint: Warning: [Compiler PersistentLevel.Map1] [0421,35] Compile of PersistentLevel.Map1 failed. 1 Fatal Issue(s) 0 Warning(s) [in 10 ms] (/Game/VirtualRealityBP/Maps/Map1.Map1:PersistentLevel.Map1)
[2018.05.28-07.44.23:198][812]LogAIModule: Creating AISystem for world Map1
[2018.05.28-07.44.23:213][812]LogUObjectGlobals: Destroyed PersistentFrame Addr=0x000001ebd786fb80, Size=192
[2018.05.28-07.44.23:214][812]Cmd: MAP LOAD FILE="../../../../../../Projet/Leap_Test/VR_Vive/Content/VirtualRealityBP/Maps/Map1.umap" TEMPLATE=0 SHOWPROGRESS=1 FEATURELEVEL=3
[2018.05.28-07.44.23:214][812]LightingResults: New page: Lighting Build
[2018.05.28-07.44.23:215][812]LoadErrors: New page: Loading map: Map1.umap
[2018.05.28-07.44.23:215][812]MapCheck: New page: Map Check
[2018.05.28-07.44.23:215][812]LightingResults: New page: Lighting Build
[2018.05.28-07.44.23:323][812]LogEditorServer: Finished looking for orphan Actors (0.000 secs)
[2018.05.28-07.44.23:360][812]Cmd: MAP CHECKDEP NOCLEARLOG
[2018.05.28-07.44.23:403][812]MapCheck: Map check complete: 0 Error(s), 0 Warning(s), took 43,34ms to complete.
[2018.05.28-07.44.23:404][812]LogFileHelpers: Loading map 'Map1' took 0.192
[2018.05.28-07.44.34:026][ 31]LogSlate: FSceneViewport::OnFocusLost() reason 0
[2018.05.28-07.45.06:720][935]LogSlate: FSceneViewport::OnFocusLost() reason 0
[2018.05.28-07.45.18:906][372]LogUObjectGlobals: Created PersistentFrame Addr=0x000001ebd7a58090, Size=4, Default__SKEL_Map1_2_C Function /Game/VirtualRealityBP/Maps/Map1_2.SKEL_Map1_2_C:ExecuteUbergraph_Map1_2
[2018.05.28-07.45.18:906][372]LogUObjectGlobals: Destroyed PersistentFrame Addr=0x000001ebd7a58090, Size=4
[2018.05.28-07.45.18:906][372]LogUObjectGlobals: Created PersistentFrame Addr=0x000001ebd7a58090, Size=4, Default__SKEL_Map1_2_C Function /Engine/Transient.REINST_SKEL_Map1_2_C_46:ExecuteUbergraph_Map1_2
[2018.05.28-07.45.18:910][372]LogUObjectGlobals: Created PersistentFrame Addr=0x000001ebd7a59698, Size=4, Default__SKEL_Map1_2_C Function /Game/VirtualRealityBP/Maps/Map1_2.SKEL_Map1_2_C:ExecuteUbergraph_Map1_2
[2018.05.28-07.45.18:912][372]LogBlueprint: Error: [Compiler PersistentLevel.Map1_2] Spawn node  SpawnActor NONE  must have a  Class  specified.
[2018.05.28-07.45.18:919][372]LogUObjectGlobals: Created PersistentFrame Addr=0x000001ebbaa73f40, Size=192, Default__Map1_2_C Function /Game/VirtualRealityBP/Maps/Map1_2.Map1_2_C:ExecuteUbergraph_Map1_2
[2018.05.28-07.45.18:920][372]LogUObjectGlobals: Destroyed PersistentFrame Addr=0x000001ebbaa73f40, Size=192
[2018.05.28-07.45.18:920][372]LogUObjectGlobals: Created PersistentFrame Addr=0x000001ebbaa73f40, Size=192, Default__Map1_2_C Function /Engine/Transient.REINST_Map1_2_C_49:ExecuteUbergraph_Map1_2
[2018.05.28-07.45.18:925][372]LogUObjectGlobals: Created PersistentFrame Addr=0x000001ebd9fb2a60, Size=4, Default__Map1_2_C Function /Game/VirtualRealityBP/Maps/Map1_2.Map1_2_C:ExecuteUbergraph_Map1_2
[2018.05.28-07.45.18:963][372]LogBlueprint: Warning: [Compiler PersistentLevel.Map1_2] [0477,15] Compile of PersistentLevel.Map1_2 failed. 1 Fatal Issue(s) 0 Warning(s) [in 57 ms] (/Game/VirtualRealityBP/Maps/Map1_2.Map1_2:PersistentLevel.Map1_2)
[2018.05.28-07.45.18:983][372]LogUObjectGlobals: Destroyed PersistentFrame Addr=0x000001ebd7a59698, Size=4
[2018.05.28-07.45.18:983][372]LogUObjectGlobals: Created PersistentFrame Addr=0x000001ebd9fb3738, Size=4, Default__SKEL_Map1_2_C Function /Engine/Transient.REINST_SKEL_Map1_2_C_51:ExecuteUbergraph_Map1_2
[2018.05.28-07.45.19:003][372]LogUObjectGlobals: Destroyed PersistentFrame Addr=0x000001ebd9fb2a60, Size=4
[2018.05.28-07.45.19:003][372]LogUObjectGlobals: Created PersistentFrame Addr=0x000001ebd9fb2a60, Size=4, Default__Map1_2_C Function /Engine/Transient.REINST_Map1_2_C_53:ExecuteUbergraph_Map1_2
[2018.05.28-07.45.19:005][372]LogBlueprint: Error: [Compiler PersistentLevel.Map1_2] Spawn node  SpawnActor NONE  must have a  Class  specified.
[2018.05.28-07.45.19:012][372]LogUObjectGlobals: Created PersistentFrame Addr=0x000001ebbaa728c0, Size=192, Default__Map1_2_C Function /Game/VirtualRealityBP/Maps/Map1_2.Map1_2_C:ExecuteUbergraph_Map1_2
[2018.05.28-07.45.19:012][372]LogBlueprint: Warning: [Compiler PersistentLevel.Map1_2] [0477,20] Compile of PersistentLevel.Map1_2 failed. 1 Fatal Issue(s) 0 Warning(s) [in 29 ms] (/Game/VirtualRealityBP/Maps/Map1_2.Map1_2:PersistentLevel.Map1_2)
[2018.05.28-07.45.19:034][372]LogAIModule: Creating AISystem for world Map1_2
[2018.05.28-07.45.21:196][628]LogAIModule: Creating AISystem for world Map2
[2018.05.28-07.45.21:206][628]LogUObjectGlobals: Destroyed PersistentFrame Addr=0x000001ebd9fb2a60, Size=4
[2018.05.28-07.45.21:206][628]LogUObjectGlobals: Destroyed PersistentFrame Addr=0x000001ebbaa73f40, Size=192
[2018.05.28-07.45.21:206][628]LogUObjectGlobals: Destroyed PersistentFrame Addr=0x000001ebd9fb3738, Size=4
[2018.05.28-07.45.21:207][628]LogUObjectGlobals: Destroyed PersistentFrame Addr=0x000001ebd7a58090, Size=4
[2018.05.28-07.45.22:255][628]LogSlate: Window 'Delete Assets' being destroyed
[2018.05.28-07.45.35:397][143]LogUObjectGlobals: Destroyed PersistentFrame Addr=0x000001ebbaa728c0, Size=192
[2018.05.28-07.45.35:397][143]LogUObjectGlobals: Created PersistentFrame Addr=0x000001ebce2f74c0, Size=192, Default__Map2_C Function /Engine/Transient.REINST_Map2_C_57:ExecuteUbergraph_Map1_2
[2018.05.28-07.45.35:399][143]LogBlueprint: Error: [Compiler PersistentLevel.Map2] Spawn node  SpawnActor NONE  must have a  Class  specified.
[2018.05.28-07.45.35:404][143]LogUObjectGlobals: Created PersistentFrame Addr=0x000001ebce2f5e40, Size=192, Default__Map2_C Function /Game/VirtualRealityBP/Maps/Map2.Map2_C:ExecuteUbergraph_Map2
[2018.05.28-07.45.35:405][143]LogBlueprint: Warning: [Compiler PersistentLevel.Map2] [0493,59] Compile of PersistentLevel.Map2 failed. 1 Fatal Issue(s) 0 Warning(s) [in 28 ms] (/Game/VirtualRealityBP/Maps/Map2.Map2:PersistentLevel.Map2)
[2018.05.28-07.45.35:486][143]LogMetaData: Removing '/Game/VirtualRealityBP/Maps/Map2.SKEL_Map2_C' ref from Metadata '/Game/VirtualRealityBP/Maps/Map1_2.PackageMetaData'
[2018.05.28-07.45.35:487][143]LogMetaData: Removing '/Game/VirtualRealityBP/Maps/Map2.Map2_C' ref from Metadata '/Game/VirtualRealityBP/Maps/Map1_2.PackageMetaData'
[2018.05.28-07.45.35:542][143]Cmd: OBJ SAVEPACKAGE PACKAGE="/Game/VirtualRealityBP/Maps/Map2" FILE="../../../../../../Projet/Leap_Test/VR_Vive/Content/VirtualRealityBP/Maps/Map2.umap" SILENT=true AUTOSAVING=false KEEPDIRTY=false
[2018.05.28-07.45.35:557][143]LogUObjectGlobals: Destroyed PersistentFrame Addr=0x000001ebce2f74c0, Size=192
[2018.05.28-07.45.35:598][143]LogUObjectGlobals: Destroyed PersistentFrame Addr=0x000001ebce2f5e40, Size=192
[2018.05.28-07.45.35:598][143]LogUObjectGlobals: Created PersistentFrame Addr=0x000001ebf4900700, Size=192, Default__Map2_C Function /Engine/Transient.REINST_Map2_C_61:ExecuteUbergraph_Map2
[2018.05.28-07.45.35:599][143]LogBlueprint: Error: [Compiler PersistentLevel.Map2] Spawn node  SpawnActor NONE  must have a  Class  specified.
[2018.05.28-07.45.35:605][143]LogUObjectGlobals: Created PersistentFrame Addr=0x000001eba600bd00, Size=192, Default__Map2_C Function /Game/VirtualRealityBP/Maps/Map2.Map2_C:ExecuteUbergraph_Map2
[2018.05.28-07.45.35:605][143]LogBlueprint: Warning: [Compiler PersistentLevel.Map2] [0493,80] Compile of PersistentLevel.Map2 failed. 1 Fatal Issue(s) 0 Warning(s) [in 28 ms] (/Game/VirtualRealityBP/Maps/Map2.Map2:PersistentLevel.Map2)
[2018.05.28-07.45.35:732][143]LogSavePackage: Warning: Obj in another map: BlueprintGeneratedClass /Game/VirtualRealityBP/Maps/Map1.Map1_C
[2018.05.28-07.45.40:762][143]LogSlate: Window 'Message' being destroyed
[2018.05.28-07.45.40:764][143]LogSavePackage: Warning: 
Referencers of BlueprintGeneratedClass /Game/VirtualRealityBP/Maps/Map1.Map1_C:
[2018.05.28-07.45.40:787][143]LogSavePackage: Warning: 	Map1_C /Game/VirtualRealityBP/Maps/Map2.Map2:PersistentLevel.Map1_C_65 (1 refs)
[2018.05.28-07.45.40:797][143]EditorErrors: New page: Save Output
[2018.05.28-07.45.40:797][143]EditorErrors: Warning: Object 'BlueprintGeneratedClass /Game/VirtualRealityBP/Maps/Map1.Map1_C' is in another map
[2018.05.28-07.45.40:797][143]EditorErrors: Warning: Can't save ../../../../../../Projet/Leap_Test/VR_Vive/Content/VirtualRealityBP/Maps/Map2.umap: Graph is linked to object BlueprintGeneratedClass /Game/VirtualRealityBP/Maps/Map1.Map1_C (Unknown property) in external map
[2018.05.28-07.45.40:805][143]LogFileHelpers: Saving map 'Map2' took 5.304
[2018.05.28-07.45.47:051][143]LogSlate: Window 'Message' being destroyed
[2018.05.28-07.45.47:102][143]Cmd: OBJ SAVEPACKAGE PACKAGE="/Game/VirtualRealityBP/Maps/Map2" FILE="../../../../../../Projet/Leap_Test/VR_Vive/Content/VirtualRealityBP/Maps/Map2.umap" SILENT=true AUTOSAVING=false KEEPDIRTY=false
[2018.05.28-07.45.47:118][143]LogUObjectGlobals: Destroyed PersistentFrame Addr=0x000001ebf4900700, Size=192
[2018.05.28-07.45.47:159][143]LogUObjectGlobals: Destroyed PersistentFrame Addr=0x000001eba600bd00, Size=192
[2018.05.28-07.45.47:159][143]LogUObjectGlobals: Created PersistentFrame Addr=0x000001ebc4ee1fc0, Size=192, Default__Map2_C Function /Engine/Transient.REINST_Map2_C_65:ExecuteUbergraph_Map2
[2018.05.28-07.45.47:161][143]LogBlueprint: Error: [Compiler PersistentLevel.Map2] Spawn node  SpawnActor NONE  must have a  Class  specified.
[2018.05.28-07.45.47:166][143]LogUObjectGlobals: Created PersistentFrame Addr=0x000001ebbaa701c0, Size=192, Default__Map2_C Function /Game/VirtualRealityBP/Maps/Map2.Map2_C:ExecuteUbergraph_Map2
[2018.05.28-07.45.47:166][143]LogBlueprint: Warning: [Compiler PersistentLevel.Map2] [0505,36] Compile of PersistentLevel.Map2 failed. 1 Fatal Issue(s) 0 Warning(s) [in 28 ms] (/Game/VirtualRealityBP/Maps/Map2.Map2:PersistentLevel.Map2)
[2018.05.28-07.45.47:293][143]LogSavePackage: Warning: Obj in another map: BlueprintGeneratedClass /Game/VirtualRealityBP/Maps/Map1.Map1_C
[2018.05.28-07.45.48:357][143]LogSlate: Window 'Message' being destroyed
[2018.05.28-07.45.48:360][143]LogSavePackage: Warning: 
Referencers of BlueprintGeneratedClass /Game/VirtualRealityBP/Maps/Map1.Map1_C:
[2018.05.28-07.45.48:381][143]LogSavePackage: Warning: 	Map1_C /Game/VirtualRealityBP/Maps/Map2.Map2:PersistentLevel.Map1_C_65 (1 refs)
[2018.05.28-07.45.48:387][143]EditorErrors: New page: Save Output
[2018.05.28-07.45.48:387][143]EditorErrors: Warning: Object 'BlueprintGeneratedClass /Game/VirtualRealityBP/Maps/Map1.Map1_C' is in another map
[2018.05.28-07.45.48:387][143]EditorErrors: Warning: Can't save ../../../../../../Projet/Leap_Test/VR_Vive/Content/VirtualRealityBP/Maps/Map2.umap: Graph is linked to object BlueprintGeneratedClass /Game/VirtualRealityBP/Maps/Map1.Map1_C (Unknown property) in external map
[2018.05.28-07.45.48:391][143]LogFileHelpers: Saving map 'Map2' took 1.338
[2018.05.28-07.45.48:926][143]LogSlate: Window 'Message' being destroyed
[2018.05.28-07.45.48:975][143]Cmd: OBJ SAVEPACKAGE PACKAGE="/Game/VirtualRealityBP/Maps/Map2" FILE="../../../../../../Projet/Leap_Test/VR_Vive/Content/VirtualRealityBP/Maps/Map2.umap" SILENT=true AUTOSAVING=false KEEPDIRTY=false
[2018.05.28-07.45.48:991][143]LogUObjectGlobals: Destroyed PersistentFrame Addr=0x000001ebc4ee1fc0, Size=192
[2018.05.28-07.45.49:032][143]LogUObjectGlobals: Destroyed PersistentFrame Addr=0x000001ebbaa701c0, Size=192
[2018.05.28-07.45.49:032][143]LogUObjectGlobals: Created PersistentFrame Addr=0x000001ebd0ec5780, Size=192, Default__Map2_C Function /Engine/Transient.REINST_Map2_C_69:ExecuteUbergraph_Map2
[2018.05.28-07.45.49:033][143]LogBlueprint: Error: [Compiler PersistentLevel.Map2] Spawn node  SpawnActor NONE  must have a  Class  specified.
[2018.05.28-07.45.49:039][143]LogUObjectGlobals: Created PersistentFrame Addr=0x000001ebc4ee2b00, Size=192, Default__Map2_C Function /Game/VirtualRealityBP/Maps/Map2.Map2_C:ExecuteUbergraph_Map2
[2018.05.28-07.45.49:039][143]LogBlueprint: Warning: [Compiler PersistentLevel.Map2] [0507,23] Compile of PersistentLevel.Map2 failed. 1 Fatal Issue(s) 0 Warning(s) [in 27 ms] (/Game/VirtualRealityBP/Maps/Map2.Map2:PersistentLevel.Map2)
[2018.05.28-07.45.49:168][143]LogSavePackage: Warning: Obj in another map: BlueprintGeneratedClass /Game/VirtualRealityBP/Maps/Map1.Map1_C
[2018.05.28-07.45.52:387][143]LogSlate: Window 'Message' being destroyed
[2018.05.28-07.45.52:397][143]EditorErrors: New page: Save Output
[2018.05.28-07.45.52:397][143]EditorErrors: Warning: Object 'BlueprintGeneratedClass /Game/VirtualRealityBP/Maps/Map1.Map1_C' is in another map
[2018.05.28-07.45.52:397][143]EditorErrors: Warning: Can't save ../../../../../../Projet/Leap_Test/VR_Vive/Content/VirtualRealityBP/Maps/Map2.umap: Graph is linked to object Unknown in external map
[2018.05.28-07.45.52:400][143]LogFileHelpers: Saving map 'Map2' took 3.472
[2018.05.28-07.45.54:043][143]LogSlate: Window 'Message' being destroyed
[2018.05.28-07.45.54:096][143]LogUObjectGlobals: Destroyed PersistentFrame Addr=0x000001ebd0ec5780, Size=192
[2018.05.28-07.45.59:891][832]LogSlate: Window 'Message Log' being destroyed
[2018.05.28-07.45.59:894][832]LogSlate: Window 'Message Log' being destroyed
[2018.05.28-07.46.00:780][937]Cmd: MAP LOAD FILE="../../../../../../Projet/Leap_Test/VR_Vive/Content/VirtualRealityBP/Maps/Map2.umap" TEMPLATE=0 SHOWPROGRESS=1 FEATURELEVEL=3
[2018.05.28-07.46.00:780][937]LightingResults: New page: Lighting Build
[2018.05.28-07.46.00:781][937]LoadErrors: New page: Loading map: Map2.umap
[2018.05.28-07.46.00:782][937]MapCheck: New page: Map Check
[2018.05.28-07.46.00:782][937]LightingResults: New page: Lighting Build
[2018.05.28-07.46.00:791][937]LogReferenceChain: Searching referencers for Map1. This may take several minutes.
[2018.05.28-07.46.00:855][937]LogReferenceChain: Generating reference graph ...
[2018.05.28-07.46.00:858][937]LogReferenceChain: Level 0 has 9 nodes ...
[2018.05.28-07.46.00:863][937]LogReferenceChain: Level 1 added 66 nodes ...
[2018.05.28-07.46.00:869][937]LogReferenceChain: Level 2 added 239 nodes ...
[2018.05.28-07.46.00:875][937]LogReferenceChain: Level 3 added 446 nodes ...
[2018.05.28-07.46.00:881][937]LogReferenceChain: Level 4 added 408 nodes ...
[2018.05.28-07.46.00:886][937]LogReferenceChain: Level 5 added 353 nodes ...
[2018.05.28-07.46.00:892][937]LogReferenceChain: Level 6 added 443 nodes ...
[2018.05.28-07.46.00:898][937]LogReferenceChain: Level 7 added 338 nodes ...
[2018.05.28-07.46.00:903][937]LogReferenceChain: Level 8 added 120 nodes ...
[2018.05.28-07.46.00:909][937]LogReferenceChain: Level 9 added 0 nodes ...
[2018.05.28-07.46.00:909][937]LogReferenceChain: Generating reference chains ...
[2018.05.28-07.46.00:909][937]LogReferenceChain:   
[2018.05.28-07.46.00:909][937]LogReferenceChain: External Referencers:
[2018.05.28-07.46.00:909][937]LogReferenceChain:   
[2018.05.28-07.46.00:909][937]LogReferenceChain: (standalone) World /Game/VirtualRealityBP/Maps/Map2.Map2->CurrentLevel
[2018.05.28-07.46.01:147][937]LogReferenceChain:   Level /Game/VirtualRealityBP/Maps/Map2.Map2:PersistentLevel->0x0000000059978D00 UE4Editor-Engine.dll!UnknownFunction []
[2018.05.28-07.46.01:147][937]LogReferenceChain:     Map1_C /Game/VirtualRealityBP/Maps/Map2.Map2:PersistentLevel.Map1_C_65->Porte_lobby_EdGraph_1_RefProperty
[2018.05.28-07.46.01:147][937]LogReferenceChain:       StaticMeshActor /Game/VirtualRealityBP/Maps/Map1.Map1:PersistentLevel.Porte_lobby->Outer
[2018.05.28-07.46.01:147][937]LogReferenceChain:         Level /Game/VirtualRealityBP/Maps/Map1.Map1:PersistentLevel->OwningWorld
[2018.05.28-07.46.01:147][937]LogReferenceChain:           (target) World /Game/VirtualRealityBP/Maps/Map1.Map1
[2018.05.28-07.46.01:147][937]LogReferenceChain:   
[2018.05.28-07.46.01:147][937]LogReferenceChain: (standalone) World /Game/VirtualRealityBP/Maps/Map2.Map2->CurrentLevel
[2018.05.28-07.46.01:147][937]LogReferenceChain:   Level /Game/VirtualRealityBP/Maps/Map2.Map2:PersistentLevel->0x0000000059978D00 UE4Editor-Engine.dll!UnknownFunction []
[2018.05.28-07.46.01:147][937]LogReferenceChain:     Map1_C /Game/VirtualRealityBP/Maps/Map2.Map2:PersistentLevel.Map1_C_65->spheretst_2_EdGraph_0_RefProperty
[2018.05.28-07.46.01:147][937]LogReferenceChain:       spheretst_C /Game/VirtualRealityBP/Maps/Map1.Map1:PersistentLevel.spheretst_2->Outer
[2018.05.28-07.46.01:148][937]LogReferenceChain:         Level /Game/VirtualRealityBP/Maps/Map1.Map1:PersistentLevel->OwningWorld
[2018.05.28-07.46.01:148][937]LogReferenceChain:           (target) World /Game/VirtualRealityBP/Maps/Map1.Map1
[2018.05.28-07.46.01:148][937]LogReferenceChain:   
[2018.05.28-07.46.01:148][937]LogReferenceChain: (standalone) World /Game/VirtualRealityBP/Maps/Map2.Map2->CurrentLevel
[2018.05.28-07.46.01:148][937]LogReferenceChain:   Level /Game/VirtualRealityBP/Maps/Map2.Map2:PersistentLevel->0x0000000059978D00 UE4Editor-Engine.dll!UnknownFunction []
[2018.05.28-07.46.01:148][937]LogReferenceChain:     Map1_C /Game/VirtualRealityBP/Maps/Map2.Map2:PersistentLevel.Map1_C_65->Tutoriel_ExecuteUbergraph_Map1_RefProperty
[2018.05.28-07.46.01:148][937]LogReferenceChain:       TextRenderActor /Game/VirtualRealityBP/Maps/Map1.Map1:PersistentLevel.Tutoriel->Outer
[2018.05.28-07.46.01:148][937]LogReferenceChain:         Level /Game/VirtualRealityBP/Maps/Map1.Map1:PersistentLevel->OwningWorld
[2018.05.28-07.46.01:148][937]LogReferenceChain:           (target) World /Game/VirtualRealityBP/Maps/Map1.Map1
[2018.05.28-07.46.01:148][937]LogReferenceChain:   
[2018.05.28-07.46.01:148][937]LogReferenceChain: (standalone) World /Game/VirtualRealityBP/Maps/Map2.Map2->CurrentLevel
[2018.05.28-07.46.01:148][937]LogReferenceChain:   Level /Game/VirtualRealityBP/Maps/Map2.Map2:PersistentLevel->0x0000000059978D00 UE4Editor-Engine.dll!UnknownFunction []
[2018.05.28-07.46.01:148][937]LogReferenceChain:     Map1_C /Game/VirtualRealityBP/Maps/Map2.Map2:PersistentLevel.Map1_C_65->Screen2_Blueprint_ExecuteUbergraph_Map1_RefProperty
[2018.05.28-07.46.01:148][937]LogReferenceChain:       Screen2_Blueprint_C /Game/VirtualRealityBP/Maps/Map1.Map1:PersistentLevel.Screen2_Blueprint->Outer
[2018.05.28-07.46.01:148][937]LogReferenceChain:         Level /Game/VirtualRealityBP/Maps/Map1.Map1:PersistentLevel->OwningWorld
[2018.05.28-07.46.01:148][937]LogReferenceChain:           (target) World /Game/VirtualRealityBP/Maps/Map1.Map1
[2018.05.28-07.46.01:148][937]LogReferenceChain:   
[2018.05.28-07.46.01:148][937]LogReferenceChain: (standalone) World /Game/VirtualRealityBP/Maps/Map2.Map2->CurrentLevel
[2018.05.28-07.46.01:148][937]LogReferenceChain:   Level /Game/VirtualRealityBP/Maps/Map2.Map2:PersistentLevel->0x0000000059978D00 UE4Editor-Engine.dll!UnknownFunction []
[2018.05.28-07.46.01:148][937]LogReferenceChain:     Map1_C /Game/VirtualRealityBP/Maps/Map2.Map2:PersistentLevel.Map1_C_65->MotionControllerPawn_602_EdGraph_2_RefProperty
[2018.05.28-07.46.01:148][937]LogReferenceChain:       MotionControllerPawn_C /Game/VirtualRealityBP/Maps/Map1.Map1:PersistentLevel.MotionControllerPawn_602->Outer
[2018.05.28-07.46.01:148][937]LogReferenceChain:         Level /Game/VirtualRealityBP/Maps/Map1.Map1:PersistentLevel->OwningWorld
[2018.05.28-07.46.01:148][937]LogReferenceChain:           (target) World /Game/VirtualRealityBP/Maps/Map1.Map1
[2018.05.28-07.46.01:148][937]LogReferenceChain:   
[2018.05.28-07.46.01:148][937]LogReferenceChain: (standalone) World /Game/VirtualRealityBP/Maps/Map2.Map2->ActiveGroupActors
[2018.05.28-07.46.01:148][937]LogReferenceChain:   GroupActor /Game/VirtualRealityBP/Maps/Map2.Map2:PersistentLevel.GroupActor_1->Outer
[2018.05.28-07.46.01:148][937]LogReferenceChain:     Level /Game/VirtualRealityBP/Maps/Map2.Map2:PersistentLevel->0x0000000059978D00 UE4Editor-Engine.dll!UnknownFunction []
[2018.05.28-07.46.01:148][937]LogReferenceChain:       Map1_C /Game/VirtualRealityBP/Maps/Map2.Map2:PersistentLevel.Map1_C_65->Porte_lobby_EdGraph_1_RefProperty
[2018.05.28-07.46.01:148][937]LogReferenceChain:         StaticMeshActor /Game/VirtualRealityBP/Maps/Map1.Map1:PersistentLevel.Porte_lobby->Outer
[2018.05.28-07.46.01:148][937]LogReferenceChain:           Level /Game/VirtualRealityBP/Maps/Map1.Map1:PersistentLevel->OwningWorld
[2018.05.28-07.46.01:148][937]LogReferenceChain:             (target) World /Game/VirtualRealityBP/Maps/Map1.Map1
[2018.05.28-07.46.01:148][937]LogReferenceChain:   
[2018.05.28-07.46.01:148][937]LogReferenceChain: (standalone) World /Game/VirtualRealityBP/Maps/Map2.Map2->ActiveGroupActors
[2018.05.28-07.46.01:148][937]LogReferenceChain:   GroupActor /Game/VirtualRealityBP/Maps/Map2.Map2:PersistentLevel.GroupActor_1->Outer
[2018.05.28-07.46.01:148][937]LogReferenceChain:     Level /Game/VirtualRealityBP/Maps/Map2.Map2:PersistentLevel->0x0000000059978D00 UE4Editor-Engine.dll!UnknownFunction []
[2018.05.28-07.46.01:148][937]LogReferenceChain:       Map1_C /Game/VirtualRealityBP/Maps/Map2.Map2:PersistentLevel.Map1_C_65->spheretst_2_EdGraph_0_RefProperty
[2018.05.28-07.46.01:148][937]LogReferenceChain:         spheretst_C /Game/VirtualRealityBP/Maps/Map1.Map1:PersistentLevel.spheretst_2->Outer
[2018.05.28-07.46.01:148][937]LogReferenceChain:           Level /Game/VirtualRealityBP/Maps/Map1.Map1:PersistentLevel->OwningWorld
[2018.05.28-07.46.01:148][937]LogReferenceChain:             (target) World /Game/VirtualRealityBP/Maps/Map1.Map1
[2018.05.28-07.46.01:148][937]LogReferenceChain:   
[2018.05.28-07.46.01:148][937]LogReferenceChain: (standalone) World /Game/VirtualRealityBP/Maps/Map2.Map2->ActiveGroupActors
[2018.05.28-07.46.01:148][937]LogReferenceChain:   GroupActor /Game/VirtualRealityBP/Maps/Map2.Map2:PersistentLevel.GroupActor_1->Outer
[2018.05.28-07.46.01:149][937]LogReferenceChain:     Level /Game/VirtualRealityBP/Maps/Map2.Map2:PersistentLevel->0x0000000059978D00 UE4Editor-Engine.dll!UnknownFunction []
[2018.05.28-07.46.01:149][937]LogReferenceChain:       Map1_C /Game/VirtualRealityBP/Maps/Map2.Map2:PersistentLevel.Map1_C_65->Tutoriel_ExecuteUbergraph_Map1_RefProperty
[2018.05.28-07.46.01:149][937]LogReferenceChain:         TextRenderActor /Game/VirtualRealityBP/Maps/Map1.Map1:PersistentLevel.Tutoriel->Outer
[2018.05.28-07.46.01:149][937]LogReferenceChain:           Level /Game/VirtualRealityBP/Maps/Map1.Map1:PersistentLevel->OwningWorld
[2018.05.28-07.46.01:149][937]LogReferenceChain:             (target) World /Game/VirtualRealityBP/Maps/Map1.Map1
[2018.05.28-07.46.01:149][937]LogReferenceChain:   
[2018.05.28-07.46.01:149][937]LogReferenceChain: (standalone) World /Game/VirtualRealityBP/Maps/Map2.Map2->ActiveGroupActors
[2018.05.28-07.46.01:149][937]LogReferenceChain:   GroupActor /Game/VirtualRealityBP/Maps/Map2.Map2:PersistentLevel.GroupActor_1->Outer
[2018.05.28-07.46.01:149][937]LogReferenceChain:     Level /Game/VirtualRealityBP/Maps/Map2.Map2:PersistentLevel->0x0000000059978D00 UE4Editor-Engine.dll!UnknownFunction []
[2018.05.28-07.46.01:149][937]LogReferenceChain:       Map1_C /Game/VirtualRealityBP/Maps/Map2.Map2:PersistentLevel.Map1_C_65->Screen2_Blueprint_ExecuteUbergraph_Map1_RefProperty
[2018.05.28-07.46.01:149][937]LogReferenceChain:         Screen2_Blueprint_C /Game/VirtualRealityBP/Maps/Map1.Map1:PersistentLevel.Screen2_Blueprint->Outer
[2018.05.28-07.46.01:149][937]LogReferenceChain:           Level /Game/VirtualRealityBP/Maps/Map1.Map1:PersistentLevel->OwningWorld
[2018.05.28-07.46.01:149][937]LogReferenceChain:             (target) World /Game/VirtualRealityBP/Maps/Map1.Map1
[2018.05.28-07.46.01:149][937]LogReferenceChain:   
[2018.05.28-07.46.01:149][937]LogReferenceChain: (standalone) World /Game/VirtualRealityBP/Maps/Map2.Map2->ActiveGroupActors
[2018.05.28-07.46.01:149][937]LogReferenceChain:   GroupActor /Game/VirtualRealityBP/Maps/Map2.Map2:PersistentLevel.GroupActor_1->Outer
[2018.05.28-07.46.01:149][937]LogReferenceChain:     Level /Game/VirtualRealityBP/Maps/Map2.Map2:PersistentLevel->0x0000000059978D00 UE4Editor-Engine.dll!UnknownFunction []
[2018.05.28-07.46.01:149][937]LogReferenceChain:       Map1_C /Game/VirtualRealityBP/Maps/Map2.Map2:PersistentLevel.Map1_C_65->MotionControllerPawn_602_EdGraph_2_RefProperty
[2018.05.28-07.46.01:149][937]LogReferenceChain:         MotionControllerPawn_C /Game/VirtualRealityBP/Maps/Map1.Map1:PersistentLevel.MotionControllerPawn_602->Outer
[2018.05.28-07.46.01:149][937]LogReferenceChain:           Level /Game/VirtualRealityBP/Maps/Map1.Map1:PersistentLevel->OwningWorld
[2018.05.28-07.46.01:149][937]LogReferenceChain:             (target) World /Game/VirtualRealityBP/Maps/Map1.Map1
[2018.05.28-07.46.01:149][937]LogReferenceChain:   
[2018.05.28-07.46.01:149][937]LogReferenceChain: (standalone) World /Game/VirtualRealityBP/Maps/Map2.Map2->DefaultPhysicsVolume
[2018.05.28-07.46.01:149][937]LogReferenceChain:   DefaultPhysicsVolume /Game/VirtualRealityBP/Maps/Map2.Map2:PersistentLevel.DefaultPhysicsVolume_0->Outer
[2018.05.28-07.46.01:149][937]LogReferenceChain:     Level /Game/VirtualRealityBP/Maps/Map2.Map2:PersistentLevel->0x0000000059978D00 UE4Editor-Engine.dll!UnknownFunction []
[2018.05.28-07.46.01:149][937]LogReferenceChain:       Map1_C /Game/VirtualRealityBP/Maps/Map2.Map2:PersistentLevel.Map1_C_65->Porte_lobby_EdGraph_1_RefProperty
[2018.05.28-07.46.01:149][937]LogReferenceChain:         StaticMeshActor /Game/VirtualRealityBP/Maps/Map1.Map1:PersistentLevel.Porte_lobby->Outer
[2018.05.28-07.46.01:149][937]LogReferenceChain:           Level /Game/VirtualRealityBP/Maps/Map1.Map1:PersistentLevel->OwningWorld
[2018.05.28-07.46.01:149][937]LogReferenceChain:             (target) World /Game/VirtualRealityBP/Maps/Map1.Map1
[2018.05.28-07.46.01:149][937]LogReferenceChain:   
[2018.05.28-07.46.01:149][937]LogReferenceChain: (standalone) World /Game/VirtualRealityBP/Maps/Map2.Map2->DefaultPhysicsVolume
[2018.05.28-07.46.01:149][937]LogReferenceChain:   DefaultPhysicsVolume /Game/VirtualRealityBP/Maps/Map2.Map2:PersistentLevel.DefaultPhysicsVolume_0->Outer
[2018.05.28-07.46.01:149][937]LogReferenceChain:     Level /Game/VirtualRealityBP/Maps/Map2.Map2:PersistentLevel->0x0000000059978D00 UE4Editor-Engine.dll!UnknownFunction []
[2018.05.28-07.46.01:149][937]LogReferenceChain:       Map1_C /Game/VirtualRealityBP/Maps/Map2.Map2:PersistentLevel.Map1_C_65->spheretst_2_EdGraph_0_RefProperty
[2018.05.28-07.46.01:149][937]LogReferenceChain:         spheretst_C /Game/VirtualRealityBP/Maps/Map1.Map1:PersistentLevel.spheretst_2->Outer
[2018.05.28-07.46.01:149][937]LogReferenceChain:           Level /Game/VirtualRealityBP/Maps/Map1.Map1:PersistentLevel->OwningWorld
[2018.05.28-07.46.01:149][937]LogReferenceChain:             (target) World /Game/VirtualRealityBP/Maps/Map1.Map1
[2018.05.28-07.46.01:149][937]LogReferenceChain:   
[2018.05.28-07.46.01:149][937]LogReferenceChain: (standalone) World /Game/VirtualRealityBP/Maps/Map2.Map2->DefaultPhysicsVolume
[2018.05.28-07.46.01:149][937]LogReferenceChain:   DefaultPhysicsVolume /Game/VirtualRealityBP/Maps/Map2.Map2:PersistentLevel.DefaultPhysicsVolume_0->Outer
[2018.05.28-07.46.01:149][937]LogReferenceChain:     Level /Game/VirtualRealityBP/Maps/Map2.Map2:PersistentLevel->0x0000000059978D00 UE4Editor-Engine.dll!UnknownFunction []
[2018.05.28-07.46.01:149][937]LogReferenceChain:       Map1_C /Game/VirtualRealityBP/Maps/Map2.Map2:PersistentLevel.Map1_C_65->Tutoriel_ExecuteUbergraph_Map1_RefProperty
[2018.05.28-07.46.01:149][937]LogReferenceChain:         TextRenderActor /Game/VirtualRealityBP/Maps/Map1.Map1:PersistentLevel.Tutoriel->Outer
[2018.05.28-07.46.01:149][937]LogReferenceChain:           Level /Game/VirtualRealityBP/Maps/Map1.Map1:PersistentLevel->OwningWorld
[2018.05.28-07.46.01:149][937]LogReferenceChain:             (target) World /Game/VirtualRealityBP/Maps/Map1.Map1
[2018.05.28-07.46.01:149][937]LogReferenceChain:   
[2018.05.28-07.46.01:149][937]LogReferenceChain: (standalone) World /Game/VirtualRealityBP/Maps/Map2.Map2->DefaultPhysicsVolume
[2018.05.28-07.46.01:149][937]LogReferenceChain:   DefaultPhysicsVolume /Game/VirtualRealityBP/Maps/Map2.Map2:PersistentLevel.DefaultPhysicsVolume_0->Outer
[2018.05.28-07.46.01:149][937]LogReferenceChain:     Level /Game/VirtualRealityBP/Maps/Map2.Map2:PersistentLevel->0x0000000059978D00 UE4Editor-Engine.dll!UnknownFunction []
[2018.05.28-07.46.01:149][937]LogReferenceChain:       Map1_C /Game/VirtualRealityBP/Maps/Map2.Map2:PersistentLevel.Map1_C_65->Screen2_Blueprint_ExecuteUbergraph_Map1_RefProperty
[2018.05.28-07.46.01:149][937]LogReferenceChain:         Screen2_Blueprint_C /Game/VirtualRealityBP/Maps/Map1.Map1:PersistentLevel.Screen2_Blueprint->Outer
[2018.05.28-07.46.01:149][937]LogReferenceChain:           Level /Game/VirtualRealityBP/Maps/Map1.Map1:PersistentLevel->OwningWorld
[2018.05.28-07.46.01:150][937]LogReferenceChain:             (target) World /Game/VirtualRealityBP/Maps/Map1.Map1
[2018.05.28-07.46.01:150][937]LogReferenceChain:   
[2018.05.28-07.46.01:150][937]LogReferenceChain: (standalone) World /Game/VirtualRealityBP/Maps/Map2.Map2->DefaultPhysicsVolume
[2018.05.28-07.46.01:150][937]LogReferenceChain:   DefaultPhysicsVolume /Game/VirtualRealityBP/Maps/Map2.Map2:PersistentLevel.DefaultPhysicsVolume_0->Outer
[2018.05.28-07.46.01:150][937]LogReferenceChain:     Level /Game/VirtualRealityBP/Maps/Map2.Map2:PersistentLevel->0x0000000059978D00 UE4Editor-Engine.dll!UnknownFunction []
[2018.05.28-07.46.01:150][937]LogReferenceChain:       Map1_C /Game/VirtualRealityBP/Maps/Map2.Map2:PersistentLevel.Map1_C_65->MotionControllerPawn_602_EdGraph_2_RefProperty
[2018.05.28-07.46.01:150][937]LogReferenceChain:         MotionControllerPawn_C /Game/VirtualRealityBP/Maps/Map1.Map1:PersistentLevel.MotionControllerPawn_602->Outer
[2018.05.28-07.46.01:150][937]LogReferenceChain:           Level /Game/VirtualRealityBP/Maps/Map1.Map1:PersistentLevel->OwningWorld
[2018.05.28-07.46.01:150][937]LogReferenceChain:             (target) World /Game/VirtualRealityBP/Maps/Map1.Map1
[2018.05.28-07.46.01:251][937]LogWindows: Windows GetLastError: L’opération a réussi. (0)
[2018.05.28-07.46.04:399][937]LogWindows: Error: === Critical error: ===
[2018.05.28-07.46.04:399][937]LogWindows: Error: 
[2018.05.28-07.46.04:399][937]LogWindows: Error: Fatal error: [File:D:\Build\++UE4+Release-4.19+Compile\Sync\Engine\Source\Editor\UnrealEd\Private\EditorServer.cpp] [Line: 1929] 
[2018.05.28-07.46.04:399][937]LogWindows: Error: /Game/VirtualRealityBP/Maps/Map1.Map1 still around trying to load ../../../../../../Projet/Leap_Test/VR_Vive/Content/VirtualRealityBP/Maps/Map2.umap
[2018.05.28-07.46.04:399][937]LogWindows: Error:    (Object is not currently rooted)
[2018.05.28-07.46.04:399][937]LogWindows: Error: 
[2018.05.28-07.46.04:399][937]LogWindows: Error: 
[2018.05.28-07.46.04:399][937]LogWindows: Error: 
[2018.05.28-07.46.04:399][937]LogWindows: Error: [Callstack] 0x00000000A605F218 KERNELBASE.dll!UnknownFunction []
[2018.05.28-07.46.04:399][937]LogWindows: Error: [Callstack] 0x000000007D497884 UE4Editor-ApplicationCore.dll!UnknownFunction []
[2018.05.28-07.46.04:399][937]LogWindows: Error: [Callstack] 0x0000000081296D9B UE4Editor-Core.dll!UnknownFunction []
[2018.05.28-07.46.04:399][937]LogWindows: Error: [Callstack] 0x00000000811D1949 UE4Editor-Core.dll!UnknownFunction []
[2018.05.28-07.46.04:399][937]LogWindows: Error: [Callstack] 0x0000000069D3B040 UE4Editor-UnrealEd.dll!UnknownFunction []
[2018.05.28-07.46.04:399][937]LogWindows: Error: [Callstack] 0x0000000069D41F03 UE4Editor-UnrealEd.dll!UnknownFunction []
[2018.05.28-07.46.04:400][937]LogWindows: Error: [Callstack] 0x0000000069D6CD0B UE4Editor-UnrealEd.dll!UnknownFunction []
[2018.05.28-07.46.04:400][937]LogWindows: Error: [Callstack] 0x0000000069D5EEC5 UE4Editor-UnrealEd.dll!UnknownFunction []
[2018.05.28-07.46.04:400][937]LogWindows: Error: [Callstack] 0x0000000069D42FE2 UE4Editor-UnrealEd.dll!UnknownFunction []
[2018.05.28-07.46.04:400][937]LogWindows: Error: [Callstack] 0x000000006A5C0489 UE4Editor-UnrealEd.dll!UnknownFunction []
[2018.05.28-07.46.04:400][937]LogWindows: Error: [Callstack] 0x000000006A041E3B UE4Editor-UnrealEd.dll!UnknownFunction []
[2018.05.28-07.46.04:400][937]LogWindows: Error: [Callstack] 0x000000006E21F143 UE4Editor-AssetTools.dll!UnknownFunction []
[2018.05.28-07.46.04:400][937]LogWindows: Error: [Callstack] 0x000000006A58A064 UE4Editor-UnrealEd.dll!UnknownFunction []
[2018.05.28-07.46.04:400][937]LogWindows: Error: [Callstack] 0x000000006E1B7FA5 UE4Editor-AssetTools.dll!UnknownFunction []
[2018.05.28-07.46.04:400][937]LogWindows: Error: [Callstack] 0x0000000055906008 UE4Editor-ContentBrowser.dll!UnknownFunction []
[2018.05.28-07.46.04:400][937]LogWindows: Error: [Callstack] 0x00000000558C8047 UE4Editor-ContentBrowser.dll!UnknownFunction []
[2018.05.28-07.46.04:400][937]LogWindows: Error: [Callstack] 0x00000000558D00E7 UE4Editor-ContentBrowser.dll!UnknownFunction []
[2018.05.28-07.46.04:400][937]LogWindows: Error: [Callstack] 0x0000000055910881 UE4Editor-ContentBrowser.dll!UnknownFunction []
[2018.05.28-07.46.04:400][937]LogWindows: Error: [Callstack] 0x00000000558C64F1 UE4Editor-ContentBrowser.dll!UnknownFunction []
[2018.05.28-07.46.04:400][937]LogWindows: Error: [Callstack] 0x00000000558CEE4F UE4Editor-ContentBrowser.dll!UnknownFunction []
[2018.05.28-07.46.04:400][937]LogWindows: Error: [Callstack] 0x00000000558CCAB8 UE4Editor-ContentBrowser.dll!UnknownFunction []
[2018.05.28-07.46.04:400][937]LogWindows: Error: [Callstack] 0x000000005591D760 UE4Editor-ContentBrowser.dll!UnknownFunction []
[2018.05.28-07.46.04:400][937]LogWindows: Error: [Callstack] 0x0000000055910AEA UE4Editor-ContentBrowser.dll!UnknownFunction []
[2018.05.28-07.46.04:400][937]LogWindows: Error: [Callstack] 0x000000007CE564EE UE4Editor-Slate.dll!UnknownFunction []
[2018.05.28-07.46.04:400][937]LogWindows: Error: [Callstack] 0x000000007CE279DE UE4Editor-Slate.dll!UnknownFunction []
[2018.05.28-07.46.04:400][937]LogWindows: Error: [Callstack] 0x000000007CEBD8A4 UE4Editor-Slate.dll!UnknownFunction []
[2018.05.28-07.46.04:400][937]LogWindows: Error: [Callstack] 0x000000007CEA7066 UE4Editor-Slate.dll!UnknownFunction []
[2018.05.28-07.46.04:400][937]LogWindows: Error: [Callstack] 0x000000007CE9A993 UE4Editor-Slate.dll!UnknownFunction []
[2018.05.28-07.46.04:400][937]LogWindows: Error: [Callstack] 0x000000007D48E649 UE4Editor-ApplicationCore.dll!UnknownFunction []
[2018.05.28-07.46.04:400][937]LogWindows: Error: [Callstack] 0x000000007D481B78 UE4Editor-ApplicationCore.dll!UnknownFunction []
[2018.05.28-07.46.04:400][937]LogWindows: Error: [Callstack] 0x000000007D49052C UE4Editor-ApplicationCore.dll!UnknownFunction []
[2018.05.28-07.46.04:400][937]LogWindows: Error: [Callstack] 0x000000007D47D679 UE4Editor-ApplicationCore.dll!UnknownFunction []
[2018.05.28-07.46.04:400][937]LogWindows: Error: [Callstack] 0x00000000A7526CC1 USER32.dll!UnknownFunction []
[2018.05.28-07.46.04:400][937]LogWindows: Error: [Callstack] 0x00000000A7526693 USER32.dll!UnknownFunction []
[2018.05.28-07.46.04:400][937]LogWindows: Error: [Callstack] 0x000000007D491666 UE4Editor-ApplicationCore.dll!UnknownFunction []
[2018.05.28-07.46.04:400][937]LogWindows: Error: [Callstack] 0x0000000002605475 UE4Editor.exe!UnknownFunction []
[2018.05.28-07.46.04:400][937]LogWindows: Error: [Callstack] 0x0000000002616BD0 UE4Editor.exe!UnknownFunction []
[2018.05.28-07.46.04:400][937]LogWindows: Error: [Callstack] 0x0000000002616C4A UE4Editor.exe!UnknownFunction []
[2018.05.28-07.46.04:400][937]LogWindows: Error: [Callstack] 0x0000000002624177 UE4Editor.exe!UnknownFunction []
[2018.05.28-07.46.04:400][937]LogWindows: Error: [Callstack] 0x0000000002625B87 UE4Editor.exe!UnknownFunction []
[2018.05.28-07.46.04:400][937]LogWindows: Error: [Callstack] 0x00000000A6B23034 KERNEL32.DLL!UnknownFunction []
[2018.05.28-07.46.04:400][937]LogWindows: Error: [Callstack] 0x00000000A9211551 ntdll.dll!UnknownFunction []
[2018.05.28-07.46.04:400][937]LogWindows: Error: [Callstack] 0x00000000A9211551 ntdll.dll!UnknownFunction []
[2018.05.28-07.46.04:400][937]LogWindows: Error: 
[2018.05.28-07.46.04:411][937]LogExit: Executing StaticShutdownAfterError
[2018.05.28-07.46.04:412][937]LogWindows: FPlatformMisc::RequestExit(1)
[2018.05.28-07.46.04:412][937]Log file closed, 05/28/18 09:46:04
