Log file open, 05/28/18 09:47:21
LogWindows: Failed to load 'aqProf.dll' (GetLastError=126)
LogWindows: File 'aqProf.dll' does not exist
LogWindows: Failed to load 'VtuneApi.dll' (GetLastError=126)
LogWindows: File 'VtuneApi.dll' does not exist
LogWindows: Failed to load 'VtuneApi32e.dll' (GetLastError=126)
LogWindows: File 'VtuneApi32e.dll' does not exist
LogInit: Display: Running engine for game: VR_Vive
LogPlatformFile: Not using cached read wrapper
LogInit: Display: RandInit(1058295490) SRandInit(1058295490).
LogInit: Read version file with build ID '3944462'
LogInit: Overriding engine version to CL 4033788, compatible CL 3944462
LogInit: Registered custom module enumerator with build ID '3944462'
LogTaskGraph: Started task graph with 5 named threads and 23 total threads with 3 sets of task threads.
LogStats: Stats thread started at 0.253821
LogD3D11RHI: Aftermath initialized
LogICUInternationalization: Display: ICU TimeZone Detection - Raw Offset: +1:00, Platform Override: ''
LogModuleManager: Display: Found up-to-date module file ../../../Engine/Plugins/Media/MfMedia/Binaries/Win64/UE4Editor-MfMediaEditor.dll (API version 3944462).
LogModuleManager: Display: Found up-to-date module file ../../../Engine/Plugins/Media/MfMedia/Binaries/Win64/UE4Editor-MfMediaFactory.dll (API version 3944462).
LogModuleManager: Display: Found up-to-date module file ../../../Engine/Plugins/Runtime/LeapMotion/Binaries/Win64/UE4Editor-LeapMotion.dll (API version 3944462).
LogModuleManager: Display: Found up-to-date module file ../../../Engine/Plugins/2D/Paper2D/Binaries/Win64/UE4Editor-Paper2D.dll (API version 3944462).
LogModuleManager: Display: Found up-to-date module file ../../../Engine/Plugins/2D/Paper2D/Binaries/Win64/UE4Editor-Paper2DEditor.dll (API version 3944462).
LogModuleManager: Display: Found up-to-date module file ../../../Engine/Plugins/2D/Paper2D/Binaries/Win64/UE4Editor-PaperSpriteSheetImporter.dll (API version 3944462).
LogModuleManager: Display: Found up-to-date module file ../../../Engine/Plugins/2D/Paper2D/Binaries/Win64/UE4Editor-PaperTiledImporter.dll (API version 3944462).
LogModuleManager: Display: Found up-to-date module file ../../../Engine/Plugins/2D/Paper2D/Binaries/Win64/UE4Editor-SmartSnapping.dll (API version 3944462).
LogModuleManager: Display: Found up-to-date module file ../../../Engine/Plugins/Blendables/LightPropagationVolume/Binaries/Win64/UE4Editor-LightPropagationVolumeRuntime.dll (API version 3944462).
LogModuleManager: Display: Found up-to-date module file ../../../Engine/Plugins/Blendables/LightPropagationVolume/Binaries/Win64/UE4Editor-LightPropagationVolumeEditor.dll (API version 3944462).
LogModuleManager: Display: Found up-to-date module file ../../../Engine/Plugins/Developer/CLionSourceCodeAccess/Binaries/Win64/UE4Editor-CLionSourceCodeAccess.dll (API version 3944462).
LogModuleManager: Display: Found up-to-date module file ../../../Engine/Plugins/Developer/GitSourceControl/Binaries/Win64/UE4Editor-GitSourceControl.dll (API version 3944462).
LogModuleManager: Display: Found up-to-date module file ../../../Engine/Plugins/Developer/PerforceSourceControl/Binaries/Win64/UE4Editor-PerforceSourceControl.dll (API version 3944462).
LogModuleManager: Display: Found up-to-date module file ../../../Engine/Plugins/Developer/SubversionSourceControl/Binaries/Win64/UE4Editor-SubversionSourceControl.dll (API version 3944462).
LogModuleManager: Display: Found up-to-date module file ../../../Engine/Plugins/Developer/UObjectPlugin/Binaries/Win64/UE4Editor-UObjectPlugin.dll (API version 3944462).
LogModuleManager: Display: Found up-to-date module file ../../../Engine/Plugins/Developer/VisualStudioCodeSourceCodeAccess/Binaries/Win64/UE4Editor-VisualStudioCodeSourceCodeAccess.dll (API version 3944462).
LogModuleManager: Display: Found up-to-date module file ../../../Engine/Plugins/Developer/VisualStudioSourceCodeAccess/Binaries/Win64/UE4Editor-VisualStudioSourceCodeAccess.dll (API version 3944462).
LogModuleManager: Display: Found up-to-date module file ../../../Engine/Plugins/Editor/AssetManagerEditor/Binaries/Win64/UE4Editor-AssetManagerEditor.dll (API version 3944462).
LogModuleManager: Display: Found up-to-date module file ../../../Engine/Plugins/Editor/CryptoKeys/Binaries/Win64/UE4Editor-CryptoKeys.dll (API version 3944462).
LogModuleManager: Display: Found up-to-date module file ../../../Engine/Plugins/Editor/CryptoKeys/Binaries/Win64/UE4Editor-CryptoKeysOpenSSL.dll (API version 3944462).
LogModuleManager: Display: Found up-to-date module file ../../../Engine/Plugins/Editor/DataValidation/Binaries/Win64/UE4Editor-DataValidation.dll (API version 3944462).
LogModuleManager: Display: Found up-to-date module file ../../../Engine/Plugins/Editor/FacialAnimation/Binaries/Win64/UE4Editor-FacialAnimation.dll (API version 3944462).
LogModuleManager: Display: Found up-to-date module file ../../../Engine/Plugins/Editor/FacialAnimation/Binaries/Win64/UE4Editor-FacialAnimationEditor.dll (API version 3944462).
LogModuleManager: Display: Found up-to-date module file ../../../Engine/Plugins/Editor/GameplayTagsEditor/Binaries/Win64/UE4Editor-GameplayTagsEditor.dll (API version 3944462).
LogModuleManager: Display: Found up-to-date module file ../../../Engine/Plugins/Editor/MobileLauncherProfileWizard/Binaries/Win64/UE4Editor-MobileLauncherProfileWizard.dll (API version 3944462).
LogModuleManager: Display: Found up-to-date module file ../../../Engine/Plugins/Editor/PluginBrowser/Binaries/Win64/UE4Editor-PluginBrowser.dll (API version 3944462).
LogModuleManager: Display: Found up-to-date module file ../../../Engine/Plugins/Editor/SpeedTreeImporter/Binaries/Win64/UE4Editor-SpeedTreeImporter.dll (API version 3944462).
LogModuleManager: Display: Found up-to-date module file ../../../Engine/Plugins/Enterprise/DatasmithContent/Binaries/Win64/UE4Editor-DatasmithContent.dll (API version 3944462).
LogModuleManager: Display: Found up-to-date module file ../../../Engine/Plugins/Experimental/AlembicImporter/Binaries/Win64/UE4Editor-AlembicImporter.dll (API version 3944462).
LogModuleManager: Display: Found up-to-date module file ../../../Engine/Plugins/Experimental/AlembicImporter/Binaries/Win64/UE4Editor-AlembicLibrary.dll (API version 3944462).
LogModuleManager: Display: Found up-to-date module file ../../../Engine/Plugins/Experimental/CharacterAI/Binaries/Win64/UE4Editor-CharacterAI.dll (API version 3944462).
LogModuleManager: Display: Found up-to-date module file ../../../Engine/Plugins/Experimental/HTML5Networking/Binaries/Win64/UE4Editor-HTML5Networking.dll (API version 3944462).
LogModuleManager: Display: Found up-to-date module file ../../../Engine/Plugins/Media/AndroidMedia/Binaries/Win64/UE4Editor-AndroidMediaEditor.dll (API version 3944462).
LogModuleManager: Display: Found up-to-date module file ../../../Engine/Plugins/Media/AndroidMedia/Binaries/Win64/UE4Editor-AndroidMediaFactory.dll (API version 3944462).
LogModuleManager: Display: Found up-to-date module file ../../../Engine/Plugins/Media/AvfMedia/Binaries/Win64/UE4Editor-AvfMediaEditor.dll (API version 3944462).
LogModuleManager: Display: Found up-to-date module file ../../../Engine/Plugins/Media/AvfMedia/Binaries/Win64/UE4Editor-AvfMediaFactory.dll (API version 3944462).
LogModuleManager: Display: Found up-to-date module file ../../../Engine/Plugins/Media/AvfMedia/Binaries/Win64/UE4Editor-AvfMediaFactory.dll (API version 3944462).
LogModuleManager: Display: Found up-to-date module file ../../../Engine/Plugins/Media/ImgMedia/Binaries/Win64/UE4Editor-ImgMedia.dll (API version 3944462).
LogModuleManager: Display: Found up-to-date module file ../../../Engine/Plugins/Media/ImgMedia/Binaries/Win64/UE4Editor-ImgMediaEditor.dll (API version 3944462).
LogModuleManager: Display: Found up-to-date module file ../../../Engine/Plugins/Media/ImgMedia/Binaries/Win64/UE4Editor-ImgMediaFactory.dll (API version 3944462).
LogModuleManager: Display: Found up-to-date module file ../../../Engine/Plugins/Media/ImgMedia/Binaries/Win64/UE4Editor-ImgMediaFactory.dll (API version 3944462).
LogModuleManager: Display: Found up-to-date module file ../../../Engine/Plugins/Media/ImgMedia/Binaries/Win64/UE4Editor-OpenExrWrapper.dll (API version 3944462).
LogModuleManager: Display: Found up-to-date module file ../../../Engine/Plugins/Media/LinearTimecode/Binaries/Win64/UE4Editor-LinearTimecode.dll (API version 3944462).
LogModuleManager: Display: Found up-to-date module file ../../../Engine/Plugins/Media/MediaCompositing/Binaries/Win64/UE4Editor-MediaCompositing.dll (API version 3944462).
LogModuleManager: Display: Found up-to-date module file ../../../Engine/Plugins/Media/MediaCompositing/Binaries/Win64/UE4Editor-MediaCompositingEditor.dll (API version 3944462).
LogModuleManager: Display: Found up-to-date module file ../../../Engine/Plugins/Media/MediaPlayerEditor/Binaries/Win64/UE4Editor-MediaPlayerEditor.dll (API version 3944462).
LogModuleManager: Display: Found up-to-date module file ../../../Engine/Plugins/Media/WmfMedia/Binaries/Win64/UE4Editor-WmfMedia.dll (API version 3944462).
LogModuleManager: Display: Found up-to-date module file ../../../Engine/Plugins/Media/WmfMedia/Binaries/Win64/UE4Editor-WmfMediaEditor.dll (API version 3944462).
LogModuleManager: Display: Found up-to-date module file ../../../Engine/Plugins/Media/WmfMedia/Binaries/Win64/UE4Editor-WmfMediaFactory.dll (API version 3944462).
LogModuleManager: Display: Found up-to-date module file ../../../Engine/Plugins/Media/WmfMedia/Binaries/Win64/UE4Editor-WmfMediaFactory.dll (API version 3944462).
LogModuleManager: Display: Found up-to-date module file ../../../Engine/Plugins/Messaging/TcpMessaging/Binaries/Win64/UE4Editor-TcpMessaging.dll (API version 3944462).
LogModuleManager: Display: Found up-to-date module file ../../../Engine/Plugins/Messaging/UdpMessaging/Binaries/Win64/UE4Editor-UdpMessaging.dll (API version 3944462).
LogModuleManager: Display: Found up-to-date module file ../../../Engine/Plugins/MovieScene/ActorSequence/Binaries/Win64/UE4Editor-ActorSequence.dll (API version 3944462).
LogModuleManager: Display: Found up-to-date module file ../../../Engine/Plugins/MovieScene/LevelSequenceEditor/Binaries/Win64/UE4Editor-LevelSequenceEditor.dll (API version 3944462).
LogModuleManager: Display: Found up-to-date module file ../../../Engine/Plugins/MovieScene/MatineeToLevelSequence/Binaries/Win64/UE4Editor-MatineeToLevelSequence.dll (API version 3944462).
LogModuleManager: Display: Found up-to-date module file ../../../Engine/Plugins/NetcodeUnitTest/NetcodeUnitTest/Binaries/Win64/UE4Editor-NetcodeUnitTest.dll (API version 3944462).
LogModuleManager: Display: Found up-to-date module file ../../../Engine/Plugins/NetcodeUnitTest/NUTUnrealEngine4/Binaries/Win64/UE4Editor-NUTUnrealEngine4.dll (API version 3944462).
LogModuleManager: Display: Found up-to-date module file ../../../Engine/Plugins/Online/OnlineSubsystem/Binaries/Win64/UE4Editor-OnlineSubsystem.dll (API version 3944462).
LogModuleManager: Display: Found up-to-date module file ../../../Engine/Plugins/Runtime/AndroidPermission/Binaries/Win64/UE4Editor-AndroidPermission.dll (API version 3944462).
LogModuleManager: Display: Found up-to-date module file ../../../Engine/Plugins/Online/OnlineSubsystemNull/Binaries/Win64/UE4Editor-OnlineSubsystemNull.dll (API version 3944462).
LogModuleManager: Display: Found up-to-date module file ../../../Engine/Plugins/Online/OnlineSubsystemUtils/Binaries/Win64/UE4Editor-OnlineSubsystemUtils.dll (API version 3944462).
LogModuleManager: Display: Found up-to-date module file ../../../Engine/Plugins/Online/OnlineSubsystemUtils/Binaries/Win64/UE4Editor-OnlineBlueprintSupport.dll (API version 3944462).
LogModuleManager: Display: Found up-to-date module file ../../../Engine/Plugins/Runtime/AndroidDeviceProfileSelector/Binaries/Win64/UE4Editor-AndroidDeviceProfileSelector.dll (API version 3944462).
LogModuleManager: Display: Found up-to-date module file ../../../Engine/Plugins/Runtime/AppleARKit/Binaries/Win64/UE4Editor-AppleARKit.dll (API version 3944462).
LogModuleManager: Display: Found up-to-date module file ../../../Engine/Plugins/Runtime/ProceduralMeshComponent/Binaries/Win64/UE4Editor-ProceduralMeshComponent.dll (API version 3944462).
LogModuleManager: Display: Found up-to-date module file ../../../Engine/Plugins/Runtime/ProceduralMeshComponent/Binaries/Win64/UE4Editor-ProceduralMeshComponentEditor.dll (API version 3944462).
LogModuleManager: Display: Found up-to-date module file ../../../Engine/Plugins/Animation/LiveLink/Binaries/Win64/UE4Editor-LiveLink.dll (API version 3944462).
LogModuleManager: Display: Found up-to-date module file ../../../Engine/Plugins/Animation/LiveLink/Binaries/Win64/UE4Editor-LiveLinkEditor.dll (API version 3944462).
LogModuleManager: Display: Found up-to-date module file ../../../Engine/Plugins/Runtime/ArchVisCharacter/Binaries/Win64/UE4Editor-ArchVisCharacter.dll (API version 3944462).
LogModuleManager: Display: Found up-to-date module file ../../../Engine/Plugins/Runtime/AudioCapture/Binaries/Win64/UE4Editor-AudioCapture.dll (API version 3944462).
LogModuleManager: Display: Found up-to-date module file ../../../Engine/Plugins/Runtime/AudioCapture/Binaries/Win64/UE4Editor-AudioCaptureEditor.dll (API version 3944462).
LogModuleManager: Display: Found up-to-date module file ../../../Engine/Plugins/Runtime/CableComponent/Binaries/Win64/UE4Editor-CableComponent.dll (API version 3944462).
LogModuleManager: Display: Found up-to-date module file ../../../Engine/Plugins/Runtime/CustomMeshComponent/Binaries/Win64/UE4Editor-CustomMeshComponent.dll (API version 3944462).
LogModuleManager: Display: Found up-to-date module file ../../../Engine/Plugins/Runtime/ExampleDeviceProfileSelector/Binaries/Win64/UE4Editor-ExampleDeviceProfileSelector.dll (API version 3944462).
LogModuleManager: Display: Found up-to-date module file ../../../Engine/Plugins/Runtime/ImmediatePhysics/Binaries/Win64/UE4Editor-ImmediatePhysics.dll (API version 3944462).
LogModuleManager: Display: Found up-to-date module file ../../../Engine/Plugins/Runtime/ImmediatePhysics/Binaries/Win64/UE4Editor-ImmediatePhysicsEditor.dll (API version 3944462).
LogModuleManager: Display: Found up-to-date module file ../../../Engine/Plugins/Runtime/LocationServicesBPLibrary/Binaries/Win64/UE4Editor-LocationServicesBPLibrary.dll (API version 3944462).
LogModuleManager: Display: Found up-to-date module file ../../../Engine/Plugins/Runtime/MobilePatchingUtils/Binaries/Win64/UE4Editor-MobilePatchingUtils.dll (API version 3944462).
LogModuleManager: Display: Found up-to-date module file ../../../Engine/Plugins/Runtime/PhysXVehicles/Binaries/Win64/UE4Editor-PhysXVehicles.dll (API version 3944462).
LogModuleManager: Display: Found up-to-date module file ../../../Engine/Plugins/Runtime/PhysXVehicles/Binaries/Win64/UE4Editor-PhysXVehiclesEditor.dll (API version 3944462).
LogModuleManager: Display: Found up-to-date module file ../../../Engine/Plugins/Runtime/RuntimePhysXCooking/Binaries/Win64/UE4Editor-RuntimePhysXCooking.dll (API version 3944462).
LogModuleManager: Display: Found up-to-date module file ../../../Engine/Plugins/Runtime/Steam/SteamVR/Binaries/Win64/UE4Editor-SteamVR.dll (API version 3944462).
LogModuleManager: Display: Found up-to-date module file ../../../Engine/Plugins/Runtime/Steam/SteamVR/Binaries/Win64/UE4Editor-SteamVRController.dll (API version 3944462).
LogModuleManager: Display: Found up-to-date module file ../../../Engine/Plugins/Runtime/WindowsMoviePlayer/Binaries/Win64/UE4Editor-WindowsMoviePlayer.dll (API version 3944462).
LogPluginManager: Mounting plugin Paper2D
LogPluginManager: Mounting plugin LiveLink
LogPluginManager: Mounting plugin LightPropagationVolume
LogPluginManager: Mounting plugin CLionSourceCodeAccess
LogPluginManager: Mounting plugin CodeLiteSourceCodeAccess
LogPluginManager: Mounting plugin GitSourceControl
LogPluginManager: Mounting plugin KDevelopSourceCodeAccess
LogPluginManager: Mounting plugin NullSourceCodeAccess
LogPluginManager: Mounting plugin PerforceSourceControl
LogPluginManager: Mounting plugin SubversionSourceControl
LogPluginManager: Mounting plugin UObjectPlugin
LogPluginManager: Mounting plugin VisualStudioCodeSourceCodeAccess
LogPluginManager: Mounting plugin VisualStudioSourceCodeAccess
LogPluginManager: Mounting plugin XCodeSourceCodeAccess
LogPluginManager: Mounting plugin AssetManagerEditor
LogPluginManager: Mounting plugin CryptoKeys
LogPluginManager: Mounting plugin DataValidation
LogPluginManager: Mounting plugin FacialAnimation
LogPluginManager: Mounting plugin GameplayTagsEditor
LogPluginManager: Mounting plugin MobileLauncherProfileWizard
LogPluginManager: Mounting plugin PluginBrowser
LogPluginManager: Mounting plugin SpeedTreeImporter
LogPluginManager: Mounting plugin DatasmithContent
LogPluginManager: Mounting plugin AlembicImporter
LogPluginManager: Mounting plugin CharacterAI
LogPluginManager: Mounting plugin HTML5Networking
LogPluginManager: Mounting plugin AndroidMedia
LogPluginManager: Mounting plugin AvfMedia
LogPluginManager: Mounting plugin ImgMedia
LogPluginManager: Mounting plugin LinearTimecode
LogPluginManager: Mounting plugin MediaCompositing
LogPluginManager: Mounting plugin MediaPlayerEditor
LogPluginManager: Mounting plugin MfMedia
LogPluginManager: Mounting plugin WmfMedia
LogPluginManager: Mounting plugin TcpMessaging
LogPluginManager: Mounting plugin UdpMessaging
LogPluginManager: Mounting plugin ActorSequence
LogPluginManager: Mounting plugin LevelSequenceEditor
LogPluginManager: Mounting plugin MatineeToLevelSequence
LogPluginManager: Mounting plugin NetcodeUnitTest
LogPluginManager: Mounting plugin NUTUnrealEngine4
LogPluginManager: Mounting plugin OnlineSubsystemGooglePlay
LogPluginManager: Mounting plugin OnlineSubsystemIOS
LogPluginManager: Mounting plugin OnlineSubsystem
LogPluginManager: Mounting plugin OnlineSubsystemNull
LogPluginManager: Mounting plugin OnlineSubsystemUtils
LogPluginManager: Mounting plugin AndroidDeviceProfileSelector
LogPluginManager: Mounting plugin AndroidMoviePlayer
LogPluginManager: Mounting plugin AndroidPermission
LogPluginManager: Mounting plugin AppleARKit
LogPluginManager: Mounting plugin AppleMoviePlayer
LogPluginManager: Mounting plugin ArchVisCharacter
LogPluginManager: Mounting plugin AudioCapture
LogPluginManager: Mounting plugin CableComponent
LogPluginManager: Mounting plugin CustomMeshComponent
LogPluginManager: Mounting plugin ExampleDeviceProfileSelector
LogPluginManager: Mounting plugin GoogleCloudMessaging
LogPluginManager: Mounting plugin ImmediatePhysics
LogPluginManager: Mounting plugin IOSDeviceProfileSelector
LogPluginManager: Mounting plugin LeapMotion
LogPluginManager: Mounting plugin LinuxDeviceProfileSelector
LogPluginManager: Mounting plugin LocationServicesBPLibrary
LogPluginManager: Mounting plugin MobilePatchingUtils
LogPluginManager: Mounting plugin PhysXVehicles
LogPluginManager: Mounting plugin ProceduralMeshComponent
LogPluginManager: Mounting plugin RuntimePhysXCooking
LogPluginManager: Mounting plugin SteamVR
LogPluginManager: Mounting plugin WindowsMoviePlayer
LogStreaming: Display: Took  0.620s to configure plugins.
LogInit: Using libcurl 7.47.1
LogInit:  - built for x86_64-pc-win32
LogInit:  - supports SSL with OpenSSL/1.0.2g
LogInit:  - supports HTTP deflate (compression) using libz 1.2.8
LogInit:  - other features:
LogInit:      CURL_VERSION_SSL
LogInit:      CURL_VERSION_LIBZ
LogInit:      CURL_VERSION_IPV6
LogInit:      CURL_VERSION_ASYNCHDNS
LogInit:      CURL_VERSION_LARGEFILE
LogInit:      CURL_VERSION_IDN
LogInit:  CurlRequestOptions (configurable via config and command line):
LogInit:  - bVerifyPeer = false  - Libcurl will NOT verify peer certificate
LogInit:  - bUseHttpProxy = false  - Libcurl will NOT use HTTP proxy
LogInit:  - bDontReuseConnections = false  - Libcurl will reuse connections
LogInit:  - CertBundlePath = nullptr  - Libcurl will use whatever was configured at build time.
LogInit:  - MaxHostConnections = 16  - Libcurl will limit the number of connections to a host
LogInit:  - LocalHostAddr = Default
LogInit: WinSock: version 1.1 (2.2), MaxSocks=32767, MaxUdp=65467
LogInit: WinSock: I am DESKTOP-TQJUSPE (192.168.179.90:0)
LeapPluginLog: Using LeapPlugin version 2.0.0
LogInit: Build: ++UE4+Release-4.19-CL-4033788
LogInit: Engine Version: 4.19.2-4033788+++UE4+Release-4.19
LogInit: Compatible Engine Version: 4.19.0-3944462+++UE4+Release-4.19
LogInit: Net CL: 3944462
LogDevObjectVersion: Number of dev versions registered: 18
LogDevObjectVersion:   Dev-Blueprints (B0D832E4-1F89-4F0D-ACCF-7EB736FD4AA2): 10
LogDevObjectVersion:   Dev-Build (E1C64328-A22C-4D53-A36C-8E866417BD8C): 0
LogDevObjectVersion:   Dev-Core (375EC13C-06E4-48FB-B500-84F0262A717E): 2
LogDevObjectVersion:   Dev-Editor (E4B068ED-F494-42E9-A231-DA0B2E46BB41): 23
LogDevObjectVersion:   Dev-Framework (CFFC743F-43B0-4480-9391-14DF171D2073): 33
LogDevObjectVersion:   Dev-Mobile (B02B49B5-BB20-44E9-A304-32B752E40360): 2
LogDevObjectVersion:   Dev-Networking (A4E4105C-59A1-49B5-A7C5-40C4547EDFEE): 0
LogDevObjectVersion:   Dev-Online (39C831C9-5AE6-47DC-9A44-9C173E1C8E7C): 0
LogDevObjectVersion:   Dev-Physics (78F01B33-EBEA-4F98-B9B4-84EACCB95AA2): 0
LogDevObjectVersion:   Dev-Platform (6631380F-2D4D-43E0-8009-CF276956A95A): 0
LogDevObjectVersion:   Dev-Rendering (12F88B9F-8875-4AFC-A67C-D90C383ABD29): 25
LogDevObjectVersion:   Dev-Sequencer (7B5AE74C-D270-4C10-A958-57980B212A5A): 6
LogDevObjectVersion:   Dev-VR (D7296918-1DD6-4BDD-9DE2-64A83CC13884): 1
LogDevObjectVersion:   Dev-LoadTimes (C2A15278-BFE7-4AFE-6C17-90FF531DF755): 1
LogDevObjectVersion:   Private-Geometry (6EACA3D4-40EC-4CC1-B786-8BED09428FC5): 2
LogDevObjectVersion:   Dev-AnimPhys (29E575DD-E0A3-4627-9D10-D276232CDCEA): 16
LogDevObjectVersion:   Dev-ReflectionCapture (6B266CEC-1EC7-4B8F-A30B-E4D90942FC07): 1
LogDevObjectVersion:   Dev-Automation (0DF73D61-A23F-47EA-B727-89E90C41499A): 1
LogInit: Compiled (64-bit): Apr 27 2018 02:06:57
LogInit: Compiled with Visual C++: 19.00.24215.01
LogInit: Build Configuration: Development
LogInit: Branch Name: ++UE4+Release-4.19
LogInit: Command Line: -EpicPortal 
LogInit: Base Directory: C:/Program Files/Epic Games/UE_4.19/Engine/Binaries/Win64/
LogInit: Installed Engine Build: 1
LogStreaming: Display: Took  0.001s to delete old logs.
LogInit: Presizing for max 8388607 objects, including 0 objects not considered by GC, pre-allocating 0 bytes for permanent pool.
LogInit: Object subsystem initialized
[2018.05.28-07.47.21:826][  0]LogInit: Selected Device Profile: [Windows]
[2018.05.28-07.47.21:826][  0]LogInit: Applying CVar settings loaded from the selected device profile: [Windows]
[2018.05.28-07.47.21:835][  0]LogInit: Computer: DESKTOP-TQJUSPE
[2018.05.28-07.47.21:835][  0]LogInit: User: Admin
[2018.05.28-07.47.21:835][  0]LogInit: CPU Page size=4096, Cores=4
[2018.05.28-07.47.21:835][  0]LogInit: High frequency timer resolution =4.101564 MHz
[2018.05.28-07.47.21:835][  0]LogMemory: Memory total: Physical=31.9GB (32GB approx)
[2018.05.28-07.47.21:835][  0]LogMemory: Platform Memory Stats for Windows
[2018.05.28-07.47.21:835][  0]LogMemory: Process Physical Memory: 278.08 MB used, 278.08 MB peak
[2018.05.28-07.47.21:835][  0]LogMemory: Process Virtual Memory: 277.82 MB used, 277.82 MB peak
[2018.05.28-07.47.21:835][  0]LogMemory: Physical Memory: 4741.37 MB used,  27969.27 MB free, 32710.64 MB total
[2018.05.28-07.47.21:835][  0]LogMemory: Virtual Memory: 4853.50 MB used,  27969.27 MB free, 134217728.00 MB total
[2018.05.28-07.47.21:846][  0]LogInit: Using OS detected language (fr-FR).
[2018.05.28-07.47.21:846][  0]LogInit: Using OS detected locale (fr-FR).
[2018.05.28-07.47.21:848][  0]LogTextLocalizationManager: No localization for 'fr-FR' exists, so 'en' will be used for the language.
[2018.05.28-07.47.22:167][  0]LogStreaming: Display: Took  0.320s to EndInitTextLocalization.
[2018.05.28-07.47.22:167][  0]LogInit: Setting process to per monitor DPI aware
[2018.05.28-07.47.22:188][  0]LogSlate: New Slate User Created.  User Index 0, Is Virtual User: 0
[2018.05.28-07.47.22:188][  0]LogSlate: Slate User Registered.  User Index 0, Is Virtual User: 0
[2018.05.28-07.47.22:315][  0]LogD3D11RHI: D3D11 adapters:
[2018.05.28-07.47.22:355][  0]LogD3D11RHI:    0. 'NVIDIA GeForce GTX 1080' (Feature Level 11_0)
[2018.05.28-07.47.22:355][  0]LogD3D11RHI:       8079/0/16355 MB DedicatedVideo/DedicatedSystem/SharedSystem, Outputs:1, VendorId:0x10de
[2018.05.28-07.47.22:357][  0]LogD3D11RHI:    1. 'Microsoft Basic Render Driver' (Feature Level 11_0)
[2018.05.28-07.47.22:357][  0]LogD3D11RHI:       0/0/16355 MB DedicatedVideo/DedicatedSystem/SharedSystem, Outputs:0, VendorId:0x1414
[2018.05.28-07.47.22:357][  0]LogD3D11RHI: Chosen D3D11 Adapter: 0
[2018.05.28-07.47.22:362][  0]LogD3D11RHI: Creating new Direct3DDevice
[2018.05.28-07.47.22:362][  0]LogD3D11RHI:     GPU DeviceId: 0x1b80 (for the marketing name, search the web for "GPU Device Id")
[2018.05.28-07.47.22:362][  0]LogWindows: EnumDisplayDevices:
[2018.05.28-07.47.22:362][  0]LogWindows:    0. 'NVIDIA GeForce GTX 1080' (P:1 D:1)
[2018.05.28-07.47.22:362][  0]LogWindows:    1. 'NVIDIA GeForce GTX 1080' (P:0 D:0)
[2018.05.28-07.47.22:362][  0]LogWindows:    2. 'NVIDIA GeForce GTX 1080' (P:0 D:0)
[2018.05.28-07.47.22:362][  0]LogWindows:    3. 'NVIDIA GeForce GTX 1080' (P:0 D:0)
[2018.05.28-07.47.22:362][  0]LogWindows: DebugString: GetVideoDriverDetailsInvalid PrimaryIsNotTheChoosenAdapter GetVideoDriverDetailsInvalid PrimaryIsNotTheChoosenAdapter GetVideoDriverDetailsInvalid PrimaryIsNotTheChoosenAdapter GetVideoDriverDetailsInvalid PrimaryIsNotTheChoosenAdapter FoundDriverCount:0 
[2018.05.28-07.47.22:362][  0]LogD3D11RHI:     Adapter Name: NVIDIA GeForce GTX 1080
[2018.05.28-07.47.22:362][  0]LogD3D11RHI:   Driver Version: Unknown (internal:Unknown, unified:Unknown)
[2018.05.28-07.47.22:363][  0]LogD3D11RHI:      Driver Date: Unknown
[2018.05.28-07.47.22:363][  0]LogRHI: Texture pool is 5655 MB (70% of 8079 MB)
[2018.05.28-07.47.22:391][  0]LogD3D11RHI: [Aftermath] Aftermath enabled and primed
[2018.05.28-07.47.22:391][  0]LogD3D11RHI: [Aftermath] Aftermath enabled and primed
[2018.05.28-07.47.22:391][  0]LogD3D11RHI: Async texture creation enabled
[2018.05.28-07.47.22:407][  0]LogD3D11RHI: GPU Timing Frequency: 1000.000000 (Debug: 2 2)
[2018.05.28-07.47.22:449][  0]LogShaderCompilers: Guid format shader working directory is 4 characters bigger than the processId version (../../../../../../Projet/Leap_Test/VR_Vive/Intermediate/Shaders/WorkingDirectory/4112/).
[2018.05.28-07.47.22:449][  0]LogShaderCompilers: Cleaned the shader compiler working directory 'C:/Users/Admin/AppData/Local/Temp/UnrealShaderWorkingDir/F63E9BA8461824C21FCBE29F0DE00501/'.
[2018.05.28-07.47.22:598][  0]LogTemp: Display: Loaded TP AllDesktopTargetPlatform
[2018.05.28-07.47.22:608][  0]LogTemp: Display: Loaded TP MacClientTargetPlatform
[2018.05.28-07.47.22:618][  0]LogTemp: Display: Loaded TP MacNoEditorTargetPlatform
[2018.05.28-07.47.22:628][  0]LogTemp: Display: Loaded TP MacServerTargetPlatform
[2018.05.28-07.47.22:639][  0]LogTemp: Display: Loaded TP MacTargetPlatform
[2018.05.28-07.47.22:649][  0]LogTemp: Display: Loaded TP WindowsClientTargetPlatform
[2018.05.28-07.47.22:659][  0]LogTemp: Display: Loaded TP WindowsNoEditorTargetPlatform
[2018.05.28-07.47.22:670][  0]LogTemp: Display: Loaded TP WindowsServerTargetPlatform
[2018.05.28-07.47.22:675][  0]LogTemp: Display: Loaded TP WindowsTargetPlatform
[2018.05.28-07.47.22:684][  0]LogTemp: Display: Loaded TP Android_ASTCTargetPlatform
[2018.05.28-07.47.22:694][  0]LogTemp: Display: Loaded TP Android_ATCTargetPlatform
[2018.05.28-07.47.22:703][  0]LogTemp: Display: Loaded TP Android_DXTTargetPlatform
[2018.05.28-07.47.22:712][  0]LogTemp: Display: Loaded TP Android_ETC1aTargetPlatform
[2018.05.28-07.47.22:722][  0]LogTemp: Display: Loaded TP Android_ETC1TargetPlatform
[2018.05.28-07.47.22:732][  0]LogTemp: Display: Loaded TP Android_ETC2TargetPlatform
[2018.05.28-07.47.22:751][  0]LogTemp: Display: Loaded TP Android_MultiTargetPlatform
[2018.05.28-07.47.22:751][  0]LogTemp: Display: Loaded TP Android_PVRTCTargetPlatform
[2018.05.28-07.47.22:761][  0]LogTemp: Display: Loaded TP AndroidTargetPlatform
[2018.05.28-07.47.22:762][  0]LogTemp: Display: Loaded TP HTML5TargetPlatform
[2018.05.28-07.47.22:796][  0]LogTemp: Display: Loaded TP IOSTargetPlatform
[2018.05.28-07.47.22:805][  0]LogTemp: Display: Loaded TP TVOSTargetPlatform
[2018.05.28-07.47.22:814][  0]LogTemp: Display: Loaded TP LinuxClientTargetPlatform
[2018.05.28-07.47.22:826][  0]LogTemp: Display: Loaded TP LinuxNoEditorTargetPlatform
[2018.05.28-07.47.22:838][  0]LogTemp: Display: Loaded TP LinuxServerTargetPlatform
[2018.05.28-07.47.22:850][  0]LogTemp: Display: Loaded TP LinuxTargetPlatform
[2018.05.28-07.47.22:850][  0]LogTargetPlatformManager: Display: Building Assets For Windows
[2018.05.28-07.47.22:928][  0]LogXGEController: Cannot use XGE Controller as Incredibuild is not installed on this machine.
[2018.05.28-07.47.22:928][  0]LogShaderCompilers: Cannot use XGE Shader Compiler as Incredibuild is not installed on this machine.
[2018.05.28-07.47.22:928][  0]LogShaderCompilers: Display: Using Local Shader Compiler.
[2018.05.28-07.47.23:432][  0]LogDerivedDataCache: Display: Max Cache Size: 512 MB
[2018.05.28-07.47.23:487][  0]LogDerivedDataCache: Loaded boot cache 0.06s 88MB C:/Users/Admin/AppData/Local/UnrealEngine/4.19/DerivedDataCache/Boot.ddc.
[2018.05.28-07.47.23:487][  0]LogDerivedDataCache: Display: Loaded Boot cache: C:/Users/Admin/AppData/Local/UnrealEngine/4.19/DerivedDataCache/Boot.ddc
[2018.05.28-07.47.23:487][  0]LogDerivedDataCache: FDerivedDataBackendGraph:  Pak pak cache file ../../../../../../Projet/Leap_Test/VR_Vive/DerivedDataCache/DDC.ddp not found, will not use a pak cache.
[2018.05.28-07.47.23:487][  0]LogDerivedDataCache: Unable to find inner node Pak for hierarchical cache Hierarchy.
[2018.05.28-07.47.23:487][  0]LogDerivedDataCache: FDerivedDataBackendGraph:  CompressedPak pak cache file ../../../../../../Projet/Leap_Test/VR_Vive/DerivedDataCache/Compressed.ddp not found, will not use a pak cache.
[2018.05.28-07.47.23:487][  0]LogDerivedDataCache: Unable to find inner node CompressedPak for hierarchical cache Hierarchy.
[2018.05.28-07.47.23:500][  0]LogDerivedDataCache: Display: Pak cache opened for reading ../../../Engine/DerivedDataCache/Compressed.ddp.
[2018.05.28-07.47.23:512][  0]LogDerivedDataCache: Using Local data cache path C:/Users/Admin/AppData/Local/UnrealEngine/Common/DerivedDataCache: Writable
[2018.05.28-07.47.23:512][  0]LogDerivedDataCache: Shared data cache path not found in *engine.ini, will not use an Shared cache.
[2018.05.28-07.47.23:512][  0]LogDerivedDataCache: Unable to find inner node Shared for hierarchical cache Hierarchy.
[2018.05.28-07.47.23:521][  0]LogMaterial: Verifying Global Shaders for PCD3D_SM5
[2018.05.28-07.47.23:522][  0]LogSlate: Using Freetype 2.6.0
[2018.05.28-07.47.23:522][  0]LogSlate: SlateFontCache - WITH_FREETYPE: 1, WITH_HARFBUZZ: 1
[2018.05.28-07.47.23:522][  0]LogSlate: SlateFontCache - WITH_FREETYPE: 1, WITH_HARFBUZZ: 1
[2018.05.28-07.47.23:608][  0]LogAssetRegistry: FAssetRegistry took 0.0251 seconds to start up
[2018.05.28-07.47.23:835][  0]LogInit: Selected Device Profile: [Windows]
[2018.05.28-07.47.23:943][  0]LogSimplygon: Simplygon DLL not present - disabling.
[2018.05.28-07.47.23:945][  0]LogMeshReduction: Using SimplygonSwarm for distributed automatic mesh merging
[2018.05.28-07.47.23:945][  0]LogMeshReduction: Using QuadricMeshReduction for automatic static mesh reduction
[2018.05.28-07.47.23:945][  0]LogMeshReduction: No automatic skeletal mesh reduction module available
[2018.05.28-07.47.23:945][  0]LogMeshReduction: No automatic mesh merging module available
[2018.05.28-07.47.23:945][  0]LogMeshMerging: No automatic mesh merging module available
[2018.05.28-07.47.23:965][  0]LogNetVersion: VR_Vive , NetCL: 3944462, EngineNetVer: 2, GameNetVer: 0 (Checksum: 3714651950)
[2018.05.28-07.47.24:244][  0]LogPackageLocalizationCache: Processed 9 localized package path(s) for 1 prioritized culture(s) in 0.028451 seconds
[2018.05.28-07.47.24:249][  0]LogUObjectArray: 37180 objects as part of root set at end of initial load.
[2018.05.28-07.47.24:249][  0]LogUObjectAllocator: 7383280 out of 0 bytes used by permanent object pool.
[2018.05.28-07.47.24:249][  0]LogUObjectArray: CloseDisregardForGC: 0/0 objects in disregard for GC pool
[2018.05.28-07.47.25:414][  0]LogTcpMessaging: Initializing TcpMessaging bridge
[2018.05.28-07.47.25:437][  0]LogUdpMessaging: Initializing bridge on interface 0.0.0.0:0 to multicast group 230.0.0.1:6666.
[2018.05.28-07.47.25:662][  0]SourceControl: Source control is disabled
[2018.05.28-07.47.25:662][  0]SourceControl: Source control is disabled
[2018.05.28-07.47.25:673][  0]SourceControl: Source control is disabled
[2018.05.28-07.47.25:684][  0]SourceControl: Source control is disabled
[2018.05.28-07.47.26:009][  0]LogAndroidPermission: UAndroidPermissionCallbackProxy::GetInstance
[2018.05.28-07.47.26:177][  0]LogEngine: Initializing Engine...
[2018.05.28-07.47.26:214][  0]LogHMD: SteamVR initialized.  Driver: lighthouse  Display: LHR-A6C77329
[2018.05.28-07.47.26:215][  0]LogStats: UGameplayTagsManager::ConstructGameplayTagTree: Construct from data asset -  0.000 s
[2018.05.28-07.47.26:215][  0]LogStats: UGameplayTagsManager::ConstructGameplayTagTree: GameplayTagTreeChangedEvent.Broadcast -  0.000 s
[2018.05.28-07.47.26:387][  0]LogAIModule: Creating AISystem for world Untitled
[2018.05.28-07.47.26:395][  0]LogInit: XAudio2 using 'Haut-parleurs (HTC Vive)' : 2 channels at 44.1 kHz using 16 bits per sample (channel mask 0x3)
[2018.05.28-07.47.26:403][  0]LogInit: FAudioDevice initialized.
[2018.05.28-07.47.26:474][  0]LogDerivedDataCache: Saved boot cache 0.07s 88MB C:/Users/Admin/AppData/Local/UnrealEngine/4.19/DerivedDataCache/Boot.ddc.
[2018.05.28-07.47.26:490][  0]LogInit: Texture streaming: Enabled
[2018.05.28-07.47.26:500][  0]LogEngineSessionManager: EngineSessionManager initialized
[2018.05.28-07.47.26:509][  0]LogInit: Transaction tracking system initialized
[2018.05.28-07.47.26:525][  0]BlueprintLog: New page: Editor Load
[2018.05.28-07.47.26:573][  0]LocalizationService: Localization service is disabled
[2018.05.28-07.47.26:640][  0]LogConsoleResponse: Display: 
[2018.05.28-07.47.26:745][  0]LogCook: Display: Max memory allowance for cook 16384mb min free memory 0mb
[2018.05.28-07.47.26:745][  0]LogCook: Display: Mobile HDR setting 0
[2018.05.28-07.47.26:746][  0]LogGameplayTags: Display: UGameplayTagsManager::DoneAddingNativeTags. DelegateIsBound: 0
[2018.05.28-07.47.26:746][  0]LogStats: UGameplayTagsManager::ConstructGameplayTagTree: Construct from data asset -  0.000 s
[2018.05.28-07.47.26:746][  0]LogStats: UGameplayTagsManager::ConstructGameplayTagTree: GameplayTagTreeChangedEvent.Broadcast -  0.000 s
[2018.05.28-07.47.26:997][  0]SourceControl: Source control is disabled
[2018.05.28-07.47.26:997][  0]Cmd: MAP LOAD FILE="../../../../../../Projet/Leap_Test/VR_Vive/Content/VirtualRealityBP/Maps/Map1.umap" TEMPLATE=0 SHOWPROGRESS=1 FEATURELEVEL=3
[2018.05.28-07.47.26:998][  0]LightingResults: New page: Lighting Build
[2018.05.28-07.47.26:999][  0]MapCheck: New page: Map Check
[2018.05.28-07.47.26:999][  0]LightingResults: New page: Lighting Build
[2018.05.28-07.47.27:061][  0]LogUObjectGlobals: Created PersistentFrame Addr=0x000001e3f86c05b0, Size=4, Default__spheretst_C Function /Game/Projet/Pupitre/spheretst.spheretst_C:ExecuteUbergraph_spheretst
[2018.05.28-07.47.27:062][  0]LogUObjectGlobals: Destroyed PersistentFrame Addr=0x000001e3f86c05b0, Size=4
[2018.05.28-07.47.27:062][  0]LogUObjectGlobals: Created PersistentFrame Addr=0x000001e3f86c05b0, Size=4, Default__spheretst_C Function /Engine/Transient.REINST_spheretst_C_5:ExecuteUbergraph_spheretst
[2018.05.28-07.47.27:063][  0]LogUObjectGlobals: Created PersistentFrame Addr=0x000001e3f86c0748, Size=4, Default__spheretst_C Function /Game/Projet/Pupitre/spheretst.spheretst_C:ExecuteUbergraph_spheretst
[2018.05.28-07.47.27:084][  0]LogUObjectGlobals: Created PersistentFrame Addr=0x000001e3d8d0a3c0, Size=32, Default__MediaPlay_C Function /Game/Projet/Widgets/MediaPlay.MediaPlay_C:ExecuteUbergraph_MediaPlay
[2018.05.28-07.47.27:087][  0]LogUObjectGlobals: Destroyed PersistentFrame Addr=0x000001e3d8d0a3c0, Size=32
[2018.05.28-07.47.27:087][  0]LogUObjectGlobals: Created PersistentFrame Addr=0x000001e3d8d0a3c0, Size=32, Default__MediaPlay_C Function /Engine/Transient.REINST_MediaPlay_C_1:ExecuteUbergraph_MediaPlay
[2018.05.28-07.47.27:088][  0]LogUObjectGlobals: Created PersistentFrame Addr=0x000001e3d8d091a0, Size=32, Default__MediaPlay_C Function /Game/Projet/Widgets/MediaPlay.MediaPlay_C:ExecuteUbergraph_MediaPlay
[2018.05.28-07.47.27:101][  0]LogUObjectGlobals: Created PersistentFrame Addr=0x000001e3d8d09ea0, Size=32, Default__BP_PickupCube_C Function /Game/VirtualRealityBP/Blueprints/BP_PickupCube.BP_PickupCube_C:ExecuteUbergraph_BP_PickupCube
[2018.05.28-07.47.27:103][  0]LogUObjectGlobals: Destroyed PersistentFrame Addr=0x000001e3d8d09ea0, Size=32
[2018.05.28-07.47.27:103][  0]LogUObjectGlobals: Created PersistentFrame Addr=0x000001e3d8d09ea0, Size=32, Default__BP_PickupCube_C Function /Engine/Transient.REINST_BP_PickupCube_C_19:ExecuteUbergraph_BP_PickupCube
[2018.05.28-07.47.27:104][  0]LogUObjectGlobals: Created PersistentFrame Addr=0x000001e3f8397c00, Size=32, Default__BP_PickupCube_C Function /Game/VirtualRealityBP/Blueprints/BP_PickupCube.BP_PickupCube_C:ExecuteUbergraph_BP_PickupCube
[2018.05.28-07.47.27:107][  0]LogUObjectGlobals: Created PersistentFrame Addr=0x000001e3f83950e0, Size=32, Default__BP_PickupSphere_C Function /Game/VirtualRealityBP/Blueprints/BP_PickupCube.BP_PickupCube_C:ExecuteUbergraph_BP_PickupCube
[2018.05.28-07.47.27:109][  0]LogUObjectGlobals: Destroyed PersistentFrame Addr=0x000001e3f83950e0, Size=32
[2018.05.28-07.47.27:109][  0]LogUObjectGlobals: Created PersistentFrame Addr=0x000001e3f83950e0, Size=32, Default__BP_PickupSphere_C Function /Game/VirtualRealityBP/Blueprints/BP_PickupCube.BP_PickupCube_C:ExecuteUbergraph_BP_PickupCube
[2018.05.28-07.47.27:109][  0]LogUObjectGlobals: Created PersistentFrame Addr=0x000001e3f83963c0, Size=32, Default__BP_PickupSphere_C Function /Game/VirtualRealityBP/Blueprints/BP_PickupCube.BP_PickupCube_C:ExecuteUbergraph_BP_PickupCube
[2018.05.28-07.47.27:111][  0]LogUObjectGlobals: Created PersistentFrame Addr=0x000001e3d87785e0, Size=160, Default__Spawn_C Function /Game/Projet/Widgets/Spawn.Spawn_C:ExecuteUbergraph_Spawn
[2018.05.28-07.47.27:114][  0]LogUObjectGlobals: Destroyed PersistentFrame Addr=0x000001e3d87785e0, Size=160
[2018.05.28-07.47.27:114][  0]LogUObjectGlobals: Created PersistentFrame Addr=0x000001e3e6972d40, Size=160, Default__Spawn_C Function /Engine/Transient.REINST_Spawn_C_2:ExecuteUbergraph_Spawn
[2018.05.28-07.47.27:117][  0]LogUObjectGlobals: Created PersistentFrame Addr=0x000001e3e69711c0, Size=160, Default__Spawn_C Function /Game/Projet/Widgets/Spawn.Spawn_C:ExecuteUbergraph_Spawn
[2018.05.28-07.47.27:123][  0]LogUObjectGlobals: Created PersistentFrame Addr=0x000001e3d85257c0, Size=16, Default__Menu_C Function /Game/Projet/Widgets/Menu.Menu_C:ExecuteUbergraph_Menu
[2018.05.28-07.47.27:127][  0]LogUObjectGlobals: Destroyed PersistentFrame Addr=0x000001e3d85257c0, Size=16
[2018.05.28-07.47.27:127][  0]LogUObjectGlobals: Created PersistentFrame Addr=0x000001e3d85257c0, Size=16, Default__Menu_C Function /Engine/Transient.REINST_Menu_C_3:ExecuteUbergraph_Menu
[2018.05.28-07.47.27:129][  0]LogUObjectGlobals: Created PersistentFrame Addr=0x000001e3d85257a0, Size=16, Default__Menu_C Function /Game/Projet/Widgets/Menu.Menu_C:ExecuteUbergraph_Menu
[2018.05.28-07.47.27:143][  0]LogUObjectGlobals: Created PersistentFrame Addr=0x000001e3e3b43fe8, Size=24, Default__RightHand_AnimBP_C Function /Game/VirtualReality/Mannequin/Animations/RightHand_AnimBP.RightHand_AnimBP_C:ExecuteUbergraph_RightHand_AnimBP
[2018.05.28-07.47.27:145][  0]LogUObjectGlobals: Destroyed PersistentFrame Addr=0x000001e3e3b43fe8, Size=24
[2018.05.28-07.47.27:145][  0]LogUObjectGlobals: Created PersistentFrame Addr=0x000001e3e3b43fe8, Size=24, Default__RightHand_AnimBP_C Function /Engine/Transient.REINST_RightHand_AnimBP_C_0:ExecuteUbergraph_RightHand_AnimBP
[2018.05.28-07.47.27:147][  0]LogUObjectGlobals: Created PersistentFrame Addr=0x000001e3e3b43448, Size=24, Default__RightHand_AnimBP_C Function /Game/VirtualReality/Mannequin/Animations/RightHand_AnimBP.RightHand_AnimBP_C:ExecuteUbergraph_RightHand_AnimBP
[2018.05.28-07.47.27:178][  0]LogUObjectGlobals: Created PersistentFrame Addr=0x000001e3810fb400, Size=968, Default__BP_MotionController_C Function /Game/VirtualRealityBP/Blueprints/BP_MotionController.BP_MotionController_C:ExecuteUbergraph_BP_MotionController
[2018.05.28-07.47.27:200][  0]LogUObjectGlobals: Destroyed PersistentFrame Addr=0x000001e3810fb400, Size=968
[2018.05.28-07.47.27:200][  0]LogUObjectGlobals: Created PersistentFrame Addr=0x000001e3810fb400, Size=968, Default__BP_MotionController_C Function /Engine/Transient.REINST_BP_MotionController_C_29:ExecuteUbergraph_BP_MotionController
[2018.05.28-07.47.27:220][  0]LogUObjectGlobals: Created PersistentFrame Addr=0x000001e3810f9800, Size=968, Default__BP_MotionController_C Function /Game/VirtualRealityBP/Blueprints/BP_MotionController.BP_MotionController_C:ExecuteUbergraph_BP_MotionController
[2018.05.28-07.47.27:227][  0]LogUObjectGlobals: Created PersistentFrame Addr=0x000001e3810f8400, Size=944, Default__MotionControllerPawn_C Function /Game/VirtualRealityBP/Blueprints/MotionControllerPawn.MotionControllerPawn_C:ExecuteUbergraph_MotionControllerPawn
[2018.05.28-07.47.27:240][  0]LogUObjectGlobals: Destroyed PersistentFrame Addr=0x000001e3810f8400, Size=944
[2018.05.28-07.47.27:240][  0]LogUObjectGlobals: Created PersistentFrame Addr=0x000001e380e1ac00, Size=944, Default__MotionControllerPawn_C Function /Engine/Transient.REINST_MotionControllerPawn_C_31:ExecuteUbergraph_MotionControllerPawn
[2018.05.28-07.47.27:251][  0]LogUObjectGlobals: Created PersistentFrame Addr=0x000001e380e1a800, Size=944, Default__MotionControllerPawn_C Function /Game/VirtualRealityBP/Blueprints/MotionControllerPawn.MotionControllerPawn_C:ExecuteUbergraph_MotionControllerPawn
[2018.05.28-07.47.27:292][  0]LogUObjectGlobals: Created PersistentFrame Addr=0x000001e380d49780, Size=192, Default__Map1_C Function /Game/VirtualRealityBP/Maps/Map1.Map1_C:ExecuteUbergraph_Map1
[2018.05.28-07.47.27:301][  0]LogUObjectGlobals: Destroyed PersistentFrame Addr=0x000001e380d49780, Size=192
[2018.05.28-07.47.27:301][  0]LogUObjectGlobals: Created PersistentFrame Addr=0x000001e3e2f38d00, Size=192, Default__Map1_C Function /Engine/Transient.REINST_Map1_C_35:ExecuteUbergraph_Map1
[2018.05.28-07.47.27:303][  0]LogBlueprint: Error: [Compiler PersistentLevel.Map1] Spawn node  SpawnActor NONE  must have a  Class  specified.
[2018.05.28-07.47.27:309][  0]LogUObjectGlobals: Created PersistentFrame Addr=0x000001e380eb59c0, Size=192, Default__Map1_C Function /Game/VirtualRealityBP/Maps/Map1.Map1_C:ExecuteUbergraph_Map1
[2018.05.28-07.47.27:309][  0]LogBlueprint: Warning: [Compiler PersistentLevel.Map1] [0007,14] Compile of PersistentLevel.Map1 failed. 1 Fatal Issue(s) 0 Warning(s) [in 10 ms] (/Game/VirtualRealityBP/Maps/Map1.Map1:PersistentLevel.Map1)
[2018.05.28-07.47.27:458][  0]LogSkeletalMesh: Skeletal Mesh found in DDC [0.172373ms] /Game/Projet/Screen/Screen.Screen
[2018.05.28-07.47.27:526][  0]LogSkeletalMesh: Skeletal Mesh found in DDC [1.437500ms] /Game/VirtualReality/Mannequin/Character/Mesh/MannequinHand_Right.MannequinHand_Right
[2018.05.28-07.47.27:607][  0]LogAIModule: Creating AISystem for world Map1
[2018.05.28-07.47.27:618][  0]LogEditorServer: Finished looking for orphan Actors (0.000 secs)
[2018.05.28-07.47.27:631][  0]LogUObjectGlobals: Destroyed PersistentFrame Addr=0x000001e3f86c05b0, Size=4
[2018.05.28-07.47.27:631][  0]LogUObjectGlobals: Destroyed PersistentFrame Addr=0x000001e3d8d0a3c0, Size=32
[2018.05.28-07.47.27:631][  0]LogUObjectGlobals: Destroyed PersistentFrame Addr=0x000001e3d8d09ea0, Size=32
[2018.05.28-07.47.27:631][  0]LogUObjectGlobals: Destroyed PersistentFrame Addr=0x000001e3f83950e0, Size=32
[2018.05.28-07.47.27:631][  0]LogUObjectGlobals: Destroyed PersistentFrame Addr=0x000001e3e6972d40, Size=160
[2018.05.28-07.47.27:631][  0]LogUObjectGlobals: Destroyed PersistentFrame Addr=0x000001e3d85257c0, Size=16
[2018.05.28-07.47.27:631][  0]LogUObjectGlobals: Destroyed PersistentFrame Addr=0x000001e3e3b43fe8, Size=24
[2018.05.28-07.47.27:631][  0]LogUObjectGlobals: Destroyed PersistentFrame Addr=0x000001e3810fb400, Size=968
[2018.05.28-07.47.27:631][  0]LogUObjectGlobals: Destroyed PersistentFrame Addr=0x000001e380e1ac00, Size=944
[2018.05.28-07.47.27:631][  0]LogUObjectGlobals: Destroyed PersistentFrame Addr=0x000001e3e2f38d00, Size=192
[2018.05.28-07.47.27:632][  0]Cmd: MAP CHECKDEP NOCLEARLOG
[2018.05.28-07.47.27:672][  0]MapCheck: Map check complete: 0 Error(s), 0 Warning(s), took 40,674ms to complete.
[2018.05.28-07.47.27:672][  0]LogFileHelpers: Loading map 'Map1' took 0.675
[2018.05.28-07.47.27:775][  0]LogCollectionManager: Loaded 0 collections in 0.001213 seconds
[2018.05.28-07.47.27:812][  0]LogFileCache: Scanning file cache for directory 'C:/Projet/Leap_Test/VR_Vive/Saved/Collections/' took 0.01s
[2018.05.28-07.47.27:812][  0]LogFileCache: Scanning file cache for directory 'C:/Projet/Leap_Test/VR_Vive/Content/Developers/Admin/Collections/' took 0.01s
[2018.05.28-07.47.27:812][  0]LogFileCache: Scanning file cache for directory 'C:/Projet/Leap_Test/VR_Vive/Content/Collections/' took 0.01s
[2018.05.28-07.47.27:812][  0]LogCollectionManager: Rebuilt the GUID cache for 0 collections in 0.000000 seconds
[2018.05.28-07.47.27:819][  0]LogContentBrowser: Native class hierarchy populated in 0.0067 seconds. Added 2476 classes and 561 folders.
[2018.05.28-07.47.27:824][  0]LogContentBrowser: Native class hierarchy updated for 'WidgetCarousel' in 0.0002 seconds. Added 0 classes and 0 folders.
[2018.05.28-07.47.27:849][  0]LogContentBrowser: Native class hierarchy updated for 'AddContentDialog' in 0.0002 seconds. Added 0 classes and 0 folders.
[2018.05.28-07.47.27:855][  0]LogContentBrowser: Native class hierarchy updated for 'SceneOutliner' in 0.0002 seconds. Added 1 classes and 2 folders.
[2018.05.28-07.47.27:910][  0]LogSlate: Took 0.000249 seconds to synchronously load lazily loaded font '../../../Engine/Content/Slate/Fonts/Roboto-Regular.ttf' (155K)
[2018.05.28-07.47.27:913][  0]LogSlate: Took 0.000182 seconds to synchronously load lazily loaded font '../../../Engine/Content/Slate/Fonts/Roboto-Bold.ttf' (160K)
[2018.05.28-07.47.27:918][  0]LogSlate: Took 0.000180 seconds to synchronously load lazily loaded font '../../../Engine/Content/Editor/Slate/Fonts/FontAwesome.ttf' (139K)
[2018.05.28-07.47.27:992][  0]LogRenderer: Reallocating scene render targets to support 1144x668 Format 26 NumSamples 1 (Frame:1).
[2018.05.28-07.47.28:015][  0]LogSlate: Took 0.000175 seconds to synchronously load lazily loaded font '../../../Engine/Content/Slate/Fonts/Roboto-Light.ttf' (167K)
[2018.05.28-07.47.28:083][  0]LogContentBrowser: Native class hierarchy updated for 'HierarchicalLODOutliner' in 0.0002 seconds. Added 0 classes and 0 folders.
[2018.05.28-07.47.28:083][  0]LogLoad: (Engine Initialization) Total time: 7.92 seconds
[2018.05.28-07.47.28:083][  0]LogLoad: (Engine Initialization) Total Blueprint compile time: 0.00 seconds
[2018.05.28-07.47.28:092][  0]LogWindowsTextInputMethodSystem: Display: IME system now deactivated.
[2018.05.28-07.47.28:114][  0]LogContentStreaming: Texture pool size now 1000 MB
[2018.05.28-07.47.28:167][  1]LogAssetRegistry: Asset discovery search completed in 4.5812 seconds
[2018.05.28-07.47.28:168][  1]LogCollectionManager: Rebuilt the object cache for 0 collections in 0.000000 seconds (found 0 objects)
[2018.05.28-07.47.28:168][  1]LogCollectionManager: Fixed up redirectors for 0 collections in 0.000053 seconds (updated 0 objects)
[2018.05.28-07.47.36:950][ 38]LogSlate: FSceneViewport::OnFocusLost() reason 0
[2018.05.28-07.47.49:695][541]LogUObjectGlobals: Created PersistentFrame Addr=0x000001e3e691df50, Size=4, Default__SKEL_Map2_C Function /Game/VirtualRealityBP/Maps/Map2.SKEL_Map2_C:ExecuteUbergraph_Map2
[2018.05.28-07.47.49:695][541]LogUObjectGlobals: Destroyed PersistentFrame Addr=0x000001e3e691df50, Size=4
[2018.05.28-07.47.49:695][541]LogUObjectGlobals: Created PersistentFrame Addr=0x000001e3e691df50, Size=4, Default__SKEL_Map2_C Function /Engine/Transient.REINST_SKEL_Map2_C_38:ExecuteUbergraph_Map2
[2018.05.28-07.47.49:699][541]LogUObjectGlobals: Created PersistentFrame Addr=0x000001e3e691f4d8, Size=4, Default__SKEL_Map2_C Function /Game/VirtualRealityBP/Maps/Map2.SKEL_Map2_C:ExecuteUbergraph_Map2
[2018.05.28-07.47.49:701][541]LogBlueprint: Error: [Compiler PersistentLevel.Map2] Spawn node  SpawnActor NONE  must have a  Class  specified.
[2018.05.28-07.47.49:708][541]LogUObjectGlobals: Created PersistentFrame Addr=0x000001e3d814da80, Size=192, Default__Map2_C Function /Game/VirtualRealityBP/Maps/Map2.Map2_C:ExecuteUbergraph_Map2
[2018.05.28-07.47.49:709][541]LogUObjectGlobals: Destroyed PersistentFrame Addr=0x000001e3d814da80, Size=192
[2018.05.28-07.47.49:709][541]LogUObjectGlobals: Created PersistentFrame Addr=0x000001e3d814ff40, Size=192, Default__Map2_C Function /Engine/Transient.REINST_Map2_C_41:ExecuteUbergraph_Map2
[2018.05.28-07.47.49:714][541]LogUObjectGlobals: Created PersistentFrame Addr=0x000001e3d9c5fc78, Size=4, Default__Map2_C Function /Game/VirtualRealityBP/Maps/Map2.Map2_C:ExecuteUbergraph_Map2
[2018.05.28-07.47.49:750][541]LogBlueprint: Warning: [Compiler PersistentLevel.Map2] [0029,59] Compile of PersistentLevel.Map2 failed. 1 Fatal Issue(s) 0 Warning(s) [in 55 ms] (/Game/VirtualRealityBP/Maps/Map2.Map2:PersistentLevel.Map2)
[2018.05.28-07.47.49:772][541]LogUObjectGlobals: Destroyed PersistentFrame Addr=0x000001e3e691f4d8, Size=4
[2018.05.28-07.47.49:772][541]LogUObjectGlobals: Created PersistentFrame Addr=0x000001e3d9c5fb68, Size=4, Default__SKEL_Map2_C Function /Engine/Transient.REINST_SKEL_Map2_C_43:ExecuteUbergraph_Map2
[2018.05.28-07.47.49:791][541]LogUObjectGlobals: Destroyed PersistentFrame Addr=0x000001e3d9c5fc78, Size=4
[2018.05.28-07.47.49:791][541]LogUObjectGlobals: Created PersistentFrame Addr=0x000001e3d9c5fc78, Size=4, Default__Map2_C Function /Engine/Transient.REINST_Map2_C_45:ExecuteUbergraph_Map2
[2018.05.28-07.47.49:793][541]LogBlueprint: Error: [Compiler PersistentLevel.Map2] Spawn node  SpawnActor NONE  must have a  Class  specified.
[2018.05.28-07.47.49:801][541]LogUObjectGlobals: Created PersistentFrame Addr=0x000001e3d814e8c0, Size=192, Default__Map2_C Function /Game/VirtualRealityBP/Maps/Map2.Map2_C:ExecuteUbergraph_Map2
[2018.05.28-07.47.49:801][541]LogBlueprint: Warning: [Compiler PersistentLevel.Map2] [0029,64] Compile of PersistentLevel.Map2 failed. 1 Fatal Issue(s) 0 Warning(s) [in 29 ms] (/Game/VirtualRealityBP/Maps/Map2.Map2:PersistentLevel.Map2)
[2018.05.28-07.47.49:824][541]LogAIModule: Creating AISystem for world Map2
[2018.05.28-07.47.49:994][560]LogSlate: Took 0.000151 seconds to synchronously load lazily loaded font '../../../Engine/Content/Slate/Fonts/Roboto-Light.ttf' (167K)
[2018.05.28-07.47.50:008][560]LogUObjectGlobals: Destroyed PersistentFrame Addr=0x000001e3d9c5fc78, Size=4
[2018.05.28-07.47.50:008][560]LogUObjectGlobals: Destroyed PersistentFrame Addr=0x000001e3d814ff40, Size=192
[2018.05.28-07.47.50:008][560]LogUObjectGlobals: Destroyed PersistentFrame Addr=0x000001e3d9c5fb68, Size=4
[2018.05.28-07.47.50:008][560]LogUObjectGlobals: Destroyed PersistentFrame Addr=0x000001e3e691df50, Size=4
[2018.05.28-07.47.51:395][560]LogSlate: Window 'Save Content' being destroyed
[2018.05.28-07.47.51:440][560]Cmd: OBJ SAVEPACKAGE PACKAGE="/Game/VirtualRealityBP/Maps/Map2" FILE="../../../../../../Projet/Leap_Test/VR_Vive/Content/VirtualRealityBP/Maps/Map2.umap" SILENT=true AUTOSAVING=false KEEPDIRTY=false
[2018.05.28-07.47.51:499][560]LogUObjectGlobals: Destroyed PersistentFrame Addr=0x000001e3d814e8c0, Size=192
[2018.05.28-07.47.51:499][560]LogUObjectGlobals: Created PersistentFrame Addr=0x000001e3c3c79600, Size=192, Default__Map2_C Function /Engine/Transient.REINST_Map2_C_49:ExecuteUbergraph_Map2
[2018.05.28-07.47.51:501][560]LogBlueprint: Error: [Compiler PersistentLevel.Map2] Spawn node  SpawnActor NONE  must have a  Class  specified.
[2018.05.28-07.47.51:508][560]LogUObjectGlobals: Created PersistentFrame Addr=0x000001e3a59e3c40, Size=192, Default__Map2_C Function /Game/VirtualRealityBP/Maps/Map2.Map2_C:ExecuteUbergraph_Map2
[2018.05.28-07.47.51:509][560]LogBlueprint: Warning: [Compiler PersistentLevel.Map2] [0031,34] Compile of PersistentLevel.Map2 failed. 1 Fatal Issue(s) 0 Warning(s) [in 30 ms] (/Game/VirtualRealityBP/Maps/Map2.Map2:PersistentLevel.Map2)
[2018.05.28-07.47.51:648][560]LogSavePackage: Warning: Obj in another map: BlueprintGeneratedClass /Game/VirtualRealityBP/Maps/Map1.Map1_C
[2018.05.28-07.47.52:785][560]LogSlate: Window 'Message' being destroyed
[2018.05.28-07.47.52:797][560]EditorErrors: New page: Save Output
[2018.05.28-07.47.52:797][560]EditorErrors: Warning: Object 'BlueprintGeneratedClass /Game/VirtualRealityBP/Maps/Map1.Map1_C' is in another map
[2018.05.28-07.47.52:797][560]EditorErrors: Warning: Can't save ../../../../../../Projet/Leap_Test/VR_Vive/Content/VirtualRealityBP/Maps/Map2.umap: Graph is linked to object Unknown in external map
[2018.05.28-07.47.52:801][560]LogFileHelpers: Saving map 'Map2' took 1.403
[2018.05.28-07.47.53:425][560]LogSlate: Window 'Message' being destroyed
[2018.05.28-07.47.55:234][776]LogSlate: Window 'Message Log' being destroyed
[2018.05.28-07.47.55:237][776]LogSlate: Window 'Message Log' being destroyed
[2018.05.28-07.47.56:812][964]LogUObjectGlobals: Destroyed PersistentFrame Addr=0x000001e3c3c79600, Size=192
[2018.05.28-07.47.58:413][964]LogSlate: Window 'Delete Assets' being destroyed
[2018.05.28-07.47.58:444][964]LogUObjectGlobals: Destroyed PersistentFrame Addr=0x000001e3a59e3c40, Size=192
[2018.05.28-07.48.21:453][114]LogSlate: Window 'New Level' being destroyed
[2018.05.28-07.48.21:456][114]Cmd: MAP LOAD FILE="../../../Engine/Content/Maps/Templates/VR-Basic.umap" TEMPLATE=1 SHOWPROGRESS=1 FEATURELEVEL=3
[2018.05.28-07.48.21:469][114]LightingResults: New page: Lighting Build
[2018.05.28-07.48.21:470][114]LoadErrors: New page: Loading map: VR-Basic.umap
[2018.05.28-07.48.21:472][114]MapCheck: New page: Map Check
[2018.05.28-07.48.21:472][114]LightingResults: New page: Lighting Build
[2018.05.28-07.48.21:480][114]LogUObjectGlobals: Destroyed PersistentFrame Addr=0x000001e380eb59c0, Size=192
[2018.05.28-07.48.21:646][114]LogAIModule: Creating AISystem for world Untitled_1
[2018.05.28-07.48.21:689][114]LogEditorServer: Finished looking for orphan Actors (0.000 secs)
[2018.05.28-07.48.21:701][114]Cmd: MAP CHECKDEP NOCLEARLOG
[2018.05.28-07.48.21:744][114]MapCheck: Map check complete: 0 Error(s), 0 Warning(s), took 42,189ms to complete.
[2018.05.28-07.48.21:744][114]LogFileHelpers: Loading map 'VR-Basic' took 0.289
[2018.05.28-07.48.27:410][787]LogEditorViewport: Clicking on Actor (LMB): StaticMeshActor (frozen_Room)
[2018.05.28-07.48.41:185][404]LogSlate: FSceneViewport::OnFocusLost() reason 0
[2018.05.28-07.48.41:285][416]LogTemp: Repeating last play command: VR Preview
[2018.05.28-07.48.41:302][416]LogPlayLevel: PlayLevel: No blueprints needed recompiling
[2018.05.28-07.48.41:302][416]PIE: New page: PIE session: Untitled_1 (28 mai 2018 11:48:41)
[2018.05.28-07.48.41:302][416]LogLinker: Warning: Can't find file '/Game/GameInstance'
[2018.05.28-07.48.41:302][416]LogLinker: Warning: Can't find file '/Game/GameInstance'
[2018.05.28-07.48.41:302][416]LogUObjectGlobals: Warning: Failed to find object 'Class /Game/GameInstance.GameInstance_C'
[2018.05.28-07.48.41:303][416]LogPlayLevel: Creating play world package: /Temp/UEDPIE_0_Untitled_1
[2018.05.28-07.48.41:304][416]LogPlayLevel: PIE: StaticDuplicateObject took: (0.001748s)
[2018.05.28-07.48.41:305][416]LogAIModule: Creating AISystem for world Untitled_1
[2018.05.28-07.48.41:305][416]LogPlayLevel: PIE: World Init took: (0.000501s)
[2018.05.28-07.48.41:305][416]LogPlayLevel: PIE: Created PIE world by copying editor world from /Temp/Untitled_1.Untitled_1 to /Temp/UEDPIE_0_Untitled_1.Untitled_1 (0.002374s)
[2018.05.28-07.48.41:317][416]LogInit: XAudio2 using 'Haut-parleurs (HTC Vive)' : 2 channels at 44.1 kHz using 16 bits per sample (channel mask 0x3)
[2018.05.28-07.48.41:324][416]LogInit: FAudioDevice initialized.
[2018.05.28-07.48.41:412][416]LogUObjectGlobals: Warning: Failed to find object 'Class None.'
[2018.05.28-07.48.41:412][416]LogLoad: Game class is 'GameModeBase'
[2018.05.28-07.48.41:414][416]LogWorld: Bringing World /Temp/UEDPIE_0_Untitled_1.Untitled_1 up for play (max tick rate 0) at 2018.05.28-09.48.41
[2018.05.28-07.48.41:414][416]LogWorld: Bringing up level for play took: 0.000876
[2018.05.28-07.48.41:419][416]LogContentBrowser: Native class hierarchy updated for 'MovieSceneCapture' in 0.0002 seconds. Added 11 classes and 0 folders.
[2018.05.28-07.48.41:425][416]PIE: Play in editor start time for /Temp/UEDPIE_0_Untitled_1 1,009
[2018.05.28-07.48.41:471][417]LogRenderer: Reallocating scene render targets to support 3992x2216 Format 26 NumSamples 1 (Frame:1).
[2018.05.28-07.49.12:576][190]LogSlate: Window 'VR_Vive Game Preview Standalone (64-bit/PCD3D_SM5)' being destroyed
[2018.05.28-07.49.21:674][262]LogSlate: Window 'VR_Vive - Unreal Editor' being destroyed
[2018.05.28-07.49.21:675][262]LogWindowsTextInputMethodSystem: Display: IME system now deactivated.
[2018.05.28-07.49.21:848][263]Cmd: QUIT_EDITOR
[2018.05.28-07.49.22:745][263]LogSlate: Slate User Destroyed.  User Index 0, Is Virtual User: 0
[2018.05.28-07.49.22:745][263]LogExit: Preparing to exit.
[2018.05.28-07.49.23:519][263]LogExit: Editor shut down
[2018.05.28-07.49.23:520][263]LogExit: Transaction tracking system shut down
[2018.05.28-07.49.23:520][263]LogUObjectGlobals: Destroyed PersistentFrame Addr=0x000001e3f86c0748, Size=4
[2018.05.28-07.49.23:520][263]LogUObjectGlobals: Destroyed PersistentFrame Addr=0x000001e3d8d091a0, Size=32
[2018.05.28-07.49.23:520][263]LogUObjectGlobals: Destroyed PersistentFrame Addr=0x000001e3f8397c00, Size=32
[2018.05.28-07.49.23:520][263]LogUObjectGlobals: Destroyed PersistentFrame Addr=0x000001e3f83963c0, Size=32
[2018.05.28-07.49.23:520][263]LogUObjectGlobals: Destroyed PersistentFrame Addr=0x000001e3e69711c0, Size=160
[2018.05.28-07.49.23:521][263]LogUObjectGlobals: Destroyed PersistentFrame Addr=0x000001e3d85257a0, Size=16
[2018.05.28-07.49.23:521][263]LogUObjectGlobals: Destroyed PersistentFrame Addr=0x000001e3e3b43448, Size=24
[2018.05.28-07.49.23:521][263]LogUObjectGlobals: Destroyed PersistentFrame Addr=0x000001e3810f9800, Size=968
[2018.05.28-07.49.23:521][263]LogUObjectGlobals: Destroyed PersistentFrame Addr=0x000001e380e1a800, Size=944
[2018.05.28-07.49.23:595][263]LogDirectoryWatcher: A directory notification for '../../../Engine/Content/' was aborted.
[2018.05.28-07.49.23:595][263]LogDirectoryWatcher: A directory notification for '../../../../../../Projet/Leap_Test/VR_Vive/Content/' was aborted.
[2018.05.28-07.49.23:595][263]LogDirectoryWatcher: A directory notification for '../../Plugins/2D/Paper2D/Content/' was aborted.
[2018.05.28-07.49.23:595][263]LogDirectoryWatcher: A directory notification for '../../Plugins/Enterprise/DatasmithContent/Content/' was aborted.
[2018.05.28-07.49.23:595][263]LogDirectoryWatcher: A directory notification for '../../Plugins/Media/MediaCompositing/Content/' was aborted.
[2018.05.28-07.49.23:596][263]LogDirectoryWatcher: A directory notification for '../../Plugins/Runtime/AppleARKit/Content/' was aborted.
[2018.05.28-07.49.23:596][263]LogDirectoryWatcher: A directory notification for '../../Plugins/Runtime/LeapMotion/Content/' was aborted.
[2018.05.28-07.49.23:596][263]LogDirectoryWatcher: A directory notification for '../../Plugins/Runtime/Steam/SteamVR/Content/' was aborted.
[2018.05.28-07.49.23:656][263]LogExit: Object subsystem successfully closed.
[2018.05.28-07.49.23:675][263]LogShaderCompilers: Display: Shaders left to compile 0
[2018.05.28-07.49.23:678][263]LogD3D11RHI: Shutdown
[2018.05.28-07.49.23:678][263]LogD3D11RHI: CleanupD3DDevice
[2018.05.28-07.49.23:679][263]LogD3D11RHI: ~FD3D11DynamicRHI
[2018.05.28-07.49.23:692][263]LogModuleManager: Shutting down and abandoning module MovieSceneCapture (580)
[2018.05.28-07.49.23:692][263]LogModuleManager: Shutting down and abandoning module HierarchicalLODUtilities (578)
[2018.05.28-07.49.23:692][263]LogModuleManager: Shutting down and abandoning module NewLevelDialog (576)
[2018.05.28-07.49.23:692][263]LogModuleManager: Shutting down and abandoning module HierarchicalLODOutliner (574)
[2018.05.28-07.49.23:692][263]LogModuleManager: Shutting down and abandoning module SceneOutliner (572)
[2018.05.28-07.49.23:692][263]LogModuleManager: Shutting down and abandoning module AddContentDialog (570)
[2018.05.28-07.49.23:692][263]LogDirectoryWatcher: A directory notification for 'C:/Program Files/Epic Games/UE_4.19/FeaturePacks/' was aborted.
[2018.05.28-07.49.23:693][263]LogModuleManager: Shutting down and abandoning module WidgetCarousel (569)
[2018.05.28-07.49.23:693][263]LogModuleManager: Shutting down and abandoning module EditorWidgets (566)
[2018.05.28-07.49.23:693][263]LogModuleManager: Shutting down and abandoning module CollectionManager (564)
[2018.05.28-07.49.23:693][263]LogDirectoryWatcher: A directory notification for 'C:/Projet/Leap_Test/VR_Vive/Content/Collections/' was aborted.
[2018.05.28-07.49.23:693][263]LogDirectoryWatcher: A directory notification for 'C:/Projet/Leap_Test/VR_Vive/Content/Developers/Admin/Collections/' was aborted.
[2018.05.28-07.49.23:693][263]LogDirectoryWatcher: A directory notification for 'C:/Projet/Leap_Test/VR_Vive/Saved/Collections/' was aborted.
[2018.05.28-07.49.23:693][263]LogModuleManager: Shutting down and abandoning module StatsViewer (562)
[2018.05.28-07.49.23:693][263]LogModuleManager: Shutting down and abandoning module FoliageEdit (560)
[2018.05.28-07.49.23:693][263]LogModuleManager: Shutting down and abandoning module LandscapeEditor (558)
[2018.05.28-07.49.23:693][263]LogModuleManager: Shutting down and abandoning module MeshPaintMode (556)
[2018.05.28-07.49.23:693][263]LogModuleManager: Shutting down and abandoning module SceneDepthPickerMode (554)
[2018.05.28-07.49.23:693][263]LogModuleManager: Shutting down and abandoning module ActorPickerMode (552)
[2018.05.28-07.49.23:693][263]LogModuleManager: Shutting down and abandoning module GeometryMode (550)
[2018.05.28-07.49.23:693][263]LogModuleManager: Shutting down and abandoning module TextureAlignMode (548)
[2018.05.28-07.49.23:693][263]LogModuleManager: Shutting down and abandoning module BspMode (546)
[2018.05.28-07.49.23:693][263]LogModuleManager: Shutting down and abandoning module PIEPreviewDeviceProfileSelector (544)
[2018.05.28-07.49.23:693][263]LogModuleManager: Shutting down and abandoning module HardwareSurvey (542)
[2018.05.28-07.49.23:693][263]LogModuleManager: Shutting down and abandoning module SequenceRecorderSections (540)
[2018.05.28-07.49.23:693][263]LogModuleManager: Shutting down and abandoning module AutomationWorker (538)
[2018.05.28-07.49.23:693][263]LogModuleManager: Shutting down and abandoning module AudioCaptureEditor (536)
[2018.05.28-07.49.23:694][263]LogModuleManager: Shutting down and abandoning module SequenceRecorder (535)
[2018.05.28-07.49.23:694][263]LogModuleManager: Shutting down and abandoning module MatineeToLevelSequence (532)
[2018.05.28-07.49.23:694][263]LogModuleManager: Shutting down and abandoning module LevelSequenceEditor (530)
[2018.05.28-07.49.23:694][263]LogModuleManager: Shutting down and abandoning module PlacementMode (529)
[2018.05.28-07.49.23:694][263]LogModuleManager: Shutting down and abandoning module MaterialEditor (528)
[2018.05.28-07.49.23:694][263]LogModuleManager: Shutting down and abandoning module WmfMediaFactory (524)
[2018.05.28-07.49.23:694][263]LogModuleManager: Shutting down and abandoning module WmfMediaEditor (522)
[2018.05.28-07.49.23:694][263]LogModuleManager: Shutting down and abandoning module MfMediaFactory (520)
[2018.05.28-07.49.23:694][263]LogModuleManager: Shutting down and abandoning module MfMediaEditor (518)
[2018.05.28-07.49.23:694][263]LogModuleManager: Shutting down and abandoning module MediaPlayerEditor (516)
[2018.05.28-07.49.23:694][263]LogModuleManager: Shutting down and abandoning module OpenExrWrapper (514)
[2018.05.28-07.49.23:694][263]LogModuleManager: Shutting down and abandoning module ImgMediaFactory (512)
[2018.05.28-07.49.23:694][263]LogModuleManager: Shutting down and abandoning module ImgMediaEditor (510)
[2018.05.28-07.49.23:694][263]LogModuleManager: Shutting down and abandoning module AvfMediaFactory (508)
[2018.05.28-07.49.23:694][263]LogModuleManager: Shutting down and abandoning module AvfMediaEditor (506)
[2018.05.28-07.49.23:694][263]LogModuleManager: Shutting down and abandoning module AndroidMediaFactory (504)
[2018.05.28-07.49.23:694][263]LogModuleManager: Shutting down and abandoning module AndroidMediaEditor (502)
[2018.05.28-07.49.23:694][263]LogModuleManager: Shutting down and abandoning module CharacterAI (500)
[2018.05.28-07.49.23:694][263]LogModuleManager: Shutting down and abandoning module SmartSnapping (498)
[2018.05.28-07.49.23:694][263]LogModuleManager: Shutting down and abandoning module SessionServices (496)
[2018.05.28-07.49.23:694][263]LogModuleManager: Shutting down and abandoning module ViewportSnapping (494)
[2018.05.28-07.49.23:694][263]LogModuleManager: Shutting down and abandoning module ViewportInteraction (492)
[2018.05.28-07.49.23:694][263]LogModuleManager: Shutting down and abandoning module ClothPainter (490)
[2018.05.28-07.49.23:694][263]LogModuleManager: Shutting down and abandoning module SkeletalMeshEditor (489)
[2018.05.28-07.49.23:694][263]LogModuleManager: Shutting down and abandoning module LogVisualizer (486)
[2018.05.28-07.49.23:694][263]LogModuleManager: Shutting down and abandoning module IntroTutorials (484)
[2018.05.28-07.49.23:694][263]LogModuleManager: Shutting down and abandoning module GameProjectGeneration (483)
[2018.05.28-07.49.23:694][263]LogModuleManager: Shutting down and abandoning module IOSPlatformEditor (480)
[2018.05.28-07.49.23:694][263]LogModuleManager: Shutting down and abandoning module HTML5PlatformEditor (478)
[2018.05.28-07.49.23:694][263]LogModuleManager: Shutting down and abandoning module AndroidPlatformEditor (476)
[2018.05.28-07.49.23:694][263]LogModuleManager: Shutting down and abandoning module AndroidDeviceDetection (475)
[2018.05.28-07.49.24:667][263]LogModuleManager: Shutting down and abandoning module WindowsPlatformEditor (472)
[2018.05.28-07.49.24:667][263]LogModuleManager: Shutting down and abandoning module IOSRuntimeSettings (470)
[2018.05.28-07.49.24:667][263]LogModuleManager: Shutting down and abandoning module AndroidRuntimeSettings (468)
[2018.05.28-07.49.24:667][263]LogModuleManager: Shutting down and abandoning module InputBindingEditor (466)
[2018.05.28-07.49.24:667][263]LogModuleManager: Shutting down and abandoning module MergeActors (464)
[2018.05.28-07.49.24:667][263]LogModuleManager: Shutting down and abandoning module LocalizationDashboard (462)
[2018.05.28-07.49.24:667][263]LogModuleManager: Shutting down and abandoning module LocalizationService (461)
[2018.05.28-07.49.24:667][263]LogModuleManager: Shutting down and abandoning module HardwareTargeting (458)
[2018.05.28-07.49.24:667][263]LogModuleManager: Shutting down and abandoning module DeviceProfileEditor (456)
[2018.05.28-07.49.24:667][263]LogModuleManager: Shutting down and abandoning module UndoHistory (454)
[2018.05.28-07.49.24:667][263]LogModuleManager: Shutting down and abandoning module XmlParser (452)
[2018.05.28-07.49.24:667][263]LogModuleManager: Shutting down and abandoning module Blutility (450)
[2018.05.28-07.49.24:667][263]LogModuleManager: Shutting down and abandoning module ProjectSettingsViewer (448)
[2018.05.28-07.49.24:667][263]LogModuleManager: Shutting down and abandoning module ProjectTargetPlatformEditor (447)
[2018.05.28-07.49.24:668][263]LogModuleManager: Shutting down and abandoning module EditorSettingsViewer (444)
[2018.05.28-07.49.24:668][263]LogModuleManager: Shutting down and abandoning module SettingsEditor (442)
[2018.05.28-07.49.24:668][263]LogModuleManager: Shutting down and abandoning module ProjectLauncher (440)
[2018.05.28-07.49.24:668][263]LogModuleManager: Shutting down and abandoning module SessionFrontend (438)
[2018.05.28-07.49.24:668][263]LogModuleManager: Shutting down and abandoning module ProfilerClient (436)
[2018.05.28-07.49.24:668][263]LogModuleManager: Shutting down and abandoning module DeviceManager (434)
[2018.05.28-07.49.24:668][263]LogModuleManager: Shutting down and abandoning module TargetDeviceServices (433)
[2018.05.28-07.49.24:723][263]LogModuleManager: Shutting down and abandoning module AutomationController (430)
[2018.05.28-07.49.24:723][263]LogModuleManager: Shutting down and abandoning module AutomationWindow (428)
[2018.05.28-07.49.24:723][263]LogModuleManager: Shutting down and abandoning module Layers (426)
[2018.05.28-07.49.24:723][263]LogModuleManager: Shutting down and abandoning module ComponentVisualizers (424)
[2018.05.28-07.49.24:723][263]LogModuleManager: Shutting down and abandoning module DetailCustomizations (422)
[2018.05.28-07.49.24:723][263]LogModuleManager: Shutting down and abandoning module PackagesDialog (420)
[2018.05.28-07.49.24:723][263]LogModuleManager: Shutting down and abandoning module Persona (418)
[2018.05.28-07.49.24:723][263]LogModuleManager: Shutting down and abandoning module AdvancedPreviewScene (417)
[2018.05.28-07.49.24:723][263]LogModuleManager: Shutting down and abandoning module AnimGraph (415)
[2018.05.28-07.49.24:723][263]LogModuleManager: Shutting down and abandoning module Kismet (412)
[2018.05.28-07.49.24:724][263]LogModuleManager: Shutting down and abandoning module GraphEditor (410)
[2018.05.28-07.49.24:724][263]LogModuleManager: Shutting down and abandoning module ClassViewer (408)
[2018.05.28-07.49.24:724][263]LogModuleManager: Shutting down and abandoning module Toolbox (406)
[2018.05.28-07.49.24:724][263]LogModuleManager: Shutting down and abandoning module ModuleUI (404)
[2018.05.28-07.49.24:724][263]LogModuleManager: Shutting down and abandoning module MovieSceneTools (402)
[2018.05.28-07.49.24:724][263]LogModuleManager: Shutting down and abandoning module OutputLog (400)
[2018.05.28-07.49.24:724][263]LogModuleManager: Shutting down and abandoning module GammaUI (398)
[2018.05.28-07.49.24:724][263]LogModuleManager: Shutting down and abandoning module Documentation (396)
[2018.05.28-07.49.24:724][263]LogModuleManager: Shutting down and abandoning module MovieSceneTracks (394)
[2018.05.28-07.49.24:724][263]LogModuleManager: Shutting down and abandoning module MovieScene (392)
[2018.05.28-07.49.24:724][263]LogModuleManager: Shutting down and abandoning module StreamingPauseRendering (390)
[2018.05.28-07.49.24:724][263]LogModuleManager: Shutting down and abandoning module LauncherPlatform (388)
[2018.05.28-07.49.24:724][263]LogModuleManager: Shutting down and abandoning module AnalyticsET (386)
[2018.05.28-07.49.24:724][263]LogModuleManager: Shutting down and abandoning module PortalServices (384)
[2018.05.28-07.49.24:724][263]LogModuleManager: Shutting down and abandoning module PortalRpc (382)
[2018.05.28-07.49.24:724][263]LogModuleManager: Shutting down and abandoning module MessagingRpc (380)
[2018.05.28-07.49.24:724][263]LogModuleManager: Shutting down and abandoning module AIModule (378)
[2018.05.28-07.49.24:724][263]LogModuleManager: Shutting down and abandoning module GameplayDebugger (377)
[2018.05.28-07.49.24:724][263]LogModuleManager: Shutting down and abandoning module AITestSuite (375)
[2018.05.28-07.49.24:724][263]LogModuleManager: Shutting down and abandoning module DesktopPlatform (372)
[2018.05.28-07.49.24:724][263]LogModuleManager: Shutting down and abandoning module ProfilerService (370)
[2018.05.28-07.49.24:829][263]LogModuleManager: Shutting down and abandoning module TaskGraph (368)
[2018.05.28-07.49.24:829][263]LogModuleManager: Shutting down and abandoning module SteamVRController (366)
[2018.05.28-07.49.24:829][263]LogModuleManager: Shutting down and abandoning module ProceduralMeshComponentEditor (364)
[2018.05.28-07.49.24:829][263]LogModuleManager: Shutting down and abandoning module ProceduralMeshComponent (362)
[2018.05.28-07.49.24:829][263]LogModuleManager: Shutting down and abandoning module MobilePatchingUtils (360)
[2018.05.28-07.49.24:829][263]LogModuleManager: Shutting down and abandoning module CustomMeshComponent (358)
[2018.05.28-07.49.24:829][263]LogModuleManager: Shutting down and abandoning module CableComponent (356)
[2018.05.28-07.49.24:829][263]LogModuleManager: Shutting down and abandoning module AudioCapture (354)
[2018.05.28-07.49.24:829][263]LogModuleManager: Shutting down and abandoning module ArchVisCharacter (352)
[2018.05.28-07.49.24:829][263]LogModuleManager: Shutting down and abandoning module AndroidPermission (350)
[2018.05.28-07.49.24:829][263]LogModuleManager: Shutting down and abandoning module NUTUnrealEngine4 (346)
[2018.05.28-07.49.24:829][263]LogModuleManager: Shutting down and abandoning module NetcodeUnitTest (344)
[2018.05.28-07.49.24:829][263]LogModuleManager: Shutting down and abandoning module MediaCompositingEditor (342)
[2018.05.28-07.49.24:829][263]LogModuleManager: Shutting down and abandoning module MediaCompositing (340)
[2018.05.28-07.49.24:829][263]LogModuleManager: Shutting down and abandoning module LinearTimecode (338)
[2018.05.28-07.49.24:829][263]LogModuleManager: Shutting down and abandoning module ImgMedia (336)
[2018.05.28-07.49.24:831][263]LogModuleManager: Shutting down and abandoning module HTML5Networking (334)
[2018.05.28-07.49.24:831][263]LogModuleManager: Shutting down and abandoning module AlembicImporter (332)
[2018.05.28-07.49.24:831][263]LogModuleManager: Shutting down and abandoning module AlembicLibrary (331)
[2018.05.28-07.49.24:831][263]LogModuleManager: Shutting down and abandoning module GeometryCache (330)
[2018.05.28-07.49.24:831][263]LogModuleManager: Shutting down and abandoning module GeometryCacheEd (329)
[2018.05.28-07.49.24:831][263]LogModuleManager: Shutting down and abandoning module DatasmithContent (324)
[2018.05.28-07.49.24:831][263]LogModuleManager: Shutting down and abandoning module SpeedTreeImporter (322)
[2018.05.28-07.49.24:831][263]LogModuleManager: Shutting down and abandoning module PluginBrowser (320)
[2018.05.28-07.49.24:831][263]LogModuleManager: Shutting down and abandoning module MobileLauncherProfileWizard (318)
[2018.05.28-07.49.24:831][263]LogModuleManager: Shutting down and abandoning module CryptoKeysOpenSSL (316)
[2018.05.28-07.49.24:831][263]LogModuleManager: Shutting down and abandoning module CryptoKeys (314)
[2018.05.28-07.49.24:832][263]LogModuleManager: Shutting down and abandoning module VisualStudioSourceCodeAccess (312)
[2018.05.28-07.49.24:832][263]LogModuleManager: Shutting down and abandoning module VisualStudioCodeSourceCodeAccess (310)
[2018.05.28-07.49.24:832][263]LogModuleManager: Shutting down and abandoning module UObjectPlugin (308)
[2018.05.28-07.49.24:832][263]LogModuleManager: Shutting down and abandoning module SubversionSourceControl (306)
[2018.05.28-07.49.24:832][263]LogModuleManager: Shutting down and abandoning module PerforceSourceControl (304)
[2018.05.28-07.49.24:832][263]LogModuleManager: Shutting down and abandoning module GitSourceControl (302)
[2018.05.28-07.49.24:832][263]LogModuleManager: Shutting down and abandoning module SourceControl (301)
[2018.05.28-07.49.24:832][263]LogModuleManager: Shutting down and abandoning module CLionSourceCodeAccess (298)
[2018.05.28-07.49.24:832][263]LogModuleManager: Shutting down and abandoning module LightPropagationVolumeEditor (296)
[2018.05.28-07.49.24:832][263]LogModuleManager: Shutting down and abandoning module PaperTiledImporter (294)
[2018.05.28-07.49.24:832][263]LogModuleManager: Shutting down and abandoning module PaperSpriteSheetImporter (292)
[2018.05.28-07.49.24:832][263]LogModuleManager: Shutting down and abandoning module Paper2DEditor (290)
[2018.05.28-07.49.24:832][263]LogModuleManager: Shutting down and abandoning module MeshPaint (289)
[2018.05.28-07.49.24:832][263]LogModuleManager: Shutting down and abandoning module RuntimePhysXCooking (286)
[2018.05.28-07.49.24:832][263]LogModuleManager: Shutting down and abandoning module PhysXVehiclesEditor (284)
[2018.05.28-07.49.24:832][263]LogModuleManager: Shutting down and abandoning module PhysXVehicles (282)
[2018.05.28-07.49.24:832][263]LogModuleManager: Shutting down and abandoning module LocationServicesBPLibrary (280)
[2018.05.28-07.49.24:832][263]LogModuleManager: Shutting down and abandoning module ImmediatePhysicsEditor (278)
[2018.05.28-07.49.24:832][263]LogModuleManager: Shutting down and abandoning module ImmediatePhysics (276)
[2018.05.28-07.49.24:832][263]LogModuleManager: Shutting down and abandoning module ActorSequence (274)
[2018.05.28-07.49.24:832][263]LogModuleManager: Shutting down and abandoning module UdpMessaging (272)
[2018.05.28-07.49.24:933][263]LogModuleManager: Shutting down and abandoning module TcpMessaging (270)
[2018.05.28-07.49.25:034][263]LogModuleManager: Shutting down and abandoning module GameplayTagsEditor (268)
[2018.05.28-07.49.25:034][263]LogModuleManager: Shutting down and abandoning module FacialAnimationEditor (266)
[2018.05.28-07.49.25:034][263]LogModuleManager: Shutting down and abandoning module FacialAnimation (264)
[2018.05.28-07.49.25:034][263]LogModuleManager: Shutting down and abandoning module DataValidation (262)
[2018.05.28-07.49.25:034][263]LogModuleManager: Shutting down and abandoning module AssetManagerEditor (260)
[2018.05.28-07.49.25:034][263]LogModuleManager: Shutting down and abandoning module LevelEditor (259)
[2018.05.28-07.49.25:034][263]LogModuleManager: Shutting down and abandoning module PixelInspectorModule (258)
[2018.05.28-07.49.25:034][263]LogModuleManager: Shutting down and abandoning module CommonMenuExtensions (256)
[2018.05.28-07.49.25:034][263]LogModuleManager: Shutting down and abandoning module MainFrame (254)
[2018.05.28-07.49.25:035][263]LogModuleManager: Shutting down and abandoning module HotReload (253)
[2018.05.28-07.49.25:035][263]LogDirectoryWatcher: A directory notification for 'C:/Projet/Leap_Test/VR_Vive/Binaries/Win64' was aborted.
[2018.05.28-07.49.25:035][263]LogModuleManager: Shutting down and abandoning module ContentBrowser (249)
[2018.05.28-07.49.25:036][263]LogModuleManager: Shutting down and abandoning module TreeMap (247)
[2018.05.28-07.49.25:036][263]LogModuleManager: Shutting down and abandoning module LightPropagationVolumeRuntime (244)
[2018.05.28-07.49.25:036][263]LogModuleManager: Shutting down and abandoning module LiveLinkEditor (242)
[2018.05.28-07.49.25:036][263]LogModuleManager: Shutting down and abandoning module LiveLink (240)
[2018.05.28-07.49.25:258][263]LogModuleManager: Shutting down and abandoning module Paper2D (238)
[2018.05.28-07.49.25:258][263]LogModuleManager: Shutting down and abandoning module WindowsMoviePlayer (236)
[2018.05.28-07.49.25:258][263]LogModuleManager: Shutting down and abandoning module WmfMedia (234)
[2018.05.28-07.49.25:259][263]LogModuleManager: Shutting down and abandoning module Media (233)
[2018.05.28-07.49.25:265][263]LogModuleManager: Shutting down and abandoning module PacketHandler (230)
[2018.05.28-07.49.25:265][263]LogModuleManager: Shutting down and abandoning module ClothingSystemEditor (228)
[2018.05.28-07.49.25:265][263]LogModuleManager: Shutting down and abandoning module ClothingSystemRuntime (226)
[2018.05.28-07.49.25:265][263]LogModuleManager: Shutting down and abandoning module MediaAssets (224)
[2018.05.28-07.49.25:265][263]LogModuleManager: Shutting down and abandoning module Overlay (222)
[2018.05.28-07.49.25:265][263]LogModuleManager: Shutting down and abandoning module OverlayEditor (221)
[2018.05.28-07.49.25:265][263]LogModuleManager: Shutting down and abandoning module VREditor (218)
[2018.05.28-07.49.25:265][263]LogModuleManager: Shutting down and abandoning module StringTableEditor (216)
[2018.05.28-07.49.25:265][263]LogModuleManager: Shutting down and abandoning module GameplayTasksEditor (214)
[2018.05.28-07.49.25:265][263]LogModuleManager: Shutting down and abandoning module BehaviorTreeEditor (212)
[2018.05.28-07.49.25:265][263]LogModuleManager: Shutting down and abandoning module FunctionalTesting (210)
[2018.05.28-07.49.25:265][263]LogModuleManager: Shutting down and abandoning module CollisionAnalyzer (208)
[2018.05.28-07.49.25:265][263]LogModuleManager: Shutting down and abandoning module WorkspaceMenuStructure (207)
[2018.05.28-07.49.25:265][263]LogModuleManager: Shutting down and abandoning module UMG (204)
[2018.05.28-07.49.25:265][263]LogModuleManager: Shutting down and abandoning module UMGEditor (203)
[2018.05.28-07.49.25:265][263]LogModuleManager: Shutting down and abandoning module Sequencer (202)
[2018.05.28-07.49.25:265][263]LogModuleManager: Shutting down and abandoning module MessageLog (199)
[2018.05.28-07.49.25:265][263]LogModuleManager: Shutting down and abandoning module SlateReflector (194)
[2018.05.28-07.49.25:265][263]LogModuleManager: Shutting down and abandoning module Slate (192)
[2018.05.28-07.49.25:265][263]LogModuleManager: Shutting down and abandoning module EditorStyle (190)
[2018.05.28-07.49.25:267][263]LogModuleManager: Shutting down and abandoning module MRMesh (188)
[2018.05.28-07.49.25:267][263]LogModuleManager: Shutting down and abandoning module SourceCodeAccess (186)
[2018.05.28-07.49.25:267][263]LogModuleManager: Shutting down and abandoning module HeadMountedDisplay (184)
[2018.05.28-07.49.25:267][263]LogModuleManager: Shutting down and abandoning module XAudio2 (182)
[2018.05.28-07.49.25:267][263]LogModuleManager: Shutting down and abandoning module Networking (180)
[2018.05.28-07.49.25:267][263]LogModuleManager: Shutting down and abandoning module Core (178)
[2018.05.28-07.49.25:267][263]LogModuleManager: Shutting down and abandoning module LevelSequence (176)
[2018.05.28-07.49.25:267][263]LogModuleManager: Shutting down and abandoning module KismetCompiler (174)
[2018.05.28-07.49.25:267][263]LogModuleManager: Shutting down and abandoning module MeshUtilities (172)
[2018.05.28-07.49.25:267][263]LogModuleManager: Shutting down and abandoning module MeshMergeUtilities (171)
[2018.05.28-07.49.25:267][263]LogModuleManager: Shutting down and abandoning module MeshReductionInterface (170)
[2018.05.28-07.49.25:267][263]LogModuleManager: Shutting down and abandoning module SimplygonSwarm (169)
[2018.05.28-07.49.25:267][263]LogModuleManager: Shutting down and abandoning module SimplygonMeshReduction (167)
[2018.05.28-07.49.25:267][263]LogModuleManager: Shutting down and abandoning module QuadricMeshReduction (165)
[2018.05.28-07.49.25:267][263]LogModuleManager: Shutting down and abandoning module MaterialBaking (161)
[2018.05.28-07.49.25:267][263]LogModuleManager: Shutting down and abandoning module DirectoryWatcher (157)
[2018.05.28-07.49.25:267][263]LogModuleManager: Shutting down and abandoning module DerivedDataCache (154)
[2018.05.28-07.49.25:314][263]LogDerivedDataCache: Shutdown
[2018.05.28-07.49.25:314][263]LogModuleManager: Shutting down and abandoning module XGEController (152)
[2018.05.28-07.49.25:314][263]LogModuleManager: Shutting down and abandoning module TargetPlatform (150)
[2018.05.28-07.49.25:314][263]LogModuleManager: Shutting down and abandoning module VulkanShaderFormat (149)
[2018.05.28-07.49.25:314][263]LogModuleManager: Shutting down and abandoning module ShaderFormatVectorVM (147)
[2018.05.28-07.49.25:314][263]LogModuleManager: Shutting down and abandoning module ShaderFormatOpenGL (145)
[2018.05.28-07.49.25:314][263]LogModuleManager: Shutting down and abandoning module ShaderFormatD3D (143)
[2018.05.28-07.49.25:314][263]LogModuleManager: Shutting down and abandoning module MetalShaderFormat (141)
[2018.05.28-07.49.25:314][263]LogModuleManager: Shutting down and abandoning module TextureFormatUncompressed (139)
[2018.05.28-07.49.25:314][263]LogModuleManager: Shutting down and abandoning module TextureFormatPVR (137)
[2018.05.28-07.49.25:314][263]LogModuleManager: Shutting down and abandoning module TextureFormatDXT (135)
[2018.05.28-07.49.25:314][263]LogModuleManager: Shutting down and abandoning module TextureFormatIntelISPCTexComp (133)
[2018.05.28-07.49.25:314][263]LogModuleManager: Shutting down and abandoning module TextureFormatASTC (131)
[2018.05.28-07.49.25:314][263]LogModuleManager: Shutting down and abandoning module ImageWrapper (130)
[2018.05.28-07.49.25:314][263]LogModuleManager: Shutting down and abandoning module TextureFormatAndroid (127)
[2018.05.28-07.49.25:314][263]LogModuleManager: Shutting down and abandoning module AudioFormatOpus (125)
[2018.05.28-07.49.25:314][263]LogModuleManager: Shutting down and abandoning module AudioFormatOgg (123)
[2018.05.28-07.49.25:314][263]LogModuleManager: Shutting down and abandoning module AudioFormatADPCM (121)
[2018.05.28-07.49.25:314][263]LogModuleManager: Shutting down and abandoning module LinuxTargetPlatform (119)
[2018.05.28-07.49.25:314][263]LogModuleManager: Shutting down and abandoning module LinuxServerTargetPlatform (117)
[2018.05.28-07.49.25:314][263]LogModuleManager: Shutting down and abandoning module LinuxNoEditorTargetPlatform (115)
[2018.05.28-07.49.25:314][263]LogModuleManager: Shutting down and abandoning module LinuxClientTargetPlatform (113)
[2018.05.28-07.49.25:314][263]LogModuleManager: Shutting down and abandoning module TVOSTargetPlatform (111)
[2018.05.28-07.49.25:314][263]LogModuleManager: Shutting down and abandoning module Messaging (109)
[2018.05.28-07.49.25:314][263]LogModuleManager: Shutting down and abandoning module IOSTargetPlatform (107)
[2018.05.28-07.49.25:314][263]LogModuleManager: Shutting down and abandoning module HTML5TargetPlatform (105)
[2018.05.28-07.49.25:314][263]LogModuleManager: Shutting down and abandoning module AndroidTargetPlatform (103)
[2018.05.28-07.49.25:314][263]LogModuleManager: Shutting down and abandoning module Android_PVRTCTargetPlatform (101)
[2018.05.28-07.49.25:314][263]LogModuleManager: Shutting down and abandoning module Android_MultiTargetPlatform (99)
[2018.05.28-07.49.25:315][263]LogModuleManager: Shutting down and abandoning module Android_ETC2TargetPlatform (97)
[2018.05.28-07.49.25:315][263]LogModuleManager: Shutting down and abandoning module Android_ETC1TargetPlatform (95)
[2018.05.28-07.49.25:315][263]LogModuleManager: Shutting down and abandoning module Android_ETC1aTargetPlatform (93)
[2018.05.28-07.49.25:315][263]LogModuleManager: Shutting down and abandoning module Android_DXTTargetPlatform (91)
[2018.05.28-07.49.25:315][263]LogModuleManager: Shutting down and abandoning module Android_ATCTargetPlatform (89)
[2018.05.28-07.49.25:315][263]LogModuleManager: Shutting down and abandoning module Android_ASTCTargetPlatform (87)
[2018.05.28-07.49.25:315][263]LogModuleManager: Shutting down and abandoning module WindowsTargetPlatform (85)
[2018.05.28-07.49.25:315][263]LogModuleManager: Shutting down and abandoning module WindowsServerTargetPlatform (83)
[2018.05.28-07.49.25:315][263]LogModuleManager: Shutting down and abandoning module WindowsNoEditorTargetPlatform (81)
[2018.05.28-07.49.25:315][263]LogModuleManager: Shutting down and abandoning module WindowsClientTargetPlatform (79)
[2018.05.28-07.49.25:315][263]LogModuleManager: Shutting down and abandoning module MacTargetPlatform (77)
[2018.05.28-07.49.25:315][263]LogModuleManager: Shutting down and abandoning module MacServerTargetPlatform (75)
[2018.05.28-07.49.25:315][263]LogModuleManager: Shutting down and abandoning module MacNoEditorTargetPlatform (73)
[2018.05.28-07.49.25:315][263]LogModuleManager: Shutting down and abandoning module MacClientTargetPlatform (71)
[2018.05.28-07.49.25:315][263]LogModuleManager: Shutting down and abandoning module AllDesktopTargetPlatform (69)
[2018.05.28-07.49.25:315][263]LogModuleManager: Shutting down and abandoning module InputCore (66)
[2018.05.28-07.49.25:315][263]LogModuleManager: Shutting down and abandoning module Settings (64)
[2018.05.28-07.49.25:315][263]LogModuleManager: Shutting down and abandoning module PhysXCooking (62)
[2018.05.28-07.49.25:315][263]LogModuleManager: Shutting down and abandoning module SteamVR (60)
[2018.05.28-07.49.25:315][263]LogModuleManager: Shutting down and abandoning module LeapMotion (58)
[2018.05.28-07.49.25:315][263]LogModuleManager: Shutting down and abandoning module ExampleDeviceProfileSelector (56)
[2018.05.28-07.49.25:315][263]LogModuleManager: Shutting down and abandoning module AppleARKit (54)
[2018.05.28-07.49.25:315][263]LogModuleManager: Shutting down and abandoning module AugmentedReality (51)
[2018.05.28-07.49.25:315][263]LogModuleManager: Shutting down and abandoning module OnlineBlueprintSupport (48)
[2018.05.28-07.49.25:315][263]LogModuleManager: Shutting down and abandoning module OnlineSubsystem (44)
[2018.05.28-07.49.25:315][263]LogModuleManager: Shutting down and abandoning module XMPP (43)
[2018.05.28-07.49.25:315][263]LogModuleManager: Shutting down and abandoning module HTTP (41)
[2018.05.28-07.49.25:315][263]LogHttp: Display: Http module shutting down, but needs to wait on 1 outstanding Http requests:
[2018.05.28-07.49.25:315][263]LogHttp: Display: 	verb=[POST] url=[https://datarouter.ol.epicgames.com/datarouter/api/v1/public/data?SessionID=%7B352A0F1E-4996-BAAE-83AD-B9A7A1D6B108%7D&AppID=UEEditor.Rocket.Release&AppVersion=4.19.2-4033788%2B%2B%2BUE4%2BRelease-4.19&UserID=50a37414462629c1b56efea8baa81f44%7C469ee4355c784b739c066a285dd69c72%7C7e339617-ad19-456c-81cf-4e388fb145dd&AppEnvironment=datacollector-binary&UploadType=eteventstream] status=Processing
[2018.05.28-07.49.25:330][263]LogModuleManager: Shutting down and abandoning module SSL (40)
[2018.05.28-07.49.25:331][263]LogModuleManager: Shutting down and abandoning module AnimationModifiers (36)
[2018.05.28-07.49.25:331][263]LogModuleManager: Shutting down and abandoning module PropertyEditor (35)
[2018.05.28-07.49.25:331][263]LogModuleManager: Shutting down and abandoning module AudioEditor (32)
[2018.05.28-07.49.25:331][263]LogModuleManager: Shutting down and abandoning module TextureCompressor (30)
[2018.05.28-07.49.25:331][263]LogModuleManager: Shutting down and abandoning module ShaderCore (28)
[2018.05.28-07.49.25:331][263]LogModuleManager: Shutting down and abandoning module Landscape (26)
[2018.05.28-07.49.25:331][263]LogModuleManager: Shutting down and abandoning module SlateRHIRenderer (24)
[2018.05.28-07.49.25:332][263]LogModuleManager: Shutting down and abandoning module OpenGLDrv (22)
[2018.05.28-07.49.25:332][263]LogModuleManager: Shutting down and abandoning module D3D11RHI (20)
[2018.05.28-07.49.25:332][263]LogModuleManager: Shutting down and abandoning module AnimGraphRuntime (18)
[2018.05.28-07.49.25:332][263]LogModuleManager: Shutting down and abandoning module Renderer (16)
[2018.05.28-07.49.25:332][263]LogModuleManager: Shutting down and abandoning module Engine (14)
[2018.05.28-07.49.25:332][263]LogModuleManager: Shutting down and abandoning module CoreUObject (12)
[2018.05.28-07.49.25:332][263]LogModuleManager: Shutting down and abandoning module NetworkFile (10)
[2018.05.28-07.49.25:332][263]LogModuleManager: Shutting down and abandoning module CookedIterativeFile (8)
[2018.05.28-07.49.25:332][263]LogModuleManager: Shutting down and abandoning module StreamingFile (6)
[2018.05.28-07.49.25:332][263]LogModuleManager: Shutting down and abandoning module SandboxFile (4)
[2018.05.28-07.49.25:332][263]LogModuleManager: Shutting down and abandoning module PakFile (2)
[2018.05.28-07.49.25:337][263]LogExit: Exiting.
[2018.05.28-07.49.25:354][263]Log file closed, 05/28/18 09:49:25
